Log file open, 05/16/20 22:25:28
LogWindows: Failed to load 'aqProf.dll' (GetLastError=126)
LogWindows: File 'aqProf.dll' does not exist
LogWindows: Failed to load 'VtuneApi.dll' (GetLastError=126)
LogWindows: File 'VtuneApi.dll' does not exist
LogWindows: Failed to load 'VtuneApi32e.dll' (GetLastError=126)
LogWindows: File 'VtuneApi32e.dll' does not exist
LogConsoleResponse: Display: Failed to find resolution value strings in scalability ini. Falling back to default.
LogInit: Display: Running engine for game: Level
LogPlatformFile: Not using cached read wrapper
LogTaskGraph: Started task graph with 5 named threads and 14 total threads with 3 sets of task threads.
LogStats: Stats thread started at 0.062811
LogD3D11RHI: Loaded GFSDK_Aftermath_Lib.x64.dll
LogICUInternationalization: ICU TimeZone Detection - Raw Offset: +3:00, Platform Override: ''
LogPluginManager: Mounting plugin Paper2D
LogPluginManager: Mounting plugin AISupport
LogPluginManager: Mounting plugin LightPropagationVolume
LogPluginManager: Mounting plugin ActorLayerUtilities
LogPluginManager: Mounting plugin AnimationSharing
LogPluginManager: Mounting plugin CLionSourceCodeAccess
LogPluginManager: Mounting plugin CodeLiteSourceCodeAccess
LogPluginManager: Mounting plugin GitSourceControl
LogPluginManager: Mounting plugin KDevelopSourceCodeAccess
LogPluginManager: Mounting plugin NullSourceCodeAccess
LogPluginManager: Mounting plugin PerforceSourceControl
LogPluginManager: Mounting plugin SubversionSourceControl
LogPluginManager: Mounting plugin UObjectPlugin
LogPluginManager: Mounting plugin VisualStudioCodeSourceCodeAccess
LogPluginManager: Mounting plugin VisualStudioSourceCodeAccess
LogPluginManager: Mounting plugin XCodeSourceCodeAccess
LogPluginManager: Mounting plugin AssetManagerEditor
LogPluginManager: Mounting plugin CryptoKeys
LogPluginManager: Mounting plugin CurveEditorTools
LogPluginManager: Mounting plugin DataValidation
LogPluginManager: Mounting plugin FacialAnimation
LogPluginManager: Mounting plugin GameplayTagsEditor
LogPluginManager: Mounting plugin MacGraphicsSwitching
LogPluginManager: Mounting plugin MaterialAnalyzer
LogPluginManager: Mounting plugin MobileLauncherProfileWizard
LogPluginManager: Mounting plugin PluginBrowser
LogPluginManager: Mounting plugin SpeedTreeImporter
LogPluginManager: Mounting plugin DatasmithContent
LogPluginManager: Mounting plugin VariantManagerContent
LogPluginManager: Mounting plugin AlembicImporter
LogPluginManager: Mounting plugin AutomationUtils
LogPluginManager: Mounting plugin BackChannel
LogPluginManager: Mounting plugin CharacterAI
LogPluginManager: Mounting plugin GeometryCache
LogPluginManager: Mounting plugin HTML5Networking
LogPluginManager: Mounting plugin PlatformCrypto
LogPluginManager: Mounting plugin ProxyLODPlugin
LogPluginManager: Mounting plugin SkeletalReduction
LogPluginManager: Mounting plugin MagicLeap
LogPluginManager: Mounting plugin MagicLeapMedia
LogPluginManager: Mounting plugin AutoSettings
LogPluginManager: Mounting plugin GitBashToolBar
LogPluginManager: Mounting plugin Substance
LogPluginManager: Mounting plugin AndroidMedia
LogPluginManager: Mounting plugin AvfMedia
LogPluginManager: Mounting plugin ImgMedia
LogPluginManager: Mounting plugin MediaCompositing
LogPluginManager: Mounting plugin MediaPlayerEditor
LogPluginManager: Mounting plugin WebMMedia
LogPluginManager: Mounting plugin WmfMedia
LogPluginManager: Mounting plugin TcpMessaging
LogPluginManager: Mounting plugin UdpMessaging
LogPluginManager: Mounting plugin ActorSequence
LogPluginManager: Mounting plugin LevelSequenceEditor
LogPluginManager: Mounting plugin MatineeToLevelSequence
LogPluginManager: Mounting plugin NetcodeUnitTest
LogPluginManager: Mounting plugin NUTUnrealEngine4
LogPluginManager: Mounting plugin OnlineSubsystemGooglePlay
LogPluginManager: Mounting plugin OnlineSubsystemIOS
LogPluginManager: Mounting plugin OnlineSubsystem
LogPluginManager: Mounting plugin OnlineSubsystemNull
LogPluginManager: Mounting plugin OnlineSubsystemUtils
LogPluginManager: Mounting plugin LauncherChunkInstaller
LogPluginManager: Mounting plugin AndroidDeviceProfileSelector
LogPluginManager: Mounting plugin AndroidMoviePlayer
LogPluginManager: Mounting plugin AndroidPermission
LogPluginManager: Mounting plugin AppleImageUtils
LogPluginManager: Mounting plugin AppleMoviePlayer
LogPluginManager: Mounting plugin ArchVisCharacter
LogPluginManager: Mounting plugin AudioCapture
LogPluginManager: Mounting plugin CableComponent
LogPluginManager: Mounting plugin CustomMeshComponent
LogPluginManager: Mounting plugin EditableMesh
LogPluginManager: Mounting plugin ExampleDeviceProfileSelector
LogPluginManager: Mounting plugin GoogleCloudMessaging
LogPluginManager: Mounting plugin IOSDeviceProfileSelector
LogPluginManager: Mounting plugin LinuxDeviceProfileSelector
LogPluginManager: Mounting plugin LocationServicesBPLibrary
LogPluginManager: Mounting plugin MobilePatchingUtils
LogPluginManager: Mounting plugin OculusVR
LogPluginManager: Mounting plugin PhysXVehicles
LogPluginManager: Mounting plugin ProceduralMeshComponent
LogPluginManager: Mounting plugin RuntimePhysXCooking
LogPluginManager: Mounting plugin SignificanceManager
LogPluginManager: Mounting plugin SteamVR
LogPluginManager: Mounting plugin WebMMoviePlayer
LogPluginManager: Mounting plugin WindowsMoviePlayer
LogPluginManager: Mounting plugin ScreenshotTools
LogInit: Using libcurl 7.55.1-DEV
LogInit:  - built for x86_64-pc-win32
LogInit:  - supports SSL with OpenSSL/1.1.1
LogInit:  - supports HTTP deflate (compression) using libz 1.2.8
LogInit:  - other features:
LogInit:      CURL_VERSION_SSL
LogInit:      CURL_VERSION_LIBZ
LogInit:      CURL_VERSION_IPV6
LogInit:      CURL_VERSION_ASYNCHDNS
LogInit:      CURL_VERSION_LARGEFILE
LogInit:      CURL_VERSION_IDN
LogInit:  CurlRequestOptions (configurable via config and command line):
LogInit:  - bVerifyPeer = true  - Libcurl will verify peer certificate
LogInit:  - bUseHttpProxy = false  - Libcurl will NOT use HTTP proxy
LogInit:  - bDontReuseConnections = false  - Libcurl will reuse connections
LogInit:  - MaxHostConnections = 16  - Libcurl will limit the number of connections to a host
LogInit:  - LocalHostAddr = Default
LogInit:  - BufferSize = 65536
LogOnline: OSS: Creating online subsystem instance for: NULL
LogInit: WinSock: version 1.1 (2.2), MaxSocks=32767, MaxUdp=65467
LogInit: Build: ++UE4+Release-4.23-CL-9631420
LogInit: Engine Version: 4.23.1-9631420+++UE4+Release-4.23
LogInit: Compatible Engine Version: 4.23.0-8386587+++UE4+Release-4.23
LogInit: Net CL: 8386587
LogInit: OS: Windows 10 (Release 1909) (), CPU: Intel(R) Core(TM) i5-7400 CPU @ 3.00GHz, GPU: NVIDIA GeForce GTX 1050 Ti
LogInit: Compiled (64-bit): Oct 18 2019 02:07:44
LogInit: Compiled with Visual C++: 19.16.27030.01
LogInit: Build Configuration: Development
LogInit: Branch Name: ++UE4+Release-4.23
LogInit: Command Line: 
LogInit: Base Directory: E:/Epic Games/UE_4.23/Engine/Binaries/Win64/
LogInit: Installed Engine Build: 1
LogDevObjectVersion: Number of dev versions registered: 23
LogDevObjectVersion:   Dev-Blueprints (B0D832E4-1F89-4F0D-ACCF-7EB736FD4AA2): 10
LogDevObjectVersion:   Dev-Build (E1C64328-A22C-4D53-A36C-8E866417BD8C): 0
LogDevObjectVersion:   Dev-Core (375EC13C-06E4-48FB-B500-84F0262A717E): 3
LogDevObjectVersion:   Dev-Editor (E4B068ED-F494-42E9-A231-DA0B2E46BB41): 34
LogDevObjectVersion:   Dev-Framework (CFFC743F-43B0-4480-9391-14DF171D2073): 35
LogDevObjectVersion:   Dev-Mobile (B02B49B5-BB20-44E9-A304-32B752E40360): 2
LogDevObjectVersion:   Dev-Networking (A4E4105C-59A1-49B5-A7C5-40C4547EDFEE): 0
LogDevObjectVersion:   Dev-Online (39C831C9-5AE6-47DC-9A44-9C173E1C8E7C): 0
LogDevObjectVersion:   Dev-Physics (78F01B33-EBEA-4F98-B9B4-84EACCB95AA2): 0
LogDevObjectVersion:   Dev-Platform (6631380F-2D4D-43E0-8009-CF276956A95A): 0
LogDevObjectVersion:   Dev-Rendering (12F88B9F-8875-4AFC-A67C-D90C383ABD29): 31
LogDevObjectVersion:   Dev-Sequencer (7B5AE74C-D270-4C10-A958-57980B212A5A): 11
LogDevObjectVersion:   Dev-VR (D7296918-1DD6-4BDD-9DE2-64A83CC13884): 2
LogDevObjectVersion:   Dev-LoadTimes (C2A15278-BFE7-4AFE-6C17-90FF531DF755): 1
LogDevObjectVersion:   Private-Geometry (6EACA3D4-40EC-4CC1-B786-8BED09428FC5): 3
LogDevObjectVersion:   Dev-AnimPhys (29E575DD-E0A3-4627-9D10-D276232CDCEA): 17
LogDevObjectVersion:   Dev-Anim (AF43A65D-7FD3-4947-9873-3E8ED9C1BB05): 2
LogDevObjectVersion:   Dev-ReflectionCapture (6B266CEC-1EC7-4B8F-A30B-E4D90942FC07): 1
LogDevObjectVersion:   Dev-Automation (0DF73D61-A23F-47EA-B727-89E90C41499A): 1
LogDevObjectVersion:   FortniteMain (601D1886-AC64-4F84-AA16-D3DE0DEAC7D6): 27
LogDevObjectVersion:   Dev-Enterprise (9DFFBCD6-494F-0158-E221-12823C92A888): 6
LogDevObjectVersion:   Dev-Niagara (F2AED0AC-9AFE-416F-8664-AA7FFA26D6FC): 1
LogDevObjectVersion:   Dev-Destruction (174F1F0B-B4C6-45A5-B13F-2EE8D0FB917D): 9
LogInit: Presizing for max 16777216 objects, including 0 objects not considered by GC, pre-allocating 0 bytes for permanent pool.
LogInit: Object subsystem initialized
LogConfig: Setting CVar [[con.DebugEarlyDefault:1]]
LogConfig: Setting CVar [[r.setres:1280x720]]
[2020.05.16-19.25.28:443][  0]LogConfig: Setting CVar [[r.VSync:0]]
[2020.05.16-19.25.28:443][  0]LogConfig: Setting CVar [[r.RHICmdBypass:0]]
[2020.05.16-19.25.28:443][  0]LogConfig: Applying CVar settings from Section [/Script/Engine.RendererSettings] File [E:/Unreal Projects/LEVEL/Level/Saved/Config/Windows/Engine.ini]
[2020.05.16-19.25.28:443][  0]LogConfig: Setting CVar [[r.GPUCrashDebugging:0]]
[2020.05.16-19.25.28:443][  0]LogConfig: Setting CVar [[r.MobileMSAA:2]]
[2020.05.16-19.25.28:443][  0]LogConfig: Setting CVar [[r.GenerateMeshDistanceFields:1]]
[2020.05.16-19.25.28:443][  0]LogConfig: Applying CVar settings from Section [/Script/Engine.RendererOverrideSettings] File [E:/Unreal Projects/LEVEL/Level/Saved/Config/Windows/Engine.ini]
[2020.05.16-19.25.28:443][  0]LogConfig: Applying CVar settings from Section [/Script/Engine.StreamingSettings] File [E:/Unreal Projects/LEVEL/Level/Saved/Config/Windows/Engine.ini]
[2020.05.16-19.25.28:443][  0]LogConfig: Setting CVar [[s.MinBulkDataSizeForAsyncLoading:131072]]
[2020.05.16-19.25.28:443][  0]LogConfig: Setting CVar [[s.AsyncLoadingThreadEnabled:0]]
[2020.05.16-19.25.28:443][  0]LogConfig: Setting CVar [[s.EventDrivenLoaderEnabled:1]]
[2020.05.16-19.25.28:443][  0]LogConfig: Setting CVar [[s.WarnIfTimeLimitExceeded:0]]
[2020.05.16-19.25.28:443][  0]LogConfig: Setting CVar [[s.TimeLimitExceededMultiplier:1.5]]
[2020.05.16-19.25.28:443][  0]LogConfig: Setting CVar [[s.TimeLimitExceededMinTime:0.005]]
[2020.05.16-19.25.28:443][  0]LogConfig: Setting CVar [[s.UseBackgroundLevelStreaming:1]]
[2020.05.16-19.25.28:443][  0]LogConfig: Setting CVar [[s.PriorityAsyncLoadingExtraTime:15.0]]
[2020.05.16-19.25.28:443][  0]LogConfig: Setting CVar [[s.LevelStreamingActorsUpdateTimeLimit:5.0]]
[2020.05.16-19.25.28:443][  0]LogConfig: Setting CVar [[s.PriorityLevelStreamingActorsUpdateExtraTime:5.0]]
[2020.05.16-19.25.28:443][  0]LogConfig: Setting CVar [[s.LevelStreamingComponentsRegistrationGranularity:10]]
[2020.05.16-19.25.28:443][  0]LogConfig: Setting CVar [[s.UnregisterComponentsTimeLimit:1.0]]
[2020.05.16-19.25.28:443][  0]LogConfig: Setting CVar [[s.LevelStreamingComponentsUnregistrationGranularity:5]]
[2020.05.16-19.25.28:443][  0]LogConfig: Applying CVar settings from Section [/Script/Engine.GarbageCollectionSettings] File [E:/Unreal Projects/LEVEL/Level/Saved/Config/Windows/Engine.ini]
[2020.05.16-19.25.28:443][  0]LogConfig: Setting CVar [[gc.MaxObjectsNotConsideredByGC:1]]
[2020.05.16-19.25.28:443][  0]LogConfig: Setting CVar [[gc.SizeOfPermanentObjectPool:0]]
[2020.05.16-19.25.28:443][  0]LogConfig: Setting CVar [[gc.FlushStreamingOnGC:0]]
[2020.05.16-19.25.28:443][  0]LogConfig: Setting CVar [[gc.NumRetriesBeforeForcingGC:10]]
[2020.05.16-19.25.28:443][  0]LogConfig: Setting CVar [[gc.AllowParallelGC:1]]
[2020.05.16-19.25.28:443][  0]LogConfig: Setting CVar [[gc.TimeBetweenPurgingPendingKillObjects:61.1]]
[2020.05.16-19.25.28:443][  0]LogConfig: Setting CVar [[gc.MaxObjectsInEditor:16777216]]
[2020.05.16-19.25.28:443][  0]LogConfig: Setting CVar [[gc.IncrementalBeginDestroyEnabled:1]]
[2020.05.16-19.25.28:443][  0]LogConfig: Setting CVar [[gc.CreateGCClusters:1]]
[2020.05.16-19.25.28:443][  0]LogConfig: Setting CVar [[gc.MinGCClusterSize:5]]
[2020.05.16-19.25.28:443][  0]LogConfig: Setting CVar [[gc.ActorClusteringEnabled:0]]
[2020.05.16-19.25.28:443][  0]LogConfig: Setting CVar [[gc.BlueprintClusteringEnabled:0]]
[2020.05.16-19.25.28:443][  0]LogConfig: Setting CVar [[gc.UseDisregardForGCOnDedicatedServers:0]]
[2020.05.16-19.25.28:443][  0]LogConfig: Applying CVar settings from Section [/Script/Engine.NetworkSettings] File [E:/Unreal Projects/LEVEL/Level/Saved/Config/Windows/Engine.ini]
[2020.05.16-19.25.28:443][  0]LogConfig: Applying CVar settings from Section [/Script/UnrealEd.CookerSettings] File [E:/Unreal Projects/LEVEL/Level/Saved/Config/Windows/Engine.ini]
[2020.05.16-19.25.28:445][  0]LogConfig: Applying CVar settings from Section [ViewDistanceQuality@3] File [E:/Unreal Projects/LEVEL/Level/Saved/Config/Windows/Scalability.ini]
[2020.05.16-19.25.28:446][  0]LogConfig: Setting CVar [[r.SkeletalMeshLODBias:0]]
[2020.05.16-19.25.28:446][  0]LogConfig: Setting CVar [[r.ViewDistanceScale:1.0]]
[2020.05.16-19.25.28:446][  0]LogConfig: Applying CVar settings from Section [AntiAliasingQuality@3] File [E:/Unreal Projects/LEVEL/Level/Saved/Config/Windows/Scalability.ini]
[2020.05.16-19.25.28:446][  0]LogConfig: Setting CVar [[r.PostProcessAAQuality:4]]
[2020.05.16-19.25.28:446][  0]LogConfig: Applying CVar settings from Section [ShadowQuality@3] File [E:/Unreal Projects/LEVEL/Level/Saved/Config/Windows/Scalability.ini]
[2020.05.16-19.25.28:446][  0]LogConfig: Setting CVar [[r.LightFunctionQuality:1]]
[2020.05.16-19.25.28:446][  0]LogConfig: Setting CVar [[r.ShadowQuality:5]]
[2020.05.16-19.25.28:446][  0]LogConfig: Setting CVar [[r.Shadow.CSM.MaxCascades:10]]
[2020.05.16-19.25.28:446][  0]LogConfig: Setting CVar [[r.Shadow.MaxResolution:2048]]
[2020.05.16-19.25.28:446][  0]LogConfig: Setting CVar [[r.Shadow.MaxCSMResolution:2048]]
[2020.05.16-19.25.28:446][  0]LogConfig: Setting CVar [[r.Shadow.RadiusThreshold:0.01]]
[2020.05.16-19.25.28:446][  0]LogConfig: Setting CVar [[r.Shadow.DistanceScale:1.0]]
[2020.05.16-19.25.28:446][  0]LogConfig: Setting CVar [[r.Shadow.CSM.TransitionScale:1.0]]
[2020.05.16-19.25.28:446][  0]LogConfig: Setting CVar [[r.Shadow.PreShadowResolutionFactor:1.0]]
[2020.05.16-19.25.28:446][  0]LogConfig: Setting CVar [[r.DistanceFieldShadowing:1]]
[2020.05.16-19.25.28:446][  0]LogConfig: Setting CVar [[r.DistanceFieldAO:1]]
[2020.05.16-19.25.28:446][  0]LogConfig: Setting CVar [[r.AOQuality:2]]
[2020.05.16-19.25.28:446][  0]LogConfig: Setting CVar [[r.VolumetricFog:1]]
[2020.05.16-19.25.28:446][  0]LogConfig: Setting CVar [[r.VolumetricFog.GridPixelSize:8]]
[2020.05.16-19.25.28:446][  0]LogConfig: Setting CVar [[r.VolumetricFog.GridSizeZ:128]]
[2020.05.16-19.25.28:446][  0]LogConfig: Setting CVar [[r.VolumetricFog.HistoryMissSupersampleCount:4]]
[2020.05.16-19.25.28:446][  0]LogConfig: Setting CVar [[r.LightMaxDrawDistanceScale:1]]
[2020.05.16-19.25.28:446][  0]LogConfig: Setting CVar [[r.CapsuleShadows:1]]
[2020.05.16-19.25.28:446][  0]LogConfig: Applying CVar settings from Section [PostProcessQuality@3] File [E:/Unreal Projects/LEVEL/Level/Saved/Config/Windows/Scalability.ini]
[2020.05.16-19.25.28:446][  0]LogConfig: Setting CVar [[r.MotionBlurQuality:4]]
[2020.05.16-19.25.28:446][  0]LogConfig: Setting CVar [[r.AmbientOcclusionMipLevelFactor:0.4]]
[2020.05.16-19.25.28:446][  0]LogConfig: Setting CVar [[r.AmbientOcclusionMaxQuality:100]]
[2020.05.16-19.25.28:446][  0]LogConfig: Setting CVar [[r.AmbientOcclusionLevels:-1]]
[2020.05.16-19.25.28:446][  0]LogConfig: Setting CVar [[r.AmbientOcclusionRadiusScale:1.0]]
[2020.05.16-19.25.28:446][  0]LogConfig: Setting CVar [[r.DepthOfFieldQuality:2]]
[2020.05.16-19.25.28:446][  0]LogConfig: Setting CVar [[r.RenderTargetPoolMin:400]]
[2020.05.16-19.25.28:446][  0]LogConfig: Setting CVar [[r.LensFlareQuality:2]]
[2020.05.16-19.25.28:446][  0]LogConfig: Setting CVar [[r.SceneColorFringeQuality:1]]
[2020.05.16-19.25.28:446][  0]LogConfig: Setting CVar [[r.EyeAdaptationQuality:2]]
[2020.05.16-19.25.28:446][  0]LogConfig: Setting CVar [[r.BloomQuality:5]]
[2020.05.16-19.25.28:446][  0]LogConfig: Setting CVar [[r.FastBlurThreshold:100]]
[2020.05.16-19.25.28:446][  0]LogConfig: Setting CVar [[r.Upscale.Quality:3]]
[2020.05.16-19.25.28:446][  0]LogConfig: Setting CVar [[r.Tonemapper.GrainQuantization:1]]
[2020.05.16-19.25.28:446][  0]LogConfig: Setting CVar [[r.LightShaftQuality:1]]
[2020.05.16-19.25.28:446][  0]LogConfig: Setting CVar [[r.Filter.SizeScale:1]]
[2020.05.16-19.25.28:446][  0]LogConfig: Setting CVar [[r.Tonemapper.Quality:5]]
[2020.05.16-19.25.28:446][  0]LogConfig: Setting CVar [[r.DOF.Gather.AccumulatorQuality:1        ; higher gathering accumulator quality]]
[2020.05.16-19.25.28:446][  0]LogConfig: Setting CVar [[r.DOF.Gather.PostfilterMethod:1          ; Median3x3 postfilering method]]
[2020.05.16-19.25.28:446][  0]LogConfig: Setting CVar [[r.DOF.Gather.EnableBokehSettings:0       ; no bokeh simulation when gathering]]
[2020.05.16-19.25.28:446][  0]LogConfig: Setting CVar [[r.DOF.Gather.RingCount:4                 ; medium number of samples when gathering]]
[2020.05.16-19.25.28:446][  0]LogConfig: Setting CVar [[r.DOF.Scatter.ForegroundCompositing:1    ; additive foreground scattering]]
[2020.05.16-19.25.28:446][  0]LogConfig: Setting CVar [[r.DOF.Scatter.BackgroundCompositing:2    ; additive background scattering]]
[2020.05.16-19.25.28:446][  0]LogConfig: Setting CVar [[r.DOF.Scatter.EnableBokehSettings:1      ; bokeh simulation when scattering]]
[2020.05.16-19.25.28:446][  0]LogConfig: Setting CVar [[r.DOF.Scatter.MaxSpriteRatio:0.1         ; only a maximum of 10% of scattered bokeh]]
[2020.05.16-19.25.28:446][  0]LogConfig: Setting CVar [[r.DOF.Recombine.Quality:1                ; cheap slight out of focus]]
[2020.05.16-19.25.28:446][  0]LogConfig: Setting CVar [[r.DOF.Recombine.EnableBokehSettings:0    ; no bokeh simulation on slight out of focus]]
[2020.05.16-19.25.28:446][  0]LogConfig: Setting CVar [[r.DOF.TemporalAAQuality:1                ; more stable temporal accumulation]]
[2020.05.16-19.25.28:446][  0]LogConfig: Setting CVar [[r.DOF.Kernel.MaxForegroundRadius:0.025]]
[2020.05.16-19.25.28:446][  0]LogConfig: Setting CVar [[r.DOF.Kernel.MaxBackgroundRadius:0.025]]
[2020.05.16-19.25.28:446][  0]LogConfig: Applying CVar settings from Section [TextureQuality@3] File [E:/Unreal Projects/LEVEL/Level/Saved/Config/Windows/Scalability.ini]
[2020.05.16-19.25.28:446][  0]LogConfig: Setting CVar [[r.Streaming.MipBias:0]]
[2020.05.16-19.25.28:446][  0]LogConfig: Setting CVar [[r.Streaming.AmortizeCPUToGPUCopy:0]]
[2020.05.16-19.25.28:446][  0]LogConfig: Setting CVar [[r.Streaming.MaxNumTexturesToStreamPerFrame:0]]
[2020.05.16-19.25.28:446][  0]LogConfig: Setting CVar [[r.Streaming.Boost:1]]
[2020.05.16-19.25.28:446][  0]LogConfig: Setting CVar [[r.MaxAnisotropy:8]]
[2020.05.16-19.25.28:446][  0]LogConfig: Setting CVar [[r.Streaming.LimitPoolSizeToVRAM:0]]
[2020.05.16-19.25.28:446][  0]LogConfig: Setting CVar [[r.Streaming.PoolSize:1000]]
[2020.05.16-19.25.28:446][  0]LogConfig: Setting CVar [[r.Streaming.MaxEffectiveScreenSize:0]]
[2020.05.16-19.25.28:446][  0]LogConfig: Applying CVar settings from Section [EffectsQuality@3] File [E:/Unreal Projects/LEVEL/Level/Saved/Config/Windows/Scalability.ini]
[2020.05.16-19.25.28:446][  0]LogConfig: Setting CVar [[r.TranslucencyLightingVolumeDim:64]]
[2020.05.16-19.25.28:446][  0]LogConfig: Setting CVar [[r.RefractionQuality:2]]
[2020.05.16-19.25.28:446][  0]LogConfig: Setting CVar [[r.SSR.Quality:3]]
[2020.05.16-19.25.28:446][  0]LogConfig: Setting CVar [[r.SceneColorFormat:4]]
[2020.05.16-19.25.28:446][  0]LogConfig: Setting CVar [[r.DetailMode:2]]
[2020.05.16-19.25.28:446][  0]LogConfig: Setting CVar [[r.TranslucencyVolumeBlur:1]]
[2020.05.16-19.25.28:446][  0]LogConfig: Setting CVar [[r.MaterialQualityLevel:1 ; High quality]]
[2020.05.16-19.25.28:446][  0]LogConfig: Setting CVar [[r.SSS.Scale:1]]
[2020.05.16-19.25.28:446][  0]LogConfig: Setting CVar [[r.SSS.SampleSet:2]]
[2020.05.16-19.25.28:447][  0]LogConfig: Setting CVar [[r.SSS.Quality:1]]
[2020.05.16-19.25.28:447][  0]LogConfig: Setting CVar [[r.SSS.HalfRes:1]]
[2020.05.16-19.25.28:447][  0]LogConfig: Setting CVar [[r.EmitterSpawnRateScale:1.0]]
[2020.05.16-19.25.28:447][  0]LogConfig: Setting CVar [[r.ParticleLightQuality:2]]
[2020.05.16-19.25.28:447][  0]LogConfig: Applying CVar settings from Section [FoliageQuality@3] File [E:/Unreal Projects/LEVEL/Level/Saved/Config/Windows/Scalability.ini]
[2020.05.16-19.25.28:447][  0]LogConfig: Setting CVar [[foliage.DensityScale:1.0]]
[2020.05.16-19.25.28:447][  0]LogConfig: Setting CVar [[grass.DensityScale:1.0]]
[2020.05.16-19.25.28:447][  0]LogInit: Selected Device Profile: [Windows]
[2020.05.16-19.25.28:447][  0]LogInit: Applying CVar settings loaded from the selected device profile: [Windows]
[2020.05.16-19.25.28:449][  0]LogHAL: Display: Platform has ~ 8 GB [8530468864 / 8589934592 / 8], which maps to Default [LargestMinGB=32, LargerMinGB=12, DefaultMinGB=8, SmallerMinGB=6, SmallestMinGB=0)
[2020.05.16-19.25.28:449][  0]LogInit: Going up to parent DeviceProfile []
[2020.05.16-19.25.28:449][  0]LogConfig: Applying CVar settings from Section [ViewDistanceQuality@3] File [E:/Unreal Projects/LEVEL/Level/Saved/Config/Windows/Scalability.ini]
[2020.05.16-19.25.28:449][  0]LogConfig: Setting CVar [[r.SkeletalMeshLODBias:0]]
[2020.05.16-19.25.28:449][  0]LogConfig: Setting CVar [[r.ViewDistanceScale:1.0]]
[2020.05.16-19.25.28:449][  0]LogConfig: Applying CVar settings from Section [AntiAliasingQuality@3] File [E:/Unreal Projects/LEVEL/Level/Saved/Config/Windows/Scalability.ini]
[2020.05.16-19.25.28:449][  0]LogConfig: Setting CVar [[r.PostProcessAAQuality:4]]
[2020.05.16-19.25.28:449][  0]LogConfig: Applying CVar settings from Section [ShadowQuality@3] File [E:/Unreal Projects/LEVEL/Level/Saved/Config/Windows/Scalability.ini]
[2020.05.16-19.25.28:449][  0]LogConfig: Setting CVar [[r.LightFunctionQuality:1]]
[2020.05.16-19.25.28:449][  0]LogConfig: Setting CVar [[r.ShadowQuality:5]]
[2020.05.16-19.25.28:449][  0]LogConfig: Setting CVar [[r.Shadow.CSM.MaxCascades:10]]
[2020.05.16-19.25.28:449][  0]LogConfig: Setting CVar [[r.Shadow.MaxResolution:2048]]
[2020.05.16-19.25.28:449][  0]LogConfig: Setting CVar [[r.Shadow.MaxCSMResolution:2048]]
[2020.05.16-19.25.28:449][  0]LogConfig: Setting CVar [[r.Shadow.RadiusThreshold:0.01]]
[2020.05.16-19.25.28:449][  0]LogConfig: Setting CVar [[r.Shadow.DistanceScale:1.0]]
[2020.05.16-19.25.28:449][  0]LogConfig: Setting CVar [[r.Shadow.CSM.TransitionScale:1.0]]
[2020.05.16-19.25.28:449][  0]LogConfig: Setting CVar [[r.Shadow.PreShadowResolutionFactor:1.0]]
[2020.05.16-19.25.28:449][  0]LogConfig: Setting CVar [[r.DistanceFieldShadowing:1]]
[2020.05.16-19.25.28:449][  0]LogConfig: Setting CVar [[r.DistanceFieldAO:1]]
[2020.05.16-19.25.28:449][  0]LogConfig: Setting CVar [[r.AOQuality:2]]
[2020.05.16-19.25.28:449][  0]LogConfig: Setting CVar [[r.VolumetricFog:1]]
[2020.05.16-19.25.28:449][  0]LogConfig: Setting CVar [[r.VolumetricFog.GridPixelSize:8]]
[2020.05.16-19.25.28:449][  0]LogConfig: Setting CVar [[r.VolumetricFog.GridSizeZ:128]]
[2020.05.16-19.25.28:449][  0]LogConfig: Setting CVar [[r.VolumetricFog.HistoryMissSupersampleCount:4]]
[2020.05.16-19.25.28:449][  0]LogConfig: Setting CVar [[r.LightMaxDrawDistanceScale:1]]
[2020.05.16-19.25.28:449][  0]LogConfig: Setting CVar [[r.CapsuleShadows:1]]
[2020.05.16-19.25.28:449][  0]LogConfig: Applying CVar settings from Section [PostProcessQuality@3] File [E:/Unreal Projects/LEVEL/Level/Saved/Config/Windows/Scalability.ini]
[2020.05.16-19.25.28:449][  0]LogConfig: Setting CVar [[r.MotionBlurQuality:4]]
[2020.05.16-19.25.28:449][  0]LogConfig: Setting CVar [[r.AmbientOcclusionMipLevelFactor:0.4]]
[2020.05.16-19.25.28:449][  0]LogConfig: Setting CVar [[r.AmbientOcclusionMaxQuality:100]]
[2020.05.16-19.25.28:449][  0]LogConfig: Setting CVar [[r.AmbientOcclusionLevels:-1]]
[2020.05.16-19.25.28:449][  0]LogConfig: Setting CVar [[r.AmbientOcclusionRadiusScale:1.0]]
[2020.05.16-19.25.28:449][  0]LogConfig: Setting CVar [[r.DepthOfFieldQuality:2]]
[2020.05.16-19.25.28:449][  0]LogConfig: Setting CVar [[r.RenderTargetPoolMin:400]]
[2020.05.16-19.25.28:449][  0]LogConfig: Setting CVar [[r.LensFlareQuality:2]]
[2020.05.16-19.25.28:449][  0]LogConfig: Setting CVar [[r.SceneColorFringeQuality:1]]
[2020.05.16-19.25.28:449][  0]LogConfig: Setting CVar [[r.EyeAdaptationQuality:2]]
[2020.05.16-19.25.28:449][  0]LogConfig: Setting CVar [[r.BloomQuality:5]]
[2020.05.16-19.25.28:449][  0]LogConfig: Setting CVar [[r.FastBlurThreshold:100]]
[2020.05.16-19.25.28:449][  0]LogConfig: Setting CVar [[r.Upscale.Quality:3]]
[2020.05.16-19.25.28:449][  0]LogConfig: Setting CVar [[r.Tonemapper.GrainQuantization:1]]
[2020.05.16-19.25.28:449][  0]LogConfig: Setting CVar [[r.LightShaftQuality:1]]
[2020.05.16-19.25.28:449][  0]LogConfig: Setting CVar [[r.Filter.SizeScale:1]]
[2020.05.16-19.25.28:449][  0]LogConfig: Setting CVar [[r.Tonemapper.Quality:5]]
[2020.05.16-19.25.28:449][  0]LogConfig: Setting CVar [[r.DOF.Gather.AccumulatorQuality:1        ; higher gathering accumulator quality]]
[2020.05.16-19.25.28:449][  0]LogConfig: Setting CVar [[r.DOF.Gather.PostfilterMethod:1          ; Median3x3 postfilering method]]
[2020.05.16-19.25.28:449][  0]LogConfig: Setting CVar [[r.DOF.Gather.EnableBokehSettings:0       ; no bokeh simulation when gathering]]
[2020.05.16-19.25.28:449][  0]LogConfig: Setting CVar [[r.DOF.Gather.RingCount:4                 ; medium number of samples when gathering]]
[2020.05.16-19.25.28:449][  0]LogConfig: Setting CVar [[r.DOF.Scatter.ForegroundCompositing:1    ; additive foreground scattering]]
[2020.05.16-19.25.28:449][  0]LogConfig: Setting CVar [[r.DOF.Scatter.BackgroundCompositing:2    ; additive background scattering]]
[2020.05.16-19.25.28:449][  0]LogConfig: Setting CVar [[r.DOF.Scatter.EnableBokehSettings:1      ; bokeh simulation when scattering]]
[2020.05.16-19.25.28:449][  0]LogConfig: Setting CVar [[r.DOF.Scatter.MaxSpriteRatio:0.1         ; only a maximum of 10% of scattered bokeh]]
[2020.05.16-19.25.28:449][  0]LogConfig: Setting CVar [[r.DOF.Recombine.Quality:1                ; cheap slight out of focus]]
[2020.05.16-19.25.28:449][  0]LogConfig: Setting CVar [[r.DOF.Recombine.EnableBokehSettings:0    ; no bokeh simulation on slight out of focus]]
[2020.05.16-19.25.28:449][  0]LogConfig: Setting CVar [[r.DOF.TemporalAAQuality:1                ; more stable temporal accumulation]]
[2020.05.16-19.25.28:449][  0]LogConfig: Setting CVar [[r.DOF.Kernel.MaxForegroundRadius:0.025]]
[2020.05.16-19.25.28:449][  0]LogConfig: Setting CVar [[r.DOF.Kernel.MaxBackgroundRadius:0.025]]
[2020.05.16-19.25.28:450][  0]LogConfig: Applying CVar settings from Section [TextureQuality@3] File [E:/Unreal Projects/LEVEL/Level/Saved/Config/Windows/Scalability.ini]
[2020.05.16-19.25.28:450][  0]LogConfig: Setting CVar [[r.Streaming.MipBias:0]]
[2020.05.16-19.25.28:450][  0]LogConfig: Setting CVar [[r.Streaming.AmortizeCPUToGPUCopy:0]]
[2020.05.16-19.25.28:450][  0]LogConfig: Setting CVar [[r.Streaming.MaxNumTexturesToStreamPerFrame:0]]
[2020.05.16-19.25.28:450][  0]LogConfig: Setting CVar [[r.Streaming.Boost:1]]
[2020.05.16-19.25.28:450][  0]LogConfig: Setting CVar [[r.MaxAnisotropy:8]]
[2020.05.16-19.25.28:450][  0]LogConfig: Setting CVar [[r.Streaming.LimitPoolSizeToVRAM:0]]
[2020.05.16-19.25.28:450][  0]LogConfig: Setting CVar [[r.Streaming.PoolSize:1000]]
[2020.05.16-19.25.28:450][  0]LogConfig: Setting CVar [[r.Streaming.MaxEffectiveScreenSize:0]]
[2020.05.16-19.25.28:450][  0]LogConfig: Applying CVar settings from Section [EffectsQuality@3] File [E:/Unreal Projects/LEVEL/Level/Saved/Config/Windows/Scalability.ini]
[2020.05.16-19.25.28:450][  0]LogConfig: Setting CVar [[r.TranslucencyLightingVolumeDim:64]]
[2020.05.16-19.25.28:450][  0]LogConfig: Setting CVar [[r.RefractionQuality:2]]
[2020.05.16-19.25.28:450][  0]LogConfig: Setting CVar [[r.SSR.Quality:3]]
[2020.05.16-19.25.28:450][  0]LogConfig: Setting CVar [[r.SceneColorFormat:4]]
[2020.05.16-19.25.28:450][  0]LogConfig: Setting CVar [[r.DetailMode:2]]
[2020.05.16-19.25.28:450][  0]LogConfig: Setting CVar [[r.TranslucencyVolumeBlur:1]]
[2020.05.16-19.25.28:450][  0]LogConfig: Setting CVar [[r.MaterialQualityLevel:1 ; High quality]]
[2020.05.16-19.25.28:450][  0]LogConfig: Setting CVar [[r.SSS.Scale:1]]
[2020.05.16-19.25.28:450][  0]LogConfig: Setting CVar [[r.SSS.SampleSet:2]]
[2020.05.16-19.25.28:450][  0]LogConfig: Setting CVar [[r.SSS.Quality:1]]
[2020.05.16-19.25.28:450][  0]LogConfig: Setting CVar [[r.SSS.HalfRes:1]]
[2020.05.16-19.25.28:450][  0]LogConfig: Setting CVar [[r.EmitterSpawnRateScale:1.0]]
[2020.05.16-19.25.28:450][  0]LogConfig: Setting CVar [[r.ParticleLightQuality:2]]
[2020.05.16-19.25.28:450][  0]LogConfig: Applying CVar settings from Section [FoliageQuality@3] File [E:/Unreal Projects/LEVEL/Level/Saved/Config/Windows/Scalability.ini]
[2020.05.16-19.25.28:450][  0]LogConfig: Setting CVar [[foliage.DensityScale:1.0]]
[2020.05.16-19.25.28:450][  0]LogConfig: Setting CVar [[grass.DensityScale:1.0]]
[2020.05.16-19.25.28:450][  0]LogConfig: Applying CVar settings from Section [Startup] File [../../../Engine/Config/ConsoleVariables.ini]
[2020.05.16-19.25.28:450][  0]LogConfig: Setting CVar [[net.UseAdaptiveNetUpdateFrequency:0]]
[2020.05.16-19.25.28:450][  0]LogConfig: Setting CVar [[p.chaos.AllowCreatePhysxBodies:1]]
[2020.05.16-19.25.28:450][  0]LogConfig: Applying CVar settings from Section [ConsoleVariables] File [E:/Unreal Projects/LEVEL/Level/Saved/Config/Windows/Engine.ini]
[2020.05.16-19.25.28:450][  0]LogInit: Computer: DESKTOP-9MTLCG4
[2020.05.16-19.25.28:450][  0]LogInit: User: Home
[2020.05.16-19.25.28:450][  0]LogInit: CPU Page size=4096, Cores=4
[2020.05.16-19.25.28:450][  0]LogInit: High frequency timer resolution =10.000000 MHz
[2020.05.16-19.25.28:450][  0]LogMemory: Memory total: Physical=7.9GB (8GB approx)
[2020.05.16-19.25.28:450][  0]LogMemory: Platform Memory Stats for Windows
[2020.05.16-19.25.28:450][  0]LogMemory: Process Physical Memory: 100.37 MB used, 100.37 MB peak
[2020.05.16-19.25.28:450][  0]LogMemory: Process Virtual Memory: 87.84 MB used, 87.84 MB peak
[2020.05.16-19.25.28:450][  0]LogMemory: Physical Memory: 2695.54 MB used,  5439.75 MB free, 8135.29 MB total
[2020.05.16-19.25.28:450][  0]LogMemory: Virtual Memory: 4643.64 MB used,  134213088.00 MB free, 134217728.00 MB total
[2020.05.16-19.25.28:453][  0]LogWindows: WindowsPlatformFeatures enabled
[2020.05.16-19.25.28:473][  0]LogInit: Using OS detected language (ru-RU).
[2020.05.16-19.25.28:473][  0]LogInit: Using OS detected locale (ru-RU).
[2020.05.16-19.25.28:473][  0]LogTextLocalizationManager: No specific localization for 'ru-RU' exists, so the 'ru' localization will be used.
[2020.05.16-19.25.28:474][  0]LogTextLocalizationResource: LocRes '../../../Engine/Content/Localization/Editor/ru/Editor.locres' could not be opened for reading!
[2020.05.16-19.25.28:474][  0]LogTextLocalizationResource: LocRes '../../../Engine/Content/Localization/EditorTutorials/ru/EditorTutorials.locres' could not be opened for reading!
[2020.05.16-19.25.28:474][  0]LogTextLocalizationResource: LocRes '../../../Engine/Content/Localization/Keywords/ru/Keywords.locres' could not be opened for reading!
[2020.05.16-19.25.28:474][  0]LogTextLocalizationResource: LocRes '../../../Engine/Content/Localization/Category/ru/Category.locres' could not be opened for reading!
[2020.05.16-19.25.28:474][  0]LogTextLocalizationResource: LocRes '../../../Engine/Content/Localization/ToolTips/ru/ToolTips.locres' could not be opened for reading!
[2020.05.16-19.25.28:474][  0]LogTextLocalizationResource: LocRes '../../../Engine/Content/Localization/PropertyNames/ru/PropertyNames.locres' could not be opened for reading!
[2020.05.16-19.25.28:474][  0]LogTextLocalizationResource: LocRes '../../../Engine/Content/Localization/Engine/ru/Engine.locres' could not be opened for reading!
[2020.05.16-19.25.28:475][  0]LogInit: Setting process to per monitor DPI aware
[2020.05.16-19.25.28:498][  0]LogSlate: New Slate User Created.  User Index 0, Is Virtual User: 0
[2020.05.16-19.25.28:498][  0]LogSlate: Slate User Registered.  User Index 0, Is Virtual User: 0
[2020.05.16-19.25.28:632][  0]LogHMD: Failed to initialize OpenVR with code 110
[2020.05.16-19.25.28:632][  0]LogD3D11RHI: D3D11 adapters:
[2020.05.16-19.25.28:690][  0]LogD3D11RHI:    0. 'NVIDIA GeForce GTX 1050 Ti' (Feature Level 11_0)
[2020.05.16-19.25.28:690][  0]LogD3D11RHI:       4018/0/4067 MB DedicatedVideo/DedicatedSystem/SharedSystem, Outputs:1, VendorId:0x10de
[2020.05.16-19.25.28:693][  0]LogD3D11RHI:    1. 'Microsoft Basic Render Driver' (Feature Level 11_0)
[2020.05.16-19.25.28:693][  0]LogD3D11RHI:       0/0/4067 MB DedicatedVideo/DedicatedSystem/SharedSystem, Outputs:0, VendorId:0x1414
[2020.05.16-19.25.28:693][  0]LogD3D11RHI: Chosen D3D11 Adapter: 0
[2020.05.16-19.25.28:698][  0]LogD3D11RHI: Creating new Direct3DDevice
[2020.05.16-19.25.28:698][  0]LogD3D11RHI:     GPU DeviceId: 0x1c82 (for the marketing name, search the web for "GPU Device Id")
[2020.05.16-19.25.28:698][  0]LogWindows: EnumDisplayDevices:
[2020.05.16-19.25.28:698][  0]LogWindows:    0. 'NVIDIA GeForce GTX 1050 Ti' (P:1 D:1)
[2020.05.16-19.25.28:698][  0]LogWindows:    1. 'NVIDIA GeForce GTX 1050 Ti' (P:0 D:0)
[2020.05.16-19.25.28:698][  0]LogWindows:    2. 'NVIDIA GeForce GTX 1050 Ti' (P:0 D:0)
[2020.05.16-19.25.28:699][  0]LogWindows:    3. 'NVIDIA GeForce GTX 1050 Ti' (P:0 D:0)
[2020.05.16-19.25.28:699][  0]LogWindows: DebugString: FoundDriverCount:4 
[2020.05.16-19.25.28:699][  0]LogD3D11RHI:     Adapter Name: NVIDIA GeForce GTX 1050 Ti
[2020.05.16-19.25.28:699][  0]LogD3D11RHI:   Driver Version: 445.87 (internal:26.21.14.4587, unified:445.87)
[2020.05.16-19.25.28:699][  0]LogD3D11RHI:      Driver Date: 4-3-2020
[2020.05.16-19.25.28:699][  0]LogRHI: Texture pool is 2812 MB (70% of 4018 MB)
[2020.05.16-19.25.28:743][  0]LogD3D11RHI: Async texture creation enabled
[2020.05.16-19.25.28:773][  0]LogD3D11RHI: GPU Timing Frequency: 1000.000000 (Debug: 2 2)
[2020.05.16-19.25.29:048][  0]LogTemp: Display: Module 'AllDesktopTargetPlatform' loaded TargetPlatform 'AllDesktop'
[2020.05.16-19.25.29:055][  0]LogTemp: Display: Module 'MacClientTargetPlatform' loaded TargetPlatform 'MacClient'
[2020.05.16-19.25.29:063][  0]LogTemp: Display: Module 'MacNoEditorTargetPlatform' loaded TargetPlatform 'MacNoEditor'
[2020.05.16-19.25.29:070][  0]LogTemp: Display: Module 'MacServerTargetPlatform' loaded TargetPlatform 'MacServer'
[2020.05.16-19.25.29:076][  0]LogTemp: Display: Module 'MacTargetPlatform' loaded TargetPlatform 'Mac'
[2020.05.16-19.25.29:084][  0]LogTemp: Display: Module 'WindowsClientTargetPlatform' loaded TargetPlatform 'WindowsClient'
[2020.05.16-19.25.29:091][  0]LogTemp: Display: Module 'WindowsNoEditorTargetPlatform' loaded TargetPlatform 'WindowsNoEditor'
[2020.05.16-19.25.29:098][  0]LogTemp: Display: Module 'WindowsServerTargetPlatform' loaded TargetPlatform 'WindowsServer'
[2020.05.16-19.25.29:102][  0]LogTemp: Display: Module 'WindowsTargetPlatform' loaded TargetPlatform 'Windows'
[2020.05.16-19.25.29:132][  0]LogTemp: Display: Module 'AndroidTargetPlatform' loaded TargetPlatform 'Android'
[2020.05.16-19.25.29:132][  0]LogTemp: Display: Module 'AndroidTargetPlatform' loaded TargetPlatform 'Android_ASTC'
[2020.05.16-19.25.29:132][  0]LogTemp: Display: Module 'AndroidTargetPlatform' loaded TargetPlatform 'Android_ATC'
[2020.05.16-19.25.29:132][  0]LogTemp: Display: Module 'AndroidTargetPlatform' loaded TargetPlatform 'Android_DXT'
[2020.05.16-19.25.29:132][  0]LogTemp: Display: Module 'AndroidTargetPlatform' loaded TargetPlatform 'Android_ETC1'
[2020.05.16-19.25.29:132][  0]LogTemp: Display: Module 'AndroidTargetPlatform' loaded TargetPlatform 'Android_ETC1a'
[2020.05.16-19.25.29:132][  0]LogTemp: Display: Module 'AndroidTargetPlatform' loaded TargetPlatform 'Android_ETC2'
[2020.05.16-19.25.29:132][  0]LogTemp: Display: Module 'AndroidTargetPlatform' loaded TargetPlatform 'Android_PVRTC'
[2020.05.16-19.25.29:132][  0]LogTemp: Display: Module 'AndroidTargetPlatform' loaded TargetPlatform 'AndroidClient'
[2020.05.16-19.25.29:132][  0]LogTemp: Display: Module 'AndroidTargetPlatform' loaded TargetPlatform 'Android_ASTCClient'
[2020.05.16-19.25.29:132][  0]LogTemp: Display: Module 'AndroidTargetPlatform' loaded TargetPlatform 'Android_ATCClient'
[2020.05.16-19.25.29:132][  0]LogTemp: Display: Module 'AndroidTargetPlatform' loaded TargetPlatform 'Android_DXTClient'
[2020.05.16-19.25.29:132][  0]LogTemp: Display: Module 'AndroidTargetPlatform' loaded TargetPlatform 'Android_ETC1Client'
[2020.05.16-19.25.29:132][  0]LogTemp: Display: Module 'AndroidTargetPlatform' loaded TargetPlatform 'Android_ETC1aClient'
[2020.05.16-19.25.29:132][  0]LogTemp: Display: Module 'AndroidTargetPlatform' loaded TargetPlatform 'Android_ETC2Client'
[2020.05.16-19.25.29:132][  0]LogTemp: Display: Module 'AndroidTargetPlatform' loaded TargetPlatform 'Android_PVRTCClient'
[2020.05.16-19.25.29:132][  0]LogTemp: Display: Module 'AndroidTargetPlatform' loaded TargetPlatform 'Android_Multi'
[2020.05.16-19.25.29:132][  0]LogTemp: Display: Module 'AndroidTargetPlatform' loaded TargetPlatform 'Android_MultiClient'
[2020.05.16-19.25.29:134][  0]LogTemp: Display: Module 'HTML5TargetPlatform' loaded TargetPlatform 'HTML5'
[2020.05.16-19.25.29:149][  0]LogTemp: Display: Module 'IOSTargetPlatform' loaded TargetPlatform 'IOSClient'
[2020.05.16-19.25.29:149][  0]LogTemp: Display: Module 'IOSTargetPlatform' loaded TargetPlatform 'IOS'
[2020.05.16-19.25.29:161][  0]LogTemp: Display: Module 'TVOSTargetPlatform' loaded TargetPlatform 'TVOSClient'
[2020.05.16-19.25.29:162][  0]LogTemp: Display: Module 'TVOSTargetPlatform' loaded TargetPlatform 'TVOS'
[2020.05.16-19.25.29:168][  0]LogTemp: Display: Module 'LinuxClientTargetPlatform' loaded TargetPlatform 'LinuxClient'
[2020.05.16-19.25.29:174][  0]LogTemp: Display: Module 'LinuxNoEditorTargetPlatform' loaded TargetPlatform 'LinuxNoEditor'
[2020.05.16-19.25.29:181][  0]LogTemp: Display: Module 'LinuxServerTargetPlatform' loaded TargetPlatform 'LinuxServer'
[2020.05.16-19.25.29:187][  0]LogTemp: Display: Module 'LinuxTargetPlatform' loaded TargetPlatform 'Linux'
[2020.05.16-19.25.29:209][  0]LogTemp: Display: Module 'LuminTargetPlatform' loaded TargetPlatform 'Lumin'
[2020.05.16-19.25.29:209][  0]LogTemp: Display: Module 'LuminTargetPlatform' loaded TargetPlatform 'LuminClient'
[2020.05.16-19.25.29:209][  0]LogTargetPlatformManager: Display: Building Assets For Windows
[2020.05.16-19.25.29:216][  0]LogAudioDebug: Display: Lib vorbis DLL was dynamically loaded.
[2020.05.16-19.25.29:252][  0]LogShaderCompilers: Guid format shader working directory is 3 characters bigger than the processId version (../../../../../Unreal Projects/LEVEL/Level/Intermediate/Shaders/WorkingDirectory/4872/).
[2020.05.16-19.25.29:253][  0]LogShaderCompilers: Cleaned the shader compiler working directory 'C:/Users/Home/AppData/Local/Temp/UnrealShaderWorkingDir/19F60F3A4351F25A4FCDEDBD3109B038/'.
[2020.05.16-19.25.29:254][  0]LogXGEController: Cleaning working directory: C:/Users/Home/AppData/Local/Temp/UnrealXGEWorkingDir/
[2020.05.16-19.25.29:254][  0]LogXGEController: Cannot use XGE Controller as Incredibuild is not installed on this machine.
[2020.05.16-19.25.29:254][  0]LogShaderCompilers: Cannot use XGE Shader Compiler as Incredibuild is not installed on this machine.
[2020.05.16-19.25.29:254][  0]LogShaderCompilers: Display: Using Local Shader Compiler.
[2020.05.16-19.25.29:854][  0]LogDerivedDataCache: Display: Max Cache Size: 512 MB
[2020.05.16-19.25.29:902][  0]LogDerivedDataCache: Loaded boot cache 0.05s 74MB C:/Users/Home/AppData/Local/UnrealEngine/4.23/DerivedDataCache/Boot.ddc.
[2020.05.16-19.25.29:902][  0]LogDerivedDataCache: Display: Loaded Boot cache: C:/Users/Home/AppData/Local/UnrealEngine/4.23/DerivedDataCache/Boot.ddc
[2020.05.16-19.25.29:902][  0]LogDerivedDataCache: FDerivedDataBackendGraph:  Pak pak cache file ../../../../../Unreal Projects/LEVEL/Level/DerivedDataCache/DDC.ddp not found, will not use a pak cache.
[2020.05.16-19.25.29:902][  0]LogDerivedDataCache: Unable to find inner node Pak for hierarchical cache Hierarchy.
[2020.05.16-19.25.29:902][  0]LogDerivedDataCache: FDerivedDataBackendGraph:  CompressedPak pak cache file ../../../../../Unreal Projects/LEVEL/Level/DerivedDataCache/Compressed.ddp not found, will not use a pak cache.
[2020.05.16-19.25.29:902][  0]LogDerivedDataCache: Unable to find inner node CompressedPak for hierarchical cache Hierarchy.
[2020.05.16-19.25.29:913][  0]LogDerivedDataCache: Display: Pak cache opened for reading ../../../Engine/DerivedDataCache/Compressed.ddp.
[2020.05.16-19.25.29:913][  0]LogDerivedDataCache: FDerivedDataBackendGraph:  EnterprisePak pak cache file ../../../Enterprise/DerivedDataCache/Compressed.ddp not found, will not use a pak cache.
[2020.05.16-19.25.29:914][  0]LogDerivedDataCache: Unable to find inner node EnterprisePak for hierarchical cache Hierarchy.
[2020.05.16-19.25.29:915][  0]LogDerivedDataCache: Using Local data cache path C:/Users/Home/AppData/Local/UnrealEngine/Common/DerivedDataCache: Writable
[2020.05.16-19.25.29:915][  0]LogDerivedDataCache: Shared data cache path not found in *engine.ini, will not use an Shared cache.
[2020.05.16-19.25.29:915][  0]LogDerivedDataCache: Unable to find inner node Shared for hierarchical cache Hierarchy.
[2020.05.16-19.25.29:937][  0]LogMaterial: Verifying Global Shaders for PCD3D_SM5
[2020.05.16-19.25.29:939][  0]LogSlate: Using FreeType 2.6.0
[2020.05.16-19.25.29:939][  0]LogSlate: SlateFontServices - WITH_FREETYPE: 1, WITH_HARFBUZZ: 1
[2020.05.16-19.25.29:989][  0]LogAssetRegistry: FAssetRegistry took 0.0023 seconds to start up
[2020.05.16-19.25.30:233][  0]LogInit: Selected Device Profile: [Windows]
[2020.05.16-19.25.30:371][  0]LogMeshReduction: Using QuadricMeshReduction for automatic static mesh reduction
[2020.05.16-19.25.30:371][  0]LogMeshReduction: Using SimplygonMeshReduction for automatic skeletal mesh reduction
[2020.05.16-19.25.30:371][  0]LogMeshReduction: Using ProxyLODMeshReduction for automatic mesh merging
[2020.05.16-19.25.30:371][  0]LogMeshReduction: No distributed automatic mesh merging module available
[2020.05.16-19.25.30:371][  0]LogMeshMerging: No distributed automatic mesh merging module available
[2020.05.16-19.25.30:380][  0]LogNetVersion: Level 1.0.0, NetCL: 8386587, EngineNetVer: 11, GameNetVer: 0 (Checksum: 1760920611)
[2020.05.16-19.25.30:548][  0]LogClass: Warning: In asset 'None', there is an enum property of type 'EDepthOfFieldMethod' with an invalid value of '('
[2020.05.16-19.25.30:773][  0]LogPackageLocalizationCache: Processed 13 localized package path(s) for 1 prioritized culture(s) in 0.048612 seconds
[2020.05.16-19.25.30:779][  0]LogUObjectArray: 43444 objects as part of root set at end of initial load.
[2020.05.16-19.25.30:779][  0]LogUObjectAllocator: 7548648 out of 0 bytes used by permanent object pool.
[2020.05.16-19.25.30:779][  0]LogUObjectArray: CloseDisregardForGC: 0/0 objects in disregard for GC pool
[2020.05.16-19.25.31:530][  0]LogAutoSettings: AutoSettings module starting up
[2020.05.16-19.25.31:534][  0]LogSubstanceCoreModule: Substance [CPU] Engine Loaded, Max Texture Size = 2048
[2020.05.16-19.25.31:538][  0]LogTcpMessaging: Initializing TcpMessaging bridge
[2020.05.16-19.25.31:541][  0]LogUdpMessaging: Initializing bridge on interface 0.0.0.0:0 to multicast group 230.0.0.1:6666.
[2020.05.16-19.25.31:596][  0]SourceControl: Source control is disabled
[2020.05.16-19.25.32:468][  0]LogAndroidPermission: UAndroidPermissionCallbackProxy::GetInstance
[2020.05.16-19.25.32:580][  0]LogOcInput: OculusInput pre-init called
[2020.05.16-19.25.32:586][  0]LogWindows: Failed to load 'OVRPlugin.dll' (GetLastError=126)
[2020.05.16-19.25.32:586][  0]LogWindows: File 'OVRPlugin.dll' does not exist
[2020.05.16-19.25.32:713][  0]LogEngine: Initializing Engine...
[2020.05.16-19.25.32:713][  0]LogHMD: Failed to initialize OpenVR with code 110
[2020.05.16-19.25.32:714][  0]LogStats: UGameplayTagsManager::InitializeManager -  0.000 s
[2020.05.16-19.25.32:924][  0]LogInit: Initializing FReadOnlyCVARCache
[2020.05.16-19.25.32:933][  0]LogAIModule: Creating AISystem for world Untitled
[2020.05.16-19.25.32:965][  0]LogInit: XAudio2 using 'Динамики (Realtek(R) Audio)' : 2 channels at 48 kHz using 32 bits per sample (channel mask 0x3)
[2020.05.16-19.25.33:010][  0]LogInit: FAudioDevice initialized.
[2020.05.16-19.25.33:010][  0]LogNetVersion: Set ProjectVersion to 1.0.0.0. Version Checksum will be recalculated on next use.
[2020.05.16-19.25.33:090][  0]LogDerivedDataCache: Saved boot cache 0.08s 74MB C:/Users/Home/AppData/Local/UnrealEngine/4.23/DerivedDataCache/Boot.ddc.
[2020.05.16-19.25.33:097][  0]LogInit: Texture streaming: Enabled
[2020.05.16-19.25.33:111][  0]LogEngineSessionManager: EngineSessionManager initialized
[2020.05.16-19.25.33:111][  0]LogEditorSessionSummary: Verbose: Initializing EditorSessionSummaryWriter for editor session tracking
[2020.05.16-19.25.33:112][  0]LogEditorSessionSummary: EditorSessionSummaryWriter initialized
[2020.05.16-19.25.33:175][  0]LogInit: Transaction tracking system initialized
[2020.05.16-19.25.33:194][  0]BlueprintLog: New page: Editor Load
[2020.05.16-19.25.33:247][  0]LocalizationService: Localization service is disabled
[2020.05.16-19.25.33:285][  0]LogLinker: Warning: Failed to load '/Game/ThirdPersonBP/ThirdPersonOverview': Can't find file.
[2020.05.16-19.25.33:285][  0]LogLinker: Warning: Failed to load '/Game/ThirdPersonBP/ThirdPersonOverview': Can't find file.
[2020.05.16-19.25.33:286][  0]LogUObjectGlobals: Warning: Failed to find object 'Class /Game/ThirdPersonBP/ThirdPersonOverview.ThirdPersonOverview_C'
[2020.05.16-19.25.33:445][  0]LogCook: Display: Max memory allowance for cook 16384mb min free memory 0mb
[2020.05.16-19.25.33:445][  0]LogCook: Display: Mobile HDR setting 1
[2020.05.16-19.25.33:456][  0]LogFileCache: Scanning file cache for directory 'E:/Unreal Projects/LEVEL/Level/Content/' took 0.01s
[2020.05.16-19.25.33:456][  0]LogAutoSettings: Applied 0 settings from config
[2020.05.16-19.25.33:590][  0]Cmd: MAP LOAD FILE="../../../../../Unreal Projects/LEVEL/Level/Content/Level/Landscape/Start_Level.umap" TEMPLATE=0 SHOWPROGRESS=1 FEATURELEVEL=3
[2020.05.16-19.25.33:591][  0]LightingResults: New page: Lighting Build
[2020.05.16-19.25.33:592][  0]LogWorld: UWorld::CleanupWorld for Untitled, bSessionEnded=true, bCleanupResources=true
[2020.05.16-19.25.33:593][  0]MapCheck: New page: Map Check
[2020.05.16-19.25.33:593][  0]LightingResults: New page: Lighting Build
[2020.05.16-19.25.33:622][  0]LogUObjectHash: Compacting FUObjectHashTables data took   1.60ms
[2020.05.16-19.25.34:712][  0]LogAIModule: Creating AISystem for world Start_Level
[2020.05.16-19.25.34:729][  0]LogEditorServer: Finished looking for orphan Actors (0.000 secs)
[2020.05.16-19.25.34:757][  0]LogUObjectHash: Compacting FUObjectHashTables data took   2.27ms
[2020.05.16-19.25.34:757][  0]Cmd: MAP CHECKDEP NOCLEARLOG
[2020.05.16-19.25.34:757][  0]MapCheck: Map check complete: 0 Error(s), 0 Warning(s), took 0,083ms to complete.
[2020.05.16-19.25.34:757][  0]LogFileHelpers: Loading map 'Start_Level' took 1.166
[2020.05.16-19.25.34:841][  0]LogSlate: Took 0.000142 seconds to synchronously load lazily loaded font '../../../Engine/Content/Slate/Fonts/Roboto-Regular.ttf' (155K)
[2020.05.16-19.25.36:205][  0]LogSlate: Only BGRA pngs, bmps or icos are supported in by External Image Picker
[2020.05.16-19.25.36:249][  0]LogCollectionManager: Loaded 0 collections in 0.000986 seconds
[2020.05.16-19.25.36:254][  0]LogFileCache: Scanning file cache for directory 'E:/Unreal Projects/LEVEL/Level/Saved/Collections/' took 0.00s
[2020.05.16-19.25.36:255][  0]LogFileCache: Scanning file cache for directory 'E:/Unreal Projects/LEVEL/Level/Content/Developers/Home/Collections/' took 0.00s
[2020.05.16-19.25.36:255][  0]LogFileCache: Scanning file cache for directory 'E:/Unreal Projects/LEVEL/Level/Content/Collections/' took 0.00s
[2020.05.16-19.25.36:255][  0]LogCollectionManager: Rebuilt the GUID cache for 0 collections in 0.000001 seconds
[2020.05.16-19.25.36:263][  0]LogContentBrowser: Native class hierarchy populated in 0.0083 seconds. Added 2914 classes and 700 folders.
[2020.05.16-19.25.36:268][  0]LogContentBrowser: Native class hierarchy updated for 'WidgetCarousel' in 0.0002 seconds. Added 0 classes and 0 folders.
[2020.05.16-19.25.36:297][  0]LogContentBrowser: Native class hierarchy updated for 'AddContentDialog' in 0.0002 seconds. Added 0 classes and 0 folders.
[2020.05.16-19.25.36:305][  0]LogContentBrowser: Native class hierarchy updated for 'WorldBrowser' in 0.0002 seconds. Added 2 classes and 3 folders.
[2020.05.16-19.25.36:326][  0]LogSlate: Updating window title bar state: overlay mode, drag disabled, window buttons hidden, title bar hidden
[2020.05.16-19.25.36:334][  0]LogSlate: Updating window title bar state: overlay mode, drag disabled, window buttons hidden, title bar hidden
[2020.05.16-19.25.36:342][  0]LogSlate: Updating window title bar state: overlay mode, drag disabled, window buttons hidden, title bar hidden
[2020.05.16-19.25.36:347][  0]LogContentBrowser: Native class hierarchy updated for 'SceneOutliner' in 0.0002 seconds. Added 1 classes and 2 folders.
[2020.05.16-19.25.36:460][  0]LogSlate: Took 0.000140 seconds to synchronously load lazily loaded font '../../../Engine/Content/Editor/Slate/Fonts/FontAwesome.ttf' (139K)
[2020.05.16-19.25.36:461][  0]LogSlate: Took 0.000103 seconds to synchronously load lazily loaded font '../../../Engine/Content/Slate/Fonts/Roboto-Bold.ttf' (160K)
[2020.05.16-19.25.36:465][  0]LogSlate: Took 0.000151 seconds to synchronously load lazily loaded font '../../../Engine/Content/Slate/Fonts/Roboto-BoldCondensed.ttf' (158K)
[2020.05.16-19.25.36:472][  0]LogSlate: Took 0.000147 seconds to synchronously load lazily loaded font '../../../Engine/Content/Slate/Fonts/Roboto-Light.ttf' (167K)
[2020.05.16-19.25.36:523][  0]LogRenderer: Reallocating scene render targets to support 1176x952 Format 10 NumSamples 1 (Frame:1).
[2020.05.16-19.25.36:659][  0]LogContentBrowser: Native class hierarchy updated for 'HierarchicalLODOutliner' in 0.0002 seconds. Added 0 classes and 0 folders.
[2020.05.16-19.25.36:659][  0]LogLoad: (Engine Initialization) Total time: 8.95 seconds
[2020.05.16-19.25.36:659][  0]LogLoad: (Engine Initialization) Total Blueprint compile time: 0.00 seconds
[2020.05.16-19.25.37:177][  0]LogContentStreaming: Texture pool size now 1000 MB
[2020.05.16-19.25.37:211][  1]LogSubstanceLiveLink: Warning: Unable to send data along socket, closing connection
[2020.05.16-19.25.37:232][  1]LogAssetRegistry: Asset discovery search completed in 7.2440 seconds
[2020.05.16-19.25.37:236][  1]LogCollectionManager: Rebuilt the object cache for 0 collections in 0.000005 seconds (found 0 objects)
[2020.05.16-19.25.37:236][  1]LogCollectionManager: Fixed up redirectors for 0 collections in 0.000078 seconds (updated 0 objects)
[2020.05.16-19.25.37:282][  3]LogStaticMesh: Allocated 512x192x64 distance field atlas = 12.0Mb, with 54 objects containing 5.8Mb backing data
[2020.05.16-19.25.39:122][211]LogSlate: FSceneViewport::OnFocusLost() reason 0
[2020.05.16-19.25.42:121][570]LogSlate: Window 'Plugins' being destroyed
[2020.05.16-19.25.42:704][640]LogSlate: FSceneViewport::OnFocusLost() reason 0
[2020.05.16-19.26.16:234][940]SourceControl: Error: fatal: Invalid path '/Game': No such file or directory
[2020.05.16-19.27.04:429][451]SourceControl: Error: fatal: Invalid path '/Game': No such file or directory
[2020.05.16-19.28.17:912][199]LogSlate: Took 0.000119 seconds to synchronously load lazily loaded font '../../../Engine/Content/Slate/Fonts/Roboto-Light.ttf' (167K)
[2020.05.16-19.28.17:958][199]LogUObjectHash: Compacting FUObjectHashTables data took   1.60ms
[2020.05.16-19.28.18:671][199]LogUObjectHash: Compacting FUObjectHashTables data took   1.46ms
[2020.05.16-19.28.18:695][199]LogUObjectHash: Compacting FUObjectHashTables data took   0.67ms
[2020.05.16-19.28.18:723][199]LogUObjectHash: Compacting FUObjectHashTables data took   1.44ms
[2020.05.16-19.28.18:747][199]LogUObjectHash: Compacting FUObjectHashTables data took   0.65ms
[2020.05.16-19.28.18:921][199]SourceControl: Error: Updated 0 paths from the index
[2020.05.16-19.28.19:048][199]SourceControl: rm 'Level/Content/Level/Materials/FoliageType/PineTree01_FoliageType.uasset'
[2020.05.16-19.28.19:048][199]SourceControl: rm 'Level/Content/Level/Materials/FoliageType/PineTree02_FoliageType.uasset'
[2020.05.16-19.28.24:861][890]SourceControl: Error: fatal: Invalid path '/Game': No such file or directory
[2020.05.16-19.28.27:839][243]LogUObjectHash: Compacting FUObjectHashTables data took   1.45ms
[2020.05.16-19.28.27:917][243]LogSlate: Window 'Level - Unreal Editor' being destroyed
[2020.05.16-19.28.27:917][243]LogWindowsTextInputMethodSystem: Display: IME system now deactivated.
[2020.05.16-19.28.28:233][243]LogDirectoryWatcher: A directory notification for '../../../Engine/Plugins/' was aborted.
[2020.05.16-19.28.28:296][244]Cmd: QUIT_EDITOR
[2020.05.16-19.28.28:353][244]LogExit: Preparing to exit.
[2020.05.16-19.28.28:669][244]LogWorld: UWorld::CleanupWorld for World_0, bSessionEnded=true, bCleanupResources=true
[2020.05.16-19.28.28:698][244]LogDemo: Cleaned up 0 splitscreen connections with owner deletion
[2020.05.16-19.28.28:712][244]LogWorld: UWorld::CleanupWorld for None, bSessionEnded=true, bCleanupResources=true
[2020.05.16-19.28.28:712][244]LogExit: Editor shut down
[2020.05.16-19.28.28:712][244]LogExit: Transaction tracking system shut down
[2020.05.16-19.28.29:021][244]LogExit: Object subsystem successfully closed.
[2020.05.16-19.28.29:038][244]LogShaderCompilers: Display: Shaders left to compile 0
[2020.05.16-19.28.29:049][244]LogModuleManager: Shutting down and abandoning module HierarchicalLODOutliner (684)
[2020.05.16-19.28.29:049][244]LogModuleManager: Shutting down and abandoning module SceneOutliner (682)
[2020.05.16-19.28.29:050][244]LogModuleManager: Shutting down and abandoning module WorldBrowser (680)
[2020.05.16-19.28.29:050][244]LogModuleManager: Shutting down and abandoning module AddContentDialog (678)
[2020.05.16-19.28.29:050][244]LogModuleManager: Shutting down and abandoning module WidgetCarousel (677)
[2020.05.16-19.28.29:050][244]LogModuleManager: Shutting down and abandoning module EditorWidgets (674)
[2020.05.16-19.28.29:050][244]LogModuleManager: Shutting down and abandoning module CollectionManager (672)
[2020.05.16-19.28.29:050][244]LogModuleManager: Shutting down and abandoning module ExternalImagePicker (670)
[2020.05.16-19.28.29:050][244]LogModuleManager: Shutting down and abandoning module StatsViewer (668)
[2020.05.16-19.28.29:050][244]LogModuleManager: Shutting down and abandoning module VirtualTexturingEditor (666)
[2020.05.16-19.28.29:050][244]LogModuleManager: Shutting down and abandoning module FoliageEdit (664)
[2020.05.16-19.28.29:050][244]LogModuleManager: Shutting down and abandoning module LandscapeEditor (662)
[2020.05.16-19.28.29:050][244]LogModuleManager: Shutting down and abandoning module MeshPaintMode (660)
[2020.05.16-19.28.29:050][244]LogModuleManager: Shutting down and abandoning module SceneDepthPickerMode (658)
[2020.05.16-19.28.29:050][244]LogModuleManager: Shutting down and abandoning module ActorPickerMode (656)
[2020.05.16-19.28.29:050][244]LogModuleManager: Shutting down and abandoning module GeometryMode (654)
[2020.05.16-19.28.29:050][244]LogModuleManager: Shutting down and abandoning module TextureAlignMode (652)
[2020.05.16-19.28.29:050][244]LogModuleManager: Shutting down and abandoning module BspMode (650)
[2020.05.16-19.28.29:050][244]LogModuleManager: Shutting down and abandoning module PIEPreviewDeviceProfileSelector (648)
[2020.05.16-19.28.29:050][244]LogModuleManager: Shutting down and abandoning module SequenceRecorderSections (646)
[2020.05.16-19.28.29:051][244]LogModuleManager: Shutting down and abandoning module AutomationWorker (644)
[2020.05.16-19.28.29:051][244]LogModuleManager: Shutting down and abandoning module OculusMR (642)
[2020.05.16-19.28.29:051][244]LogModuleManager: Shutting down and abandoning module AudioCaptureEditor (640)
[2020.05.16-19.28.29:051][244]LogModuleManager: Shutting down and abandoning module MatineeToLevelSequence (638)
[2020.05.16-19.28.29:051][244]LogModuleManager: Shutting down and abandoning module LevelSequenceEditor (636)
[2020.05.16-19.28.29:051][244]LogModuleManager: Shutting down and abandoning module PlacementMode (635)
[2020.05.16-19.28.29:051][244]LogModuleManager: Shutting down and abandoning module MaterialEditor (634)
[2020.05.16-19.28.29:051][244]LogModuleManager: Shutting down and abandoning module ActorSequenceEditor (630)
[2020.05.16-19.28.29:051][244]LogModuleManager: Shutting down and abandoning module WmfMediaFactory (628)
[2020.05.16-19.28.29:051][244]LogModuleManager: Shutting down and abandoning module WmfMediaEditor (626)
[2020.05.16-19.28.29:051][244]LogModuleManager: Shutting down and abandoning module WebMMediaFactory (624)
[2020.05.16-19.28.29:051][244]LogModuleManager: Shutting down and abandoning module WebMMediaEditor (622)
[2020.05.16-19.28.29:051][244]LogModuleManager: Shutting down and abandoning module WebMMedia (620)
[2020.05.16-19.28.29:051][244]LogModuleManager: Shutting down and abandoning module MediaPlayerEditor (618)
[2020.05.16-19.28.29:051][244]LogModuleManager: Shutting down and abandoning module MediaCompositingEditor (616)
[2020.05.16-19.28.29:051][244]LogModuleManager: Shutting down and abandoning module SequenceRecorder (615)
[2020.05.16-19.28.29:051][244]LogModuleManager: Shutting down and abandoning module OpenExrWrapper (612)
[2020.05.16-19.28.29:051][244]LogModuleManager: Shutting down and abandoning module ImgMediaFactory (610)
[2020.05.16-19.28.29:051][244]LogModuleManager: Shutting down and abandoning module ImgMediaEditor (608)
[2020.05.16-19.28.29:051][244]LogModuleManager: Shutting down and abandoning module AvfMediaFactory (606)
[2020.05.16-19.28.29:051][244]LogModuleManager: Shutting down and abandoning module AvfMediaEditor (604)
[2020.05.16-19.28.29:051][244]LogModuleManager: Shutting down and abandoning module AndroidMediaFactory (602)
[2020.05.16-19.28.29:051][244]LogModuleManager: Shutting down and abandoning module AndroidMediaEditor (600)
[2020.05.16-19.28.29:051][244]LogModuleManager: Shutting down and abandoning module MagicLeapCameraPreviewFactory (598)
[2020.05.16-19.28.29:051][244]LogModuleManager: Shutting down and abandoning module MagicLeapMediaCodecFactory (596)
[2020.05.16-19.28.29:051][244]LogModuleManager: Shutting down and abandoning module MagicLeapMediaFactory (594)
[2020.05.16-19.28.29:051][244]LogModuleManager: Shutting down and abandoning module MagicLeapMediaEditor (592)
[2020.05.16-19.28.29:051][244]LogModuleManager: Shutting down and abandoning module CharacterAI (590)
[2020.05.16-19.28.29:051][244]LogModuleManager: Shutting down and abandoning module SmartSnapping (588)
[2020.05.16-19.28.29:051][244]LogModuleManager: Shutting down and abandoning module SessionServices (586)
[2020.05.16-19.28.29:051][244]LogModuleManager: Shutting down and abandoning module MeshPaint (584)
[2020.05.16-19.28.29:051][244]LogModuleManager: Shutting down and abandoning module ViewportSnapping (582)
[2020.05.16-19.28.29:051][244]LogModuleManager: Shutting down and abandoning module ViewportInteraction (580)
[2020.05.16-19.28.29:051][244]LogModuleManager: Shutting down and abandoning module ClothPainter (578)
[2020.05.16-19.28.29:051][244]LogModuleManager: Shutting down and abandoning module SkeletalMeshEditor (577)
[2020.05.16-19.28.29:051][244]LogModuleManager: Shutting down and abandoning module LogVisualizer (574)
[2020.05.16-19.28.29:051][244]LogModuleManager: Shutting down and abandoning module IntroTutorials (572)
[2020.05.16-19.28.29:051][244]LogModuleManager: Shutting down and abandoning module GameProjectGeneration (571)
[2020.05.16-19.28.29:051][244]LogModuleManager: Shutting down and abandoning module LuminPlatformEditor (568)
[2020.05.16-19.28.29:051][244]LogModuleManager: Shutting down and abandoning module IOSPlatformEditor (566)
[2020.05.16-19.28.29:051][244]LogModuleManager: Shutting down and abandoning module HTML5PlatformEditor (564)
[2020.05.16-19.28.29:051][244]LogModuleManager: Shutting down and abandoning module AndroidPlatformEditor (562)
[2020.05.16-19.28.29:052][244]LogModuleManager: Shutting down and abandoning module AndroidDeviceDetection (561)
[2020.05.16-19.28.29:374][244]LogModuleManager: Shutting down and abandoning module WindowsPlatformEditor (558)
[2020.05.16-19.28.29:374][244]LogModuleManager: Shutting down and abandoning module LuminRuntimeSettings (556)
[2020.05.16-19.28.29:374][244]LogModuleManager: Shutting down and abandoning module IOSRuntimeSettings (554)
[2020.05.16-19.28.29:374][244]LogModuleManager: Shutting down and abandoning module AndroidRuntimeSettings (552)
[2020.05.16-19.28.29:375][244]LogModuleManager: Shutting down and abandoning module TimeManagementEditor (550)
[2020.05.16-19.28.29:375][244]LogModuleManager: Shutting down and abandoning module InputBindingEditor (548)
[2020.05.16-19.28.29:375][244]LogModuleManager: Shutting down and abandoning module MergeActors (546)
[2020.05.16-19.28.29:375][244]LogModuleManager: Shutting down and abandoning module LocalizationDashboard (544)
[2020.05.16-19.28.29:375][244]LogModuleManager: Shutting down and abandoning module LocalizationService (543)
[2020.05.16-19.28.29:375][244]LogModuleManager: Shutting down and abandoning module HardwareTargeting (540)
[2020.05.16-19.28.29:375][244]LogModuleManager: Shutting down and abandoning module DeviceProfileEditor (538)
[2020.05.16-19.28.29:375][244]LogModuleManager: Shutting down and abandoning module UndoHistory (536)
[2020.05.16-19.28.29:375][244]LogModuleManager: Shutting down and abandoning module XmlParser (534)
[2020.05.16-19.28.29:375][244]LogModuleManager: Shutting down and abandoning module Blutility (532)
[2020.05.16-19.28.29:375][244]LogModuleManager: Shutting down and abandoning module ProjectSettingsViewer (530)
[2020.05.16-19.28.29:376][244]LogModuleManager: Shutting down and abandoning module ProjectTargetPlatformEditor (529)
[2020.05.16-19.28.29:376][244]LogModuleManager: Shutting down and abandoning module EditorSettingsViewer (526)
[2020.05.16-19.28.29:376][244]LogModuleManager: Shutting down and abandoning module SettingsEditor (524)
[2020.05.16-19.28.29:376][244]LogModuleManager: Shutting down and abandoning module ProjectLauncher (522)
[2020.05.16-19.28.29:376][244]LogModuleManager: Shutting down and abandoning module SessionFrontend (520)
[2020.05.16-19.28.29:376][244]LogModuleManager: Shutting down and abandoning module ProfilerClient (518)
[2020.05.16-19.28.29:376][244]LogModuleManager: Shutting down and abandoning module DeviceManager (516)
[2020.05.16-19.28.29:376][244]LogModuleManager: Shutting down and abandoning module TargetDeviceServices (515)
[2020.05.16-19.28.29:420][244]LogModuleManager: Shutting down and abandoning module AutomationController (512)
[2020.05.16-19.28.29:420][244]LogModuleManager: Shutting down and abandoning module AutomationWindow (510)
[2020.05.16-19.28.29:420][244]LogModuleManager: Shutting down and abandoning module Layers (508)
[2020.05.16-19.28.29:420][244]LogModuleManager: Shutting down and abandoning module ComponentVisualizers (506)
[2020.05.16-19.28.29:420][244]LogModuleManager: Shutting down and abandoning module DetailCustomizations (504)
[2020.05.16-19.28.29:420][244]LogModuleManager: Shutting down and abandoning module PackagesDialog (502)
[2020.05.16-19.28.29:420][244]LogModuleManager: Shutting down and abandoning module AnimationBlueprintEditor (500)
[2020.05.16-19.28.29:421][244]LogModuleManager: Shutting down and abandoning module Persona (498)
[2020.05.16-19.28.29:421][244]LogModuleManager: Shutting down and abandoning module AdvancedPreviewScene (497)
[2020.05.16-19.28.29:421][244]LogModuleManager: Shutting down and abandoning module AnimGraph (495)
[2020.05.16-19.28.29:421][244]LogModuleManager: Shutting down and abandoning module Kismet (492)
[2020.05.16-19.28.29:422][244]LogModuleManager: Shutting down and abandoning module KismetWidgets (491)
[2020.05.16-19.28.29:423][244]LogModuleManager: Shutting down and abandoning module GraphEditor (488)
[2020.05.16-19.28.29:423][244]LogModuleManager: Shutting down and abandoning module StructViewer (486)
[2020.05.16-19.28.29:423][244]LogModuleManager: Shutting down and abandoning module ClassViewer (484)
[2020.05.16-19.28.29:423][244]LogModuleManager: Shutting down and abandoning module Toolbox (482)
[2020.05.16-19.28.29:423][244]LogModuleManager: Shutting down and abandoning module ModuleUI (480)
[2020.05.16-19.28.29:423][244]LogModuleManager: Shutting down and abandoning module MovieSceneTools (478)
[2020.05.16-19.28.29:423][244]LogModuleManager: Shutting down and abandoning module OutputLog (476)
[2020.05.16-19.28.29:424][244]LogModuleManager: Shutting down and abandoning module GammaUI (474)
[2020.05.16-19.28.29:424][244]LogModuleManager: Shutting down and abandoning module Documentation (472)
[2020.05.16-19.28.29:424][244]LogModuleManager: Shutting down and abandoning module LiveCoding (470)
[2020.05.16-19.28.29:424][244]LogModuleManager: Shutting down and abandoning module LevelSequence (468)
[2020.05.16-19.28.29:424][244]LogModuleManager: Shutting down and abandoning module MovieSceneTracks (466)
[2020.05.16-19.28.29:424][244]LogModuleManager: Shutting down and abandoning module MovieScene (464)
[2020.05.16-19.28.29:425][244]LogModuleManager: Shutting down and abandoning module StreamingPauseRendering (462)
[2020.05.16-19.28.29:425][244]LogModuleManager: Shutting down and abandoning module LauncherPlatform (460)
[2020.05.16-19.28.29:425][244]LogModuleManager: Shutting down and abandoning module AnalyticsET (458)
[2020.05.16-19.28.29:425][244]LogModuleManager: Shutting down and abandoning module PortalServices (456)
[2020.05.16-19.28.29:425][244]LogModuleManager: Shutting down and abandoning module PortalRpc (454)
[2020.05.16-19.28.29:425][244]LogModuleManager: Shutting down and abandoning module MessagingRpc (452)
[2020.05.16-19.28.29:425][244]LogModuleManager: Shutting down and abandoning module AIModule (450)
[2020.05.16-19.28.29:425][244]LogModuleManager: Shutting down and abandoning module GameplayDebugger (449)
[2020.05.16-19.28.29:425][244]LogModuleManager: Shutting down and abandoning module AITestSuite (447)
[2020.05.16-19.28.29:425][244]LogModuleManager: Shutting down and abandoning module NavigationSystem (445)
[2020.05.16-19.28.29:425][244]LogModuleManager: Shutting down and abandoning module DesktopPlatform (442)
[2020.05.16-19.28.29:425][244]LogModuleManager: Shutting down and abandoning module ImageWriteQueue (440)
[2020.05.16-19.28.29:435][244]LogModuleManager: Shutting down and abandoning module ProfilerService (438)
[2020.05.16-19.28.29:494][244]LogModuleManager: Shutting down and abandoning module TaskGraph (436)
[2020.05.16-19.28.29:494][244]LogModuleManager: Shutting down and abandoning module SubstanceLiveLink (434)
[2020.05.16-19.28.29:494][244]LogModuleManager: Shutting down and abandoning module SubstanceSource (432)
[2020.05.16-19.28.29:494][244]LogModuleManager: Shutting down and abandoning module SubstanceEditor (430)
[2020.05.16-19.28.29:494][244]LogModuleManager: Shutting down and abandoning module ScreenshotTools (428)
[2020.05.16-19.28.29:494][244]LogModuleManager: Shutting down and abandoning module SteamVRController (426)
[2020.05.16-19.28.29:494][244]LogModuleManager: Shutting down and abandoning module ProceduralMeshComponentEditor (424)
[2020.05.16-19.28.29:494][244]LogModuleManager: Shutting down and abandoning module ProceduralMeshComponent (422)
[2020.05.16-19.28.29:494][244]LogModuleManager: Shutting down and abandoning module OculusEditor (420)
[2020.05.16-19.28.29:494][244]LogModuleManager: Shutting down and abandoning module OculusInput (418)
[2020.05.16-19.28.29:495][244]LogModuleManager: Shutting down and abandoning module MobilePatchingUtils (416)
[2020.05.16-19.28.29:495][244]LogModuleManager: Shutting down and abandoning module EditableMesh (414)
[2020.05.16-19.28.29:495][244]LogModuleManager: Shutting down and abandoning module CustomMeshComponent (412)
[2020.05.16-19.28.29:495][244]LogModuleManager: Shutting down and abandoning module CableComponent (410)
[2020.05.16-19.28.29:495][244]LogModuleManager: Shutting down and abandoning module AudioCapture (408)
[2020.05.16-19.28.29:495][244]LogModuleManager: Shutting down and abandoning module ArchVisCharacter (406)
[2020.05.16-19.28.29:495][244]LogModuleManager: Shutting down and abandoning module AppleImageUtilsBlueprintSupport (404)
[2020.05.16-19.28.29:495][244]LogModuleManager: Shutting down and abandoning module AppleImageUtils (402)
[2020.05.16-19.28.29:495][244]LogModuleManager: Shutting down and abandoning module AndroidPermission (400)
[2020.05.16-19.28.29:495][244]LogModuleManager: Shutting down and abandoning module NUTUnrealEngine4 (398)
[2020.05.16-19.28.29:495][244]LogModuleManager: Shutting down and abandoning module NetcodeUnitTest (396)
[2020.05.16-19.28.29:495][244]LogModuleManager: Shutting down and abandoning module MediaCompositing (394)
[2020.05.16-19.28.29:495][244]LogModuleManager: Shutting down and abandoning module ImgMedia (392)
[2020.05.16-19.28.29:495][244]LogModuleManager: Shutting down and abandoning module GitBashToolBar (390)
[2020.05.16-19.28.29:496][244]LogModuleManager: Shutting down and abandoning module MagicLeapHelperVulkan (388)
[2020.05.16-19.28.29:496][244]LogModuleManager: Shutting down and abandoning module MagicLeapHelperOpenGL (386)
[2020.05.16-19.28.29:496][244]LogModuleManager: Shutting down and abandoning module MagicLeapAudio (384)
[2020.05.16-19.28.29:496][244]LogModuleManager: Shutting down and abandoning module HTML5Networking (382)
[2020.05.16-19.28.29:496][244]LogModuleManager: Shutting down and abandoning module GeometryCacheTracks (380)
[2020.05.16-19.28.29:496][244]LogModuleManager: Shutting down and abandoning module GeometryCacheSequencer (378)
[2020.05.16-19.28.29:496][244]LogModuleManager: Shutting down and abandoning module BackChannel (376)
[2020.05.16-19.28.29:496][244]LogModuleManager: Shutting down and abandoning module AutomationUtilsEditor (374)
[2020.05.16-19.28.29:496][244]LogModuleManager: Shutting down and abandoning module AutomationUtils (372)
[2020.05.16-19.28.29:496][244]LogModuleManager: Shutting down and abandoning module AlembicImporter (370)
[2020.05.16-19.28.29:496][244]LogModuleManager: Shutting down and abandoning module AlembicLibrary (369)
[2020.05.16-19.28.29:496][244]LogModuleManager: Shutting down and abandoning module GeometryCache (368)
[2020.05.16-19.28.29:496][244]LogModuleManager: Shutting down and abandoning module GeometryCacheEd (367)
[2020.05.16-19.28.29:496][244]LogModuleManager: Shutting down and abandoning module VariantManagerContent (362)
[2020.05.16-19.28.29:496][244]LogModuleManager: Shutting down and abandoning module DatasmithContentEditor (360)
[2020.05.16-19.28.29:496][244]LogModuleManager: Shutting down and abandoning module SpeedTreeImporter (358)
[2020.05.16-19.28.29:497][244]LogModuleManager: Shutting down and abandoning module PluginBrowser (356)
[2020.05.16-19.28.29:497][244]LogModuleManager: Shutting down and abandoning module MobileLauncherProfileWizard (354)
[2020.05.16-19.28.29:497][244]LogModuleManager: Shutting down and abandoning module MaterialAnalyzer (352)
[2020.05.16-19.28.29:497][244]LogModuleManager: Shutting down and abandoning module CurveEditorTools (350)
[2020.05.16-19.28.29:497][244]LogModuleManager: Shutting down and abandoning module CurveEditor (349)
[2020.05.16-19.28.29:497][244]LogModuleManager: Shutting down and abandoning module CryptoKeysOpenSSL (346)
[2020.05.16-19.28.29:497][244]LogModuleManager: Shutting down and abandoning module CryptoKeys (344)
[2020.05.16-19.28.29:497][244]LogModuleManager: Shutting down and abandoning module VisualStudioSourceCodeAccess (342)
[2020.05.16-19.28.29:497][244]LogModuleManager: Shutting down and abandoning module VisualStudioCodeSourceCodeAccess (340)
[2020.05.16-19.28.29:497][244]LogModuleManager: Shutting down and abandoning module UObjectPlugin (338)
[2020.05.16-19.28.29:497][244]LogModuleManager: Shutting down and abandoning module SubversionSourceControl (336)
[2020.05.16-19.28.29:497][244]LogModuleManager: Shutting down and abandoning module PerforceSourceControl (334)
[2020.05.16-19.28.29:498][244]LogModuleManager: Shutting down and abandoning module GitSourceControl (332)
[2020.05.16-19.28.29:498][244]LogModuleManager: Shutting down and abandoning module SourceControl (331)
[2020.05.16-19.28.29:498][244]LogModuleManager: Shutting down and abandoning module CLionSourceCodeAccess (328)
[2020.05.16-19.28.29:498][244]LogModuleManager: Shutting down and abandoning module AnimationSharingEd (326)
[2020.05.16-19.28.29:498][244]LogModuleManager: Shutting down and abandoning module ActorLayerUtilitiesEditor (324)
[2020.05.16-19.28.29:498][244]LogModuleManager: Shutting down and abandoning module ActorLayerUtilities (322)
[2020.05.16-19.28.29:498][244]LogModuleManager: Shutting down and abandoning module LightPropagationVolumeEditor (320)
[2020.05.16-19.28.29:498][244]LogModuleManager: Shutting down and abandoning module PaperTiledImporter (318)
[2020.05.16-19.28.29:498][244]LogModuleManager: Shutting down and abandoning module PaperSpriteSheetImporter (316)
[2020.05.16-19.28.29:498][244]LogModuleManager: Shutting down and abandoning module Paper2DEditor (314)
[2020.05.16-19.28.29:498][244]LogModuleManager: Shutting down and abandoning module SignificanceManager (312)
[2020.05.16-19.28.29:498][244]LogModuleManager: Shutting down and abandoning module RuntimePhysXCooking (310)
[2020.05.16-19.28.29:499][244]LogModuleManager: Shutting down and abandoning module PhysXVehiclesEditor (308)
[2020.05.16-19.28.29:499][244]LogModuleManager: Shutting down and abandoning module LocationServicesBPLibrary (304)
[2020.05.16-19.28.29:499][244]LogModuleManager: Shutting down and abandoning module ActorSequence (302)
[2020.05.16-19.28.29:499][244]LogModuleManager: Shutting down and abandoning module UdpMessaging (300)
[2020.05.16-19.28.29:600][244]LogModuleManager: Shutting down and abandoning module TcpMessaging (298)
[2020.05.16-19.28.29:701][244]LogModuleManager: Shutting down and abandoning module SubstanceCore (296)
[2020.05.16-19.28.29:701][244]LogModuleManager: Shutting down and abandoning module AutoSettings (294)
[2020.05.16-19.28.29:701][244]LogModuleManager: Shutting down and abandoning module MagicLeapIdentity (292)
[2020.05.16-19.28.29:701][244]LogModuleManager: Shutting down and abandoning module MagicLeapSecureStorage (290)
[2020.05.16-19.28.29:701][244]LogModuleManager: Shutting down and abandoning module MagicLeapHandTracking (288)
[2020.05.16-19.28.29:701][244]LogModuleManager: Shutting down and abandoning module MagicLeapEyeTracker (286)
[2020.05.16-19.28.29:701][244]LogModuleManager: Shutting down and abandoning module MagicLeapController (284)
[2020.05.16-19.28.29:702][244]LogSlate: Slate User Destroyed.  User Index 0, Is Virtual User: 0
[2020.05.16-19.28.29:702][244]LogModuleManager: Shutting down and abandoning module MagicLeapAR (282)
[2020.05.16-19.28.29:702][244]LogModuleManager: Shutting down and abandoning module AugmentedReality (281)
[2020.05.16-19.28.29:702][244]LogModuleManager: Shutting down and abandoning module GameplayTagsEditor (278)
[2020.05.16-19.28.29:702][244]LogModuleManager: Shutting down and abandoning module FacialAnimationEditor (276)
[2020.05.16-19.28.29:702][244]LogModuleManager: Shutting down and abandoning module FacialAnimation (274)
[2020.05.16-19.28.29:702][244]LogModuleManager: Shutting down and abandoning module DataValidation (272)
[2020.05.16-19.28.29:702][244]LogModuleManager: Shutting down and abandoning module AssetManagerEditor (270)
[2020.05.16-19.28.29:702][244]LogModuleManager: Shutting down and abandoning module LevelEditor (269)
[2020.05.16-19.28.29:704][244]LogModuleManager: Shutting down and abandoning module PixelInspectorModule (268)
[2020.05.16-19.28.29:704][244]LogModuleManager: Shutting down and abandoning module CommonMenuExtensions (266)
[2020.05.16-19.28.29:705][244]LogModuleManager: Shutting down and abandoning module MainFrame (264)
[2020.05.16-19.28.29:705][244]LogModuleManager: Shutting down and abandoning module HotReload (263)
[2020.05.16-19.28.29:706][244]LogModuleManager: Shutting down and abandoning module ContentBrowser (259)
[2020.05.16-19.28.29:708][244]LogModuleManager: Shutting down and abandoning module TreeMap (257)
[2020.05.16-19.28.29:708][244]LogModuleManager: Shutting down and abandoning module AnimationSharing (254)
[2020.05.16-19.28.29:709][244]LogModuleManager: Shutting down and abandoning module LightPropagationVolumeRuntime (252)
[2020.05.16-19.28.29:709][244]LogModuleManager: Shutting down and abandoning module Paper2D (250)
[2020.05.16-19.28.29:709][244]LogModuleManager: Shutting down and abandoning module WindowsMoviePlayer (248)
[2020.05.16-19.28.29:716][244]LogModuleManager: Shutting down and abandoning module WebMMoviePlayer (246)
[2020.05.16-19.28.29:716][244]LogModuleManager: Shutting down and abandoning module NetworkReplayStreaming (244)
[2020.05.16-19.28.29:716][244]LogModuleManager: Shutting down and abandoning module PacketHandler (242)
[2020.05.16-19.28.29:716][244]LogModuleManager: Shutting down and abandoning module ClothingSystemEditor (240)
[2020.05.16-19.28.29:716][244]LogModuleManager: Shutting down and abandoning module ClothingSystemRuntime (238)
[2020.05.16-19.28.29:716][244]LogModuleManager: Shutting down and abandoning module MediaAssets (236)
[2020.05.16-19.28.29:716][244]LogModuleManager: Shutting down and abandoning module Overlay (234)
[2020.05.16-19.28.29:716][244]LogModuleManager: Shutting down and abandoning module OverlayEditor (233)
[2020.05.16-19.28.29:716][244]LogModuleManager: Shutting down and abandoning module VREditor (230)
[2020.05.16-19.28.29:717][244]LogModuleManager: Shutting down and abandoning module StringTableEditor (228)
[2020.05.16-19.28.29:717][244]LogModuleManager: Shutting down and abandoning module GameplayTasksEditor (226)
[2020.05.16-19.28.29:717][244]LogModuleManager: Shutting down and abandoning module BehaviorTreeEditor (224)
[2020.05.16-19.28.29:717][244]LogModuleManager: Shutting down and abandoning module FunctionalTesting (222)
[2020.05.16-19.28.29:717][244]LogModuleManager: Shutting down and abandoning module CollisionAnalyzer (220)
[2020.05.16-19.28.29:717][244]LogModuleManager: Shutting down and abandoning module WorkspaceMenuStructure (219)
[2020.05.16-19.28.29:717][244]LogModuleManager: Shutting down and abandoning module UMG (216)
[2020.05.16-19.28.29:717][244]LogModuleManager: Shutting down and abandoning module UMGEditor (215)
[2020.05.16-19.28.29:717][244]LogModuleManager: Shutting down and abandoning module Sequencer (214)
[2020.05.16-19.28.29:718][244]LogModuleManager: Shutting down and abandoning module MessageLog (211)
[2020.05.16-19.28.29:718][244]LogModuleManager: Shutting down and abandoning module SlateReflector (206)
[2020.05.16-19.28.29:718][244]LogModuleManager: Shutting down and abandoning module Slate (204)
[2020.05.16-19.28.29:718][244]LogModuleManager: Shutting down and abandoning module LandscapeEditorUtilities (202)
[2020.05.16-19.28.29:718][244]LogModuleManager: Shutting down and abandoning module EditorStyle (200)
[2020.05.16-19.28.29:721][244]LogModuleManager: Shutting down and abandoning module UnrealEd (198)
[2020.05.16-19.28.29:721][244]LogModuleManager: Shutting down and abandoning module MRMesh (196)
[2020.05.16-19.28.29:721][244]LogModuleManager: Shutting down and abandoning module SourceCodeAccess (194)
[2020.05.16-19.28.29:721][244]LogModuleManager: Shutting down and abandoning module HeadMountedDisplay (192)
[2020.05.16-19.28.29:721][244]LogModuleManager: Shutting down and abandoning module XAudio2 (190)
[2020.05.16-19.28.29:721][244]LogModuleManager: Shutting down and abandoning module Networking (188)
[2020.05.16-19.28.29:721][244]LogModuleManager: Shutting down and abandoning module Core (186)
[2020.05.16-19.28.29:721][244]LogModuleManager: Shutting down and abandoning module KismetCompiler (184)
[2020.05.16-19.28.29:721][244]LogModuleManager: Shutting down and abandoning module MeshUtilities (182)
[2020.05.16-19.28.29:722][244]LogModuleManager: Shutting down and abandoning module MeshMergeUtilities (181)
[2020.05.16-19.28.29:722][244]LogModuleManager: Shutting down and abandoning module MeshReductionInterface (180)
[2020.05.16-19.28.29:722][244]LogModuleManager: Shutting down and abandoning module SkeletalMeshReduction (179)
[2020.05.16-19.28.29:722][244]LogModuleManager: Shutting down and abandoning module ProxyLODMeshReduction (177)
[2020.05.16-19.28.29:722][244]LogModuleManager: Shutting down and abandoning module QuadricMeshReduction (175)
[2020.05.16-19.28.29:722][244]LogModuleManager: Shutting down and abandoning module MaterialBaking (171)
[2020.05.16-19.28.29:722][244]LogModuleManager: Shutting down and abandoning module NullInstallBundleManager (166)
[2020.05.16-19.28.29:722][244]LogModuleManager: Shutting down and abandoning module DerivedDataCache (164)
[2020.05.16-19.28.29:736][244]LogDerivedDataCache: Shutdown
[2020.05.16-19.28.29:736][244]LogModuleManager: Shutting down and abandoning module XGEController (162)
[2020.05.16-19.28.29:736][244]LogXGEController: Cleaning working directory: C:/Users/Home/AppData/Local/Temp/UnrealXGEWorkingDir/
[2020.05.16-19.28.29:736][244]LogModuleManager: Shutting down and abandoning module TargetPlatform (160)
[2020.05.16-19.28.29:736][244]LogModuleManager: Shutting down and abandoning module VulkanShaderFormat (159)
[2020.05.16-19.28.29:736][244]LogModuleManager: Shutting down and abandoning module ShaderFormatVectorVM (157)
[2020.05.16-19.28.29:736][244]LogModuleManager: Shutting down and abandoning module ShaderFormatOpenGL (155)
[2020.05.16-19.28.29:737][244]LogModuleManager: Shutting down and abandoning module ShaderFormatD3D (153)
[2020.05.16-19.28.29:737][244]LogModuleManager: Shutting down and abandoning module MetalShaderFormat (151)
[2020.05.16-19.28.29:737][244]LogModuleManager: Shutting down and abandoning module TextureFormatUncompressed (149)
[2020.05.16-19.28.29:737][244]LogModuleManager: Shutting down and abandoning module TextureFormatPVR (147)
[2020.05.16-19.28.29:737][244]LogModuleManager: Shutting down and abandoning module TextureFormatDXT (145)
[2020.05.16-19.28.29:737][244]LogModuleManager: Shutting down and abandoning module TextureFormatIntelISPCTexComp (143)
[2020.05.16-19.28.29:737][244]LogModuleManager: Shutting down and abandoning module TextureFormatASTC (141)
[2020.05.16-19.28.29:737][244]LogModuleManager: Shutting down and abandoning module ImageWrapper (140)
[2020.05.16-19.28.29:737][244]LogModuleManager: Shutting down and abandoning module TextureFormatAndroid (137)
[2020.05.16-19.28.29:737][244]LogModuleManager: Shutting down and abandoning module AudioFormatOpus (135)
[2020.05.16-19.28.29:737][244]LogModuleManager: Shutting down and abandoning module AudioFormatOgg (133)
[2020.05.16-19.28.29:737][244]LogModuleManager: Shutting down and abandoning module AudioFormatADPCM (131)
[2020.05.16-19.28.29:737][244]LogModuleManager: Shutting down and abandoning module LuminTargetPlatform (129)
[2020.05.16-19.28.29:738][244]LogModuleManager: Shutting down and abandoning module LinuxTargetPlatform (127)
[2020.05.16-19.28.29:738][244]LogModuleManager: Shutting down and abandoning module LinuxServerTargetPlatform (125)
[2020.05.16-19.28.29:738][244]LogModuleManager: Shutting down and abandoning module LinuxNoEditorTargetPlatform (123)
[2020.05.16-19.28.29:739][244]LogModuleManager: Shutting down and abandoning module LinuxClientTargetPlatform (121)
[2020.05.16-19.28.29:739][244]LogModuleManager: Shutting down and abandoning module TVOSTargetPlatform (119)
[2020.05.16-19.28.29:740][244]LogModuleManager: Shutting down and abandoning module Messaging (117)
[2020.05.16-19.28.29:740][244]LogModuleManager: Shutting down and abandoning module IOSTargetPlatform (115)
[2020.05.16-19.28.29:741][244]LogModuleManager: Shutting down and abandoning module HTML5TargetPlatform (113)
[2020.05.16-19.28.29:741][244]LogModuleManager: Shutting down and abandoning module AndroidTargetPlatform (111)
[2020.05.16-19.28.29:751][244]LogModuleManager: Shutting down and abandoning module WindowsTargetPlatform (109)
[2020.05.16-19.28.29:751][244]LogModuleManager: Shutting down and abandoning module WindowsServerTargetPlatform (107)
[2020.05.16-19.28.29:751][244]LogModuleManager: Shutting down and abandoning module WindowsNoEditorTargetPlatform (105)
[2020.05.16-19.28.29:751][244]LogModuleManager: Shutting down and abandoning module WindowsClientTargetPlatform (103)
[2020.05.16-19.28.29:751][244]LogModuleManager: Shutting down and abandoning module MacTargetPlatform (101)
[2020.05.16-19.28.29:751][244]LogModuleManager: Shutting down and abandoning module MacServerTargetPlatform (99)
[2020.05.16-19.28.29:751][244]LogModuleManager: Shutting down and abandoning module MacNoEditorTargetPlatform (97)
[2020.05.16-19.28.29:751][244]LogModuleManager: Shutting down and abandoning module MacClientTargetPlatform (95)
[2020.05.16-19.28.29:751][244]LogModuleManager: Shutting down and abandoning module AllDesktopTargetPlatform (93)
[2020.05.16-19.28.29:751][244]LogModuleManager: Shutting down and abandoning module InputCore (90)
[2020.05.16-19.28.29:751][244]LogModuleManager: Shutting down and abandoning module Settings (88)
[2020.05.16-19.28.29:751][244]LogModuleManager: Shutting down and abandoning module DirectoryWatcher (86)
[2020.05.16-19.28.29:751][244]LogModuleManager: Shutting down and abandoning module PhysXCooking (84)
[2020.05.16-19.28.29:751][244]LogModuleManager: Shutting down and abandoning module WindowsPlatformFeatures (82)
[2020.05.16-19.28.29:751][244]LogModuleManager: Shutting down and abandoning module GameplayMediaEncoder (81)
[2020.05.16-19.28.29:751][244]LogModuleManager: Shutting down and abandoning module SteamVR (78)
[2020.05.16-19.28.29:752][244]LogHMD: Freeing OpenVRDLLHandle.
[2020.05.16-19.28.29:752][244]LogModuleManager: Shutting down and abandoning module OculusHMD (76)
[2020.05.16-19.28.29:752][244]LogModuleManager: Shutting down and abandoning module ExampleDeviceProfileSelector (74)
[2020.05.16-19.28.29:752][244]LogModuleManager: Shutting down and abandoning module LauncherChunkInstaller (72)
[2020.05.16-19.28.29:752][244]LogModuleManager: Shutting down and abandoning module OnlineBlueprintSupport (70)
[2020.05.16-19.28.29:752][244]LogModuleManager: Shutting down and abandoning module OnlineSubsystem (66)
[2020.05.16-19.28.29:753][244]LogModuleManager: Shutting down and abandoning module XMPP (61)
[2020.05.16-19.28.29:753][244]LogModuleManager: Shutting down and abandoning module WebSockets (60)
[2020.05.16-19.28.29:762][244]LogModuleManager: Shutting down and abandoning module HTTP (57)
[2020.05.16-19.28.29:762][244]LogHttp: Display: Http module shutting down, but needs to wait on 1 outstanding Http requests:
[2020.05.16-19.28.29:762][244]LogHttp: Display: 	verb=[POST] url=[https://datarouter.ol.epicgames.com/datarouter/api/v1/public/data?SessionID=%7B51CB02B0-4599-CC0A-ACAB-32B3A1E3E00B%7D&AppID=UEEditor.Rocket.Release&AppVersion=4.23.1-9631420%2B%2B%2BUE4%2BRelease-4.23&UserID=ba9a9cfa43213710fb7625a010150dff%7C3fc886b8f4f44a23a57c6520132eef4d%7Cbaf403ae-2f5c-4422-ae1f-5f80d82fe943&AppEnvironment=datacollector-binary&UploadType=eteventstream] status=Processing
[2020.05.16-19.28.29:784][244]LogModuleManager: Shutting down and abandoning module SSL (56)
[2020.05.16-19.28.29:786][244]LogModuleManager: Shutting down and abandoning module WmfMedia (52)
[2020.05.16-19.28.29:788][244]LogModuleManager: Shutting down and abandoning module Media (51)
[2020.05.16-19.28.29:789][244]LogModuleManager: Shutting down and abandoning module MagicLeap (48)
[2020.05.16-19.28.29:789][244]LogModuleManager: Shutting down and abandoning module DatasmithContent (46)
[2020.05.16-19.28.29:790][244]LogModuleManager: Shutting down and abandoning module AISupportModule (44)
[2020.05.16-19.28.29:790][244]LogModuleManager: Shutting down and abandoning module PlatformCryptoOpenSSL (42)
[2020.05.16-19.28.29:790][244]LogModuleManager: Shutting down and abandoning module PlatformCrypto (40)
[2020.05.16-19.28.29:790][244]LogModuleManager: Shutting down and abandoning module AnimationModifiers (38)
[2020.05.16-19.28.29:790][244]LogModuleManager: Shutting down and abandoning module PropertyEditor (37)
[2020.05.16-19.28.29:790][244]LogModuleManager: Shutting down and abandoning module AudioEditor (34)
[2020.05.16-19.28.29:791][244]LogModuleManager: Shutting down and abandoning module TextureCompressor (32)
[2020.05.16-19.28.29:791][244]LogModuleManager: Shutting down and abandoning module RenderCore (30)
[2020.05.16-19.28.29:791][244]LogModuleManager: Shutting down and abandoning module Landscape (28)
[2020.05.16-19.28.29:791][244]LogModuleManager: Shutting down and abandoning module SlateRHIRenderer (26)
[2020.05.16-19.28.29:795][244]LogModuleManager: Shutting down and abandoning module OpenGLDrv (24)
[2020.05.16-19.28.29:795][244]LogModuleManager: Shutting down and abandoning module D3D11RHI (22)
[2020.05.16-19.28.29:795][244]LogModuleManager: Shutting down and abandoning module AnimGraphRuntime (20)
[2020.05.16-19.28.29:795][244]LogModuleManager: Shutting down and abandoning module Renderer (18)
[2020.05.16-19.28.29:795][244]LogModuleManager: Shutting down and abandoning module Engine (16)
[2020.05.16-19.28.29:795][244]LogModuleManager: Shutting down and abandoning module CoreUObject (14)
[2020.05.16-19.28.29:795][244]LogModuleManager: Shutting down and abandoning module NetworkFile (12)
[2020.05.16-19.28.29:795][244]LogModuleManager: Shutting down and abandoning module CookedIterativeFile (10)
[2020.05.16-19.28.29:795][244]LogModuleManager: Shutting down and abandoning module StreamingFile (8)
[2020.05.16-19.28.29:795][244]LogModuleManager: Shutting down and abandoning module SandboxFile (6)
[2020.05.16-19.28.29:795][244]LogModuleManager: Shutting down and abandoning module PakFile (4)
[2020.05.16-19.28.29:795][244]LogModuleManager: Shutting down and abandoning module RSA (3)
[2020.05.16-19.28.29:797][244]LogD3D11RHI: Shutdown
[2020.05.16-19.28.29:797][244]LogD3D11RHI: CleanupD3DDevice
[2020.05.16-19.28.29:798][244]LogRendererCore: FGlobalDynamicReadBuffer::Cleanup()
[2020.05.16-19.28.29:798][244]LogRendererCore: FGlobalDynamicReadBuffer::Cleanup()
[2020.05.16-19.28.29:798][244]LogRendererCore: FGlobalDynamicReadBuffer::Cleanup()
[2020.05.16-19.28.29:922][244]LogD3D11RHI: ~FD3D11DynamicRHI
[2020.05.16-19.28.29:929][244]LogExit: Exiting.
[2020.05.16-19.28.29:958][244]Log file closed, 05/16/20 22:28:29
