Log file open, 05/17/20 15:55:30
LogWindows: Failed to load 'aqProf.dll' (GetLastError=126)
LogWindows: File 'aqProf.dll' does not exist
LogWindows: Failed to load 'VtuneApi.dll' (GetLastError=126)
LogWindows: File 'VtuneApi.dll' does not exist
LogWindows: Failed to load 'VtuneApi32e.dll' (GetLastError=126)
LogWindows: File 'VtuneApi32e.dll' does not exist
LogConsoleResponse: Display: Failed to find resolution value strings in scalability ini. Falling back to default.
LogInit: Display: Running engine for game: Level
LogPlatformFile: Not using cached read wrapper
LogTaskGraph: Started task graph with 5 named threads and 14 total threads with 3 sets of task threads.
LogStats: Stats thread started at 0.542904
LogD3D11RHI: Loaded GFSDK_Aftermath_Lib.x64.dll
LogICUInternationalization: ICU TimeZone Detection - Raw Offset: +3:00, Platform Override: ''
LogPluginManager: Mounting plugin Paper2D
LogPluginManager: Mounting plugin AISupport
LogPluginManager: Mounting plugin LightPropagationVolume
LogPluginManager: Mounting plugin ActorLayerUtilities
LogPluginManager: Mounting plugin AnimationSharing
LogPluginManager: Mounting plugin CLionSourceCodeAccess
LogPluginManager: Mounting plugin CodeLiteSourceCodeAccess
LogPluginManager: Mounting plugin GitSourceControl
LogPluginManager: Mounting plugin KDevelopSourceCodeAccess
LogPluginManager: Mounting plugin NullSourceCodeAccess
LogPluginManager: Mounting plugin PerforceSourceControl
LogPluginManager: Mounting plugin SubversionSourceControl
LogPluginManager: Mounting plugin UObjectPlugin
LogPluginManager: Mounting plugin VisualStudioCodeSourceCodeAccess
LogPluginManager: Mounting plugin VisualStudioSourceCodeAccess
LogPluginManager: Mounting plugin XCodeSourceCodeAccess
LogPluginManager: Mounting plugin AssetManagerEditor
LogPluginManager: Mounting plugin CryptoKeys
LogPluginManager: Mounting plugin CurveEditorTools
LogPluginManager: Mounting plugin DataValidation
LogPluginManager: Mounting plugin FacialAnimation
LogPluginManager: Mounting plugin GameplayTagsEditor
LogPluginManager: Mounting plugin MacGraphicsSwitching
LogPluginManager: Mounting plugin MaterialAnalyzer
LogPluginManager: Mounting plugin MobileLauncherProfileWizard
LogPluginManager: Mounting plugin PluginBrowser
LogPluginManager: Mounting plugin SpeedTreeImporter
LogPluginManager: Mounting plugin DatasmithContent
LogPluginManager: Mounting plugin VariantManagerContent
LogPluginManager: Mounting plugin AlembicImporter
LogPluginManager: Mounting plugin AutomationUtils
LogPluginManager: Mounting plugin BackChannel
LogPluginManager: Mounting plugin CharacterAI
LogPluginManager: Mounting plugin GeometryCache
LogPluginManager: Mounting plugin HTML5Networking
LogPluginManager: Mounting plugin PlatformCrypto
LogPluginManager: Mounting plugin ProxyLODPlugin
LogPluginManager: Mounting plugin SkeletalReduction
LogPluginManager: Mounting plugin MagicLeap
LogPluginManager: Mounting plugin MagicLeapMedia
LogPluginManager: Mounting plugin Substance
LogPluginManager: Mounting plugin AndroidMedia
LogPluginManager: Mounting plugin AvfMedia
LogPluginManager: Mounting plugin ImgMedia
LogPluginManager: Mounting plugin MediaCompositing
LogPluginManager: Mounting plugin MediaPlayerEditor
LogPluginManager: Mounting plugin WebMMedia
LogPluginManager: Mounting plugin WmfMedia
LogPluginManager: Mounting plugin TcpMessaging
LogPluginManager: Mounting plugin UdpMessaging
LogPluginManager: Mounting plugin ActorSequence
LogPluginManager: Mounting plugin LevelSequenceEditor
LogPluginManager: Mounting plugin MatineeToLevelSequence
LogPluginManager: Mounting plugin NetcodeUnitTest
LogPluginManager: Mounting plugin NUTUnrealEngine4
LogPluginManager: Mounting plugin OnlineSubsystemGooglePlay
LogPluginManager: Mounting plugin OnlineSubsystemIOS
LogPluginManager: Mounting plugin OnlineSubsystem
LogPluginManager: Mounting plugin OnlineSubsystemNull
LogPluginManager: Mounting plugin OnlineSubsystemUtils
LogPluginManager: Mounting plugin LauncherChunkInstaller
LogPluginManager: Mounting plugin AndroidDeviceProfileSelector
LogPluginManager: Mounting plugin AndroidMoviePlayer
LogPluginManager: Mounting plugin AndroidPermission
LogPluginManager: Mounting plugin AppleImageUtils
LogPluginManager: Mounting plugin AppleMoviePlayer
LogPluginManager: Mounting plugin ArchVisCharacter
LogPluginManager: Mounting plugin AudioCapture
LogPluginManager: Mounting plugin CableComponent
LogPluginManager: Mounting plugin CustomMeshComponent
LogPluginManager: Mounting plugin EditableMesh
LogPluginManager: Mounting plugin ExampleDeviceProfileSelector
LogPluginManager: Mounting plugin GoogleCloudMessaging
LogPluginManager: Mounting plugin IOSDeviceProfileSelector
LogPluginManager: Mounting plugin LinuxDeviceProfileSelector
LogPluginManager: Mounting plugin LocationServicesBPLibrary
LogPluginManager: Mounting plugin MobilePatchingUtils
LogPluginManager: Mounting plugin OculusVR
LogPluginManager: Mounting plugin PhysXVehicles
LogPluginManager: Mounting plugin ProceduralMeshComponent
LogPluginManager: Mounting plugin RuntimePhysXCooking
LogPluginManager: Mounting plugin SignificanceManager
LogPluginManager: Mounting plugin SteamVR
LogPluginManager: Mounting plugin WebMMoviePlayer
LogPluginManager: Mounting plugin WindowsMoviePlayer
LogPluginManager: Mounting plugin ScreenshotTools
LogInit: Using libcurl 7.55.1-DEV
LogInit:  - built for x86_64-pc-win32
LogInit:  - supports SSL with OpenSSL/1.1.1
LogInit:  - supports HTTP deflate (compression) using libz 1.2.8
LogInit:  - other features:
LogInit:      CURL_VERSION_SSL
LogInit:      CURL_VERSION_LIBZ
LogInit:      CURL_VERSION_IPV6
LogInit:      CURL_VERSION_ASYNCHDNS
LogInit:      CURL_VERSION_LARGEFILE
LogInit:      CURL_VERSION_IDN
LogInit:  CurlRequestOptions (configurable via config and command line):
LogInit:  - bVerifyPeer = true  - Libcurl will verify peer certificate
LogInit:  - bUseHttpProxy = false  - Libcurl will NOT use HTTP proxy
LogInit:  - bDontReuseConnections = false  - Libcurl will reuse connections
LogInit:  - MaxHostConnections = 16  - Libcurl will limit the number of connections to a host
LogInit:  - LocalHostAddr = Default
LogInit:  - BufferSize = 65536
LogOnline: OSS: Creating online subsystem instance for: NULL
LogInit: WinSock: version 1.1 (2.2), MaxSocks=32767, MaxUdp=65467
LogInit: Build: ++UE4+Release-4.23-CL-9631420
LogInit: Engine Version: 4.23.1-9631420+++UE4+Release-4.23
LogInit: Compatible Engine Version: 4.23.0-8386587+++UE4+Release-4.23
LogInit: Net CL: 8386587
LogInit: OS: Windows 10 (Release 1909) (), CPU: Intel(R) Core(TM) i5-7400 CPU @ 3.00GHz, GPU: NVIDIA GeForce GTX 1050 Ti
LogInit: Compiled (64-bit): Oct 18 2019 02:07:44
LogInit: Compiled with Visual C++: 19.16.27030.01
LogInit: Build Configuration: Development
LogInit: Branch Name: ++UE4+Release-4.23
LogInit: Command Line: 
LogInit: Base Directory: E:/Epic Games/UE_4.23/Engine/Binaries/Win64/
LogInit: Installed Engine Build: 1
LogDevObjectVersion: Number of dev versions registered: 23
LogDevObjectVersion:   Dev-Blueprints (B0D832E4-1F89-4F0D-ACCF-7EB736FD4AA2): 10
LogDevObjectVersion:   Dev-Build (E1C64328-A22C-4D53-A36C-8E866417BD8C): 0
LogDevObjectVersion:   Dev-Core (375EC13C-06E4-48FB-B500-84F0262A717E): 3
LogDevObjectVersion:   Dev-Editor (E4B068ED-F494-42E9-A231-DA0B2E46BB41): 34
LogDevObjectVersion:   Dev-Framework (CFFC743F-43B0-4480-9391-14DF171D2073): 35
LogDevObjectVersion:   Dev-Mobile (B02B49B5-BB20-44E9-A304-32B752E40360): 2
LogDevObjectVersion:   Dev-Networking (A4E4105C-59A1-49B5-A7C5-40C4547EDFEE): 0
LogDevObjectVersion:   Dev-Online (39C831C9-5AE6-47DC-9A44-9C173E1C8E7C): 0
LogDevObjectVersion:   Dev-Physics (78F01B33-EBEA-4F98-B9B4-84EACCB95AA2): 0
LogDevObjectVersion:   Dev-Platform (6631380F-2D4D-43E0-8009-CF276956A95A): 0
LogDevObjectVersion:   Dev-Rendering (12F88B9F-8875-4AFC-A67C-D90C383ABD29): 31
LogDevObjectVersion:   Dev-Sequencer (7B5AE74C-D270-4C10-A958-57980B212A5A): 11
LogDevObjectVersion:   Dev-VR (D7296918-1DD6-4BDD-9DE2-64A83CC13884): 2
LogDevObjectVersion:   Dev-LoadTimes (C2A15278-BFE7-4AFE-6C17-90FF531DF755): 1
LogDevObjectVersion:   Private-Geometry (6EACA3D4-40EC-4CC1-B786-8BED09428FC5): 3
LogDevObjectVersion:   Dev-AnimPhys (29E575DD-E0A3-4627-9D10-D276232CDCEA): 17
LogDevObjectVersion:   Dev-Anim (AF43A65D-7FD3-4947-9873-3E8ED9C1BB05): 2
LogDevObjectVersion:   Dev-ReflectionCapture (6B266CEC-1EC7-4B8F-A30B-E4D90942FC07): 1
LogDevObjectVersion:   Dev-Automation (0DF73D61-A23F-47EA-B727-89E90C41499A): 1
LogDevObjectVersion:   FortniteMain (601D1886-AC64-4F84-AA16-D3DE0DEAC7D6): 27
LogDevObjectVersion:   Dev-Enterprise (9DFFBCD6-494F-0158-E221-12823C92A888): 6
LogDevObjectVersion:   Dev-Niagara (F2AED0AC-9AFE-416F-8664-AA7FFA26D6FC): 1
LogDevObjectVersion:   Dev-Destruction (174F1F0B-B4C6-45A5-B13F-2EE8D0FB917D): 9
LogInit: Presizing for max 16777216 objects, including 0 objects not considered by GC, pre-allocating 0 bytes for permanent pool.
LogInit: Object subsystem initialized
LogConfig: Setting CVar [[con.DebugEarlyDefault:1]]
LogConfig: Setting CVar [[r.setres:1280x720]]
[2020.05.17-12.55.31:411][  0]LogConfig: Setting CVar [[r.VSync:0]]
[2020.05.17-12.55.31:411][  0]LogConfig: Setting CVar [[r.RHICmdBypass:0]]
[2020.05.17-12.55.31:412][  0]LogConfig: Applying CVar settings from Section [/Script/Engine.RendererSettings] File [E:/Unreal Projects/LEVEL/Level/Saved/Config/Windows/Engine.ini]
[2020.05.17-12.55.31:412][  0]LogConfig: Setting CVar [[r.GPUCrashDebugging:0]]
[2020.05.17-12.55.31:412][  0]LogConfig: Setting CVar [[r.MobileMSAA:2]]
[2020.05.17-12.55.31:412][  0]LogConfig: Setting CVar [[r.GenerateMeshDistanceFields:1]]
[2020.05.17-12.55.31:412][  0]LogConfig: Applying CVar settings from Section [/Script/Engine.RendererOverrideSettings] File [E:/Unreal Projects/LEVEL/Level/Saved/Config/Windows/Engine.ini]
[2020.05.17-12.55.31:412][  0]LogConfig: Applying CVar settings from Section [/Script/Engine.StreamingSettings] File [E:/Unreal Projects/LEVEL/Level/Saved/Config/Windows/Engine.ini]
[2020.05.17-12.55.31:412][  0]LogConfig: Setting CVar [[s.MinBulkDataSizeForAsyncLoading:131072]]
[2020.05.17-12.55.31:412][  0]LogConfig: Setting CVar [[s.AsyncLoadingThreadEnabled:0]]
[2020.05.17-12.55.31:412][  0]LogConfig: Setting CVar [[s.EventDrivenLoaderEnabled:1]]
[2020.05.17-12.55.31:412][  0]LogConfig: Setting CVar [[s.WarnIfTimeLimitExceeded:0]]
[2020.05.17-12.55.31:412][  0]LogConfig: Setting CVar [[s.TimeLimitExceededMultiplier:1.5]]
[2020.05.17-12.55.31:412][  0]LogConfig: Setting CVar [[s.TimeLimitExceededMinTime:0.005]]
[2020.05.17-12.55.31:412][  0]LogConfig: Setting CVar [[s.UseBackgroundLevelStreaming:1]]
[2020.05.17-12.55.31:412][  0]LogConfig: Setting CVar [[s.PriorityAsyncLoadingExtraTime:15.0]]
[2020.05.17-12.55.31:412][  0]LogConfig: Setting CVar [[s.LevelStreamingActorsUpdateTimeLimit:5.0]]
[2020.05.17-12.55.31:412][  0]LogConfig: Setting CVar [[s.PriorityLevelStreamingActorsUpdateExtraTime:5.0]]
[2020.05.17-12.55.31:412][  0]LogConfig: Setting CVar [[s.LevelStreamingComponentsRegistrationGranularity:10]]
[2020.05.17-12.55.31:412][  0]LogConfig: Setting CVar [[s.UnregisterComponentsTimeLimit:1.0]]
[2020.05.17-12.55.31:412][  0]LogConfig: Setting CVar [[s.LevelStreamingComponentsUnregistrationGranularity:5]]
[2020.05.17-12.55.31:412][  0]LogConfig: Applying CVar settings from Section [/Script/Engine.GarbageCollectionSettings] File [E:/Unreal Projects/LEVEL/Level/Saved/Config/Windows/Engine.ini]
[2020.05.17-12.55.31:412][  0]LogConfig: Setting CVar [[gc.MaxObjectsNotConsideredByGC:1]]
[2020.05.17-12.55.31:412][  0]LogConfig: Setting CVar [[gc.SizeOfPermanentObjectPool:0]]
[2020.05.17-12.55.31:412][  0]LogConfig: Setting CVar [[gc.FlushStreamingOnGC:0]]
[2020.05.17-12.55.31:412][  0]LogConfig: Setting CVar [[gc.NumRetriesBeforeForcingGC:10]]
[2020.05.17-12.55.31:412][  0]LogConfig: Setting CVar [[gc.AllowParallelGC:1]]
[2020.05.17-12.55.31:412][  0]LogConfig: Setting CVar [[gc.TimeBetweenPurgingPendingKillObjects:61.1]]
[2020.05.17-12.55.31:412][  0]LogConfig: Setting CVar [[gc.MaxObjectsInEditor:16777216]]
[2020.05.17-12.55.31:412][  0]LogConfig: Setting CVar [[gc.IncrementalBeginDestroyEnabled:1]]
[2020.05.17-12.55.31:412][  0]LogConfig: Setting CVar [[gc.CreateGCClusters:1]]
[2020.05.17-12.55.31:412][  0]LogConfig: Setting CVar [[gc.MinGCClusterSize:5]]
[2020.05.17-12.55.31:412][  0]LogConfig: Setting CVar [[gc.ActorClusteringEnabled:0]]
[2020.05.17-12.55.31:412][  0]LogConfig: Setting CVar [[gc.BlueprintClusteringEnabled:0]]
[2020.05.17-12.55.31:412][  0]LogConfig: Setting CVar [[gc.UseDisregardForGCOnDedicatedServers:0]]
[2020.05.17-12.55.31:412][  0]LogConfig: Applying CVar settings from Section [/Script/Engine.NetworkSettings] File [E:/Unreal Projects/LEVEL/Level/Saved/Config/Windows/Engine.ini]
[2020.05.17-12.55.31:412][  0]LogConfig: Applying CVar settings from Section [/Script/UnrealEd.CookerSettings] File [E:/Unreal Projects/LEVEL/Level/Saved/Config/Windows/Engine.ini]
[2020.05.17-12.55.31:419][  0]LogConfig: Applying CVar settings from Section [ViewDistanceQuality@3] File [E:/Unreal Projects/LEVEL/Level/Saved/Config/Windows/Scalability.ini]
[2020.05.17-12.55.31:419][  0]LogConfig: Setting CVar [[r.SkeletalMeshLODBias:0]]
[2020.05.17-12.55.31:419][  0]LogConfig: Setting CVar [[r.ViewDistanceScale:1.0]]
[2020.05.17-12.55.31:419][  0]LogConfig: Applying CVar settings from Section [AntiAliasingQuality@3] File [E:/Unreal Projects/LEVEL/Level/Saved/Config/Windows/Scalability.ini]
[2020.05.17-12.55.31:419][  0]LogConfig: Setting CVar [[r.PostProcessAAQuality:4]]
[2020.05.17-12.55.31:419][  0]LogConfig: Applying CVar settings from Section [ShadowQuality@3] File [E:/Unreal Projects/LEVEL/Level/Saved/Config/Windows/Scalability.ini]
[2020.05.17-12.55.31:419][  0]LogConfig: Setting CVar [[r.LightFunctionQuality:1]]
[2020.05.17-12.55.31:419][  0]LogConfig: Setting CVar [[r.ShadowQuality:5]]
[2020.05.17-12.55.31:419][  0]LogConfig: Setting CVar [[r.Shadow.CSM.MaxCascades:10]]
[2020.05.17-12.55.31:419][  0]LogConfig: Setting CVar [[r.Shadow.MaxResolution:2048]]
[2020.05.17-12.55.31:419][  0]LogConfig: Setting CVar [[r.Shadow.MaxCSMResolution:2048]]
[2020.05.17-12.55.31:419][  0]LogConfig: Setting CVar [[r.Shadow.RadiusThreshold:0.01]]
[2020.05.17-12.55.31:419][  0]LogConfig: Setting CVar [[r.Shadow.DistanceScale:1.0]]
[2020.05.17-12.55.31:419][  0]LogConfig: Setting CVar [[r.Shadow.CSM.TransitionScale:1.0]]
[2020.05.17-12.55.31:419][  0]LogConfig: Setting CVar [[r.Shadow.PreShadowResolutionFactor:1.0]]
[2020.05.17-12.55.31:419][  0]LogConfig: Setting CVar [[r.DistanceFieldShadowing:1]]
[2020.05.17-12.55.31:419][  0]LogConfig: Setting CVar [[r.DistanceFieldAO:1]]
[2020.05.17-12.55.31:419][  0]LogConfig: Setting CVar [[r.AOQuality:2]]
[2020.05.17-12.55.31:419][  0]LogConfig: Setting CVar [[r.VolumetricFog:1]]
[2020.05.17-12.55.31:419][  0]LogConfig: Setting CVar [[r.VolumetricFog.GridPixelSize:8]]
[2020.05.17-12.55.31:419][  0]LogConfig: Setting CVar [[r.VolumetricFog.GridSizeZ:128]]
[2020.05.17-12.55.31:419][  0]LogConfig: Setting CVar [[r.VolumetricFog.HistoryMissSupersampleCount:4]]
[2020.05.17-12.55.31:419][  0]LogConfig: Setting CVar [[r.LightMaxDrawDistanceScale:1]]
[2020.05.17-12.55.31:419][  0]LogConfig: Setting CVar [[r.CapsuleShadows:1]]
[2020.05.17-12.55.31:419][  0]LogConfig: Applying CVar settings from Section [PostProcessQuality@3] File [E:/Unreal Projects/LEVEL/Level/Saved/Config/Windows/Scalability.ini]
[2020.05.17-12.55.31:419][  0]LogConfig: Setting CVar [[r.MotionBlurQuality:4]]
[2020.05.17-12.55.31:419][  0]LogConfig: Setting CVar [[r.AmbientOcclusionMipLevelFactor:0.4]]
[2020.05.17-12.55.31:419][  0]LogConfig: Setting CVar [[r.AmbientOcclusionMaxQuality:100]]
[2020.05.17-12.55.31:419][  0]LogConfig: Setting CVar [[r.AmbientOcclusionLevels:-1]]
[2020.05.17-12.55.31:419][  0]LogConfig: Setting CVar [[r.AmbientOcclusionRadiusScale:1.0]]
[2020.05.17-12.55.31:419][  0]LogConfig: Setting CVar [[r.DepthOfFieldQuality:2]]
[2020.05.17-12.55.31:419][  0]LogConfig: Setting CVar [[r.RenderTargetPoolMin:400]]
[2020.05.17-12.55.31:419][  0]LogConfig: Setting CVar [[r.LensFlareQuality:2]]
[2020.05.17-12.55.31:420][  0]LogConfig: Setting CVar [[r.SceneColorFringeQuality:1]]
[2020.05.17-12.55.31:420][  0]LogConfig: Setting CVar [[r.EyeAdaptationQuality:2]]
[2020.05.17-12.55.31:420][  0]LogConfig: Setting CVar [[r.BloomQuality:5]]
[2020.05.17-12.55.31:420][  0]LogConfig: Setting CVar [[r.FastBlurThreshold:100]]
[2020.05.17-12.55.31:420][  0]LogConfig: Setting CVar [[r.Upscale.Quality:3]]
[2020.05.17-12.55.31:420][  0]LogConfig: Setting CVar [[r.Tonemapper.GrainQuantization:1]]
[2020.05.17-12.55.31:420][  0]LogConfig: Setting CVar [[r.LightShaftQuality:1]]
[2020.05.17-12.55.31:420][  0]LogConfig: Setting CVar [[r.Filter.SizeScale:1]]
[2020.05.17-12.55.31:420][  0]LogConfig: Setting CVar [[r.Tonemapper.Quality:5]]
[2020.05.17-12.55.31:420][  0]LogConfig: Setting CVar [[r.DOF.Gather.AccumulatorQuality:1        ; higher gathering accumulator quality]]
[2020.05.17-12.55.31:420][  0]LogConfig: Setting CVar [[r.DOF.Gather.PostfilterMethod:1          ; Median3x3 postfilering method]]
[2020.05.17-12.55.31:420][  0]LogConfig: Setting CVar [[r.DOF.Gather.EnableBokehSettings:0       ; no bokeh simulation when gathering]]
[2020.05.17-12.55.31:420][  0]LogConfig: Setting CVar [[r.DOF.Gather.RingCount:4                 ; medium number of samples when gathering]]
[2020.05.17-12.55.31:420][  0]LogConfig: Setting CVar [[r.DOF.Scatter.ForegroundCompositing:1    ; additive foreground scattering]]
[2020.05.17-12.55.31:420][  0]LogConfig: Setting CVar [[r.DOF.Scatter.BackgroundCompositing:2    ; additive background scattering]]
[2020.05.17-12.55.31:420][  0]LogConfig: Setting CVar [[r.DOF.Scatter.EnableBokehSettings:1      ; bokeh simulation when scattering]]
[2020.05.17-12.55.31:420][  0]LogConfig: Setting CVar [[r.DOF.Scatter.MaxSpriteRatio:0.1         ; only a maximum of 10% of scattered bokeh]]
[2020.05.17-12.55.31:420][  0]LogConfig: Setting CVar [[r.DOF.Recombine.Quality:1                ; cheap slight out of focus]]
[2020.05.17-12.55.31:420][  0]LogConfig: Setting CVar [[r.DOF.Recombine.EnableBokehSettings:0    ; no bokeh simulation on slight out of focus]]
[2020.05.17-12.55.31:420][  0]LogConfig: Setting CVar [[r.DOF.TemporalAAQuality:1                ; more stable temporal accumulation]]
[2020.05.17-12.55.31:420][  0]LogConfig: Setting CVar [[r.DOF.Kernel.MaxForegroundRadius:0.025]]
[2020.05.17-12.55.31:420][  0]LogConfig: Setting CVar [[r.DOF.Kernel.MaxBackgroundRadius:0.025]]
[2020.05.17-12.55.31:420][  0]LogConfig: Applying CVar settings from Section [TextureQuality@3] File [E:/Unreal Projects/LEVEL/Level/Saved/Config/Windows/Scalability.ini]
[2020.05.17-12.55.31:420][  0]LogConfig: Setting CVar [[r.Streaming.MipBias:0]]
[2020.05.17-12.55.31:420][  0]LogConfig: Setting CVar [[r.Streaming.AmortizeCPUToGPUCopy:0]]
[2020.05.17-12.55.31:420][  0]LogConfig: Setting CVar [[r.Streaming.MaxNumTexturesToStreamPerFrame:0]]
[2020.05.17-12.55.31:420][  0]LogConfig: Setting CVar [[r.Streaming.Boost:1]]
[2020.05.17-12.55.31:420][  0]LogConfig: Setting CVar [[r.MaxAnisotropy:8]]
[2020.05.17-12.55.31:420][  0]LogConfig: Setting CVar [[r.Streaming.LimitPoolSizeToVRAM:0]]
[2020.05.17-12.55.31:420][  0]LogConfig: Setting CVar [[r.Streaming.PoolSize:1000]]
[2020.05.17-12.55.31:420][  0]LogConfig: Setting CVar [[r.Streaming.MaxEffectiveScreenSize:0]]
[2020.05.17-12.55.31:420][  0]LogConfig: Applying CVar settings from Section [EffectsQuality@3] File [E:/Unreal Projects/LEVEL/Level/Saved/Config/Windows/Scalability.ini]
[2020.05.17-12.55.31:420][  0]LogConfig: Setting CVar [[r.TranslucencyLightingVolumeDim:64]]
[2020.05.17-12.55.31:420][  0]LogConfig: Setting CVar [[r.RefractionQuality:2]]
[2020.05.17-12.55.31:420][  0]LogConfig: Setting CVar [[r.SSR.Quality:3]]
[2020.05.17-12.55.31:420][  0]LogConfig: Setting CVar [[r.SceneColorFormat:4]]
[2020.05.17-12.55.31:420][  0]LogConfig: Setting CVar [[r.DetailMode:2]]
[2020.05.17-12.55.31:420][  0]LogConfig: Setting CVar [[r.TranslucencyVolumeBlur:1]]
[2020.05.17-12.55.31:420][  0]LogConfig: Setting CVar [[r.MaterialQualityLevel:1 ; High quality]]
[2020.05.17-12.55.31:420][  0]LogConfig: Setting CVar [[r.SSS.Scale:1]]
[2020.05.17-12.55.31:420][  0]LogConfig: Setting CVar [[r.SSS.SampleSet:2]]
[2020.05.17-12.55.31:420][  0]LogConfig: Setting CVar [[r.SSS.Quality:1]]
[2020.05.17-12.55.31:420][  0]LogConfig: Setting CVar [[r.SSS.HalfRes:1]]
[2020.05.17-12.55.31:420][  0]LogConfig: Setting CVar [[r.EmitterSpawnRateScale:1.0]]
[2020.05.17-12.55.31:420][  0]LogConfig: Setting CVar [[r.ParticleLightQuality:2]]
[2020.05.17-12.55.31:420][  0]LogConfig: Applying CVar settings from Section [FoliageQuality@3] File [E:/Unreal Projects/LEVEL/Level/Saved/Config/Windows/Scalability.ini]
[2020.05.17-12.55.31:420][  0]LogConfig: Setting CVar [[foliage.DensityScale:1.0]]
[2020.05.17-12.55.31:420][  0]LogConfig: Setting CVar [[grass.DensityScale:1.0]]
[2020.05.17-12.55.31:421][  0]LogInit: Selected Device Profile: [Windows]
[2020.05.17-12.55.31:421][  0]LogInit: Applying CVar settings loaded from the selected device profile: [Windows]
[2020.05.17-12.55.31:425][  0]LogHAL: Display: Platform has ~ 8 GB [8530468864 / 8589934592 / 8], which maps to Default [LargestMinGB=32, LargerMinGB=12, DefaultMinGB=8, SmallerMinGB=6, SmallestMinGB=0)
[2020.05.17-12.55.31:425][  0]LogInit: Going up to parent DeviceProfile []
[2020.05.17-12.55.31:425][  0]LogConfig: Applying CVar settings from Section [ViewDistanceQuality@3] File [E:/Unreal Projects/LEVEL/Level/Saved/Config/Windows/Scalability.ini]
[2020.05.17-12.55.31:425][  0]LogConfig: Setting CVar [[r.SkeletalMeshLODBias:0]]
[2020.05.17-12.55.31:425][  0]LogConfig: Setting CVar [[r.ViewDistanceScale:1.0]]
[2020.05.17-12.55.31:425][  0]LogConfig: Applying CVar settings from Section [AntiAliasingQuality@3] File [E:/Unreal Projects/LEVEL/Level/Saved/Config/Windows/Scalability.ini]
[2020.05.17-12.55.31:425][  0]LogConfig: Setting CVar [[r.PostProcessAAQuality:4]]
[2020.05.17-12.55.31:425][  0]LogConfig: Applying CVar settings from Section [ShadowQuality@3] File [E:/Unreal Projects/LEVEL/Level/Saved/Config/Windows/Scalability.ini]
[2020.05.17-12.55.31:425][  0]LogConfig: Setting CVar [[r.LightFunctionQuality:1]]
[2020.05.17-12.55.31:425][  0]LogConfig: Setting CVar [[r.ShadowQuality:5]]
[2020.05.17-12.55.31:425][  0]LogConfig: Setting CVar [[r.Shadow.CSM.MaxCascades:10]]
[2020.05.17-12.55.31:425][  0]LogConfig: Setting CVar [[r.Shadow.MaxResolution:2048]]
[2020.05.17-12.55.31:425][  0]LogConfig: Setting CVar [[r.Shadow.MaxCSMResolution:2048]]
[2020.05.17-12.55.31:425][  0]LogConfig: Setting CVar [[r.Shadow.RadiusThreshold:0.01]]
[2020.05.17-12.55.31:425][  0]LogConfig: Setting CVar [[r.Shadow.DistanceScale:1.0]]
[2020.05.17-12.55.31:425][  0]LogConfig: Setting CVar [[r.Shadow.CSM.TransitionScale:1.0]]
[2020.05.17-12.55.31:425][  0]LogConfig: Setting CVar [[r.Shadow.PreShadowResolutionFactor:1.0]]
[2020.05.17-12.55.31:425][  0]LogConfig: Setting CVar [[r.DistanceFieldShadowing:1]]
[2020.05.17-12.55.31:425][  0]LogConfig: Setting CVar [[r.DistanceFieldAO:1]]
[2020.05.17-12.55.31:425][  0]LogConfig: Setting CVar [[r.AOQuality:2]]
[2020.05.17-12.55.31:425][  0]LogConfig: Setting CVar [[r.VolumetricFog:1]]
[2020.05.17-12.55.31:425][  0]LogConfig: Setting CVar [[r.VolumetricFog.GridPixelSize:8]]
[2020.05.17-12.55.31:425][  0]LogConfig: Setting CVar [[r.VolumetricFog.GridSizeZ:128]]
[2020.05.17-12.55.31:425][  0]LogConfig: Setting CVar [[r.VolumetricFog.HistoryMissSupersampleCount:4]]
[2020.05.17-12.55.31:425][  0]LogConfig: Setting CVar [[r.LightMaxDrawDistanceScale:1]]
[2020.05.17-12.55.31:425][  0]LogConfig: Setting CVar [[r.CapsuleShadows:1]]
[2020.05.17-12.55.31:425][  0]LogConfig: Applying CVar settings from Section [PostProcessQuality@3] File [E:/Unreal Projects/LEVEL/Level/Saved/Config/Windows/Scalability.ini]
[2020.05.17-12.55.31:425][  0]LogConfig: Setting CVar [[r.MotionBlurQuality:4]]
[2020.05.17-12.55.31:425][  0]LogConfig: Setting CVar [[r.AmbientOcclusionMipLevelFactor:0.4]]
[2020.05.17-12.55.31:425][  0]LogConfig: Setting CVar [[r.AmbientOcclusionMaxQuality:100]]
[2020.05.17-12.55.31:425][  0]LogConfig: Setting CVar [[r.AmbientOcclusionLevels:-1]]
[2020.05.17-12.55.31:425][  0]LogConfig: Setting CVar [[r.AmbientOcclusionRadiusScale:1.0]]
[2020.05.17-12.55.31:425][  0]LogConfig: Setting CVar [[r.DepthOfFieldQuality:2]]
[2020.05.17-12.55.31:425][  0]LogConfig: Setting CVar [[r.RenderTargetPoolMin:400]]
[2020.05.17-12.55.31:425][  0]LogConfig: Setting CVar [[r.LensFlareQuality:2]]
[2020.05.17-12.55.31:425][  0]LogConfig: Setting CVar [[r.SceneColorFringeQuality:1]]
[2020.05.17-12.55.31:425][  0]LogConfig: Setting CVar [[r.EyeAdaptationQuality:2]]
[2020.05.17-12.55.31:425][  0]LogConfig: Setting CVar [[r.BloomQuality:5]]
[2020.05.17-12.55.31:425][  0]LogConfig: Setting CVar [[r.FastBlurThreshold:100]]
[2020.05.17-12.55.31:425][  0]LogConfig: Setting CVar [[r.Upscale.Quality:3]]
[2020.05.17-12.55.31:425][  0]LogConfig: Setting CVar [[r.Tonemapper.GrainQuantization:1]]
[2020.05.17-12.55.31:425][  0]LogConfig: Setting CVar [[r.LightShaftQuality:1]]
[2020.05.17-12.55.31:425][  0]LogConfig: Setting CVar [[r.Filter.SizeScale:1]]
[2020.05.17-12.55.31:425][  0]LogConfig: Setting CVar [[r.Tonemapper.Quality:5]]
[2020.05.17-12.55.31:425][  0]LogConfig: Setting CVar [[r.DOF.Gather.AccumulatorQuality:1        ; higher gathering accumulator quality]]
[2020.05.17-12.55.31:425][  0]LogConfig: Setting CVar [[r.DOF.Gather.PostfilterMethod:1          ; Median3x3 postfilering method]]
[2020.05.17-12.55.31:425][  0]LogConfig: Setting CVar [[r.DOF.Gather.EnableBokehSettings:0       ; no bokeh simulation when gathering]]
[2020.05.17-12.55.31:425][  0]LogConfig: Setting CVar [[r.DOF.Gather.RingCount:4                 ; medium number of samples when gathering]]
[2020.05.17-12.55.31:425][  0]LogConfig: Setting CVar [[r.DOF.Scatter.ForegroundCompositing:1    ; additive foreground scattering]]
[2020.05.17-12.55.31:425][  0]LogConfig: Setting CVar [[r.DOF.Scatter.BackgroundCompositing:2    ; additive background scattering]]
[2020.05.17-12.55.31:425][  0]LogConfig: Setting CVar [[r.DOF.Scatter.EnableBokehSettings:1      ; bokeh simulation when scattering]]
[2020.05.17-12.55.31:425][  0]LogConfig: Setting CVar [[r.DOF.Scatter.MaxSpriteRatio:0.1         ; only a maximum of 10% of scattered bokeh]]
[2020.05.17-12.55.31:425][  0]LogConfig: Setting CVar [[r.DOF.Recombine.Quality:1                ; cheap slight out of focus]]
[2020.05.17-12.55.31:425][  0]LogConfig: Setting CVar [[r.DOF.Recombine.EnableBokehSettings:0    ; no bokeh simulation on slight out of focus]]
[2020.05.17-12.55.31:425][  0]LogConfig: Setting CVar [[r.DOF.TemporalAAQuality:1                ; more stable temporal accumulation]]
[2020.05.17-12.55.31:425][  0]LogConfig: Setting CVar [[r.DOF.Kernel.MaxForegroundRadius:0.025]]
[2020.05.17-12.55.31:425][  0]LogConfig: Setting CVar [[r.DOF.Kernel.MaxBackgroundRadius:0.025]]
[2020.05.17-12.55.31:425][  0]LogConfig: Applying CVar settings from Section [TextureQuality@3] File [E:/Unreal Projects/LEVEL/Level/Saved/Config/Windows/Scalability.ini]
[2020.05.17-12.55.31:426][  0]LogConfig: Setting CVar [[r.Streaming.MipBias:0]]
[2020.05.17-12.55.31:426][  0]LogConfig: Setting CVar [[r.Streaming.AmortizeCPUToGPUCopy:0]]
[2020.05.17-12.55.31:426][  0]LogConfig: Setting CVar [[r.Streaming.MaxNumTexturesToStreamPerFrame:0]]
[2020.05.17-12.55.31:426][  0]LogConfig: Setting CVar [[r.Streaming.Boost:1]]
[2020.05.17-12.55.31:426][  0]LogConfig: Setting CVar [[r.MaxAnisotropy:8]]
[2020.05.17-12.55.31:426][  0]LogConfig: Setting CVar [[r.Streaming.LimitPoolSizeToVRAM:0]]
[2020.05.17-12.55.31:426][  0]LogConfig: Setting CVar [[r.Streaming.PoolSize:1000]]
[2020.05.17-12.55.31:426][  0]LogConfig: Setting CVar [[r.Streaming.MaxEffectiveScreenSize:0]]
[2020.05.17-12.55.31:426][  0]LogConfig: Applying CVar settings from Section [EffectsQuality@3] File [E:/Unreal Projects/LEVEL/Level/Saved/Config/Windows/Scalability.ini]
[2020.05.17-12.55.31:426][  0]LogConfig: Setting CVar [[r.TranslucencyLightingVolumeDim:64]]
[2020.05.17-12.55.31:426][  0]LogConfig: Setting CVar [[r.RefractionQuality:2]]
[2020.05.17-12.55.31:426][  0]LogConfig: Setting CVar [[r.SSR.Quality:3]]
[2020.05.17-12.55.31:426][  0]LogConfig: Setting CVar [[r.SceneColorFormat:4]]
[2020.05.17-12.55.31:426][  0]LogConfig: Setting CVar [[r.DetailMode:2]]
[2020.05.17-12.55.31:426][  0]LogConfig: Setting CVar [[r.TranslucencyVolumeBlur:1]]
[2020.05.17-12.55.31:426][  0]LogConfig: Setting CVar [[r.MaterialQualityLevel:1 ; High quality]]
[2020.05.17-12.55.31:426][  0]LogConfig: Setting CVar [[r.SSS.Scale:1]]
[2020.05.17-12.55.31:426][  0]LogConfig: Setting CVar [[r.SSS.SampleSet:2]]
[2020.05.17-12.55.31:426][  0]LogConfig: Setting CVar [[r.SSS.Quality:1]]
[2020.05.17-12.55.31:426][  0]LogConfig: Setting CVar [[r.SSS.HalfRes:1]]
[2020.05.17-12.55.31:426][  0]LogConfig: Setting CVar [[r.EmitterSpawnRateScale:1.0]]
[2020.05.17-12.55.31:426][  0]LogConfig: Setting CVar [[r.ParticleLightQuality:2]]
[2020.05.17-12.55.31:426][  0]LogConfig: Applying CVar settings from Section [FoliageQuality@3] File [E:/Unreal Projects/LEVEL/Level/Saved/Config/Windows/Scalability.ini]
[2020.05.17-12.55.31:426][  0]LogConfig: Setting CVar [[foliage.DensityScale:1.0]]
[2020.05.17-12.55.31:426][  0]LogConfig: Setting CVar [[grass.DensityScale:1.0]]
[2020.05.17-12.55.31:426][  0]LogConfig: Applying CVar settings from Section [Startup] File [../../../Engine/Config/ConsoleVariables.ini]
[2020.05.17-12.55.31:426][  0]LogConfig: Setting CVar [[net.UseAdaptiveNetUpdateFrequency:0]]
[2020.05.17-12.55.31:426][  0]LogConfig: Setting CVar [[p.chaos.AllowCreatePhysxBodies:1]]
[2020.05.17-12.55.31:426][  0]LogConfig: Applying CVar settings from Section [ConsoleVariables] File [E:/Unreal Projects/LEVEL/Level/Saved/Config/Windows/Engine.ini]
[2020.05.17-12.55.31:428][  0]LogInit: Computer: DESKTOP-9MTLCG4
[2020.05.17-12.55.31:428][  0]LogInit: User: Home
[2020.05.17-12.55.31:428][  0]LogInit: CPU Page size=4096, Cores=4
[2020.05.17-12.55.31:428][  0]LogInit: High frequency timer resolution =10.000000 MHz
[2020.05.17-12.55.31:428][  0]LogMemory: Memory total: Physical=7.9GB (8GB approx)
[2020.05.17-12.55.31:428][  0]LogMemory: Platform Memory Stats for Windows
[2020.05.17-12.55.31:428][  0]LogMemory: Process Physical Memory: 100.49 MB used, 100.49 MB peak
[2020.05.17-12.55.31:428][  0]LogMemory: Process Virtual Memory: 88.06 MB used, 88.06 MB peak
[2020.05.17-12.55.31:428][  0]LogMemory: Physical Memory: 1846.89 MB used,  6288.39 MB free, 8135.29 MB total
[2020.05.17-12.55.31:428][  0]LogMemory: Virtual Memory: 4643.64 MB used,  134213088.00 MB free, 134217728.00 MB total
[2020.05.17-12.55.31:432][  0]LogWindows: WindowsPlatformFeatures enabled
[2020.05.17-12.55.31:568][  0]LogInit: Using OS detected language (ru-RU).
[2020.05.17-12.55.31:568][  0]LogInit: Using OS detected locale (ru-RU).
[2020.05.17-12.55.31:571][  0]LogTextLocalizationManager: No specific localization for 'ru-RU' exists, so the 'ru' localization will be used.
[2020.05.17-12.55.31:571][  0]LogTextLocalizationResource: LocRes '../../../Engine/Content/Localization/Editor/ru/Editor.locres' could not be opened for reading!
[2020.05.17-12.55.31:571][  0]LogTextLocalizationResource: LocRes '../../../Engine/Content/Localization/EditorTutorials/ru/EditorTutorials.locres' could not be opened for reading!
[2020.05.17-12.55.31:571][  0]LogTextLocalizationResource: LocRes '../../../Engine/Content/Localization/Keywords/ru/Keywords.locres' could not be opened for reading!
[2020.05.17-12.55.31:572][  0]LogTextLocalizationResource: LocRes '../../../Engine/Content/Localization/Category/ru/Category.locres' could not be opened for reading!
[2020.05.17-12.55.31:572][  0]LogTextLocalizationResource: LocRes '../../../Engine/Content/Localization/ToolTips/ru/ToolTips.locres' could not be opened for reading!
[2020.05.17-12.55.31:573][  0]LogTextLocalizationResource: LocRes '../../../Engine/Content/Localization/PropertyNames/ru/PropertyNames.locres' could not be opened for reading!
[2020.05.17-12.55.31:573][  0]LogTextLocalizationResource: LocRes '../../../Engine/Content/Localization/Engine/ru/Engine.locres' could not be opened for reading!
[2020.05.17-12.55.31:602][  0]LogInit: Setting process to per monitor DPI aware
[2020.05.17-12.55.31:684][  0]LogSlate: New Slate User Created.  User Index 0, Is Virtual User: 0
[2020.05.17-12.55.31:684][  0]LogSlate: Slate User Registered.  User Index 0, Is Virtual User: 0
[2020.05.17-12.55.34:244][  0]LogHMD: Failed to initialize OpenVR with code 110
[2020.05.17-12.55.34:244][  0]LogD3D11RHI: D3D11 adapters:
[2020.05.17-12.55.34:444][  0]LogD3D11RHI:    0. 'NVIDIA GeForce GTX 1050 Ti' (Feature Level 11_0)
[2020.05.17-12.55.34:444][  0]LogD3D11RHI:       4018/0/4067 MB DedicatedVideo/DedicatedSystem/SharedSystem, Outputs:1, VendorId:0x10de
[2020.05.17-12.55.34:449][  0]LogD3D11RHI:    1. 'Microsoft Basic Render Driver' (Feature Level 11_0)
[2020.05.17-12.55.34:449][  0]LogD3D11RHI:       0/0/4067 MB DedicatedVideo/DedicatedSystem/SharedSystem, Outputs:0, VendorId:0x1414
[2020.05.17-12.55.34:449][  0]LogD3D11RHI: Chosen D3D11 Adapter: 0
[2020.05.17-12.55.34:455][  0]LogD3D11RHI: Creating new Direct3DDevice
[2020.05.17-12.55.34:455][  0]LogD3D11RHI:     GPU DeviceId: 0x1c82 (for the marketing name, search the web for "GPU Device Id")
[2020.05.17-12.55.34:455][  0]LogWindows: EnumDisplayDevices:
[2020.05.17-12.55.34:455][  0]LogWindows:    0. 'NVIDIA GeForce GTX 1050 Ti' (P:1 D:1)
[2020.05.17-12.55.34:455][  0]LogWindows:    1. 'NVIDIA GeForce GTX 1050 Ti' (P:0 D:0)
[2020.05.17-12.55.34:455][  0]LogWindows:    2. 'NVIDIA GeForce GTX 1050 Ti' (P:0 D:0)
[2020.05.17-12.55.34:456][  0]LogWindows:    3. 'NVIDIA GeForce GTX 1050 Ti' (P:0 D:0)
[2020.05.17-12.55.34:456][  0]LogWindows: DebugString: FoundDriverCount:4 
[2020.05.17-12.55.34:456][  0]LogD3D11RHI:     Adapter Name: NVIDIA GeForce GTX 1050 Ti
[2020.05.17-12.55.34:457][  0]LogD3D11RHI:   Driver Version: 445.87 (internal:26.21.14.4587, unified:445.87)
[2020.05.17-12.55.34:457][  0]LogD3D11RHI:      Driver Date: 4-3-2020
[2020.05.17-12.55.34:457][  0]LogRHI: Texture pool is 2812 MB (70% of 4018 MB)
[2020.05.17-12.55.34:515][  0]LogD3D11RHI: Async texture creation enabled
[2020.05.17-12.55.34:577][  0]LogD3D11RHI: GPU Timing Frequency: 1000.000000 (Debug: 2 1)
[2020.05.17-12.55.35:093][  0]LogTemp: Display: Module 'AllDesktopTargetPlatform' loaded TargetPlatform 'AllDesktop'
[2020.05.17-12.55.35:101][  0]LogTemp: Display: Module 'MacClientTargetPlatform' loaded TargetPlatform 'MacClient'
[2020.05.17-12.55.35:109][  0]LogTemp: Display: Module 'MacNoEditorTargetPlatform' loaded TargetPlatform 'MacNoEditor'
[2020.05.17-12.55.35:117][  0]LogTemp: Display: Module 'MacServerTargetPlatform' loaded TargetPlatform 'MacServer'
[2020.05.17-12.55.35:126][  0]LogTemp: Display: Module 'MacTargetPlatform' loaded TargetPlatform 'Mac'
[2020.05.17-12.55.35:135][  0]LogTemp: Display: Module 'WindowsClientTargetPlatform' loaded TargetPlatform 'WindowsClient'
[2020.05.17-12.55.35:143][  0]LogTemp: Display: Module 'WindowsNoEditorTargetPlatform' loaded TargetPlatform 'WindowsNoEditor'
[2020.05.17-12.55.35:151][  0]LogTemp: Display: Module 'WindowsServerTargetPlatform' loaded TargetPlatform 'WindowsServer'
[2020.05.17-12.55.35:155][  0]LogTemp: Display: Module 'WindowsTargetPlatform' loaded TargetPlatform 'Windows'
[2020.05.17-12.55.35:188][  0]LogTemp: Display: Module 'AndroidTargetPlatform' loaded TargetPlatform 'Android'
[2020.05.17-12.55.35:188][  0]LogTemp: Display: Module 'AndroidTargetPlatform' loaded TargetPlatform 'Android_ASTC'
[2020.05.17-12.55.35:188][  0]LogTemp: Display: Module 'AndroidTargetPlatform' loaded TargetPlatform 'Android_ATC'
[2020.05.17-12.55.35:188][  0]LogTemp: Display: Module 'AndroidTargetPlatform' loaded TargetPlatform 'Android_DXT'
[2020.05.17-12.55.35:188][  0]LogTemp: Display: Module 'AndroidTargetPlatform' loaded TargetPlatform 'Android_ETC1'
[2020.05.17-12.55.35:188][  0]LogTemp: Display: Module 'AndroidTargetPlatform' loaded TargetPlatform 'Android_ETC1a'
[2020.05.17-12.55.35:188][  0]LogTemp: Display: Module 'AndroidTargetPlatform' loaded TargetPlatform 'Android_ETC2'
[2020.05.17-12.55.35:188][  0]LogTemp: Display: Module 'AndroidTargetPlatform' loaded TargetPlatform 'Android_PVRTC'
[2020.05.17-12.55.35:188][  0]LogTemp: Display: Module 'AndroidTargetPlatform' loaded TargetPlatform 'AndroidClient'
[2020.05.17-12.55.35:188][  0]LogTemp: Display: Module 'AndroidTargetPlatform' loaded TargetPlatform 'Android_ASTCClient'
[2020.05.17-12.55.35:188][  0]LogTemp: Display: Module 'AndroidTargetPlatform' loaded TargetPlatform 'Android_ATCClient'
[2020.05.17-12.55.35:188][  0]LogTemp: Display: Module 'AndroidTargetPlatform' loaded TargetPlatform 'Android_DXTClient'
[2020.05.17-12.55.35:188][  0]LogTemp: Display: Module 'AndroidTargetPlatform' loaded TargetPlatform 'Android_ETC1Client'
[2020.05.17-12.55.35:188][  0]LogTemp: Display: Module 'AndroidTargetPlatform' loaded TargetPlatform 'Android_ETC1aClient'
[2020.05.17-12.55.35:188][  0]LogTemp: Display: Module 'AndroidTargetPlatform' loaded TargetPlatform 'Android_ETC2Client'
[2020.05.17-12.55.35:188][  0]LogTemp: Display: Module 'AndroidTargetPlatform' loaded TargetPlatform 'Android_PVRTCClient'
[2020.05.17-12.55.35:188][  0]LogTemp: Display: Module 'AndroidTargetPlatform' loaded TargetPlatform 'Android_Multi'
[2020.05.17-12.55.35:189][  0]LogTemp: Display: Module 'AndroidTargetPlatform' loaded TargetPlatform 'Android_MultiClient'
[2020.05.17-12.55.35:192][  0]LogTemp: Display: Module 'HTML5TargetPlatform' loaded TargetPlatform 'HTML5'
[2020.05.17-12.55.35:213][  0]LogTemp: Display: Module 'IOSTargetPlatform' loaded TargetPlatform 'IOSClient'
[2020.05.17-12.55.35:213][  0]LogTemp: Display: Module 'IOSTargetPlatform' loaded TargetPlatform 'IOS'
[2020.05.17-12.55.35:226][  0]LogTemp: Display: Module 'TVOSTargetPlatform' loaded TargetPlatform 'TVOSClient'
[2020.05.17-12.55.35:226][  0]LogTemp: Display: Module 'TVOSTargetPlatform' loaded TargetPlatform 'TVOS'
[2020.05.17-12.55.35:233][  0]LogTemp: Display: Module 'LinuxClientTargetPlatform' loaded TargetPlatform 'LinuxClient'
[2020.05.17-12.55.35:241][  0]LogTemp: Display: Module 'LinuxNoEditorTargetPlatform' loaded TargetPlatform 'LinuxNoEditor'
[2020.05.17-12.55.35:249][  0]LogTemp: Display: Module 'LinuxServerTargetPlatform' loaded TargetPlatform 'LinuxServer'
[2020.05.17-12.55.35:257][  0]LogTemp: Display: Module 'LinuxTargetPlatform' loaded TargetPlatform 'Linux'
[2020.05.17-12.55.35:280][  0]LogTemp: Display: Module 'LuminTargetPlatform' loaded TargetPlatform 'Lumin'
[2020.05.17-12.55.35:280][  0]LogTemp: Display: Module 'LuminTargetPlatform' loaded TargetPlatform 'LuminClient'
[2020.05.17-12.55.35:280][  0]LogTargetPlatformManager: Display: Building Assets For Windows
[2020.05.17-12.55.35:293][  0]LogAudioDebug: Display: Lib vorbis DLL was dynamically loaded.
[2020.05.17-12.55.35:390][  0]LogShaderCompilers: Guid format shader working directory is 3 characters bigger than the processId version (../../../../../Unreal Projects/LEVEL/Level/Intermediate/Shaders/WorkingDirectory/8420/).
[2020.05.17-12.55.35:390][  0]LogShaderCompilers: Cleaned the shader compiler working directory 'C:/Users/Home/AppData/Local/Temp/UnrealShaderWorkingDir/C2B47BF544D416A48C1695A41E8C469D/'.
[2020.05.17-12.55.35:393][  0]LogXGEController: Cleaning working directory: C:/Users/Home/AppData/Local/Temp/UnrealXGEWorkingDir/
[2020.05.17-12.55.35:393][  0]LogXGEController: Cannot use XGE Controller as Incredibuild is not installed on this machine.
[2020.05.17-12.55.35:394][  0]LogShaderCompilers: Cannot use XGE Shader Compiler as Incredibuild is not installed on this machine.
[2020.05.17-12.55.35:394][  0]LogShaderCompilers: Display: Using Local Shader Compiler.
[2020.05.17-12.55.37:875][  0]LogDerivedDataCache: Display: Max Cache Size: 512 MB
[2020.05.17-12.55.38:120][  0]LogDerivedDataCache: Loaded boot cache 0.25s 74MB C:/Users/Home/AppData/Local/UnrealEngine/4.23/DerivedDataCache/Boot.ddc.
[2020.05.17-12.55.38:120][  0]LogDerivedDataCache: Display: Loaded Boot cache: C:/Users/Home/AppData/Local/UnrealEngine/4.23/DerivedDataCache/Boot.ddc
[2020.05.17-12.55.38:120][  0]LogDerivedDataCache: FDerivedDataBackendGraph:  Pak pak cache file ../../../../../Unreal Projects/LEVEL/Level/DerivedDataCache/DDC.ddp not found, will not use a pak cache.
[2020.05.17-12.55.38:121][  0]LogDerivedDataCache: Unable to find inner node Pak for hierarchical cache Hierarchy.
[2020.05.17-12.55.38:121][  0]LogDerivedDataCache: FDerivedDataBackendGraph:  CompressedPak pak cache file ../../../../../Unreal Projects/LEVEL/Level/DerivedDataCache/Compressed.ddp not found, will not use a pak cache.
[2020.05.17-12.55.38:121][  0]LogDerivedDataCache: Unable to find inner node CompressedPak for hierarchical cache Hierarchy.
[2020.05.17-12.55.38:135][  0]LogDerivedDataCache: Display: Pak cache opened for reading ../../../Engine/DerivedDataCache/Compressed.ddp.
[2020.05.17-12.55.38:135][  0]LogDerivedDataCache: FDerivedDataBackendGraph:  EnterprisePak pak cache file ../../../Enterprise/DerivedDataCache/Compressed.ddp not found, will not use a pak cache.
[2020.05.17-12.55.38:135][  0]LogDerivedDataCache: Unable to find inner node EnterprisePak for hierarchical cache Hierarchy.
[2020.05.17-12.55.38:137][  0]LogDerivedDataCache: Using Local data cache path C:/Users/Home/AppData/Local/UnrealEngine/Common/DerivedDataCache: Writable
[2020.05.17-12.55.38:137][  0]LogDerivedDataCache: Shared data cache path not found in *engine.ini, will not use an Shared cache.
[2020.05.17-12.55.38:137][  0]LogDerivedDataCache: Unable to find inner node Shared for hierarchical cache Hierarchy.
[2020.05.17-12.55.38:160][  0]LogMaterial: Verifying Global Shaders for PCD3D_SM5
[2020.05.17-12.55.38:167][  0]LogSlate: Using FreeType 2.6.0
[2020.05.17-12.55.38:175][  0]LogSlate: SlateFontServices - WITH_FREETYPE: 1, WITH_HARFBUZZ: 1
[2020.05.17-12.55.38:479][  0]LogAssetRegistry: FAssetRegistry took 0.0056 seconds to start up
[2020.05.17-12.55.38:895][  0]LogInit: Selected Device Profile: [Windows]
[2020.05.17-12.55.39:126][  0]LogMeshReduction: Using QuadricMeshReduction for automatic static mesh reduction
[2020.05.17-12.55.39:126][  0]LogMeshReduction: Using SimplygonMeshReduction for automatic skeletal mesh reduction
[2020.05.17-12.55.39:126][  0]LogMeshReduction: Using ProxyLODMeshReduction for automatic mesh merging
[2020.05.17-12.55.39:126][  0]LogMeshReduction: No distributed automatic mesh merging module available
[2020.05.17-12.55.39:127][  0]LogMeshMerging: No distributed automatic mesh merging module available
[2020.05.17-12.55.39:157][  0]LogNetVersion: Level 1.0.0, NetCL: 8386587, EngineNetVer: 11, GameNetVer: 0 (Checksum: 1760920611)
[2020.05.17-12.55.39:797][  0]LogPackageLocalizationCache: Processed 12 localized package path(s) for 1 prioritized culture(s) in 0.051155 seconds
[2020.05.17-12.55.39:803][  0]LogUObjectArray: 43444 objects as part of root set at end of initial load.
[2020.05.17-12.55.39:803][  0]LogUObjectAllocator: 7548648 out of 0 bytes used by permanent object pool.
[2020.05.17-12.55.39:803][  0]LogUObjectArray: CloseDisregardForGC: 0/0 objects in disregard for GC pool
[2020.05.17-12.55.43:199][  0]LogSubstanceCoreModule: Substance [CPU] Engine Loaded, Max Texture Size = 2048
[2020.05.17-12.55.43:216][  0]LogTcpMessaging: Initializing TcpMessaging bridge
[2020.05.17-12.55.43:222][  0]LogUdpMessaging: Initializing bridge on interface 0.0.0.0:0 to multicast group 230.0.0.1:6666.
[2020.05.17-12.55.43:339][  0]SourceControl: Source control is disabled
[2020.05.17-12.55.43:970][  0]LogAndroidPermission: UAndroidPermissionCallbackProxy::GetInstance
[2020.05.17-12.55.44:183][  0]LogOcInput: OculusInput pre-init called
[2020.05.17-12.55.44:194][  0]LogWindows: Failed to load 'OVRPlugin.dll' (GetLastError=126)
[2020.05.17-12.55.44:194][  0]LogWindows: File 'OVRPlugin.dll' does not exist
[2020.05.17-12.55.44:450][  0]LogEngine: Initializing Engine...
[2020.05.17-12.55.44:452][  0]LogHMD: Failed to initialize OpenVR with code 110
[2020.05.17-12.55.44:455][  0]LogStats: UGameplayTagsManager::InitializeManager -  0.002 s
[2020.05.17-12.55.44:699][  0]LogInit: Initializing FReadOnlyCVARCache
[2020.05.17-12.55.44:743][  0]LogAIModule: Creating AISystem for world Untitled
[2020.05.17-12.55.44:769][  0]LogInit: XAudio2 using 'Динамики (Realtek(R) Audio)' : 2 channels at 48 kHz using 32 bits per sample (channel mask 0x3)
[2020.05.17-12.55.44:848][  0]LogInit: FAudioDevice initialized.
[2020.05.17-12.55.44:848][  0]LogNetVersion: Set ProjectVersion to 1.0.0.0. Version Checksum will be recalculated on next use.
[2020.05.17-12.55.44:943][  0]LogDerivedDataCache: Saved boot cache 0.09s 74MB C:/Users/Home/AppData/Local/UnrealEngine/4.23/DerivedDataCache/Boot.ddc.
[2020.05.17-12.55.44:950][  0]LogInit: Texture streaming: Enabled
[2020.05.17-12.55.44:969][  0]LogEngineSessionManager: EngineSessionManager initialized
[2020.05.17-12.55.44:969][  0]LogEditorSessionSummary: Verbose: Initializing EditorSessionSummaryWriter for editor session tracking
[2020.05.17-12.55.44:971][  0]LogEditorSessionSummary: EditorSessionSummaryWriter initialized
[2020.05.17-12.55.45:069][  0]LogInit: Transaction tracking system initialized
[2020.05.17-12.55.45:138][  0]BlueprintLog: New page: Editor Load
[2020.05.17-12.55.45:299][  0]LocalizationService: Localization service is disabled
[2020.05.17-12.55.45:388][  0]LogLinker: Warning: Failed to load '/Game/ThirdPersonBP/ThirdPersonOverview': Can't find file.
[2020.05.17-12.55.45:389][  0]LogLinker: Warning: Failed to load '/Game/ThirdPersonBP/ThirdPersonOverview': Can't find file.
[2020.05.17-12.55.45:389][  0]LogUObjectGlobals: Warning: Failed to find object 'Class /Game/ThirdPersonBP/ThirdPersonOverview.ThirdPersonOverview_C'
[2020.05.17-12.55.45:667][  0]LogCook: Display: Max memory allowance for cook 16384mb min free memory 0mb
[2020.05.17-12.55.45:667][  0]LogCook: Display: Mobile HDR setting 1
[2020.05.17-12.55.46:137][  0]LogFileCache: Scanning file cache for directory 'E:/Unreal Projects/LEVEL/Level/Content/' took 0.01s
[2020.05.17-12.55.46:137][  0]Cmd: MAP LOAD FILE="../../../../../Unreal Projects/LEVEL/Level/Content/Level/Landscape/Start_Level.umap" TEMPLATE=0 SHOWPROGRESS=1 FEATURELEVEL=3
[2020.05.17-12.55.46:138][  0]LightingResults: New page: Lighting Build
[2020.05.17-12.55.46:146][  0]LogWorld: UWorld::CleanupWorld for Untitled, bSessionEnded=true, bCleanupResources=true
[2020.05.17-12.55.46:148][  0]MapCheck: New page: Map Check
[2020.05.17-12.55.46:148][  0]LightingResults: New page: Lighting Build
[2020.05.17-12.55.46:184][  0]LogUObjectHash: Compacting FUObjectHashTables data took   1.67ms
[2020.05.17-12.55.50:714][  0]LogAIModule: Creating AISystem for world Start_Level
[2020.05.17-12.55.50:767][  0]LogEditorServer: Finished looking for orphan Actors (0.000 secs)
[2020.05.17-12.55.50:802][  0]LogUObjectHash: Compacting FUObjectHashTables data took   2.45ms
[2020.05.17-12.55.50:802][  0]Cmd: MAP CHECKDEP NOCLEARLOG
[2020.05.17-12.55.50:802][  0]MapCheck: Map check complete: 0 Error(s), 0 Warning(s), took 0,442ms to complete.
[2020.05.17-12.55.50:802][  0]LogFileHelpers: Loading map 'Start_Level' took 4.665
[2020.05.17-12.55.51:069][  0]LogSlate: Took 0.006859 seconds to synchronously load lazily loaded font '../../../Engine/Content/Slate/Fonts/Roboto-Regular.ttf' (155K)
[2020.05.17-12.55.52:531][  0]LogSlate: Only BGRA pngs, bmps or icos are supported in by External Image Picker
[2020.05.17-12.55.52:587][  0]LogCollectionManager: Loaded 0 collections in 0.001232 seconds
[2020.05.17-12.55.52:610][  0]LogFileCache: Scanning file cache for directory 'E:/Unreal Projects/LEVEL/Level/Saved/Collections/' took 0.00s
[2020.05.17-12.55.52:610][  0]LogFileCache: Scanning file cache for directory 'E:/Unreal Projects/LEVEL/Level/Content/Developers/Home/Collections/' took 0.00s
[2020.05.17-12.55.52:610][  0]LogFileCache: Scanning file cache for directory 'E:/Unreal Projects/LEVEL/Level/Content/Collections/' took 0.00s
[2020.05.17-12.55.52:610][  0]LogCollectionManager: Rebuilt the GUID cache for 0 collections in 0.000004 seconds
[2020.05.17-12.55.52:621][  0]LogContentBrowser: Native class hierarchy populated in 0.0092 seconds. Added 2877 classes and 686 folders.
[2020.05.17-12.55.52:634][  0]LogContentBrowser: Native class hierarchy updated for 'WidgetCarousel' in 0.0002 seconds. Added 0 classes and 0 folders.
[2020.05.17-12.55.53:010][  0]LogContentBrowser: Native class hierarchy updated for 'AddContentDialog' in 0.0002 seconds. Added 0 classes and 0 folders.
[2020.05.17-12.55.53:028][  0]LogContentBrowser: Native class hierarchy updated for 'WorldBrowser' in 0.0002 seconds. Added 2 classes and 3 folders.
[2020.05.17-12.55.53:078][  0]LogSlate: Updating window title bar state: overlay mode, drag disabled, window buttons hidden, title bar hidden
[2020.05.17-12.55.53:087][  0]LogSlate: Updating window title bar state: overlay mode, drag disabled, window buttons hidden, title bar hidden
[2020.05.17-12.55.53:097][  0]LogSlate: Updating window title bar state: overlay mode, drag disabled, window buttons hidden, title bar hidden
[2020.05.17-12.55.53:109][  0]LogContentBrowser: Native class hierarchy updated for 'SceneOutliner' in 0.0002 seconds. Added 1 classes and 2 folders.
[2020.05.17-12.55.53:242][  0]LogSlate: Took 0.001031 seconds to synchronously load lazily loaded font '../../../Engine/Content/Editor/Slate/Fonts/FontAwesome.ttf' (139K)
[2020.05.17-12.55.53:251][  0]LogSlate: Took 0.008046 seconds to synchronously load lazily loaded font '../../../Engine/Content/Slate/Fonts/Roboto-Bold.ttf' (160K)
[2020.05.17-12.55.53:270][  0]LogSlate: Took 0.006342 seconds to synchronously load lazily loaded font '../../../Engine/Content/Slate/Fonts/Roboto-Light.ttf' (167K)
[2020.05.17-12.55.53:330][  0]LogRenderer: Reallocating scene render targets to support 1176x952 Format 10 NumSamples 1 (Frame:1).
[2020.05.17-12.55.53:354][  0]LogStaticMesh: Allocated 512x208x64 distance field atlas = 13.0Mb, with 59 objects containing 7.4Mb backing data
[2020.05.17-12.55.53:479][  0]LogContentBrowser: Native class hierarchy updated for 'HierarchicalLODOutliner' in 0.0002 seconds. Added 0 classes and 0 folders.
[2020.05.17-12.55.53:480][  0]LogLoad: (Engine Initialization) Total time: 26.74 seconds
[2020.05.17-12.55.53:480][  0]LogLoad: (Engine Initialization) Total Blueprint compile time: 0.00 seconds
[2020.05.17-12.55.53:969][  0]LogContentStreaming: Texture pool size now 1000 MB
[2020.05.17-12.55.54:015][  1]LogSubstanceLiveLink: Warning: Unable to send data along socket, closing connection
[2020.05.17-12.55.54:034][  1]LogMaterial: Display: Missing cached shader map for material Material_0, compiling. 
[2020.05.17-12.55.54:109][  2]LogShaderCompilers: Display: Worker (1/3): shaders left to compile 5
[2020.05.17-12.55.54:109][  2]LogShaderCompilers: Display: Worker (2/3): shaders left to compile 3
[2020.05.17-12.55.54:109][  2]LogShaderCompilers: Display: Worker (3/3): shaders left to compile 1
[2020.05.17-12.55.54:159][  2]LogAssetRegistry: Asset discovery search completed in 15.6804 seconds
[2020.05.17-12.55.54:165][  2]LogCollectionManager: Rebuilt the object cache for 0 collections in 0.000005 seconds (found 0 objects)
[2020.05.17-12.55.54:165][  2]LogCollectionManager: Fixed up redirectors for 0 collections in 0.000063 seconds (updated 0 objects)
[2020.05.17-12.55.54:203][  3]LogMaterial: Display: Missing cached shader map for material Material_1, compiling. 
[2020.05.17-12.55.54:266][  4]LogMaterial: Display: Missing cached shader map for material Material_2, compiling. 
[2020.05.17-12.55.54:303][  5]LogMaterial: Display: Missing cached shader map for material Material_3, compiling. 
[2020.05.17-12.55.54:357][  6]LogMaterial: Display: Missing cached shader map for material Material_4, compiling. 
[2020.05.17-12.55.54:472][ 11]LogShaderCompilers: Display: Worker (3/3): shaders left to compile 20
[2020.05.17-12.55.54:707][ 17]LogShaderCompilers: Display: Worker (1/3): shaders left to compile 13
[2020.05.17-12.55.55:012][ 28]LogShaderCompilers: Display: Worker (2/3): shaders left to compile 8
[2020.05.17-12.55.55:706][ 57]LogShaderCompilers: Display: Worker (2/3): shaders left to compile 5
[2020.05.17-12.55.55:752][ 59]LogShaderCompilers: Display: Worker (1/3): shaders left to compile 3
[2020.05.17-12.55.55:824][ 61]LogShaderCompilers: Display: Worker (3/3): shaders left to compile 1
[2020.05.17-12.55.56:693][ 99]LogRenderer: Reallocating scene render targets to support 1176x1024 Format 10 NumSamples 1 (Frame:98).
[2020.05.17-12.56.05:857][126]LogSlate: FSceneViewport::OnFocusLost() reason 0
[2020.05.17-12.56.07:373][252]LogSlate: Took 0.000807 seconds to synchronously load lazily loaded font '../../../Engine/Content/Slate/Fonts/Roboto-BoldCondensed.ttf' (158K)
[2020.05.17-12.56.19:588][707]LogSlate: Took 0.000119 seconds to synchronously load lazily loaded font '../../../Engine/Content/Slate/Fonts/Roboto-Light.ttf' (167K)
[2020.05.17-12.57.02:692][  7]LogMaterial: Display: Missing cached shader map for material M_Landscape, compiling. 
[2020.05.17-12.57.02:840][  7]LogShaderCompilers: Display: Worker (1/3): shaders left to compile 138
[2020.05.17-12.57.02:840][  7]LogShaderCompilers: Display: Worker (2/3): shaders left to compile 128
[2020.05.17-12.57.02:840][  7]LogShaderCompilers: Display: Worker (3/3): shaders left to compile 118
[2020.05.17-12.57.02:840][  7]LogMaterial: Display: Missing cached shader map for material M_Landscape, compiling. 
[2020.05.17-12.57.04:768][  7]LogShaderCompilers: Display: Worker (3/3): shaders left to compile 196
[2020.05.17-12.57.04:842][  7]LogShaderCompilers: Display: Worker (2/3): shaders left to compile 186
[2020.05.17-12.57.07:515][  7]LogShaderCompilers: Display: Worker (3/3): shaders left to compile 176
[2020.05.17-12.57.07:641][  7]LogShaderCompilers: Display: Worker (2/3): shaders left to compile 166
[2020.05.17-12.57.07:909][  7]LogShaderCompilers: Display: Worker (1/3): shaders left to compile 156
[2020.05.17-12.57.08:803][  7]LogMaterial: Display: Missing cached shader map for material M_Landscape, compiling. 
[2020.05.17-12.57.08:873][  7]LogMaterial: Display: Missing cached shader map for material M_Landscape, compiling. 
[2020.05.17-12.57.10:699][  7]LogShaderCompilers: Display: Worker (1/3): shaders left to compile 372
[2020.05.17-12.57.12:716][  7]LogShaderCompilers: Display: Worker (2/3): shaders left to compile 362
[2020.05.17-12.57.13:013][  7]LogShaderCompilers: Display: Worker (3/3): shaders left to compile 352
[2020.05.17-12.57.13:625][  7]LogShaderCompilers: Display: Worker (1/3): shaders left to compile 342
[2020.05.17-12.57.15:523][  7]LogShaderCompilers: Display: Worker (2/3): shaders left to compile 332
[2020.05.17-12.57.16:014][  7]LogShaderCompilers: Display: Worker (3/3): shaders left to compile 322
[2020.05.17-12.57.16:019][  7]LogMaterial: Display: Missing cached shader map for material M_Landscape, compiling. 
[2020.05.17-12.57.16:093][  7]LogMaterial: Display: Missing cached shader map for material M_Landscape, compiling. 
[2020.05.17-12.57.17:491][  7]LogShaderCompilers: Display: Worker (1/3): shaders left to compile 538
[2020.05.17-12.57.19:975][  7]LogMaterial: Display: Missing cached shader map for material M_Landscape, compiling. 
[2020.05.17-12.57.20:049][  7]LogMaterial: Display: Missing cached shader map for material M_Landscape, compiling. 
[2020.05.17-12.57.20:391][  7]LogShaderCompilers: Display: Worker (3/3): shaders left to compile 754
[2020.05.17-12.57.20:399][  7]LogShaderCompilers: Display: Worker (1/3): shaders left to compile 744
[2020.05.17-12.57.21:102][  7]LogShaderCompilers: Display: Worker (2/3): shaders left to compile 734
[2020.05.17-12.57.23:653][  7]LogShaderCompilers: Display: Worker (3/3): shaders left to compile 724
[2020.05.17-12.57.24:311][  7]LogShaderCompilers: Display: Worker (1/3): shaders left to compile 714
[2020.05.17-12.57.24:555][  7]LogMaterial: Display: Missing cached shader map for material M_Landscape, compiling. 
[2020.05.17-12.57.24:625][  7]LogMaterial: Display: Missing cached shader map for material M_Landscape, compiling. 
[2020.05.17-12.57.27:257][  7]LogShaderCompilers: Display: Worker (3/3): shaders left to compile 930
[2020.05.17-12.57.27:419][  7]LogShaderCompilers: Display: Worker (1/3): shaders left to compile 920
[2020.05.17-12.57.27:630][  7]LogShaderCompilers: Display: Worker (2/3): shaders left to compile 910
[2020.05.17-12.57.30:153][  7]LogShaderCompilers: Display: Worker (3/3): shaders left to compile 900
[2020.05.17-12.57.32:591][  7]LogShaderCompilers: Display: Worker (2/3): shaders left to compile 890
[2020.05.17-12.57.33:762][  7]LogShaderCompilers: Display: Worker (1/3): shaders left to compile 880
[2020.05.17-12.57.34:012][  7]LogShaderCompilers: Display: Worker (3/3): shaders left to compile 870
[2020.05.17-12.57.34:568][  7]LogMaterial: Display: Missing cached shader map for material M_Landscape, compiling. 
[2020.05.17-12.57.34:640][  7]LogMaterial: Display: Missing cached shader map for material M_Landscape, compiling. 
[2020.05.17-12.57.35:685][  7]LogShaderCompilers: Display: Worker (2/3): shaders left to compile 1086
[2020.05.17-12.57.37:047][  7]LogShaderCompilers: Display: Worker (3/3): shaders left to compile 1076
[2020.05.17-12.57.37:246][  7]LogShaderCompilers: Display: Worker (1/3): shaders left to compile 1066
[2020.05.17-12.57.40:724][  7]LogShaderCompilers: Display: Worker (2/3): shaders left to compile 1056
[2020.05.17-12.57.42:779][  7]LogShaderCompilers: Display: Worker (1/3): shaders left to compile 1046
[2020.05.17-12.57.44:677][  7]LogShaderCompilers: Display: Worker (3/3): shaders left to compile 1036
[2020.05.17-12.57.45:442][  7]LogShaderCompilers: Display: Worker (2/3): shaders left to compile 1026
[2020.05.17-12.57.46:358][  7]LogShaderCompilers: Display: Worker (1/3): shaders left to compile 1016
[2020.05.17-12.57.46:986][  7]LogMaterial: Display: Missing cached shader map for material M_Landscape, compiling. 
[2020.05.17-12.57.47:081][  7]LogMaterial: Display: Missing cached shader map for material M_Landscape, compiling. 
[2020.05.17-12.57.47:304][  7]LogMaterial: Display: Missing cached shader map for material M_Landscape, compiling. 
[2020.05.17-12.57.47:379][  7]LogMaterial: Display: Missing cached shader map for material M_Landscape, compiling. 
[2020.05.17-12.57.48:140][  7]LogShaderCompilers: Display: Worker (3/3): shaders left to compile 1458
[2020.05.17-12.57.48:645][  7]LogShaderCompilers: Display: Worker (2/3): shaders left to compile 1448
[2020.05.17-12.57.53:921][  7]LogShaderCompilers: Display: Worker (1/3): shaders left to compile 1438
[2020.05.17-12.57.55:392][  7]LogShaderCompilers: Display: Worker (2/3): shaders left to compile 1428
[2020.05.17-12.57.57:105][  7]LogShaderCompilers: Display: Worker (3/3): shaders left to compile 1418
[2020.05.17-12.57.58:538][  7]LogShaderCompilers: Display: Worker (1/3): shaders left to compile 1408
[2020.05.17-12.57.59:841][  7]LogShaderCompilers: Display: Worker (2/3): shaders left to compile 1398
[2020.05.17-12.58.05:163][  7]LogShaderCompilers: Display: Worker (2/3): shaders left to compile 1388
[2020.05.17-12.58.05:900][  7]LogShaderCompilers: Display: Worker (3/3): shaders left to compile 1378
[2020.05.17-12.58.07:676][  7]LogShaderCompilers: Display: Worker (1/3): shaders left to compile 1368
[2020.05.17-12.58.09:914][  7]LogShaderCompilers: Display: Worker (2/3): shaders left to compile 1358
[2020.05.17-12.58.11:722][  7]LogShaderCompilers: Display: Worker (3/3): shaders left to compile 1348
[2020.05.17-12.58.15:698][  7]LogShaderCompilers: Display: Worker (2/3): shaders left to compile 1338
[2020.05.17-12.58.17:168][  7]LogShaderCompilers: Display: Worker (3/3): shaders left to compile 1328
[2020.05.17-12.58.18:439][  7]LogShaderCompilers: Display: Worker (1/3): shaders left to compile 1318
[2020.05.17-12.58.19:179][  7]LogShaderCompilers: Display: Worker (2/3): shaders left to compile 1308
[2020.05.17-12.58.21:297][  7]LogShaderCompilers: Display: Worker (3/3): shaders left to compile 1298
[2020.05.17-12.58.21:665][  7]LogShaderCompilers: Display: Worker (1/3): shaders left to compile 1288
[2020.05.17-12.58.26:548][  7]LogShaderCompilers: Display: Worker (1/3): shaders left to compile 1278
[2020.05.17-12.58.27:236][  7]LogShaderCompilers: Display: Worker (2/3): shaders left to compile 1268
[2020.05.17-12.58.28:371][  7]LogMaterial: Display: Missing cached shader map for material M_Landscape, compiling. 
[2020.05.17-12.58.28:491][  7]LogMaterial: Display: Missing cached shader map for material M_Landscape, compiling. 
[2020.05.17-12.58.28:870][  7]LogShaderCompilers: Display: Worker (3/3): shaders left to compile 1484
[2020.05.17-12.58.30:674][  7]LogShaderCompilers: Display: Worker (1/3): shaders left to compile 1474
[2020.05.17-12.58.30:685][  7]LogShaderCompilers: Display: Worker (2/3): shaders left to compile 1464
[2020.05.17-12.58.33:458][  7]LogShaderCompilers: Display: Worker (3/3): shaders left to compile 1454
[2020.05.17-12.58.36:342][  7]LogShaderCompilers: Display: Worker (1/3): shaders left to compile 1444
[2020.05.17-12.58.39:224][  7]LogShaderCompilers: Display: Worker (2/3): shaders left to compile 1434
[2020.05.17-12.58.39:955][  7]LogShaderCompilers: Display: Worker (1/3): shaders left to compile 1424
[2020.05.17-12.58.41:608][  7]LogShaderCompilers: Display: Worker (3/3): shaders left to compile 1414
[2020.05.17-12.58.42:743][  7]LogShaderCompilers: Display: Worker (2/3): shaders left to compile 1404
[2020.05.17-12.58.45:976][  7]LogShaderCompilers: Display: Worker (1/3): shaders left to compile 1394
[2020.05.17-12.58.49:429][  7]LogShaderCompilers: Display: Worker (2/3): shaders left to compile 1384
[2020.05.17-12.58.49:633][  7]LogShaderCompilers: Display: Worker (1/3): shaders left to compile 1374
[2020.05.17-12.58.50:513][  7]LogShaderCompilers: Display: Worker (2/3): shaders left to compile 1364
[2020.05.17-12.58.50:523][  7]LogShaderCompilers: Display: Worker (3/3): shaders left to compile 1354
[2020.05.17-12.58.50:728][  7]LogShaderCompilers: Display: Worker (1/3): shaders left to compile 1344
[2020.05.17-12.58.50:826][  7]LogD3D11RHI: Error: Device->CreateBuffer(&Desc, NULL, UniformBufferResource.GetInitReference()) failed 
 at D:/Build/++UE4/Sync/Engine/Source/Runtime/Windows/D3D11RHI/Private/D3D11UniformBuffer.cpp:157 
 with error E_OUTOFMEMORY
[2020.05.17-12.58.50:849][  7]LogShaderCompilers: Display: Worker (3/3): shaders left to compile 1334
[2020.05.17-12.58.51:017][  7]LogShaderCompilers: Display: Worker (2/3): shaders left to compile 1324
[2020.05.17-12.58.51:031][  7]LogShaderCompilers: Display: Worker (1/3): shaders left to compile 1314
[2020.05.17-12.58.51:256][  7]LogShaderCompilers: Display: Worker (3/3): shaders left to compile 1304
[2020.05.17-12.58.51:288][  7]LogShaderCompilers: Display: Worker (2/3): shaders left to compile 1294
[2020.05.17-12.58.51:359][  7]LogShaderCompilers: Display: Worker (1/3): shaders left to compile 1284
[2020.05.17-12.58.51:575][  7]LogShaderCompilers: Display: Worker (2/3): shaders left to compile 1274
[2020.05.17-12.58.51:589][  7]LogShaderCompilers: Display: Worker (3/3): shaders left to compile 1264
[2020.05.17-12.58.51:607][  7]LogShaderCompilers: Display: Worker (1/3): shaders left to compile 1254
[2020.05.17-12.58.51:838][  7]LogShaderCompilers: Display: Worker (3/3): shaders left to compile 1244
[2020.05.17-12.58.51:856][  7]LogShaderCompilers: Display: Worker (1/3): shaders left to compile 1234
[2020.05.17-12.58.51:915][  7]LogShaderCompilers: Display: Worker (2/3): shaders left to compile 1224
[2020.05.17-12.58.52:181][  7]LogShaderCompilers: Display: Worker (1/3): shaders left to compile 1214
[2020.05.17-12.58.52:197][  7]LogShaderCompilers: Display: Worker (2/3): shaders left to compile 1204
[2020.05.17-12.58.52:213][  7]LogShaderCompilers: Display: Worker (3/3): shaders left to compile 1194
[2020.05.17-12.58.52:432][  7]LogShaderCompilers: Display: Worker (2/3): shaders left to compile 1184
[2020.05.17-12.58.52:500][  7]LogShaderCompilers: Display: Worker (3/3): shaders left to compile 1174
[2020.05.17-12.58.52:528][  7]LogShaderCompilers: Display: Worker (1/3): shaders left to compile 1164
[2020.05.17-12.58.52:743][  7]LogShaderCompilers: Display: Worker (3/3): shaders left to compile 1154
[2020.05.17-12.58.52:759][  7]LogShaderCompilers: Display: Worker (1/3): shaders left to compile 1144
[2020.05.17-12.58.52:876][  7]LogShaderCompilers: Display: Worker (2/3): shaders left to compile 1134
[2020.05.17-12.58.53:077][  7]LogShaderCompilers: Display: Worker (3/3): shaders left to compile 1124
[2020.05.17-12.58.53:117][  7]LogShaderCompilers: Display: Worker (1/3): shaders left to compile 1114
[2020.05.17-12.58.53:290][  7]LogShaderCompilers: Display: Worker (2/3): shaders left to compile 1104
[2020.05.17-12.58.53:396][  7]LogShaderCompilers: Display: Worker (1/3): shaders left to compile 1094
[2020.05.17-12.58.53:427][  7]LogShaderCompilers: Display: Worker (3/3): shaders left to compile 1084
[2020.05.17-12.58.53:607][  7]LogShaderCompilers: Display: Worker (2/3): shaders left to compile 1074
[2020.05.17-12.58.53:748][  7]LogShaderCompilers: Display: Worker (1/3): shaders left to compile 1064
[2020.05.17-12.58.53:831][  7]LogShaderCompilers: Display: Worker (3/3): shaders left to compile 1054
[2020.05.17-12.58.54:052][  7]LogShaderCompilers: Display: Worker (2/3): shaders left to compile 1044
[2020.05.17-12.58.54:102][  7]LogShaderCompilers: Display: Worker (1/3): shaders left to compile 1034
[2020.05.17-12.58.54:262][  7]LogShaderCompilers: Display: Worker (3/3): shaders left to compile 1024
[2020.05.17-12.58.54:489][  7]LogShaderCompilers: Display: Worker (2/3): shaders left to compile 1014
[2020.05.17-12.58.54:509][  7]LogShaderCompilers: Display: Worker (1/3): shaders left to compile 1004
[2020.05.17-12.58.54:575][  7]LogShaderCompilers: Display: Worker (3/3): shaders left to compile 994
[2020.05.17-12.58.54:839][  7]LogShaderCompilers: Display: Worker (3/3): shaders left to compile 984
[2020.05.17-12.58.54:851][  7]LogShaderCompilers: Display: Worker (1/3): shaders left to compile 974
[2020.05.17-12.58.54:881][  7]LogShaderCompilers: Display: Worker (2/3): shaders left to compile 964
[2020.05.17-12.58.55:089][  7]LogShaderCompilers: Display: Worker (1/3): shaders left to compile 954
[2020.05.17-12.58.55:105][  7]LogShaderCompilers: Display: Worker (3/3): shaders left to compile 944
[2020.05.17-12.58.55:230][  7]LogShaderCompilers: Display: Worker (2/3): shaders left to compile 934
[2020.05.17-12.58.55:372][  7]LogShaderCompilers: Display: Worker (3/3): shaders left to compile 924
[2020.05.17-12.58.55:599][  7]LogShaderCompilers: Display: Worker (2/3): shaders left to compile 914
[2020.05.17-12.58.55:830][  7]LogWindows: Windows GetLastError: Операция успешно завершена. (0)
[2020.05.17-12.59.15:871][  7]LogShaderCompilers: Display: Shaders left to compile 0
[2020.05.17-12.59.15:871][  7]LogConsoleResponse:     25 = 65536 KB (Cube 1024 PF_FloatRGBA RT) ReflectionColorScratchCubemap0
[2020.05.17-12.59.15:871][  7]LogConsoleResponse:     24 = 65536 KB (Cube 1024 PF_FloatRGBA RT) ReflectionColorScratchCubemap1
[2020.05.17-12.59.15:872][  7]LogConsoleResponse:     28 = 9408 KB (2D 1176x1024 PF_FloatRGBA RT UAV VRam) SceneColor VRamInKB(Start/Size):<NONE>
[2020.05.17-12.59.15:872][  7]LogConsoleResponse:     44 = 9408 KB (2D 1176x1024 PF_FloatRGBA RT UAV) LightAccumulation
[2020.05.17-12.59.15:872][  7]LogConsoleResponse:     67 = 9408 KB (2D 1176x1024 PF_FloatRGBA RT) SSRTemporalAA
[2020.05.17-12.59.15:872][  7]LogConsoleResponse:     54 = 5880 KB (2D 1176x1024 PF_DepthStencil VRam) SceneDepthZ VRamInKB(Start/Size):<NONE>
[2020.05.17-12.59.15:872][  7]LogConsoleResponse:     53 = 2940 KB (2D 588x512 PF_DepthStencil) SmallDepthZ
[2020.05.17-12.59.15:872][  7]LogConsoleResponse:     43 = 2352 KB (2D 1176x512 PF_R32_UINT RT UAV) QuadOverdrawBuffer
[2020.05.17-12.59.15:872][  7]LogConsoleResponse:     51 = 2048 KB (3D 64x64x64 PF_FloatRGBA RT UAV) TranslucentVolume0
[2020.05.17-12.59.15:872][  7]LogConsoleResponse:     49 = 2048 KB (3D 64x64x64 PF_FloatRGBA RT UAV) TranslucentVolume1
[2020.05.17-12.59.15:872][  7]LogConsoleResponse:     47 = 2048 KB (3D 64x64x64 PF_FloatRGBA RT UAV) TranslucentVolume2
[2020.05.17-12.59.15:872][  7]LogConsoleResponse:     50 = 2048 KB (3D 64x64x64 PF_FloatRGBA RT UAV) TranslucentVolumeDir0
[2020.05.17-12.59.15:872][  7]LogConsoleResponse:     48 = 2048 KB (3D 64x64x64 PF_FloatRGBA RT UAV) TranslucentVolumeDir1
[2020.05.17-12.59.15:872][  7]LogConsoleResponse:     46 = 2048 KB (3D 64x64x64 PF_FloatRGBA RT UAV) TranslucentVolumeDir2
[2020.05.17-12.59.15:872][  7]LogConsoleResponse:     32 = 2048 KB (3D 64x64x64 PF_FloatRGBA) IndirectLightingCache_0
[2020.05.17-12.59.15:872][  7]LogConsoleResponse:     33 = 2048 KB (3D 64x64x64 PF_FloatRGBA) IndirectLightingCache_1
[2020.05.17-12.59.15:872][  7]LogConsoleResponse:     34 = 2048 KB (3D 64x64x64 PF_FloatRGBA) IndirectLightingCache_2
[2020.05.17-12.59.15:872][  7]LogConsoleResponse:     52 = 1176 KB (2D 1176x1024 PF_G8 RT UAV) ScreenSpaceAO
[2020.05.17-12.59.15:872][  7]LogConsoleResponse:      2 = 256 KB (2D 256x256 PF_B8G8R8A8) HZBResultsCPU
[2020.05.17-12.59.15:872][  7]LogConsoleResponse:      3 = 256 KB (2D 256x256 PF_B8G8R8A8) HZBResultsCPU
[2020.05.17-12.59.15:872][  7]LogConsoleResponse:      1 = 256 KB (2D 256x256 PF_B8G8R8A8) HZBResultsCPU
[2020.05.17-12.59.15:872][  7]LogConsoleResponse:     60 = 128 KB (3D 32x32x32 PF_A2B10G10R10 RT VRam) CombineLUTs VRamInKB(Start/Size):<NONE>
[2020.05.17-12.59.15:872][  7]LogConsoleResponse:      9 = 64 KB (2D 128x128 PF_B8G8R8A8) PerlinNoiseGradient
[2020.05.17-12.59.15:872][  7]LogConsoleResponse:     23 = 64 KB (Cube 32 PF_FloatRGBA RT) DiffuseIrradianceScratchCubemap0
[2020.05.17-12.59.15:872][  7]LogConsoleResponse:     22 = 64 KB (Cube 32 PF_FloatRGBA RT) DiffuseIrradianceScratchCubemap1
[2020.05.17-12.59.15:872][  7]LogConsoleResponse:     45 = 32 KB (2D 64x64 PF_A16B16G16R16) SSProfiles
[2020.05.17-12.59.15:872][  7]LogConsoleResponse:     18 = 32 KB (2D 64x64 PF_FloatRGBA VRam) LTCMat VRamInKB(Start/Size):<NONE>
[2020.05.17-12.59.15:872][  7]LogConsoleResponse:     17 = 16 KB (2D 128x32 PF_G16R16) PreintegratedGF
[2020.05.17-12.59.15:872][  7]LogConsoleResponse:     19 = 16 KB (2D 64x64 PF_G16R16F VRam) LTCAmp VRamInKB(Start/Size):<NONE>
[2020.05.17-12.59.15:873][  7]LogConsoleResponse:     15 = 16 KB (3D 16x16x16 PF_B8G8R8A8) PerlinNoise3D
[2020.05.17-12.59.15:873][  7]LogConsoleResponse:     16 = 8 KB (2D 64x64 PF_R8G8) SSAORandomization
[2020.05.17-12.59.15:873][  7]LogConsoleResponse:     63 = 1 KB (2D 1x1 PF_A32B32G32R32F RT UAV) EyeAdaptation
[2020.05.17-12.59.15:873][  7]LogConsoleResponse:     62 = 1 KB (2D 1x1 PF_A32B32G32R32F RT UAV) EyeAdaptation
[2020.05.17-12.59.15:873][  7]LogConsoleResponse:      6 = 1 KB (2D 1x1 PF_B8G8R8A8 RT) BlackAlphaOneDummy
[2020.05.17-12.59.15:873][  7]LogConsoleResponse:      5 = 1 KB (2D 1x1 PF_B8G8R8A8 RT) BlackDummy
[2020.05.17-12.59.15:873][  7]LogConsoleResponse:      8 = 1 KB (2D 1x1 PF_B8G8R8A8 RT) DefaultNormal8Bit
[2020.05.17-12.59.15:873][  7]LogConsoleResponse:      7 = 1 KB (2D 1x1 PF_B8G8R8A8 RT) GreenDummy
[2020.05.17-12.59.15:873][  7]LogConsoleResponse:      4 = 1 KB (2D 1x1 PF_B8G8R8A8 RT) WhiteDummy
[2020.05.17-12.59.15:873][  7]LogConsoleResponse:     11 = 1 KB (2D 1x1 PF_DepthStencil) DepthDummy
[2020.05.17-12.59.15:873][  7]LogConsoleResponse:     10 = 1 KB (2D 1x1 PF_FloatRGBA RT) MaxFP16Depth
[2020.05.17-12.59.15:873][  7]LogConsoleResponse:     12 = 1 KB (2D 1x1 PF_FloatRGBA RT) MidGreyDummy
[2020.05.17-12.59.15:873][  7]LogConsoleResponse:     13 = 1 KB (2D 32x16 PF_R16_UINT) SobolSampling
[2020.05.17-12.59.15:873][  7]LogConsoleResponse:     21 = 1 KB (2D 9x1 PF_FloatRGBA RT) SkySHIrradianceMap
[2020.05.17-12.59.15:873][  7]LogConsoleResponse:     14 = 1 KB (3D 1x1x1 PF_B8G8R8A8 RT) VolumetricBlackDummy
[2020.05.17-12.59.15:873][  7]LogConsoleResponse: 
[2020.05.17-12.59.15:873][  7]LogConsoleResponse: Pool: 187/187 MB (referenced/allocated)
[2020.05.17-12.59.15:873][  7]Cmd: rhi.DumpMemory
[2020.05.17-12.59.15:873][  7]RHI resource memory (not tracked by our allocator)
[2020.05.17-12.59.15:873][  7]       134348736  -  Render target memory Cube - STAT_RenderTargetMemoryCube - STATGROUP_RHI - STATCAT_Advanced
[2020.05.17-12.59.15:873][  7]        90482692  -  Render target memory 3D - STAT_RenderTargetMemory3D - STATGROUP_RHI - STATCAT_Advanced
[2020.05.17-12.59.15:873][  7]      1683365984  -  Uniform buffer memory - STAT_UniformBufferMemory - STATGROUP_RHI - STATCAT_Advanced
[2020.05.17-12.59.15:873][  7]        28336200  -  Texture memory 3D - STAT_TextureMemory3D - STATGROUP_RHI - STATCAT_Advanced
[2020.05.17-12.59.15:873][  7]       750179242  -  Texture memory 2D - STAT_TextureMemory2D - STATGROUP_RHI - STATCAT_Advanced
[2020.05.17-12.59.15:873][  7]        86048868  -  Texture memory Cube - STAT_TextureMemoryCube - STATGROUP_RHI - STATCAT_Advanced
[2020.05.17-12.59.15:873][  7]       499582293  -  Render target memory 2D - STAT_RenderTargetMemory2D - STATGROUP_RHI - STATCAT_Advanced
[2020.05.17-12.59.15:873][  7]          410412  -  Structured buffer memory - STAT_StructuredBufferMemory - STATGROUP_RHI - STATCAT_Advanced
[2020.05.17-12.59.15:873][  7]        96733520  -  Vertex buffer memory - STAT_VertexBufferMemory - STATGROUP_RHI - STATCAT_Advanced
[2020.05.17-12.59.15:873][  7]        16009570  -  Index buffer memory - STAT_IndexBufferMemory - STATGROUP_RHI - STATCAT_Advanced
[2020.05.17-12.59.15:874][  7]3228.662MB total
[2020.05.17-12.59.15:874][  7]LogWindows: FPlatformMisc::RequestExit(1)
[2020.05.17-12.59.15:877][  7]Log file closed, 05/17/20 15:59:15
