Log file open, 05/17/20 15:30:29
LogWindows: Failed to load 'aqProf.dll' (GetLastError=126)
LogWindows: File 'aqProf.dll' does not exist
LogWindows: Failed to load 'VtuneApi.dll' (GetLastError=126)
LogWindows: File 'VtuneApi.dll' does not exist
LogWindows: Failed to load 'VtuneApi32e.dll' (GetLastError=126)
LogWindows: File 'VtuneApi32e.dll' does not exist
LogConsoleResponse: Display: Failed to find resolution value strings in scalability ini. Falling back to default.
LogInit: Display: Running engine for game: Level
LogPlatformFile: Not using cached read wrapper
LogTaskGraph: Started task graph with 5 named threads and 14 total threads with 3 sets of task threads.
LogStats: Stats thread started at 0.067066
LogD3D11RHI: Loaded GFSDK_Aftermath_Lib.x64.dll
LogICUInternationalization: ICU TimeZone Detection - Raw Offset: +3:00, Platform Override: ''
LogPluginManager: Mounting plugin Paper2D
LogPluginManager: Mounting plugin AISupport
LogPluginManager: Mounting plugin LightPropagationVolume
LogPluginManager: Mounting plugin ActorLayerUtilities
LogPluginManager: Mounting plugin AnimationSharing
LogPluginManager: Mounting plugin CLionSourceCodeAccess
LogPluginManager: Mounting plugin CodeLiteSourceCodeAccess
LogPluginManager: Mounting plugin GitSourceControl
LogPluginManager: Mounting plugin KDevelopSourceCodeAccess
LogPluginManager: Mounting plugin NullSourceCodeAccess
LogPluginManager: Mounting plugin PerforceSourceControl
LogPluginManager: Mounting plugin SubversionSourceControl
LogPluginManager: Mounting plugin UObjectPlugin
LogPluginManager: Mounting plugin VisualStudioCodeSourceCodeAccess
LogPluginManager: Mounting plugin VisualStudioSourceCodeAccess
LogPluginManager: Mounting plugin XCodeSourceCodeAccess
LogPluginManager: Mounting plugin AssetManagerEditor
LogPluginManager: Mounting plugin CryptoKeys
LogPluginManager: Mounting plugin CurveEditorTools
LogPluginManager: Mounting plugin DataValidation
LogPluginManager: Mounting plugin FacialAnimation
LogPluginManager: Mounting plugin GameplayTagsEditor
LogPluginManager: Mounting plugin MacGraphicsSwitching
LogPluginManager: Mounting plugin MaterialAnalyzer
LogPluginManager: Mounting plugin MobileLauncherProfileWizard
LogPluginManager: Mounting plugin PluginBrowser
LogPluginManager: Mounting plugin SpeedTreeImporter
LogPluginManager: Mounting plugin DatasmithContent
LogPluginManager: Mounting plugin VariantManagerContent
LogPluginManager: Mounting plugin AlembicImporter
LogPluginManager: Mounting plugin AutomationUtils
LogPluginManager: Mounting plugin BackChannel
LogPluginManager: Mounting plugin CharacterAI
LogPluginManager: Mounting plugin GeometryCache
LogPluginManager: Mounting plugin HTML5Networking
LogPluginManager: Mounting plugin PlatformCrypto
LogPluginManager: Mounting plugin ProxyLODPlugin
LogPluginManager: Mounting plugin SkeletalReduction
LogPluginManager: Mounting plugin MagicLeap
LogPluginManager: Mounting plugin MagicLeapMedia
LogPluginManager: Mounting plugin Substance
LogPluginManager: Mounting plugin AndroidMedia
LogPluginManager: Mounting plugin AvfMedia
LogPluginManager: Mounting plugin ImgMedia
LogPluginManager: Mounting plugin MediaCompositing
LogPluginManager: Mounting plugin MediaPlayerEditor
LogPluginManager: Mounting plugin WebMMedia
LogPluginManager: Mounting plugin WmfMedia
LogPluginManager: Mounting plugin TcpMessaging
LogPluginManager: Mounting plugin UdpMessaging
LogPluginManager: Mounting plugin ActorSequence
LogPluginManager: Mounting plugin LevelSequenceEditor
LogPluginManager: Mounting plugin MatineeToLevelSequence
LogPluginManager: Mounting plugin NetcodeUnitTest
LogPluginManager: Mounting plugin NUTUnrealEngine4
LogPluginManager: Mounting plugin OnlineSubsystemGooglePlay
LogPluginManager: Mounting plugin OnlineSubsystemIOS
LogPluginManager: Mounting plugin OnlineSubsystem
LogPluginManager: Mounting plugin OnlineSubsystemNull
LogPluginManager: Mounting plugin OnlineSubsystemUtils
LogPluginManager: Mounting plugin LauncherChunkInstaller
LogPluginManager: Mounting plugin AndroidDeviceProfileSelector
LogPluginManager: Mounting plugin AndroidMoviePlayer
LogPluginManager: Mounting plugin AndroidPermission
LogPluginManager: Mounting plugin AppleImageUtils
LogPluginManager: Mounting plugin AppleMoviePlayer
LogPluginManager: Mounting plugin ArchVisCharacter
LogPluginManager: Mounting plugin AudioCapture
LogPluginManager: Mounting plugin CableComponent
LogPluginManager: Mounting plugin CustomMeshComponent
LogPluginManager: Mounting plugin EditableMesh
LogPluginManager: Mounting plugin ExampleDeviceProfileSelector
LogPluginManager: Mounting plugin GoogleCloudMessaging
LogPluginManager: Mounting plugin IOSDeviceProfileSelector
LogPluginManager: Mounting plugin LinuxDeviceProfileSelector
LogPluginManager: Mounting plugin LocationServicesBPLibrary
LogPluginManager: Mounting plugin MobilePatchingUtils
LogPluginManager: Mounting plugin OculusVR
LogPluginManager: Mounting plugin PhysXVehicles
LogPluginManager: Mounting plugin ProceduralMeshComponent
LogPluginManager: Mounting plugin RuntimePhysXCooking
LogPluginManager: Mounting plugin SignificanceManager
LogPluginManager: Mounting plugin SteamVR
LogPluginManager: Mounting plugin WebMMoviePlayer
LogPluginManager: Mounting plugin WindowsMoviePlayer
LogPluginManager: Mounting plugin ScreenshotTools
LogInit: Using libcurl 7.55.1-DEV
LogInit:  - built for x86_64-pc-win32
LogInit:  - supports SSL with OpenSSL/1.1.1
LogInit:  - supports HTTP deflate (compression) using libz 1.2.8
LogInit:  - other features:
LogInit:      CURL_VERSION_SSL
LogInit:      CURL_VERSION_LIBZ
LogInit:      CURL_VERSION_IPV6
LogInit:      CURL_VERSION_ASYNCHDNS
LogInit:      CURL_VERSION_LARGEFILE
LogInit:      CURL_VERSION_IDN
LogInit:  CurlRequestOptions (configurable via config and command line):
LogInit:  - bVerifyPeer = true  - Libcurl will verify peer certificate
LogInit:  - bUseHttpProxy = false  - Libcurl will NOT use HTTP proxy
LogInit:  - bDontReuseConnections = false  - Libcurl will reuse connections
LogInit:  - MaxHostConnections = 16  - Libcurl will limit the number of connections to a host
LogInit:  - LocalHostAddr = Default
LogInit:  - BufferSize = 65536
LogOnline: OSS: Creating online subsystem instance for: NULL
LogInit: WinSock: version 1.1 (2.2), MaxSocks=32767, MaxUdp=65467
LogInit: Build: ++UE4+Release-4.23-CL-9631420
LogInit: Engine Version: 4.23.1-9631420+++UE4+Release-4.23
LogInit: Compatible Engine Version: 4.23.0-8386587+++UE4+Release-4.23
LogInit: Net CL: 8386587
LogInit: OS: Windows 10 (Release 1909) (), CPU: Intel(R) Core(TM) i5-7400 CPU @ 3.00GHz, GPU: NVIDIA GeForce GTX 1050 Ti
LogInit: Compiled (64-bit): Oct 18 2019 02:07:44
LogInit: Compiled with Visual C++: 19.16.27030.01
LogInit: Build Configuration: Development
LogInit: Branch Name: ++UE4+Release-4.23
LogInit: Command Line: 
LogInit: Base Directory: E:/Epic Games/UE_4.23/Engine/Binaries/Win64/
LogInit: Installed Engine Build: 1
LogDevObjectVersion: Number of dev versions registered: 23
LogDevObjectVersion:   Dev-Blueprints (B0D832E4-1F89-4F0D-ACCF-7EB736FD4AA2): 10
LogDevObjectVersion:   Dev-Build (E1C64328-A22C-4D53-A36C-8E866417BD8C): 0
LogDevObjectVersion:   Dev-Core (375EC13C-06E4-48FB-B500-84F0262A717E): 3
LogDevObjectVersion:   Dev-Editor (E4B068ED-F494-42E9-A231-DA0B2E46BB41): 34
LogDevObjectVersion:   Dev-Framework (CFFC743F-43B0-4480-9391-14DF171D2073): 35
LogDevObjectVersion:   Dev-Mobile (B02B49B5-BB20-44E9-A304-32B752E40360): 2
LogDevObjectVersion:   Dev-Networking (A4E4105C-59A1-49B5-A7C5-40C4547EDFEE): 0
LogDevObjectVersion:   Dev-Online (39C831C9-5AE6-47DC-9A44-9C173E1C8E7C): 0
LogDevObjectVersion:   Dev-Physics (78F01B33-EBEA-4F98-B9B4-84EACCB95AA2): 0
LogDevObjectVersion:   Dev-Platform (6631380F-2D4D-43E0-8009-CF276956A95A): 0
LogDevObjectVersion:   Dev-Rendering (12F88B9F-8875-4AFC-A67C-D90C383ABD29): 31
LogDevObjectVersion:   Dev-Sequencer (7B5AE74C-D270-4C10-A958-57980B212A5A): 11
LogDevObjectVersion:   Dev-VR (D7296918-1DD6-4BDD-9DE2-64A83CC13884): 2
LogDevObjectVersion:   Dev-LoadTimes (C2A15278-BFE7-4AFE-6C17-90FF531DF755): 1
LogDevObjectVersion:   Private-Geometry (6EACA3D4-40EC-4CC1-B786-8BED09428FC5): 3
LogDevObjectVersion:   Dev-AnimPhys (29E575DD-E0A3-4627-9D10-D276232CDCEA): 17
LogDevObjectVersion:   Dev-Anim (AF43A65D-7FD3-4947-9873-3E8ED9C1BB05): 2
LogDevObjectVersion:   Dev-ReflectionCapture (6B266CEC-1EC7-4B8F-A30B-E4D90942FC07): 1
LogDevObjectVersion:   Dev-Automation (0DF73D61-A23F-47EA-B727-89E90C41499A): 1
LogDevObjectVersion:   FortniteMain (601D1886-AC64-4F84-AA16-D3DE0DEAC7D6): 27
LogDevObjectVersion:   Dev-Enterprise (9DFFBCD6-494F-0158-E221-12823C92A888): 6
LogDevObjectVersion:   Dev-Niagara (F2AED0AC-9AFE-416F-8664-AA7FFA26D6FC): 1
LogDevObjectVersion:   Dev-Destruction (174F1F0B-B4C6-45A5-B13F-2EE8D0FB917D): 9
LogInit: Presizing for max 16777216 objects, including 0 objects not considered by GC, pre-allocating 0 bytes for permanent pool.
LogInit: Object subsystem initialized
LogConfig: Setting CVar [[con.DebugEarlyDefault:1]]
LogConfig: Setting CVar [[r.setres:1280x720]]
[2020.05.17-12.30.30:096][  0]LogConfig: Setting CVar [[r.VSync:0]]
[2020.05.17-12.30.30:096][  0]LogConfig: Setting CVar [[r.RHICmdBypass:0]]
[2020.05.17-12.30.30:096][  0]LogConfig: Applying CVar settings from Section [/Script/Engine.RendererSettings] File [E:/Unreal Projects/LEVEL/Level/Saved/Config/Windows/Engine.ini]
[2020.05.17-12.30.30:096][  0]LogConfig: Setting CVar [[r.GPUCrashDebugging:0]]
[2020.05.17-12.30.30:096][  0]LogConfig: Setting CVar [[r.MobileMSAA:2]]
[2020.05.17-12.30.30:096][  0]LogConfig: Setting CVar [[r.GenerateMeshDistanceFields:1]]
[2020.05.17-12.30.30:096][  0]LogConfig: Applying CVar settings from Section [/Script/Engine.RendererOverrideSettings] File [E:/Unreal Projects/LEVEL/Level/Saved/Config/Windows/Engine.ini]
[2020.05.17-12.30.30:096][  0]LogConfig: Applying CVar settings from Section [/Script/Engine.StreamingSettings] File [E:/Unreal Projects/LEVEL/Level/Saved/Config/Windows/Engine.ini]
[2020.05.17-12.30.30:096][  0]LogConfig: Setting CVar [[s.MinBulkDataSizeForAsyncLoading:131072]]
[2020.05.17-12.30.30:096][  0]LogConfig: Setting CVar [[s.AsyncLoadingThreadEnabled:0]]
[2020.05.17-12.30.30:096][  0]LogConfig: Setting CVar [[s.EventDrivenLoaderEnabled:1]]
[2020.05.17-12.30.30:096][  0]LogConfig: Setting CVar [[s.WarnIfTimeLimitExceeded:0]]
[2020.05.17-12.30.30:096][  0]LogConfig: Setting CVar [[s.TimeLimitExceededMultiplier:1.5]]
[2020.05.17-12.30.30:096][  0]LogConfig: Setting CVar [[s.TimeLimitExceededMinTime:0.005]]
[2020.05.17-12.30.30:096][  0]LogConfig: Setting CVar [[s.UseBackgroundLevelStreaming:1]]
[2020.05.17-12.30.30:096][  0]LogConfig: Setting CVar [[s.PriorityAsyncLoadingExtraTime:15.0]]
[2020.05.17-12.30.30:096][  0]LogConfig: Setting CVar [[s.LevelStreamingActorsUpdateTimeLimit:5.0]]
[2020.05.17-12.30.30:096][  0]LogConfig: Setting CVar [[s.PriorityLevelStreamingActorsUpdateExtraTime:5.0]]
[2020.05.17-12.30.30:096][  0]LogConfig: Setting CVar [[s.LevelStreamingComponentsRegistrationGranularity:10]]
[2020.05.17-12.30.30:096][  0]LogConfig: Setting CVar [[s.UnregisterComponentsTimeLimit:1.0]]
[2020.05.17-12.30.30:096][  0]LogConfig: Setting CVar [[s.LevelStreamingComponentsUnregistrationGranularity:5]]
[2020.05.17-12.30.30:096][  0]LogConfig: Applying CVar settings from Section [/Script/Engine.GarbageCollectionSettings] File [E:/Unreal Projects/LEVEL/Level/Saved/Config/Windows/Engine.ini]
[2020.05.17-12.30.30:096][  0]LogConfig: Setting CVar [[gc.MaxObjectsNotConsideredByGC:1]]
[2020.05.17-12.30.30:096][  0]LogConfig: Setting CVar [[gc.SizeOfPermanentObjectPool:0]]
[2020.05.17-12.30.30:096][  0]LogConfig: Setting CVar [[gc.FlushStreamingOnGC:0]]
[2020.05.17-12.30.30:096][  0]LogConfig: Setting CVar [[gc.NumRetriesBeforeForcingGC:10]]
[2020.05.17-12.30.30:096][  0]LogConfig: Setting CVar [[gc.AllowParallelGC:1]]
[2020.05.17-12.30.30:096][  0]LogConfig: Setting CVar [[gc.TimeBetweenPurgingPendingKillObjects:61.1]]
[2020.05.17-12.30.30:096][  0]LogConfig: Setting CVar [[gc.MaxObjectsInEditor:16777216]]
[2020.05.17-12.30.30:096][  0]LogConfig: Setting CVar [[gc.IncrementalBeginDestroyEnabled:1]]
[2020.05.17-12.30.30:097][  0]LogConfig: Setting CVar [[gc.CreateGCClusters:1]]
[2020.05.17-12.30.30:097][  0]LogConfig: Setting CVar [[gc.MinGCClusterSize:5]]
[2020.05.17-12.30.30:097][  0]LogConfig: Setting CVar [[gc.ActorClusteringEnabled:0]]
[2020.05.17-12.30.30:097][  0]LogConfig: Setting CVar [[gc.BlueprintClusteringEnabled:0]]
[2020.05.17-12.30.30:097][  0]LogConfig: Setting CVar [[gc.UseDisregardForGCOnDedicatedServers:0]]
[2020.05.17-12.30.30:097][  0]LogConfig: Applying CVar settings from Section [/Script/Engine.NetworkSettings] File [E:/Unreal Projects/LEVEL/Level/Saved/Config/Windows/Engine.ini]
[2020.05.17-12.30.30:097][  0]LogConfig: Applying CVar settings from Section [/Script/UnrealEd.CookerSettings] File [E:/Unreal Projects/LEVEL/Level/Saved/Config/Windows/Engine.ini]
[2020.05.17-12.30.30:099][  0]LogConfig: Applying CVar settings from Section [ViewDistanceQuality@3] File [E:/Unreal Projects/LEVEL/Level/Saved/Config/Windows/Scalability.ini]
[2020.05.17-12.30.30:099][  0]LogConfig: Setting CVar [[r.SkeletalMeshLODBias:0]]
[2020.05.17-12.30.30:099][  0]LogConfig: Setting CVar [[r.ViewDistanceScale:1.0]]
[2020.05.17-12.30.30:099][  0]LogConfig: Applying CVar settings from Section [AntiAliasingQuality@3] File [E:/Unreal Projects/LEVEL/Level/Saved/Config/Windows/Scalability.ini]
[2020.05.17-12.30.30:099][  0]LogConfig: Setting CVar [[r.PostProcessAAQuality:4]]
[2020.05.17-12.30.30:099][  0]LogConfig: Applying CVar settings from Section [ShadowQuality@3] File [E:/Unreal Projects/LEVEL/Level/Saved/Config/Windows/Scalability.ini]
[2020.05.17-12.30.30:099][  0]LogConfig: Setting CVar [[r.LightFunctionQuality:1]]
[2020.05.17-12.30.30:099][  0]LogConfig: Setting CVar [[r.ShadowQuality:5]]
[2020.05.17-12.30.30:099][  0]LogConfig: Setting CVar [[r.Shadow.CSM.MaxCascades:10]]
[2020.05.17-12.30.30:099][  0]LogConfig: Setting CVar [[r.Shadow.MaxResolution:2048]]
[2020.05.17-12.30.30:099][  0]LogConfig: Setting CVar [[r.Shadow.MaxCSMResolution:2048]]
[2020.05.17-12.30.30:099][  0]LogConfig: Setting CVar [[r.Shadow.RadiusThreshold:0.01]]
[2020.05.17-12.30.30:099][  0]LogConfig: Setting CVar [[r.Shadow.DistanceScale:1.0]]
[2020.05.17-12.30.30:099][  0]LogConfig: Setting CVar [[r.Shadow.CSM.TransitionScale:1.0]]
[2020.05.17-12.30.30:099][  0]LogConfig: Setting CVar [[r.Shadow.PreShadowResolutionFactor:1.0]]
[2020.05.17-12.30.30:099][  0]LogConfig: Setting CVar [[r.DistanceFieldShadowing:1]]
[2020.05.17-12.30.30:099][  0]LogConfig: Setting CVar [[r.DistanceFieldAO:1]]
[2020.05.17-12.30.30:099][  0]LogConfig: Setting CVar [[r.AOQuality:2]]
[2020.05.17-12.30.30:099][  0]LogConfig: Setting CVar [[r.VolumetricFog:1]]
[2020.05.17-12.30.30:099][  0]LogConfig: Setting CVar [[r.VolumetricFog.GridPixelSize:8]]
[2020.05.17-12.30.30:099][  0]LogConfig: Setting CVar [[r.VolumetricFog.GridSizeZ:128]]
[2020.05.17-12.30.30:100][  0]LogConfig: Setting CVar [[r.VolumetricFog.HistoryMissSupersampleCount:4]]
[2020.05.17-12.30.30:100][  0]LogConfig: Setting CVar [[r.LightMaxDrawDistanceScale:1]]
[2020.05.17-12.30.30:100][  0]LogConfig: Setting CVar [[r.CapsuleShadows:1]]
[2020.05.17-12.30.30:100][  0]LogConfig: Applying CVar settings from Section [PostProcessQuality@3] File [E:/Unreal Projects/LEVEL/Level/Saved/Config/Windows/Scalability.ini]
[2020.05.17-12.30.30:100][  0]LogConfig: Setting CVar [[r.MotionBlurQuality:4]]
[2020.05.17-12.30.30:100][  0]LogConfig: Setting CVar [[r.AmbientOcclusionMipLevelFactor:0.4]]
[2020.05.17-12.30.30:100][  0]LogConfig: Setting CVar [[r.AmbientOcclusionMaxQuality:100]]
[2020.05.17-12.30.30:100][  0]LogConfig: Setting CVar [[r.AmbientOcclusionLevels:-1]]
[2020.05.17-12.30.30:100][  0]LogConfig: Setting CVar [[r.AmbientOcclusionRadiusScale:1.0]]
[2020.05.17-12.30.30:100][  0]LogConfig: Setting CVar [[r.DepthOfFieldQuality:2]]
[2020.05.17-12.30.30:100][  0]LogConfig: Setting CVar [[r.RenderTargetPoolMin:400]]
[2020.05.17-12.30.30:100][  0]LogConfig: Setting CVar [[r.LensFlareQuality:2]]
[2020.05.17-12.30.30:100][  0]LogConfig: Setting CVar [[r.SceneColorFringeQuality:1]]
[2020.05.17-12.30.30:100][  0]LogConfig: Setting CVar [[r.EyeAdaptationQuality:2]]
[2020.05.17-12.30.30:100][  0]LogConfig: Setting CVar [[r.BloomQuality:5]]
[2020.05.17-12.30.30:100][  0]LogConfig: Setting CVar [[r.FastBlurThreshold:100]]
[2020.05.17-12.30.30:100][  0]LogConfig: Setting CVar [[r.Upscale.Quality:3]]
[2020.05.17-12.30.30:100][  0]LogConfig: Setting CVar [[r.Tonemapper.GrainQuantization:1]]
[2020.05.17-12.30.30:100][  0]LogConfig: Setting CVar [[r.LightShaftQuality:1]]
[2020.05.17-12.30.30:100][  0]LogConfig: Setting CVar [[r.Filter.SizeScale:1]]
[2020.05.17-12.30.30:100][  0]LogConfig: Setting CVar [[r.Tonemapper.Quality:5]]
[2020.05.17-12.30.30:100][  0]LogConfig: Setting CVar [[r.DOF.Gather.AccumulatorQuality:1        ; higher gathering accumulator quality]]
[2020.05.17-12.30.30:100][  0]LogConfig: Setting CVar [[r.DOF.Gather.PostfilterMethod:1          ; Median3x3 postfilering method]]
[2020.05.17-12.30.30:100][  0]LogConfig: Setting CVar [[r.DOF.Gather.EnableBokehSettings:0       ; no bokeh simulation when gathering]]
[2020.05.17-12.30.30:100][  0]LogConfig: Setting CVar [[r.DOF.Gather.RingCount:4                 ; medium number of samples when gathering]]
[2020.05.17-12.30.30:100][  0]LogConfig: Setting CVar [[r.DOF.Scatter.ForegroundCompositing:1    ; additive foreground scattering]]
[2020.05.17-12.30.30:100][  0]LogConfig: Setting CVar [[r.DOF.Scatter.BackgroundCompositing:2    ; additive background scattering]]
[2020.05.17-12.30.30:100][  0]LogConfig: Setting CVar [[r.DOF.Scatter.EnableBokehSettings:1      ; bokeh simulation when scattering]]
[2020.05.17-12.30.30:100][  0]LogConfig: Setting CVar [[r.DOF.Scatter.MaxSpriteRatio:0.1         ; only a maximum of 10% of scattered bokeh]]
[2020.05.17-12.30.30:100][  0]LogConfig: Setting CVar [[r.DOF.Recombine.Quality:1                ; cheap slight out of focus]]
[2020.05.17-12.30.30:100][  0]LogConfig: Setting CVar [[r.DOF.Recombine.EnableBokehSettings:0    ; no bokeh simulation on slight out of focus]]
[2020.05.17-12.30.30:100][  0]LogConfig: Setting CVar [[r.DOF.TemporalAAQuality:1                ; more stable temporal accumulation]]
[2020.05.17-12.30.30:100][  0]LogConfig: Setting CVar [[r.DOF.Kernel.MaxForegroundRadius:0.025]]
[2020.05.17-12.30.30:100][  0]LogConfig: Setting CVar [[r.DOF.Kernel.MaxBackgroundRadius:0.025]]
[2020.05.17-12.30.30:100][  0]LogConfig: Applying CVar settings from Section [TextureQuality@3] File [E:/Unreal Projects/LEVEL/Level/Saved/Config/Windows/Scalability.ini]
[2020.05.17-12.30.30:100][  0]LogConfig: Setting CVar [[r.Streaming.MipBias:0]]
[2020.05.17-12.30.30:100][  0]LogConfig: Setting CVar [[r.Streaming.AmortizeCPUToGPUCopy:0]]
[2020.05.17-12.30.30:100][  0]LogConfig: Setting CVar [[r.Streaming.MaxNumTexturesToStreamPerFrame:0]]
[2020.05.17-12.30.30:100][  0]LogConfig: Setting CVar [[r.Streaming.Boost:1]]
[2020.05.17-12.30.30:100][  0]LogConfig: Setting CVar [[r.MaxAnisotropy:8]]
[2020.05.17-12.30.30:100][  0]LogConfig: Setting CVar [[r.Streaming.LimitPoolSizeToVRAM:0]]
[2020.05.17-12.30.30:100][  0]LogConfig: Setting CVar [[r.Streaming.PoolSize:1000]]
[2020.05.17-12.30.30:100][  0]LogConfig: Setting CVar [[r.Streaming.MaxEffectiveScreenSize:0]]
[2020.05.17-12.30.30:100][  0]LogConfig: Applying CVar settings from Section [EffectsQuality@3] File [E:/Unreal Projects/LEVEL/Level/Saved/Config/Windows/Scalability.ini]
[2020.05.17-12.30.30:100][  0]LogConfig: Setting CVar [[r.TranslucencyLightingVolumeDim:64]]
[2020.05.17-12.30.30:100][  0]LogConfig: Setting CVar [[r.RefractionQuality:2]]
[2020.05.17-12.30.30:100][  0]LogConfig: Setting CVar [[r.SSR.Quality:3]]
[2020.05.17-12.30.30:100][  0]LogConfig: Setting CVar [[r.SceneColorFormat:4]]
[2020.05.17-12.30.30:100][  0]LogConfig: Setting CVar [[r.DetailMode:2]]
[2020.05.17-12.30.30:100][  0]LogConfig: Setting CVar [[r.TranslucencyVolumeBlur:1]]
[2020.05.17-12.30.30:100][  0]LogConfig: Setting CVar [[r.MaterialQualityLevel:1 ; High quality]]
[2020.05.17-12.30.30:100][  0]LogConfig: Setting CVar [[r.SSS.Scale:1]]
[2020.05.17-12.30.30:100][  0]LogConfig: Setting CVar [[r.SSS.SampleSet:2]]
[2020.05.17-12.30.30:100][  0]LogConfig: Setting CVar [[r.SSS.Quality:1]]
[2020.05.17-12.30.30:100][  0]LogConfig: Setting CVar [[r.SSS.HalfRes:1]]
[2020.05.17-12.30.30:100][  0]LogConfig: Setting CVar [[r.EmitterSpawnRateScale:1.0]]
[2020.05.17-12.30.30:100][  0]LogConfig: Setting CVar [[r.ParticleLightQuality:2]]
[2020.05.17-12.30.30:100][  0]LogConfig: Applying CVar settings from Section [FoliageQuality@3] File [E:/Unreal Projects/LEVEL/Level/Saved/Config/Windows/Scalability.ini]
[2020.05.17-12.30.30:100][  0]LogConfig: Setting CVar [[foliage.DensityScale:1.0]]
[2020.05.17-12.30.30:100][  0]LogConfig: Setting CVar [[grass.DensityScale:1.0]]
[2020.05.17-12.30.30:100][  0]LogInit: Selected Device Profile: [Windows]
[2020.05.17-12.30.30:100][  0]LogInit: Applying CVar settings loaded from the selected device profile: [Windows]
[2020.05.17-12.30.30:103][  0]LogHAL: Display: Platform has ~ 8 GB [8530468864 / 8589934592 / 8], which maps to Default [LargestMinGB=32, LargerMinGB=12, DefaultMinGB=8, SmallerMinGB=6, SmallestMinGB=0)
[2020.05.17-12.30.30:103][  0]LogInit: Going up to parent DeviceProfile []
[2020.05.17-12.30.30:103][  0]LogConfig: Applying CVar settings from Section [ViewDistanceQuality@3] File [E:/Unreal Projects/LEVEL/Level/Saved/Config/Windows/Scalability.ini]
[2020.05.17-12.30.30:103][  0]LogConfig: Setting CVar [[r.SkeletalMeshLODBias:0]]
[2020.05.17-12.30.30:103][  0]LogConfig: Setting CVar [[r.ViewDistanceScale:1.0]]
[2020.05.17-12.30.30:103][  0]LogConfig: Applying CVar settings from Section [AntiAliasingQuality@3] File [E:/Unreal Projects/LEVEL/Level/Saved/Config/Windows/Scalability.ini]
[2020.05.17-12.30.30:103][  0]LogConfig: Setting CVar [[r.PostProcessAAQuality:4]]
[2020.05.17-12.30.30:103][  0]LogConfig: Applying CVar settings from Section [ShadowQuality@3] File [E:/Unreal Projects/LEVEL/Level/Saved/Config/Windows/Scalability.ini]
[2020.05.17-12.30.30:103][  0]LogConfig: Setting CVar [[r.LightFunctionQuality:1]]
[2020.05.17-12.30.30:103][  0]LogConfig: Setting CVar [[r.ShadowQuality:5]]
[2020.05.17-12.30.30:103][  0]LogConfig: Setting CVar [[r.Shadow.CSM.MaxCascades:10]]
[2020.05.17-12.30.30:103][  0]LogConfig: Setting CVar [[r.Shadow.MaxResolution:2048]]
[2020.05.17-12.30.30:103][  0]LogConfig: Setting CVar [[r.Shadow.MaxCSMResolution:2048]]
[2020.05.17-12.30.30:103][  0]LogConfig: Setting CVar [[r.Shadow.RadiusThreshold:0.01]]
[2020.05.17-12.30.30:103][  0]LogConfig: Setting CVar [[r.Shadow.DistanceScale:1.0]]
[2020.05.17-12.30.30:103][  0]LogConfig: Setting CVar [[r.Shadow.CSM.TransitionScale:1.0]]
[2020.05.17-12.30.30:103][  0]LogConfig: Setting CVar [[r.Shadow.PreShadowResolutionFactor:1.0]]
[2020.05.17-12.30.30:103][  0]LogConfig: Setting CVar [[r.DistanceFieldShadowing:1]]
[2020.05.17-12.30.30:103][  0]LogConfig: Setting CVar [[r.DistanceFieldAO:1]]
[2020.05.17-12.30.30:103][  0]LogConfig: Setting CVar [[r.AOQuality:2]]
[2020.05.17-12.30.30:103][  0]LogConfig: Setting CVar [[r.VolumetricFog:1]]
[2020.05.17-12.30.30:103][  0]LogConfig: Setting CVar [[r.VolumetricFog.GridPixelSize:8]]
[2020.05.17-12.30.30:103][  0]LogConfig: Setting CVar [[r.VolumetricFog.GridSizeZ:128]]
[2020.05.17-12.30.30:103][  0]LogConfig: Setting CVar [[r.VolumetricFog.HistoryMissSupersampleCount:4]]
[2020.05.17-12.30.30:103][  0]LogConfig: Setting CVar [[r.LightMaxDrawDistanceScale:1]]
[2020.05.17-12.30.30:103][  0]LogConfig: Setting CVar [[r.CapsuleShadows:1]]
[2020.05.17-12.30.30:103][  0]LogConfig: Applying CVar settings from Section [PostProcessQuality@3] File [E:/Unreal Projects/LEVEL/Level/Saved/Config/Windows/Scalability.ini]
[2020.05.17-12.30.30:103][  0]LogConfig: Setting CVar [[r.MotionBlurQuality:4]]
[2020.05.17-12.30.30:103][  0]LogConfig: Setting CVar [[r.AmbientOcclusionMipLevelFactor:0.4]]
[2020.05.17-12.30.30:103][  0]LogConfig: Setting CVar [[r.AmbientOcclusionMaxQuality:100]]
[2020.05.17-12.30.30:103][  0]LogConfig: Setting CVar [[r.AmbientOcclusionLevels:-1]]
[2020.05.17-12.30.30:103][  0]LogConfig: Setting CVar [[r.AmbientOcclusionRadiusScale:1.0]]
[2020.05.17-12.30.30:103][  0]LogConfig: Setting CVar [[r.DepthOfFieldQuality:2]]
[2020.05.17-12.30.30:103][  0]LogConfig: Setting CVar [[r.RenderTargetPoolMin:400]]
[2020.05.17-12.30.30:103][  0]LogConfig: Setting CVar [[r.LensFlareQuality:2]]
[2020.05.17-12.30.30:103][  0]LogConfig: Setting CVar [[r.SceneColorFringeQuality:1]]
[2020.05.17-12.30.30:103][  0]LogConfig: Setting CVar [[r.EyeAdaptationQuality:2]]
[2020.05.17-12.30.30:103][  0]LogConfig: Setting CVar [[r.BloomQuality:5]]
[2020.05.17-12.30.30:103][  0]LogConfig: Setting CVar [[r.FastBlurThreshold:100]]
[2020.05.17-12.30.30:103][  0]LogConfig: Setting CVar [[r.Upscale.Quality:3]]
[2020.05.17-12.30.30:103][  0]LogConfig: Setting CVar [[r.Tonemapper.GrainQuantization:1]]
[2020.05.17-12.30.30:103][  0]LogConfig: Setting CVar [[r.LightShaftQuality:1]]
[2020.05.17-12.30.30:103][  0]LogConfig: Setting CVar [[r.Filter.SizeScale:1]]
[2020.05.17-12.30.30:103][  0]LogConfig: Setting CVar [[r.Tonemapper.Quality:5]]
[2020.05.17-12.30.30:103][  0]LogConfig: Setting CVar [[r.DOF.Gather.AccumulatorQuality:1        ; higher gathering accumulator quality]]
[2020.05.17-12.30.30:103][  0]LogConfig: Setting CVar [[r.DOF.Gather.PostfilterMethod:1          ; Median3x3 postfilering method]]
[2020.05.17-12.30.30:103][  0]LogConfig: Setting CVar [[r.DOF.Gather.EnableBokehSettings:0       ; no bokeh simulation when gathering]]
[2020.05.17-12.30.30:103][  0]LogConfig: Setting CVar [[r.DOF.Gather.RingCount:4                 ; medium number of samples when gathering]]
[2020.05.17-12.30.30:103][  0]LogConfig: Setting CVar [[r.DOF.Scatter.ForegroundCompositing:1    ; additive foreground scattering]]
[2020.05.17-12.30.30:103][  0]LogConfig: Setting CVar [[r.DOF.Scatter.BackgroundCompositing:2    ; additive background scattering]]
[2020.05.17-12.30.30:103][  0]LogConfig: Setting CVar [[r.DOF.Scatter.EnableBokehSettings:1      ; bokeh simulation when scattering]]
[2020.05.17-12.30.30:103][  0]LogConfig: Setting CVar [[r.DOF.Scatter.MaxSpriteRatio:0.1         ; only a maximum of 10% of scattered bokeh]]
[2020.05.17-12.30.30:103][  0]LogConfig: Setting CVar [[r.DOF.Recombine.Quality:1                ; cheap slight out of focus]]
[2020.05.17-12.30.30:103][  0]LogConfig: Setting CVar [[r.DOF.Recombine.EnableBokehSettings:0    ; no bokeh simulation on slight out of focus]]
[2020.05.17-12.30.30:103][  0]LogConfig: Setting CVar [[r.DOF.TemporalAAQuality:1                ; more stable temporal accumulation]]
[2020.05.17-12.30.30:103][  0]LogConfig: Setting CVar [[r.DOF.Kernel.MaxForegroundRadius:0.025]]
[2020.05.17-12.30.30:103][  0]LogConfig: Setting CVar [[r.DOF.Kernel.MaxBackgroundRadius:0.025]]
[2020.05.17-12.30.30:103][  0]LogConfig: Applying CVar settings from Section [TextureQuality@3] File [E:/Unreal Projects/LEVEL/Level/Saved/Config/Windows/Scalability.ini]
[2020.05.17-12.30.30:103][  0]LogConfig: Setting CVar [[r.Streaming.MipBias:0]]
[2020.05.17-12.30.30:103][  0]LogConfig: Setting CVar [[r.Streaming.AmortizeCPUToGPUCopy:0]]
[2020.05.17-12.30.30:103][  0]LogConfig: Setting CVar [[r.Streaming.MaxNumTexturesToStreamPerFrame:0]]
[2020.05.17-12.30.30:103][  0]LogConfig: Setting CVar [[r.Streaming.Boost:1]]
[2020.05.17-12.30.30:103][  0]LogConfig: Setting CVar [[r.MaxAnisotropy:8]]
[2020.05.17-12.30.30:103][  0]LogConfig: Setting CVar [[r.Streaming.LimitPoolSizeToVRAM:0]]
[2020.05.17-12.30.30:103][  0]LogConfig: Setting CVar [[r.Streaming.PoolSize:1000]]
[2020.05.17-12.30.30:103][  0]LogConfig: Setting CVar [[r.Streaming.MaxEffectiveScreenSize:0]]
[2020.05.17-12.30.30:103][  0]LogConfig: Applying CVar settings from Section [EffectsQuality@3] File [E:/Unreal Projects/LEVEL/Level/Saved/Config/Windows/Scalability.ini]
[2020.05.17-12.30.30:103][  0]LogConfig: Setting CVar [[r.TranslucencyLightingVolumeDim:64]]
[2020.05.17-12.30.30:103][  0]LogConfig: Setting CVar [[r.RefractionQuality:2]]
[2020.05.17-12.30.30:103][  0]LogConfig: Setting CVar [[r.SSR.Quality:3]]
[2020.05.17-12.30.30:103][  0]LogConfig: Setting CVar [[r.SceneColorFormat:4]]
[2020.05.17-12.30.30:103][  0]LogConfig: Setting CVar [[r.DetailMode:2]]
[2020.05.17-12.30.30:103][  0]LogConfig: Setting CVar [[r.TranslucencyVolumeBlur:1]]
[2020.05.17-12.30.30:103][  0]LogConfig: Setting CVar [[r.MaterialQualityLevel:1 ; High quality]]
[2020.05.17-12.30.30:103][  0]LogConfig: Setting CVar [[r.SSS.Scale:1]]
[2020.05.17-12.30.30:103][  0]LogConfig: Setting CVar [[r.SSS.SampleSet:2]]
[2020.05.17-12.30.30:103][  0]LogConfig: Setting CVar [[r.SSS.Quality:1]]
[2020.05.17-12.30.30:103][  0]LogConfig: Setting CVar [[r.SSS.HalfRes:1]]
[2020.05.17-12.30.30:103][  0]LogConfig: Setting CVar [[r.EmitterSpawnRateScale:1.0]]
[2020.05.17-12.30.30:103][  0]LogConfig: Setting CVar [[r.ParticleLightQuality:2]]
[2020.05.17-12.30.30:103][  0]LogConfig: Applying CVar settings from Section [FoliageQuality@3] File [E:/Unreal Projects/LEVEL/Level/Saved/Config/Windows/Scalability.ini]
[2020.05.17-12.30.30:103][  0]LogConfig: Setting CVar [[foliage.DensityScale:1.0]]
[2020.05.17-12.30.30:103][  0]LogConfig: Setting CVar [[grass.DensityScale:1.0]]
[2020.05.17-12.30.30:103][  0]LogConfig: Applying CVar settings from Section [Startup] File [../../../Engine/Config/ConsoleVariables.ini]
[2020.05.17-12.30.30:103][  0]LogConfig: Setting CVar [[net.UseAdaptiveNetUpdateFrequency:0]]
[2020.05.17-12.30.30:103][  0]LogConfig: Setting CVar [[p.chaos.AllowCreatePhysxBodies:1]]
[2020.05.17-12.30.30:103][  0]LogConfig: Applying CVar settings from Section [ConsoleVariables] File [E:/Unreal Projects/LEVEL/Level/Saved/Config/Windows/Engine.ini]
[2020.05.17-12.30.30:103][  0]LogInit: Computer: DESKTOP-9MTLCG4
[2020.05.17-12.30.30:103][  0]LogInit: User: Home
[2020.05.17-12.30.30:103][  0]LogInit: CPU Page size=4096, Cores=4
[2020.05.17-12.30.30:103][  0]LogInit: High frequency timer resolution =10.000000 MHz
[2020.05.17-12.30.30:104][  0]LogMemory: Memory total: Physical=7.9GB (8GB approx)
[2020.05.17-12.30.30:104][  0]LogMemory: Platform Memory Stats for Windows
[2020.05.17-12.30.30:104][  0]LogMemory: Process Physical Memory: 100.47 MB used, 100.48 MB peak
[2020.05.17-12.30.30:104][  0]LogMemory: Process Virtual Memory: 87.81 MB used, 87.81 MB peak
[2020.05.17-12.30.30:104][  0]LogMemory: Physical Memory: 4080.19 MB used,  4055.10 MB free, 8135.29 MB total
[2020.05.17-12.30.30:104][  0]LogMemory: Virtual Memory: 4643.64 MB used,  134213088.00 MB free, 134217728.00 MB total
[2020.05.17-12.30.30:106][  0]LogWindows: WindowsPlatformFeatures enabled
[2020.05.17-12.30.30:125][  0]LogInit: Using OS detected language (ru-RU).
[2020.05.17-12.30.30:125][  0]LogInit: Using OS detected locale (ru-RU).
[2020.05.17-12.30.30:125][  0]LogTextLocalizationManager: No specific localization for 'ru-RU' exists, so the 'ru' localization will be used.
[2020.05.17-12.30.30:126][  0]LogTextLocalizationResource: LocRes '../../../Engine/Content/Localization/Editor/ru/Editor.locres' could not be opened for reading!
[2020.05.17-12.30.30:126][  0]LogTextLocalizationResource: LocRes '../../../Engine/Content/Localization/EditorTutorials/ru/EditorTutorials.locres' could not be opened for reading!
[2020.05.17-12.30.30:126][  0]LogTextLocalizationResource: LocRes '../../../Engine/Content/Localization/Keywords/ru/Keywords.locres' could not be opened for reading!
[2020.05.17-12.30.30:126][  0]LogTextLocalizationResource: LocRes '../../../Engine/Content/Localization/Category/ru/Category.locres' could not be opened for reading!
[2020.05.17-12.30.30:126][  0]LogTextLocalizationResource: LocRes '../../../Engine/Content/Localization/ToolTips/ru/ToolTips.locres' could not be opened for reading!
[2020.05.17-12.30.30:126][  0]LogTextLocalizationResource: LocRes '../../../Engine/Content/Localization/PropertyNames/ru/PropertyNames.locres' could not be opened for reading!
[2020.05.17-12.30.30:126][  0]LogTextLocalizationResource: LocRes '../../../Engine/Content/Localization/Engine/ru/Engine.locres' could not be opened for reading!
[2020.05.17-12.30.30:127][  0]LogInit: Setting process to per monitor DPI aware
[2020.05.17-12.30.30:156][  0]LogSlate: New Slate User Created.  User Index 0, Is Virtual User: 0
[2020.05.17-12.30.30:156][  0]LogSlate: Slate User Registered.  User Index 0, Is Virtual User: 0
[2020.05.17-12.30.30:289][  0]LogHMD: Failed to initialize OpenVR with code 110
[2020.05.17-12.30.30:289][  0]LogD3D11RHI: D3D11 adapters:
[2020.05.17-12.30.30:351][  0]LogD3D11RHI:    0. 'NVIDIA GeForce GTX 1050 Ti' (Feature Level 11_0)
[2020.05.17-12.30.30:351][  0]LogD3D11RHI:       4018/0/4067 MB DedicatedVideo/DedicatedSystem/SharedSystem, Outputs:1, VendorId:0x10de
[2020.05.17-12.30.30:354][  0]LogD3D11RHI:    1. 'Microsoft Basic Render Driver' (Feature Level 11_0)
[2020.05.17-12.30.30:354][  0]LogD3D11RHI:       0/0/4067 MB DedicatedVideo/DedicatedSystem/SharedSystem, Outputs:0, VendorId:0x1414
[2020.05.17-12.30.30:354][  0]LogD3D11RHI: Chosen D3D11 Adapter: 0
[2020.05.17-12.30.30:360][  0]LogD3D11RHI: Creating new Direct3DDevice
[2020.05.17-12.30.30:360][  0]LogD3D11RHI:     GPU DeviceId: 0x1c82 (for the marketing name, search the web for "GPU Device Id")
[2020.05.17-12.30.30:360][  0]LogWindows: EnumDisplayDevices:
[2020.05.17-12.30.30:361][  0]LogWindows:    0. 'NVIDIA GeForce GTX 1050 Ti' (P:1 D:1)
[2020.05.17-12.30.30:361][  0]LogWindows:    1. 'NVIDIA GeForce GTX 1050 Ti' (P:0 D:0)
[2020.05.17-12.30.30:361][  0]LogWindows:    2. 'NVIDIA GeForce GTX 1050 Ti' (P:0 D:0)
[2020.05.17-12.30.30:361][  0]LogWindows:    3. 'NVIDIA GeForce GTX 1050 Ti' (P:0 D:0)
[2020.05.17-12.30.30:361][  0]LogWindows: DebugString: FoundDriverCount:4 
[2020.05.17-12.30.30:361][  0]LogD3D11RHI:     Adapter Name: NVIDIA GeForce GTX 1050 Ti
[2020.05.17-12.30.30:361][  0]LogD3D11RHI:   Driver Version: 445.87 (internal:26.21.14.4587, unified:445.87)
[2020.05.17-12.30.30:361][  0]LogD3D11RHI:      Driver Date: 4-3-2020
[2020.05.17-12.30.30:361][  0]LogRHI: Texture pool is 2812 MB (70% of 4018 MB)
[2020.05.17-12.30.30:405][  0]LogD3D11RHI: Async texture creation enabled
[2020.05.17-12.30.30:442][  0]LogD3D11RHI: GPU Timing Frequency: 1000.000000 (Debug: 2 1)
[2020.05.17-12.30.30:717][  0]LogTemp: Display: Module 'AllDesktopTargetPlatform' loaded TargetPlatform 'AllDesktop'
[2020.05.17-12.30.30:725][  0]LogTemp: Display: Module 'MacClientTargetPlatform' loaded TargetPlatform 'MacClient'
[2020.05.17-12.30.30:732][  0]LogTemp: Display: Module 'MacNoEditorTargetPlatform' loaded TargetPlatform 'MacNoEditor'
[2020.05.17-12.30.30:740][  0]LogTemp: Display: Module 'MacServerTargetPlatform' loaded TargetPlatform 'MacServer'
[2020.05.17-12.30.30:747][  0]LogTemp: Display: Module 'MacTargetPlatform' loaded TargetPlatform 'Mac'
[2020.05.17-12.30.30:755][  0]LogTemp: Display: Module 'WindowsClientTargetPlatform' loaded TargetPlatform 'WindowsClient'
[2020.05.17-12.30.30:762][  0]LogTemp: Display: Module 'WindowsNoEditorTargetPlatform' loaded TargetPlatform 'WindowsNoEditor'
[2020.05.17-12.30.30:770][  0]LogTemp: Display: Module 'WindowsServerTargetPlatform' loaded TargetPlatform 'WindowsServer'
[2020.05.17-12.30.30:774][  0]LogTemp: Display: Module 'WindowsTargetPlatform' loaded TargetPlatform 'Windows'
[2020.05.17-12.30.30:805][  0]LogTemp: Display: Module 'AndroidTargetPlatform' loaded TargetPlatform 'Android'
[2020.05.17-12.30.30:805][  0]LogTemp: Display: Module 'AndroidTargetPlatform' loaded TargetPlatform 'Android_ASTC'
[2020.05.17-12.30.30:805][  0]LogTemp: Display: Module 'AndroidTargetPlatform' loaded TargetPlatform 'Android_ATC'
[2020.05.17-12.30.30:805][  0]LogTemp: Display: Module 'AndroidTargetPlatform' loaded TargetPlatform 'Android_DXT'
[2020.05.17-12.30.30:805][  0]LogTemp: Display: Module 'AndroidTargetPlatform' loaded TargetPlatform 'Android_ETC1'
[2020.05.17-12.30.30:805][  0]LogTemp: Display: Module 'AndroidTargetPlatform' loaded TargetPlatform 'Android_ETC1a'
[2020.05.17-12.30.30:805][  0]LogTemp: Display: Module 'AndroidTargetPlatform' loaded TargetPlatform 'Android_ETC2'
[2020.05.17-12.30.30:805][  0]LogTemp: Display: Module 'AndroidTargetPlatform' loaded TargetPlatform 'Android_PVRTC'
[2020.05.17-12.30.30:805][  0]LogTemp: Display: Module 'AndroidTargetPlatform' loaded TargetPlatform 'AndroidClient'
[2020.05.17-12.30.30:805][  0]LogTemp: Display: Module 'AndroidTargetPlatform' loaded TargetPlatform 'Android_ASTCClient'
[2020.05.17-12.30.30:805][  0]LogTemp: Display: Module 'AndroidTargetPlatform' loaded TargetPlatform 'Android_ATCClient'
[2020.05.17-12.30.30:805][  0]LogTemp: Display: Module 'AndroidTargetPlatform' loaded TargetPlatform 'Android_DXTClient'
[2020.05.17-12.30.30:805][  0]LogTemp: Display: Module 'AndroidTargetPlatform' loaded TargetPlatform 'Android_ETC1Client'
[2020.05.17-12.30.30:805][  0]LogTemp: Display: Module 'AndroidTargetPlatform' loaded TargetPlatform 'Android_ETC1aClient'
[2020.05.17-12.30.30:805][  0]LogTemp: Display: Module 'AndroidTargetPlatform' loaded TargetPlatform 'Android_ETC2Client'
[2020.05.17-12.30.30:805][  0]LogTemp: Display: Module 'AndroidTargetPlatform' loaded TargetPlatform 'Android_PVRTCClient'
[2020.05.17-12.30.30:805][  0]LogTemp: Display: Module 'AndroidTargetPlatform' loaded TargetPlatform 'Android_Multi'
[2020.05.17-12.30.30:805][  0]LogTemp: Display: Module 'AndroidTargetPlatform' loaded TargetPlatform 'Android_MultiClient'
[2020.05.17-12.30.30:806][  0]LogTemp: Display: Module 'HTML5TargetPlatform' loaded TargetPlatform 'HTML5'
[2020.05.17-12.30.30:822][  0]LogTemp: Display: Module 'IOSTargetPlatform' loaded TargetPlatform 'IOSClient'
[2020.05.17-12.30.30:822][  0]LogTemp: Display: Module 'IOSTargetPlatform' loaded TargetPlatform 'IOS'
[2020.05.17-12.30.30:835][  0]LogTemp: Display: Module 'TVOSTargetPlatform' loaded TargetPlatform 'TVOSClient'
[2020.05.17-12.30.30:835][  0]LogTemp: Display: Module 'TVOSTargetPlatform' loaded TargetPlatform 'TVOS'
[2020.05.17-12.30.30:842][  0]LogTemp: Display: Module 'LinuxClientTargetPlatform' loaded TargetPlatform 'LinuxClient'
[2020.05.17-12.30.30:848][  0]LogTemp: Display: Module 'LinuxNoEditorTargetPlatform' loaded TargetPlatform 'LinuxNoEditor'
[2020.05.17-12.30.30:854][  0]LogTemp: Display: Module 'LinuxServerTargetPlatform' loaded TargetPlatform 'LinuxServer'
[2020.05.17-12.30.30:862][  0]LogTemp: Display: Module 'LinuxTargetPlatform' loaded TargetPlatform 'Linux'
[2020.05.17-12.30.30:882][  0]LogTemp: Display: Module 'LuminTargetPlatform' loaded TargetPlatform 'Lumin'
[2020.05.17-12.30.30:882][  0]LogTemp: Display: Module 'LuminTargetPlatform' loaded TargetPlatform 'LuminClient'
[2020.05.17-12.30.30:882][  0]LogTargetPlatformManager: Display: Building Assets For Windows
[2020.05.17-12.30.30:890][  0]LogAudioDebug: Display: Lib vorbis DLL was dynamically loaded.
[2020.05.17-12.30.30:927][  0]LogShaderCompilers: Guid format shader working directory is 3 characters bigger than the processId version (../../../../../Unreal Projects/LEVEL/Level/Intermediate/Shaders/WorkingDirectory/9424/).
[2020.05.17-12.30.30:927][  0]LogShaderCompilers: Cleaned the shader compiler working directory 'C:/Users/Home/AppData/Local/Temp/UnrealShaderWorkingDir/35B1CDE946F70A8014A8D2B6DB2EDDC7/'.
[2020.05.17-12.30.30:929][  0]LogXGEController: Cannot use XGE Controller as Incredibuild is not installed on this machine.
[2020.05.17-12.30.30:929][  0]LogShaderCompilers: Cannot use XGE Shader Compiler as Incredibuild is not installed on this machine.
[2020.05.17-12.30.30:929][  0]LogShaderCompilers: Display: Using Local Shader Compiler.
[2020.05.17-12.30.31:579][  0]LogDerivedDataCache: Display: Max Cache Size: 512 MB
[2020.05.17-12.30.31:629][  0]LogDerivedDataCache: Loaded boot cache 0.05s 74MB C:/Users/Home/AppData/Local/UnrealEngine/4.23/DerivedDataCache/Boot.ddc.
[2020.05.17-12.30.31:629][  0]LogDerivedDataCache: Display: Loaded Boot cache: C:/Users/Home/AppData/Local/UnrealEngine/4.23/DerivedDataCache/Boot.ddc
[2020.05.17-12.30.31:629][  0]LogDerivedDataCache: FDerivedDataBackendGraph:  Pak pak cache file ../../../../../Unreal Projects/LEVEL/Level/DerivedDataCache/DDC.ddp not found, will not use a pak cache.
[2020.05.17-12.30.31:629][  0]LogDerivedDataCache: Unable to find inner node Pak for hierarchical cache Hierarchy.
[2020.05.17-12.30.31:629][  0]LogDerivedDataCache: FDerivedDataBackendGraph:  CompressedPak pak cache file ../../../../../Unreal Projects/LEVEL/Level/DerivedDataCache/Compressed.ddp not found, will not use a pak cache.
[2020.05.17-12.30.31:629][  0]LogDerivedDataCache: Unable to find inner node CompressedPak for hierarchical cache Hierarchy.
[2020.05.17-12.30.31:641][  0]LogDerivedDataCache: Display: Pak cache opened for reading ../../../Engine/DerivedDataCache/Compressed.ddp.
[2020.05.17-12.30.31:641][  0]LogDerivedDataCache: FDerivedDataBackendGraph:  EnterprisePak pak cache file ../../../Enterprise/DerivedDataCache/Compressed.ddp not found, will not use a pak cache.
[2020.05.17-12.30.31:641][  0]LogDerivedDataCache: Unable to find inner node EnterprisePak for hierarchical cache Hierarchy.
[2020.05.17-12.30.31:642][  0]LogDerivedDataCache: Using Local data cache path C:/Users/Home/AppData/Local/UnrealEngine/Common/DerivedDataCache: Writable
[2020.05.17-12.30.31:642][  0]LogDerivedDataCache: Shared data cache path not found in *engine.ini, will not use an Shared cache.
[2020.05.17-12.30.31:642][  0]LogDerivedDataCache: Unable to find inner node Shared for hierarchical cache Hierarchy.
[2020.05.17-12.30.31:663][  0]LogMaterial: Verifying Global Shaders for PCD3D_SM5
[2020.05.17-12.30.31:666][  0]LogSlate: Using FreeType 2.6.0
[2020.05.17-12.30.31:667][  0]LogSlate: SlateFontServices - WITH_FREETYPE: 1, WITH_HARFBUZZ: 1
[2020.05.17-12.30.31:721][  0]LogAssetRegistry: FAssetRegistry took 0.0033 seconds to start up
[2020.05.17-12.30.31:976][  0]LogInit: Selected Device Profile: [Windows]
[2020.05.17-12.30.32:122][  0]LogMeshReduction: Using QuadricMeshReduction for automatic static mesh reduction
[2020.05.17-12.30.32:122][  0]LogMeshReduction: Using SimplygonMeshReduction for automatic skeletal mesh reduction
[2020.05.17-12.30.32:122][  0]LogMeshReduction: Using ProxyLODMeshReduction for automatic mesh merging
[2020.05.17-12.30.32:122][  0]LogMeshReduction: No distributed automatic mesh merging module available
[2020.05.17-12.30.32:122][  0]LogMeshMerging: No distributed automatic mesh merging module available
[2020.05.17-12.30.32:132][  0]LogNetVersion: Level 1.0.0, NetCL: 8386587, EngineNetVer: 11, GameNetVer: 0 (Checksum: 1760920611)
[2020.05.17-12.30.32:543][  0]LogPackageLocalizationCache: Processed 12 localized package path(s) for 1 prioritized culture(s) in 0.047597 seconds
[2020.05.17-12.30.32:550][  0]LogUObjectArray: 43444 objects as part of root set at end of initial load.
[2020.05.17-12.30.32:550][  0]LogUObjectAllocator: 7548648 out of 0 bytes used by permanent object pool.
[2020.05.17-12.30.32:550][  0]LogUObjectArray: CloseDisregardForGC: 0/0 objects in disregard for GC pool
[2020.05.17-12.30.33:329][  0]LogSubstanceCoreModule: Substance [CPU] Engine Loaded, Max Texture Size = 2048
[2020.05.17-12.30.33:332][  0]LogTcpMessaging: Initializing TcpMessaging bridge
[2020.05.17-12.30.33:335][  0]LogUdpMessaging: Initializing bridge on interface 0.0.0.0:0 to multicast group 230.0.0.1:6666.
[2020.05.17-12.30.33:384][  0]SourceControl: Source control is disabled
[2020.05.17-12.30.33:784][  0]LogAndroidPermission: UAndroidPermissionCallbackProxy::GetInstance
[2020.05.17-12.30.33:901][  0]LogOcInput: OculusInput pre-init called
[2020.05.17-12.30.33:907][  0]LogWindows: Failed to load 'OVRPlugin.dll' (GetLastError=126)
[2020.05.17-12.30.33:907][  0]LogWindows: File 'OVRPlugin.dll' does not exist
[2020.05.17-12.30.34:059][  0]LogEngine: Initializing Engine...
[2020.05.17-12.30.34:060][  0]LogHMD: Failed to initialize OpenVR with code 110
[2020.05.17-12.30.34:061][  0]LogStats: UGameplayTagsManager::InitializeManager -  0.000 s
[2020.05.17-12.30.34:282][  0]LogInit: Initializing FReadOnlyCVARCache
[2020.05.17-12.30.34:299][  0]LogAIModule: Creating AISystem for world Untitled
[2020.05.17-12.30.34:325][  0]LogInit: XAudio2 using 'Динамики (Realtek(R) Audio)' : 2 channels at 48 kHz using 32 bits per sample (channel mask 0x3)
[2020.05.17-12.30.34:348][  0]LogInit: FAudioDevice initialized.
[2020.05.17-12.30.34:348][  0]LogNetVersion: Set ProjectVersion to 1.0.0.0. Version Checksum will be recalculated on next use.
[2020.05.17-12.30.34:421][  0]LogDerivedDataCache: Saved boot cache 0.07s 74MB C:/Users/Home/AppData/Local/UnrealEngine/4.23/DerivedDataCache/Boot.ddc.
[2020.05.17-12.30.34:429][  0]LogInit: Texture streaming: Enabled
[2020.05.17-12.30.34:442][  0]LogEngineSessionManager: EngineSessionManager initialized
[2020.05.17-12.30.34:442][  0]LogEditorSessionSummary: Verbose: Initializing EditorSessionSummaryWriter for editor session tracking
[2020.05.17-12.30.34:443][  0]LogEditorSessionSummary: EditorSessionSummaryWriter initialized
[2020.05.17-12.30.34:502][  0]LogInit: Transaction tracking system initialized
[2020.05.17-12.30.34:524][  0]BlueprintLog: New page: Editor Load
[2020.05.17-12.30.34:578][  0]LocalizationService: Localization service is disabled
[2020.05.17-12.30.34:617][  0]LogLinker: Warning: Failed to load '/Game/ThirdPersonBP/ThirdPersonOverview': Can't find file.
[2020.05.17-12.30.34:618][  0]LogLinker: Warning: Failed to load '/Game/ThirdPersonBP/ThirdPersonOverview': Can't find file.
[2020.05.17-12.30.34:618][  0]LogUObjectGlobals: Warning: Failed to find object 'Class /Game/ThirdPersonBP/ThirdPersonOverview.ThirdPersonOverview_C'
[2020.05.17-12.30.34:788][  0]LogCook: Display: Max memory allowance for cook 16384mb min free memory 0mb
[2020.05.17-12.30.34:788][  0]LogCook: Display: Mobile HDR setting 1
[2020.05.17-12.30.34:942][  0]LogFileCache: Scanning file cache for directory 'E:/Unreal Projects/LEVEL/Level/Content/' took 0.01s
[2020.05.17-12.30.34:942][  0]Cmd: MAP LOAD FILE="../../../../../Unreal Projects/LEVEL/Level/Content/Level/Landscape/Start_Level.umap" TEMPLATE=0 SHOWPROGRESS=1 FEATURELEVEL=3
[2020.05.17-12.30.34:942][  0]LightingResults: New page: Lighting Build
[2020.05.17-12.30.34:944][  0]LogWorld: UWorld::CleanupWorld for Untitled, bSessionEnded=true, bCleanupResources=true
[2020.05.17-12.30.34:944][  0]MapCheck: New page: Map Check
[2020.05.17-12.30.34:944][  0]LightingResults: New page: Lighting Build
[2020.05.17-12.30.34:968][  0]LogUObjectHash: Compacting FUObjectHashTables data took   1.52ms
[2020.05.17-12.30.36:148][  0]LogAIModule: Creating AISystem for world Start_Level
[2020.05.17-12.30.36:175][  0]LogEditorServer: Finished looking for orphan Actors (0.000 secs)
[2020.05.17-12.30.36:202][  0]LogUObjectHash: Compacting FUObjectHashTables data took   2.26ms
[2020.05.17-12.30.36:203][  0]Cmd: MAP CHECKDEP NOCLEARLOG
[2020.05.17-12.30.36:203][  0]MapCheck: Map check complete: 0 Error(s), 0 Warning(s), took 0,092ms to complete.
[2020.05.17-12.30.36:203][  0]LogFileHelpers: Loading map 'Start_Level' took 1.261
[2020.05.17-12.30.36:300][  0]LogSlate: Took 0.000127 seconds to synchronously load lazily loaded font '../../../Engine/Content/Slate/Fonts/Roboto-Regular.ttf' (155K)
[2020.05.17-12.30.37:734][  0]LogSlate: Only BGRA pngs, bmps or icos are supported in by External Image Picker
[2020.05.17-12.30.37:774][  0]LogCollectionManager: Loaded 0 collections in 0.000957 seconds
[2020.05.17-12.30.37:778][  0]LogFileCache: Scanning file cache for directory 'E:/Unreal Projects/LEVEL/Level/Saved/Collections/' took 0.00s
[2020.05.17-12.30.37:778][  0]LogFileCache: Scanning file cache for directory 'E:/Unreal Projects/LEVEL/Level/Content/Developers/Home/Collections/' took 0.00s
[2020.05.17-12.30.37:778][  0]LogFileCache: Scanning file cache for directory 'E:/Unreal Projects/LEVEL/Level/Content/Collections/' took 0.00s
[2020.05.17-12.30.37:778][  0]LogCollectionManager: Rebuilt the GUID cache for 0 collections in 0.000001 seconds
[2020.05.17-12.30.37:787][  0]LogContentBrowser: Native class hierarchy populated in 0.0086 seconds. Added 2877 classes and 686 folders.
[2020.05.17-12.30.37:792][  0]LogContentBrowser: Native class hierarchy updated for 'WidgetCarousel' in 0.0002 seconds. Added 0 classes and 0 folders.
[2020.05.17-12.30.37:820][  0]LogContentBrowser: Native class hierarchy updated for 'AddContentDialog' in 0.0002 seconds. Added 0 classes and 0 folders.
[2020.05.17-12.30.37:828][  0]LogContentBrowser: Native class hierarchy updated for 'WorldBrowser' in 0.0003 seconds. Added 2 classes and 3 folders.
[2020.05.17-12.30.37:852][  0]LogSlate: Updating window title bar state: overlay mode, drag disabled, window buttons hidden, title bar hidden
[2020.05.17-12.30.37:860][  0]LogSlate: Updating window title bar state: overlay mode, drag disabled, window buttons hidden, title bar hidden
[2020.05.17-12.30.37:867][  0]LogSlate: Updating window title bar state: overlay mode, drag disabled, window buttons hidden, title bar hidden
[2020.05.17-12.30.37:874][  0]LogContentBrowser: Native class hierarchy updated for 'SceneOutliner' in 0.0002 seconds. Added 1 classes and 2 folders.
[2020.05.17-12.30.37:966][  0]LogSlate: Took 0.000210 seconds to synchronously load lazily loaded font '../../../Engine/Content/Editor/Slate/Fonts/FontAwesome.ttf' (139K)
[2020.05.17-12.30.37:966][  0]LogSlate: Took 0.000147 seconds to synchronously load lazily loaded font '../../../Engine/Content/Slate/Fonts/Roboto-Bold.ttf' (160K)
[2020.05.17-12.30.37:978][  0]LogSlate: Took 0.000194 seconds to synchronously load lazily loaded font '../../../Engine/Content/Slate/Fonts/Roboto-Light.ttf' (167K)
[2020.05.17-12.30.38:032][  0]LogRenderer: Reallocating scene render targets to support 1176x952 Format 10 NumSamples 1 (Frame:1).
[2020.05.17-12.30.38:266][  0]LogContentBrowser: Native class hierarchy updated for 'HierarchicalLODOutliner' in 0.0002 seconds. Added 0 classes and 0 folders.
[2020.05.17-12.30.38:266][  0]LogLoad: (Engine Initialization) Total time: 8.95 seconds
[2020.05.17-12.30.38:266][  0]LogLoad: (Engine Initialization) Total Blueprint compile time: 0.00 seconds
[2020.05.17-12.30.38:785][  0]LogContentStreaming: Texture pool size now 1000 MB
[2020.05.17-12.30.38:824][  1]LogSubstanceLiveLink: Warning: Unable to send data along socket, closing connection
[2020.05.17-12.30.38:834][  1]LogMaterial: Display: Missing cached shader map for material Material_0, compiling. 
[2020.05.17-12.30.38:880][  1]LogShaderCompilers: Display: Worker (1/3): shaders left to compile 5
[2020.05.17-12.30.38:880][  1]LogShaderCompilers: Display: Worker (2/3): shaders left to compile 3
[2020.05.17-12.30.38:880][  1]LogShaderCompilers: Display: Worker (3/3): shaders left to compile 1
[2020.05.17-12.30.38:880][  1]LogAssetRegistry: Asset discovery search completed in 7.1614 seconds
[2020.05.17-12.30.38:889][  1]LogCollectionManager: Rebuilt the object cache for 0 collections in 0.000008 seconds (found 0 objects)
[2020.05.17-12.30.38:889][  1]LogCollectionManager: Fixed up redirectors for 0 collections in 0.000067 seconds (updated 0 objects)
[2020.05.17-12.30.39:419][  2]LogMaterial: Display: Missing cached shader map for material Material_1, compiling. 
[2020.05.17-12.30.39:424][  2]LogShaderCompilers: Display: Worker (1/3): shaders left to compile 5
[2020.05.17-12.30.39:424][  2]LogShaderCompilers: Display: Worker (3/3): shaders left to compile 3
[2020.05.17-12.30.39:487][  3]LogMaterial: Display: Missing cached shader map for material Material_2, compiling. 
[2020.05.17-12.30.39:535][  4]LogMaterial: Display: Missing cached shader map for material Material_3, compiling. 
[2020.05.17-12.30.39:574][  5]LogMaterial: Display: Missing cached shader map for material Material_4, compiling. 
[2020.05.17-12.30.40:526][ 93]LogShaderCompilers: Display: Worker (1/3): shaders left to compile 16
[2020.05.17-12.30.40:772][112]LogShaderCompilers: Display: Worker (2/3): shaders left to compile 10
[2020.05.17-12.30.41:471][163]LogShaderCompilers: Display: Worker (3/3): shaders left to compile 6
[2020.05.17-12.30.42:725][280]LogShaderCompilers: Display: Worker (3/3): shaders left to compile 3
[2020.05.17-12.30.43:398][355]LogShaderCompilers: Display: Worker (2/3): shaders left to compile 1
[2020.05.17-12.30.44:248][449]LogStaticMesh: Allocated 512x208x64 distance field atlas = 13.0Mb, with 59 objects containing 7.4Mb backing data
[2020.05.17-12.30.47:276][810]LogSlate: FSceneViewport::OnFocusLost() reason 0
[2020.05.17-12.36.39:981][ 53]LogEditorSessionSummary: EditorSessionSummary sent report. Type=Shutdown, SessionId={C14ADB81-44CA-357C-D2C5-7987124526FB}
[2020.05.17-12.38.34:856][396]LogWindowsTextInputMethodSystem: Display: IME system now deactivated.
[2020.05.17-12.38.34:856][396]LogWindowsTextInputMethodSystem: Display: IME system now deactivated.
[2020.05.17-12.39.25:189][237]LogSlate: Took 0.005619 seconds to synchronously load lazily loaded font '../../../Engine/Content/Slate/Fonts/Roboto-BoldCondensed.ttf' (158K)
[2020.05.17-12.39.32:928][162]LogSlate: Took 0.000124 seconds to synchronously load lazily loaded font '../../../Engine/Content/Slate/Fonts/Roboto-Light.ttf' (167K)
[2020.05.17-12.40.39:997][110]LogEditorSessionSummary: EditorSessionSummary sent report. Type=Shutdown, SessionId={E0737CD2-4D2F-AA76-64C9-71A7FAAA5FE6}
[2020.05.17-12.42.34:856][145]LogSlate: FSceneViewport::OnFocusLost() reason 5
[2020.05.17-12.43.10:572][ 17]LogSlate: FSceneViewport::OnFocusLost() reason 5
[2020.05.17-12.43.30:383][  8]LogSlate: FSceneViewport::OnFocusLost() reason 0
[2020.05.17-12.45.36:729][  0]LogSlate: Took 0.000242 seconds to synchronously load lazily loaded font '../../../Engine/Content/Slate/Fonts/Roboto-Italic.ttf' (157K)
[2020.05.17-12.46.01:447][317]LogSlate: FSceneViewport::OnFocusLost() reason 0
[2020.05.17-12.47.02:101][ 86]LogSlate: Window 'Color Picker' being destroyed
[2020.05.17-12.47.49:910][392]LogUObjectHash: Compacting FUObjectHashTables data took   1.86ms
[2020.05.17-12.47.50:119][392]LogSavePackage: Moving '../../../../../Unreal Projects/LEVEL/Level/Saved/Start_Level_Auto1E4FAA9B74834F47319D1EABBA4BC5607.tmp' to '../../../../../Unreal Projects/LEVEL/Level/Saved/Autosaves/Game/Level/Landscape/Start_Level_Auto1.umap'
[2020.05.17-12.47.50:128][392]LogFileHelpers: Editor autosave (incl. sublevels) for '/Game/Level/Landscape/Start_Level' took 0.249
[2020.05.17-12.47.50:128][392]LogFileHelpers: Editor autosave (incl. sublevels) for all levels took 0.249
[2020.05.17-12.48.06:574][562]LogSlate: FSceneViewport::OnFocusLost() reason 0
[2020.05.17-12.50.19:270][210]LogSlate: FSceneViewport::OnFocusLost() reason 0
[2020.05.17-12.50.32:462][851]LogSlate: FSceneViewport::OnFocusLost() reason 0
[2020.05.17-12.50.47:377][515]LogSlate: FSceneViewport::OnFocusLost() reason 5
[2020.05.17-12.50.49:334][584]LogSlate: FSceneViewport::OnFocusLost() reason 0
[2020.05.17-12.51.00:777][989]LogSlate: FSceneViewport::OnFocusLost() reason 0
[2020.05.17-12.51.15:565][504]LogSlate: FSceneViewport::OnFocusLost() reason 0
[2020.05.17-12.51.45:775][306]LogSlate: FSceneViewport::OnFocusLost() reason 0
[2020.05.17-12.51.55:147][490]LogRenderer: Reallocating scene render targets to support 1176x1024 Format 10 NumSamples 1 (Frame:42529).
[2020.05.17-12.52.28:831][853]LogActorComponent: UnregisterComponent: (/Engine/Transient.SphereBrushComponent) Not registered. Aborting.
[2020.05.17-12.53.07:465][749]LogUObjectHash: Compacting FUObjectHashTables data took   1.95ms
[2020.05.17-12.53.08:549][749]LogSlate: Window 'Save Content' being destroyed
[2020.05.17-12.53.08:685][749]Cmd: OBJ SAVEPACKAGE PACKAGE="/Game/Level/Landscape/Qal/Qal_x2_y2" FILE="../../../../../Unreal Projects/LEVEL/Level/Content/Level/Landscape/Qal/Qal_x2_y2.umap" SILENT=true AUTOSAVING=false KEEPDIRTY=false
[2020.05.17-12.53.08:711][749]LogUObjectHash: Compacting FUObjectHashTables data took   0.65ms
[2020.05.17-12.53.08:749][749]LogSpawn: Warning: UWorld::DestroyActor: World has no context! World: Qal_x2_y2, Actor: /Game/Level/Landscape/Qal/Qal_x2_y2.Qal_x2_y2:PersistentLevel.REINST_Qal_x2_y2_C_0
[2020.05.17-12.53.09:042][749]LogSavePackage: Moving '../../../../../Unreal Projects/LEVEL/Level/Saved/Qal_x2_y2DC74CFAB428B259516B29A8912380D6D.tmp' to '../../../../../Unreal Projects/LEVEL/Level/Content/Level/Landscape/Qal/Qal_x2_y2.umap'
[2020.05.17-12.53.09:054][749]LogFileHelpers: Saving map 'Qal_x2_y2' took 0.369
[2020.05.17-12.53.09:057][749]Cmd: OBJ SAVEPACKAGE PACKAGE="/Game/Level/Landscape/Start_Level" FILE="../../../../../Unreal Projects/LEVEL/Level/Content/Level/Landscape/Start_Level.umap" SILENT=true AUTOSAVING=false KEEPDIRTY=false
[2020.05.17-12.53.09:087][749]LogUObjectHash: Compacting FUObjectHashTables data took   1.88ms
[2020.05.17-12.53.09:267][749]LogSavePackage: Moving '../../../../../Unreal Projects/LEVEL/Level/Saved/Start_Level53EBF5DC4A56BBED13BEBD8839258313.tmp' to '../../../../../Unreal Projects/LEVEL/Level/Content/Level/Landscape/Start_Level.umap'
[2020.05.17-12.53.09:318][749]LogFileHelpers: Saving map 'Start_Level' took 0.261
[2020.05.17-12.53.13:836][921]LogSlate: FSceneViewport::OnFocusLost() reason 0
[2020.05.17-12.53.14:996][981]LogSlate: FSceneViewport::OnFocusLost() reason 0
[2020.05.17-12.53.19:873][331]LogMaterial: Display: Missing cached shader map for material M_Landscape, compiling. 
[2020.05.17-12.53.20:026][331]LogMaterial: Display: Missing cached shader map for material M_Landscape, compiling. 
[2020.05.17-12.53.20:071][331]LogShaderCompilers: Display: Worker (1/3): shaders left to compile 138
[2020.05.17-12.53.20:071][331]LogShaderCompilers: Display: Worker (2/3): shaders left to compile 128
[2020.05.17-12.53.20:071][331]LogShaderCompilers: Display: Worker (3/3): shaders left to compile 118
[2020.05.17-12.53.22:335][331]LogShaderCompilers: Display: Worker (2/3): shaders left to compile 196
[2020.05.17-12.53.23:407][331]LogShaderCompilers: Display: Worker (1/3): shaders left to compile 186
[2020.05.17-12.53.25:836][331]LogShaderCompilers: Display: Worker (2/3): shaders left to compile 176
[2020.05.17-12.53.25:978][331]LogShaderCompilers: Display: Worker (3/3): shaders left to compile 166
[2020.05.17-12.53.26:205][331]LogShaderCompilers: Display: Worker (1/3): shaders left to compile 156
[2020.05.17-12.53.28:763][331]LogMaterial: Display: Missing cached shader map for material M_Landscape, compiling. 
[2020.05.17-12.53.28:838][331]LogMaterial: Display: Missing cached shader map for material M_Landscape, compiling. 
[2020.05.17-12.53.29:452][331]LogShaderCompilers: Display: Worker (1/3): shaders left to compile 372
[2020.05.17-12.53.31:311][331]LogShaderCompilers: Display: Worker (3/3): shaders left to compile 362
[2020.05.17-12.53.31:634][331]LogShaderCompilers: Display: Worker (2/3): shaders left to compile 352
[2020.05.17-12.53.32:231][331]LogShaderCompilers: Display: Worker (1/3): shaders left to compile 342
[2020.05.17-12.53.34:021][331]LogShaderCompilers: Display: Worker (3/3): shaders left to compile 332
[2020.05.17-12.53.34:329][331]LogShaderCompilers: Display: Worker (2/3): shaders left to compile 322
[2020.05.17-12.53.35:975][331]LogShaderCompilers: Display: Worker (1/3): shaders left to compile 312
[2020.05.17-12.53.38:819][331]LogMaterial: Display: Missing cached shader map for material M_Landscape, compiling. 
[2020.05.17-12.53.38:890][331]LogMaterial: Display: Missing cached shader map for material M_Landscape, compiling. 
[2020.05.17-12.53.38:995][331]LogShaderCompilers: Display: Worker (2/3): shaders left to compile 528
[2020.05.17-12.53.39:344][331]LogShaderCompilers: Display: Worker (1/3): shaders left to compile 518
[2020.05.17-12.53.39:726][331]LogShaderCompilers: Display: Worker (3/3): shaders left to compile 508
[2020.05.17-12.53.42:240][331]LogShaderCompilers: Display: Worker (2/3): shaders left to compile 498
[2020.05.17-12.53.43:830][331]LogShaderCompilers: Display: Worker (1/3): shaders left to compile 488
[2020.05.17-12.53.44:190][331]LogMaterial: Display: Missing cached shader map for material M_Landscape, compiling. 
[2020.05.17-12.53.44:266][331]LogMaterial: Display: Missing cached shader map for material M_Landscape, compiling. 
[2020.05.17-12.53.46:130][331]LogShaderCompilers: Display: Worker (1/3): shaders left to compile 704
[2020.05.17-12.53.46:135][331]LogShaderCompilers: Display: Worker (2/3): shaders left to compile 694
[2020.05.17-12.53.46:779][331]LogShaderCompilers: Display: Worker (3/3): shaders left to compile 684
[2020.05.17-12.53.49:341][331]LogShaderCompilers: Display: Worker (1/3): shaders left to compile 674
[2020.05.17-12.53.50:231][331]LogMaterial: Display: Missing cached shader map for material M_Landscape, compiling. 
[2020.05.17-12.53.50:301][331]LogMaterial: Display: Missing cached shader map for material M_Landscape, compiling. 
[2020.05.17-12.53.53:741][331]LogShaderCompilers: Display: Worker (3/3): shaders left to compile 890
[2020.05.17-12.53.53:960][331]LogShaderCompilers: Display: Worker (2/3): shaders left to compile 880
[2020.05.17-12.53.53:998][331]LogShaderCompilers: Display: Worker (1/3): shaders left to compile 870
[2020.05.17-12.53.56:488][331]LogShaderCompilers: Display: Worker (3/3): shaders left to compile 860
[2020.05.17-12.53.57:396][331]LogShaderCompilers: Display: Worker (1/3): shaders left to compile 850
[2020.05.17-12.53.59:828][331]LogShaderCompilers: Display: Worker (2/3): shaders left to compile 840
[2020.05.17-12.54.01:868][331]LogShaderCompilers: Display: Worker (3/3): shaders left to compile 830
[2020.05.17-12.54.03:502][331]LogShaderCompilers: Display: Worker (2/3): shaders left to compile 820
[2020.05.17-12.54.04:369][331]LogMaterial: Display: Missing cached shader map for material M_Landscape, compiling. 
[2020.05.17-12.54.04:446][331]LogMaterial: Display: Missing cached shader map for material M_Landscape, compiling. 
[2020.05.17-12.54.05:072][331]LogShaderCompilers: Display: Worker (1/3): shaders left to compile 1036
[2020.05.17-12.54.06:049][331]LogShaderCompilers: Display: Worker (3/3): shaders left to compile 1026
[2020.05.17-12.54.07:102][331]LogShaderCompilers: Display: Worker (2/3): shaders left to compile 1016
[2020.05.17-12.54.10:406][331]LogShaderCompilers: Display: Worker (1/3): shaders left to compile 1006
[2020.05.17-12.54.11:431][331]LogShaderCompilers: Display: Worker (3/3): shaders left to compile 996
[2020.05.17-12.54.15:777][331]LogShaderCompilers: Display: Worker (2/3): shaders left to compile 986
[2020.05.17-12.54.18:080][331]LogShaderCompilers: Display: Worker (3/3): shaders left to compile 976
[2020.05.17-12.54.19:082][331]LogShaderCompilers: Display: Worker (1/3): shaders left to compile 966
[2020.05.17-12.54.20:208][331]LogShaderCompilers: Display: Worker (2/3): shaders left to compile 956
[2020.05.17-12.54.22:858][331]LogShaderCompilers: Display: Worker (3/3): shaders left to compile 946
[2020.05.17-12.54.23:518][331]LogMaterial: Display: Missing cached shader map for material M_Landscape, compiling. 
[2020.05.17-12.54.23:697][331]LogMaterial: Display: Missing cached shader map for material M_Landscape, compiling. 
[2020.05.17-12.54.23:931][331]LogMaterial: Display: Missing cached shader map for material M_Landscape, compiling. 
[2020.05.17-12.54.24:011][331]LogMaterial: Display: Missing cached shader map for material M_Landscape, compiling. 
[2020.05.17-12.54.25:518][331]LogShaderCompilers: Display: Worker (3/3): shaders left to compile 1388
[2020.05.17-12.54.26:309][331]LogShaderCompilers: Display: Worker (1/3): shaders left to compile 1378
[2020.05.17-12.54.26:910][331]LogShaderCompilers: Display: Worker (2/3): shaders left to compile 1368
[2020.05.17-12.54.29:018][331]LogShaderCompilers: Display: Worker (3/3): shaders left to compile 1358
[2020.05.17-12.54.31:336][331]LogShaderCompilers: Display: Worker (1/3): shaders left to compile 1348
[2020.05.17-12.54.34:259][331]LogShaderCompilers: Display: Worker (3/3): shaders left to compile 1338
[2020.05.17-12.54.36:053][331]LogShaderCompilers: Display: Worker (1/3): shaders left to compile 1328
[2020.05.17-12.54.38:939][331]LogShaderCompilers: Display: Worker (2/3): shaders left to compile 1318
[2020.05.17-12.54.38:939][331]LogShaderCompilers: Display: Worker (3/3): shaders left to compile 1308
[2020.05.17-12.54.40:645][331]LogShaderCompilers: Display: Worker (1/3): shaders left to compile 1298
[2020.05.17-12.54.41:188][331]LogShaderCompilers: Display: Worker (2/3): shaders left to compile 1288
[2020.05.17-12.54.46:999][331]LogShaderCompilers: Display: Worker (2/3): shaders left to compile 1278
[2020.05.17-12.54.47:611][331]LogShaderCompilers: Display: Worker (3/3): shaders left to compile 1268
[2020.05.17-12.54.50:123][331]LogShaderCompilers: Display: Worker (1/3): shaders left to compile 1258
[2020.05.17-12.54.53:747][331]LogShaderCompilers: Display: Worker (2/3): shaders left to compile 1248
[2020.05.17-12.54.53:747][331]LogShaderCompilers: Display: Worker (3/3): shaders left to compile 1238
[2020.05.17-12.54.57:038][331]LogShaderCompilers: Display: Worker (1/3): shaders left to compile 1228
[2020.05.17-12.54.59:718][331]LogShaderCompilers: Display: Worker (2/3): shaders left to compile 1218
[2020.05.17-12.55.04:899][331]LogShaderCompilers: Display: Worker (3/3): shaders left to compile 1208
[2020.05.17-12.55.05:759][331]LogShaderCompilers: Display: Worker (2/3): shaders left to compile 1198
[2020.05.17-12.55.06:000][331]LogShaderCompilers: Display: Worker (1/3): shaders left to compile 1188
[2020.05.17-12.55.06:184][331]LogD3D11RHI: Error: Device->CreateBuffer(&Desc, NULL, UniformBufferResource.GetInitReference()) failed 
 at D:/Build/++UE4/Sync/Engine/Source/Runtime/Windows/D3D11RHI/Private/D3D11UniformBuffer.cpp:157 
 with error E_OUTOFMEMORY
[2020.05.17-12.55.06:510][331]LogShaderCompilers: Display: Worker (2/3): shaders left to compile 1178
[2020.05.17-12.55.06:576][331]LogShaderCompilers: Display: Worker (3/3): shaders left to compile 1168
[2020.05.17-12.55.06:716][331]LogShaderCompilers: Display: Worker (1/3): shaders left to compile 1158
[2020.05.17-12.55.07:161][331]LogShaderCompilers: Display: Worker (3/3): shaders left to compile 1148
[2020.05.17-12.55.07:237][331]LogShaderCompilers: Display: Worker (2/3): shaders left to compile 1138
[2020.05.17-12.55.07:288][331]LogShaderCompilers: Display: Worker (1/3): shaders left to compile 1128
[2020.05.17-12.55.07:713][331]LogShaderCompilers: Display: Worker (3/3): shaders left to compile 1118
[2020.05.17-12.55.07:739][331]LogShaderCompilers: Display: Worker (1/3): shaders left to compile 1108
[2020.05.17-12.55.07:964][331]LogShaderCompilers: Display: Worker (2/3): shaders left to compile 1098
[2020.05.17-12.55.08:267][331]LogShaderCompilers: Display: Worker (3/3): shaders left to compile 1088
[2020.05.17-12.55.08:315][331]LogShaderCompilers: Display: Worker (1/3): shaders left to compile 1078
[2020.05.17-12.55.08:462][331]LogShaderCompilers: Display: Worker (2/3): shaders left to compile 1068
[2020.05.17-12.55.08:912][331]LogShaderCompilers: Display: Worker (3/3): shaders left to compile 1058
[2020.05.17-12.55.09:021][331]LogShaderCompilers: Display: Worker (1/3): shaders left to compile 1048
[2020.05.17-12.55.09:129][331]LogShaderCompilers: Display: Worker (2/3): shaders left to compile 1038
[2020.05.17-12.55.09:390][331]LogShaderCompilers: Display: Worker (3/3): shaders left to compile 1028
[2020.05.17-12.55.09:542][331]LogShaderCompilers: Display: Worker (1/3): shaders left to compile 1018
[2020.05.17-12.55.09:650][331]LogShaderCompilers: Display: Worker (2/3): shaders left to compile 1008
[2020.05.17-12.55.09:898][331]LogShaderCompilers: Display: Worker (3/3): shaders left to compile 998
[2020.05.17-12.55.10:153][331]LogShaderCompilers: Display: Worker (1/3): shaders left to compile 988
[2020.05.17-12.55.10:289][331]LogShaderCompilers: Display: Worker (2/3): shaders left to compile 978
[2020.05.17-12.55.10:514][331]LogShaderCompilers: Display: Worker (3/3): shaders left to compile 968
[2020.05.17-12.55.10:645][331]LogShaderCompilers: Display: Worker (1/3): shaders left to compile 958
[2020.05.17-12.55.10:735][331]LogShaderCompilers: Display: Worker (2/3): shaders left to compile 948
[2020.05.17-12.55.11:079][331]LogShaderCompilers: Display: Worker (3/3): shaders left to compile 938
[2020.05.17-12.55.11:117][331]LogConsoleResponse:     91 = 17493 KB (3D 147x119x128 PF_FloatRGBA RT UAV VRam) LightScattering VRamInKB(Start/Size):<NONE>
[2020.05.17-12.55.11:117][331]LogConsoleResponse:     44 = 9408 KB (2D 1176x1024 PF_FloatRGBA RT UAV VRam) SceneColor VRamInKB(Start/Size):<NONE>
[2020.05.17-12.55.11:117][331]LogConsoleResponse:     70 = 9408 KB (2D 1176x1024 PF_FloatRGBA RT UAV) LightAccumulation
[2020.05.17-12.55.11:117][331]LogConsoleResponse:     46 = 9408 KB (2D 1176x1024 PF_FloatRGBA RT) TemporalAA
[2020.05.17-12.55.11:117][331]LogConsoleResponse:     54 = 5880 KB (2D 1176x1024 PF_DepthStencil VRam) SceneDepthZ VRamInKB(Start/Size):<NONE>
[2020.05.17-12.55.11:117][331]LogConsoleResponse:     55 = 2940 KB (2D 588x512 PF_DepthStencil) SmallDepthZ
[2020.05.17-12.55.11:117][331]LogConsoleResponse:     71 = 2352 KB (2D 1176x512 PF_R32_UINT RT UAV) QuadOverdrawBuffer
[2020.05.17-12.55.11:117][331]LogConsoleResponse:     64 = 2048 KB (3D 64x64x64 PF_FloatRGBA RT UAV) TranslucentVolume0
[2020.05.17-12.55.11:117][331]LogConsoleResponse:     66 = 2048 KB (3D 64x64x64 PF_FloatRGBA RT UAV) TranslucentVolume1
[2020.05.17-12.55.11:117][331]LogConsoleResponse:     68 = 2048 KB (3D 64x64x64 PF_FloatRGBA RT UAV) TranslucentVolume2
[2020.05.17-12.55.11:117][331]LogConsoleResponse:     65 = 2048 KB (3D 64x64x64 PF_FloatRGBA RT UAV) TranslucentVolumeDir0
[2020.05.17-12.55.11:117][331]LogConsoleResponse:     67 = 2048 KB (3D 64x64x64 PF_FloatRGBA RT UAV) TranslucentVolumeDir1
[2020.05.17-12.55.11:117][331]LogConsoleResponse:     69 = 2048 KB (3D 64x64x64 PF_FloatRGBA RT UAV) TranslucentVolumeDir2
[2020.05.17-12.55.11:117][331]LogConsoleResponse:     32 = 2048 KB (3D 64x64x64 PF_FloatRGBA) IndirectLightingCache_0
[2020.05.17-12.55.11:117][331]LogConsoleResponse:     33 = 2048 KB (3D 64x64x64 PF_FloatRGBA) IndirectLightingCache_1
[2020.05.17-12.55.11:117][331]LogConsoleResponse:     34 = 2048 KB (3D 64x64x64 PF_FloatRGBA) IndirectLightingCache_2
[2020.05.17-12.55.11:117][331]LogConsoleResponse:     61 = 1176 KB (2D 1176x1024 PF_G8 RT UAV) ScreenSpaceAO
[2020.05.17-12.55.11:117][331]LogConsoleResponse:     53 = 1024 KB (Cube 128 PF_FloatRGBA RT) ReflectionColorScratchCubemap0
[2020.05.17-12.55.11:117][331]LogConsoleResponse:     79 = 1024 KB (Cube 128 PF_FloatRGBA RT) ReflectionColorScratchCubemap1
[2020.05.17-12.55.11:117][331]LogConsoleResponse:      2 = 256 KB (2D 256x256 PF_B8G8R8A8) HZBResultsCPU
[2020.05.17-12.55.11:117][331]LogConsoleResponse:      3 = 256 KB (2D 256x256 PF_B8G8R8A8) HZBResultsCPU
[2020.05.17-12.55.11:117][331]LogConsoleResponse:      1 = 256 KB (2D 256x256 PF_B8G8R8A8) HZBResultsCPU
[2020.05.17-12.55.11:117][331]LogConsoleResponse:     77 = 128 KB (3D 32x32x32 PF_A2B10G10R10 RT VRam) CombineLUTs VRamInKB(Start/Size):<NONE>
[2020.05.17-12.55.11:117][331]LogConsoleResponse:      9 = 64 KB (2D 128x128 PF_B8G8R8A8) PerlinNoiseGradient
[2020.05.17-12.55.11:117][331]LogConsoleResponse:     60 = 64 KB (Cube 32 PF_FloatRGBA RT) DiffuseIrradianceScratchCubemap0
[2020.05.17-12.55.11:117][331]LogConsoleResponse:     58 = 64 KB (Cube 32 PF_FloatRGBA RT) DiffuseIrradianceScratchCubemap1
[2020.05.17-12.55.11:117][331]LogConsoleResponse:     45 = 32 KB (2D 64x64 PF_A16B16G16R16) SSProfiles
[2020.05.17-12.55.11:117][331]LogConsoleResponse:     18 = 32 KB (2D 64x64 PF_FloatRGBA VRam) LTCMat VRamInKB(Start/Size):<NONE>
[2020.05.17-12.55.11:117][331]LogConsoleResponse:     17 = 16 KB (2D 128x32 PF_G16R16) PreintegratedGF
[2020.05.17-12.55.11:117][331]LogConsoleResponse:     19 = 16 KB (2D 64x64 PF_G16R16F VRam) LTCAmp VRamInKB(Start/Size):<NONE>
[2020.05.17-12.55.11:117][331]LogConsoleResponse:     15 = 16 KB (3D 16x16x16 PF_B8G8R8A8) PerlinNoise3D
[2020.05.17-12.55.11:117][331]LogConsoleResponse:     16 = 8 KB (2D 64x64 PF_R8G8) SSAORandomization
[2020.05.17-12.55.11:117][331]LogConsoleResponse:     56 = 1 KB (2D 1x1 PF_A32B32G32R32F RT UAV) EyeAdaptation
[2020.05.17-12.55.11:117][331]LogConsoleResponse:     59 = 1 KB (2D 1x1 PF_A32B32G32R32F RT UAV) EyeAdaptation
[2020.05.17-12.55.11:117][331]LogConsoleResponse:     62 = 1 KB (2D 1x1 PF_A32B32G32R32F RT UAV) EyeAdaptation
[2020.05.17-12.55.11:117][331]LogConsoleResponse:     63 = 1 KB (2D 1x1 PF_A32B32G32R32F RT UAV) EyeAdaptation
[2020.05.17-12.55.11:117][331]LogConsoleResponse:      6 = 1 KB (2D 1x1 PF_B8G8R8A8 RT) BlackAlphaOneDummy
[2020.05.17-12.55.11:117][331]LogConsoleResponse:      5 = 1 KB (2D 1x1 PF_B8G8R8A8 RT) BlackDummy
[2020.05.17-12.55.11:117][331]LogConsoleResponse:      8 = 1 KB (2D 1x1 PF_B8G8R8A8 RT) DefaultNormal8Bit
[2020.05.17-12.55.11:117][331]LogConsoleResponse:      7 = 1 KB (2D 1x1 PF_B8G8R8A8 RT) GreenDummy
[2020.05.17-12.55.11:117][331]LogConsoleResponse:      4 = 1 KB (2D 1x1 PF_B8G8R8A8 RT) WhiteDummy
[2020.05.17-12.55.11:117][331]LogConsoleResponse:     11 = 1 KB (2D 1x1 PF_DepthStencil) DepthDummy
[2020.05.17-12.55.11:117][331]LogConsoleResponse:     10 = 1 KB (2D 1x1 PF_FloatRGBA RT) MaxFP16Depth
[2020.05.17-12.55.11:117][331]LogConsoleResponse:     12 = 1 KB (2D 1x1 PF_FloatRGBA RT) MidGreyDummy
[2020.05.17-12.55.11:117][331]LogConsoleResponse:     13 = 1 KB (2D 32x16 PF_R16_UINT) SobolSampling
[2020.05.17-12.55.11:117][331]LogConsoleResponse:     57 = 1 KB (2D 9x1 PF_FloatRGBA RT) SkySHIrradianceMap
[2020.05.17-12.55.11:117][331]LogConsoleResponse:     14 = 1 KB (3D 1x1x1 PF_B8G8R8A8 RT) VolumetricBlackDummy
[2020.05.17-12.55.11:117][331]LogConsoleResponse: 
[2020.05.17-12.55.11:117][331]LogConsoleResponse: Pool: 78/78 MB (referenced/allocated)
[2020.05.17-12.55.11:119][331]Cmd: rhi.DumpMemory
[2020.05.17-12.55.11:202][331]RHI resource memory (not tracked by our allocator)
[2020.05.17-12.55.11:204][331]         2228160  -  Render target memory Cube - STAT_RenderTargetMemoryCube - STATGROUP_RHI - STATCAT_Advanced
[2020.05.17-12.55.11:204][331]       232882180  -  Render target memory 3D - STAT_RenderTargetMemory3D - STATGROUP_RHI - STATCAT_Advanced
[2020.05.17-12.55.11:204][331]      1618209984  -  Uniform buffer memory - STAT_UniformBufferMemory - STATGROUP_RHI - STATCAT_Advanced
[2020.05.17-12.55.11:204][331]        28336200  -  Texture memory 3D - STAT_TextureMemory3D - STATGROUP_RHI - STATCAT_Advanced
[2020.05.17-12.55.11:204][331]       872915014  -  Texture memory 2D - STAT_TextureMemory2D - STATGROUP_RHI - STATCAT_Advanced
[2020.05.17-12.55.11:204][331]        89194548  -  Texture memory Cube - STAT_TextureMemoryCube - STATGROUP_RHI - STATCAT_Advanced
[2020.05.17-12.55.11:204][331]       729176781  -  Render target memory 2D - STAT_RenderTargetMemory2D - STATGROUP_RHI - STATCAT_Advanced
[2020.05.17-12.55.11:204][331]         1619768  -  Structured buffer memory - STAT_StructuredBufferMemory - STATGROUP_RHI - STATCAT_Advanced
[2020.05.17-12.55.11:204][331]       156255868  -  Vertex buffer memory - STAT_VertexBufferMemory - STATGROUP_RHI - STATCAT_Advanced
[2020.05.17-12.55.11:204][331]        16010698  -  Index buffer memory - STAT_IndexBufferMemory - STATGROUP_RHI - STATCAT_Advanced
[2020.05.17-12.55.11:204][331]3573.255MB total
[2020.05.17-12.55.11:208][331]LogWindows: FPlatformMisc::RequestExit(1)
[2020.05.17-12.55.11:232][331]Log file closed, 05/17/20 15:55:11
