Log file open, 05/28/20 00:26:56
LogWindows: Failed to load 'aqProf.dll' (GetLastError=126)
LogWindows: File 'aqProf.dll' does not exist
LogWindows: Failed to load 'VtuneApi.dll' (GetLastError=126)
LogWindows: File 'VtuneApi.dll' does not exist
LogWindows: Failed to load 'VtuneApi32e.dll' (GetLastError=126)
LogWindows: File 'VtuneApi32e.dll' does not exist
LogConsoleResponse: Display: Failed to find resolution value strings in scalability ini. Falling back to default.
LogInit: Display: Running engine for game: Level
LogPlatformFile: Not using cached read wrapper
LogTaskGraph: Started task graph with 5 named threads and 14 total threads with 3 sets of task threads.
LogStats: Stats thread started at 0.654347
LogD3D11RHI: Loaded GFSDK_Aftermath_Lib.x64.dll
LogICUInternationalization: ICU TimeZone Detection - Raw Offset: +3:00, Platform Override: ''
LogPluginManager: Mounting plugin Paper2D
LogPluginManager: Mounting plugin AISupport
LogPluginManager: Mounting plugin LightPropagationVolume
LogPluginManager: Mounting plugin ActorLayerUtilities
LogPluginManager: Mounting plugin AnimationSharing
LogPluginManager: Mounting plugin CLionSourceCodeAccess
LogPluginManager: Mounting plugin CodeLiteSourceCodeAccess
LogPluginManager: Mounting plugin GitSourceControl
LogPluginManager: Mounting plugin KDevelopSourceCodeAccess
LogPluginManager: Mounting plugin NullSourceCodeAccess
LogPluginManager: Mounting plugin PerforceSourceControl
LogPluginManager: Mounting plugin SubversionSourceControl
LogPluginManager: Mounting plugin UObjectPlugin
LogPluginManager: Mounting plugin VisualStudioCodeSourceCodeAccess
LogPluginManager: Mounting plugin VisualStudioSourceCodeAccess
LogPluginManager: Mounting plugin XCodeSourceCodeAccess
LogPluginManager: Mounting plugin AssetManagerEditor
LogPluginManager: Mounting plugin CryptoKeys
LogPluginManager: Mounting plugin CurveEditorTools
LogPluginManager: Mounting plugin DataValidation
LogPluginManager: Mounting plugin FacialAnimation
LogPluginManager: Mounting plugin GameplayTagsEditor
LogPluginManager: Mounting plugin MacGraphicsSwitching
LogPluginManager: Mounting plugin MaterialAnalyzer
LogPluginManager: Mounting plugin MobileLauncherProfileWizard
LogPluginManager: Mounting plugin PluginBrowser
LogPluginManager: Mounting plugin SpeedTreeImporter
LogPluginManager: Mounting plugin DatasmithContent
LogPluginManager: Mounting plugin VariantManagerContent
LogPluginManager: Mounting plugin AlembicImporter
LogPluginManager: Mounting plugin AutomationUtils
LogPluginManager: Mounting plugin BackChannel
LogPluginManager: Mounting plugin CharacterAI
LogPluginManager: Mounting plugin GeometryCache
LogPluginManager: Mounting plugin HTML5Networking
LogPluginManager: Mounting plugin PlatformCrypto
LogPluginManager: Mounting plugin ProxyLODPlugin
LogPluginManager: Mounting plugin SkeletalReduction
LogPluginManager: Mounting plugin MagicLeap
LogPluginManager: Mounting plugin MagicLeapMedia
LogPluginManager: Mounting plugin Substance
LogPluginManager: Mounting plugin AndroidMedia
LogPluginManager: Mounting plugin AvfMedia
LogPluginManager: Mounting plugin ImgMedia
LogPluginManager: Mounting plugin MediaCompositing
LogPluginManager: Mounting plugin MediaPlayerEditor
LogPluginManager: Mounting plugin WebMMedia
LogPluginManager: Mounting plugin WmfMedia
LogPluginManager: Mounting plugin TcpMessaging
LogPluginManager: Mounting plugin UdpMessaging
LogPluginManager: Mounting plugin ActorSequence
LogPluginManager: Mounting plugin LevelSequenceEditor
LogPluginManager: Mounting plugin MatineeToLevelSequence
LogPluginManager: Mounting plugin NetcodeUnitTest
LogPluginManager: Mounting plugin NUTUnrealEngine4
LogPluginManager: Mounting plugin OnlineSubsystemGooglePlay
LogPluginManager: Mounting plugin OnlineSubsystemIOS
LogPluginManager: Mounting plugin OnlineSubsystem
LogPluginManager: Mounting plugin OnlineSubsystemNull
LogPluginManager: Mounting plugin OnlineSubsystemUtils
LogPluginManager: Mounting plugin LauncherChunkInstaller
LogPluginManager: Mounting plugin AndroidDeviceProfileSelector
LogPluginManager: Mounting plugin AndroidMoviePlayer
LogPluginManager: Mounting plugin AndroidPermission
LogPluginManager: Mounting plugin AppleImageUtils
LogPluginManager: Mounting plugin AppleMoviePlayer
LogPluginManager: Mounting plugin ArchVisCharacter
LogPluginManager: Mounting plugin AudioCapture
LogPluginManager: Mounting plugin CableComponent
LogPluginManager: Mounting plugin CustomMeshComponent
LogPluginManager: Mounting plugin EditableMesh
LogPluginManager: Mounting plugin ExampleDeviceProfileSelector
LogPluginManager: Mounting plugin GoogleCloudMessaging
LogPluginManager: Mounting plugin IOSDeviceProfileSelector
LogPluginManager: Mounting plugin LinuxDeviceProfileSelector
LogPluginManager: Mounting plugin LocationServicesBPLibrary
LogPluginManager: Mounting plugin MobilePatchingUtils
LogPluginManager: Mounting plugin OculusVR
LogPluginManager: Mounting plugin PhysXVehicles
LogPluginManager: Mounting plugin ProceduralMeshComponent
LogPluginManager: Mounting plugin RuntimePhysXCooking
LogPluginManager: Mounting plugin SignificanceManager
LogPluginManager: Mounting plugin SteamVR
LogPluginManager: Mounting plugin WebMMoviePlayer
LogPluginManager: Mounting plugin WindowsMoviePlayer
LogPluginManager: Mounting plugin ScreenshotTools
LogInit: Using libcurl 7.55.1-DEV
LogInit:  - built for x86_64-pc-win32
LogInit:  - supports SSL with OpenSSL/1.1.1
LogInit:  - supports HTTP deflate (compression) using libz 1.2.8
LogInit:  - other features:
LogInit:      CURL_VERSION_SSL
LogInit:      CURL_VERSION_LIBZ
LogInit:      CURL_VERSION_IPV6
LogInit:      CURL_VERSION_ASYNCHDNS
LogInit:      CURL_VERSION_LARGEFILE
LogInit:      CURL_VERSION_IDN
LogInit:  CurlRequestOptions (configurable via config and command line):
LogInit:  - bVerifyPeer = true  - Libcurl will verify peer certificate
LogInit:  - bUseHttpProxy = false  - Libcurl will NOT use HTTP proxy
LogInit:  - bDontReuseConnections = false  - Libcurl will reuse connections
LogInit:  - MaxHostConnections = 16  - Libcurl will limit the number of connections to a host
LogInit:  - LocalHostAddr = Default
LogInit:  - BufferSize = 65536
LogOnline: OSS: Creating online subsystem instance for: NULL
LogInit: WinSock: version 1.1 (2.2), MaxSocks=32767, MaxUdp=65467
LogInit: Build: ++UE4+Release-4.23-CL-9631420
LogInit: Engine Version: 4.23.1-9631420+++UE4+Release-4.23
LogInit: Compatible Engine Version: 4.23.0-8386587+++UE4+Release-4.23
LogInit: Net CL: 8386587
LogInit: OS: Windows 10 (Release 1909) (), CPU: Intel(R) Core(TM) i5-7400 CPU @ 3.00GHz, GPU: NVIDIA GeForce GTX 1050 Ti
LogInit: Compiled (64-bit): Oct 18 2019 02:07:44
LogInit: Compiled with Visual C++: 19.16.27030.01
LogInit: Build Configuration: Development
LogInit: Branch Name: ++UE4+Release-4.23
LogInit: Command Line: 
LogInit: Base Directory: E:/Epic Games/UE_4.23/Engine/Binaries/Win64/
LogInit: Installed Engine Build: 1
LogDevObjectVersion: Number of dev versions registered: 23
LogDevObjectVersion:   Dev-Blueprints (B0D832E4-1F89-4F0D-ACCF-7EB736FD4AA2): 10
LogDevObjectVersion:   Dev-Build (E1C64328-A22C-4D53-A36C-8E866417BD8C): 0
LogDevObjectVersion:   Dev-Core (375EC13C-06E4-48FB-B500-84F0262A717E): 3
LogDevObjectVersion:   Dev-Editor (E4B068ED-F494-42E9-A231-DA0B2E46BB41): 34
LogDevObjectVersion:   Dev-Framework (CFFC743F-43B0-4480-9391-14DF171D2073): 35
LogDevObjectVersion:   Dev-Mobile (B02B49B5-BB20-44E9-A304-32B752E40360): 2
LogDevObjectVersion:   Dev-Networking (A4E4105C-59A1-49B5-A7C5-40C4547EDFEE): 0
LogDevObjectVersion:   Dev-Online (39C831C9-5AE6-47DC-9A44-9C173E1C8E7C): 0
LogDevObjectVersion:   Dev-Physics (78F01B33-EBEA-4F98-B9B4-84EACCB95AA2): 0
LogDevObjectVersion:   Dev-Platform (6631380F-2D4D-43E0-8009-CF276956A95A): 0
LogDevObjectVersion:   Dev-Rendering (12F88B9F-8875-4AFC-A67C-D90C383ABD29): 31
LogDevObjectVersion:   Dev-Sequencer (7B5AE74C-D270-4C10-A958-57980B212A5A): 11
LogDevObjectVersion:   Dev-VR (D7296918-1DD6-4BDD-9DE2-64A83CC13884): 2
LogDevObjectVersion:   Dev-LoadTimes (C2A15278-BFE7-4AFE-6C17-90FF531DF755): 1
LogDevObjectVersion:   Private-Geometry (6EACA3D4-40EC-4CC1-B786-8BED09428FC5): 3
LogDevObjectVersion:   Dev-AnimPhys (29E575DD-E0A3-4627-9D10-D276232CDCEA): 17
LogDevObjectVersion:   Dev-Anim (AF43A65D-7FD3-4947-9873-3E8ED9C1BB05): 2
LogDevObjectVersion:   Dev-ReflectionCapture (6B266CEC-1EC7-4B8F-A30B-E4D90942FC07): 1
LogDevObjectVersion:   Dev-Automation (0DF73D61-A23F-47EA-B727-89E90C41499A): 1
LogDevObjectVersion:   FortniteMain (601D1886-AC64-4F84-AA16-D3DE0DEAC7D6): 27
LogDevObjectVersion:   Dev-Enterprise (9DFFBCD6-494F-0158-E221-12823C92A888): 6
LogDevObjectVersion:   Dev-Niagara (F2AED0AC-9AFE-416F-8664-AA7FFA26D6FC): 1
LogDevObjectVersion:   Dev-Destruction (174F1F0B-B4C6-45A5-B13F-2EE8D0FB917D): 9
LogInit: Presizing for max 16777216 objects, including 0 objects not considered by GC, pre-allocating 0 bytes for permanent pool.
LogInit: Object subsystem initialized
LogConfig: Setting CVar [[con.DebugEarlyDefault:1]]
LogConfig: Setting CVar [[r.setres:1280x720]]
[2020.05.27-21.26.57:453][  0]LogConfig: Setting CVar [[r.VSync:0]]
[2020.05.27-21.26.57:453][  0]LogConfig: Setting CVar [[r.RHICmdBypass:0]]
[2020.05.27-21.26.57:454][  0]LogConfig: Applying CVar settings from Section [/Script/Engine.RendererSettings] File [E:/Unreal Projects/LEVEL/Level/Saved/Config/Windows/Engine.ini]
[2020.05.27-21.26.57:454][  0]LogConfig: Setting CVar [[r.GPUCrashDebugging:0]]
[2020.05.27-21.26.57:454][  0]LogConfig: Setting CVar [[r.MobileMSAA:2]]
[2020.05.27-21.26.57:454][  0]LogConfig: Setting CVar [[r.GenerateMeshDistanceFields:1]]
[2020.05.27-21.26.57:454][  0]LogConfig: Applying CVar settings from Section [/Script/Engine.RendererOverrideSettings] File [E:/Unreal Projects/LEVEL/Level/Saved/Config/Windows/Engine.ini]
[2020.05.27-21.26.57:454][  0]LogConfig: Applying CVar settings from Section [/Script/Engine.StreamingSettings] File [E:/Unreal Projects/LEVEL/Level/Saved/Config/Windows/Engine.ini]
[2020.05.27-21.26.57:454][  0]LogConfig: Setting CVar [[s.MinBulkDataSizeForAsyncLoading:131072]]
[2020.05.27-21.26.57:454][  0]LogConfig: Setting CVar [[s.AsyncLoadingThreadEnabled:0]]
[2020.05.27-21.26.57:454][  0]LogConfig: Setting CVar [[s.EventDrivenLoaderEnabled:1]]
[2020.05.27-21.26.57:454][  0]LogConfig: Setting CVar [[s.WarnIfTimeLimitExceeded:0]]
[2020.05.27-21.26.57:454][  0]LogConfig: Setting CVar [[s.TimeLimitExceededMultiplier:1.5]]
[2020.05.27-21.26.57:454][  0]LogConfig: Setting CVar [[s.TimeLimitExceededMinTime:0.005]]
[2020.05.27-21.26.57:454][  0]LogConfig: Setting CVar [[s.UseBackgroundLevelStreaming:1]]
[2020.05.27-21.26.57:454][  0]LogConfig: Setting CVar [[s.PriorityAsyncLoadingExtraTime:15.0]]
[2020.05.27-21.26.57:454][  0]LogConfig: Setting CVar [[s.LevelStreamingActorsUpdateTimeLimit:5.0]]
[2020.05.27-21.26.57:454][  0]LogConfig: Setting CVar [[s.PriorityLevelStreamingActorsUpdateExtraTime:5.0]]
[2020.05.27-21.26.57:454][  0]LogConfig: Setting CVar [[s.LevelStreamingComponentsRegistrationGranularity:10]]
[2020.05.27-21.26.57:454][  0]LogConfig: Setting CVar [[s.UnregisterComponentsTimeLimit:1.0]]
[2020.05.27-21.26.57:454][  0]LogConfig: Setting CVar [[s.LevelStreamingComponentsUnregistrationGranularity:5]]
[2020.05.27-21.26.57:454][  0]LogConfig: Applying CVar settings from Section [/Script/Engine.GarbageCollectionSettings] File [E:/Unreal Projects/LEVEL/Level/Saved/Config/Windows/Engine.ini]
[2020.05.27-21.26.57:454][  0]LogConfig: Setting CVar [[gc.MaxObjectsNotConsideredByGC:1]]
[2020.05.27-21.26.57:454][  0]LogConfig: Setting CVar [[gc.SizeOfPermanentObjectPool:0]]
[2020.05.27-21.26.57:454][  0]LogConfig: Setting CVar [[gc.FlushStreamingOnGC:0]]
[2020.05.27-21.26.57:454][  0]LogConfig: Setting CVar [[gc.NumRetriesBeforeForcingGC:10]]
[2020.05.27-21.26.57:454][  0]LogConfig: Setting CVar [[gc.AllowParallelGC:1]]
[2020.05.27-21.26.57:454][  0]LogConfig: Setting CVar [[gc.TimeBetweenPurgingPendingKillObjects:61.1]]
[2020.05.27-21.26.57:454][  0]LogConfig: Setting CVar [[gc.MaxObjectsInEditor:16777216]]
[2020.05.27-21.26.57:454][  0]LogConfig: Setting CVar [[gc.IncrementalBeginDestroyEnabled:1]]
[2020.05.27-21.26.57:454][  0]LogConfig: Setting CVar [[gc.CreateGCClusters:1]]
[2020.05.27-21.26.57:454][  0]LogConfig: Setting CVar [[gc.MinGCClusterSize:5]]
[2020.05.27-21.26.57:454][  0]LogConfig: Setting CVar [[gc.ActorClusteringEnabled:0]]
[2020.05.27-21.26.57:454][  0]LogConfig: Setting CVar [[gc.BlueprintClusteringEnabled:0]]
[2020.05.27-21.26.57:454][  0]LogConfig: Setting CVar [[gc.UseDisregardForGCOnDedicatedServers:0]]
[2020.05.27-21.26.57:455][  0]LogConfig: Applying CVar settings from Section [/Script/Engine.NetworkSettings] File [E:/Unreal Projects/LEVEL/Level/Saved/Config/Windows/Engine.ini]
[2020.05.27-21.26.57:455][  0]LogConfig: Applying CVar settings from Section [/Script/UnrealEd.CookerSettings] File [E:/Unreal Projects/LEVEL/Level/Saved/Config/Windows/Engine.ini]
[2020.05.27-21.26.57:464][  0]LogConfig: Applying CVar settings from Section [ViewDistanceQuality@3] File [E:/Unreal Projects/LEVEL/Level/Saved/Config/Windows/Scalability.ini]
[2020.05.27-21.26.57:464][  0]LogConfig: Setting CVar [[r.SkeletalMeshLODBias:0]]
[2020.05.27-21.26.57:464][  0]LogConfig: Setting CVar [[r.ViewDistanceScale:1.0]]
[2020.05.27-21.26.57:464][  0]LogConfig: Applying CVar settings from Section [AntiAliasingQuality@3] File [E:/Unreal Projects/LEVEL/Level/Saved/Config/Windows/Scalability.ini]
[2020.05.27-21.26.57:464][  0]LogConfig: Setting CVar [[r.PostProcessAAQuality:4]]
[2020.05.27-21.26.57:464][  0]LogConfig: Applying CVar settings from Section [ShadowQuality@3] File [E:/Unreal Projects/LEVEL/Level/Saved/Config/Windows/Scalability.ini]
[2020.05.27-21.26.57:464][  0]LogConfig: Setting CVar [[r.LightFunctionQuality:1]]
[2020.05.27-21.26.57:464][  0]LogConfig: Setting CVar [[r.ShadowQuality:5]]
[2020.05.27-21.26.57:464][  0]LogConfig: Setting CVar [[r.Shadow.CSM.MaxCascades:10]]
[2020.05.27-21.26.57:464][  0]LogConfig: Setting CVar [[r.Shadow.MaxResolution:2048]]
[2020.05.27-21.26.57:464][  0]LogConfig: Setting CVar [[r.Shadow.MaxCSMResolution:2048]]
[2020.05.27-21.26.57:464][  0]LogConfig: Setting CVar [[r.Shadow.RadiusThreshold:0.01]]
[2020.05.27-21.26.57:464][  0]LogConfig: Setting CVar [[r.Shadow.DistanceScale:1.0]]
[2020.05.27-21.26.57:464][  0]LogConfig: Setting CVar [[r.Shadow.CSM.TransitionScale:1.0]]
[2020.05.27-21.26.57:464][  0]LogConfig: Setting CVar [[r.Shadow.PreShadowResolutionFactor:1.0]]
[2020.05.27-21.26.57:464][  0]LogConfig: Setting CVar [[r.DistanceFieldShadowing:1]]
[2020.05.27-21.26.57:464][  0]LogConfig: Setting CVar [[r.DistanceFieldAO:1]]
[2020.05.27-21.26.57:464][  0]LogConfig: Setting CVar [[r.AOQuality:2]]
[2020.05.27-21.26.57:464][  0]LogConfig: Setting CVar [[r.VolumetricFog:1]]
[2020.05.27-21.26.57:464][  0]LogConfig: Setting CVar [[r.VolumetricFog.GridPixelSize:8]]
[2020.05.27-21.26.57:464][  0]LogConfig: Setting CVar [[r.VolumetricFog.GridSizeZ:128]]
[2020.05.27-21.26.57:464][  0]LogConfig: Setting CVar [[r.VolumetricFog.HistoryMissSupersampleCount:4]]
[2020.05.27-21.26.57:464][  0]LogConfig: Setting CVar [[r.LightMaxDrawDistanceScale:1]]
[2020.05.27-21.26.57:464][  0]LogConfig: Setting CVar [[r.CapsuleShadows:1]]
[2020.05.27-21.26.57:464][  0]LogConfig: Applying CVar settings from Section [PostProcessQuality@3] File [E:/Unreal Projects/LEVEL/Level/Saved/Config/Windows/Scalability.ini]
[2020.05.27-21.26.57:464][  0]LogConfig: Setting CVar [[r.MotionBlurQuality:4]]
[2020.05.27-21.26.57:464][  0]LogConfig: Setting CVar [[r.AmbientOcclusionMipLevelFactor:0.4]]
[2020.05.27-21.26.57:464][  0]LogConfig: Setting CVar [[r.AmbientOcclusionMaxQuality:100]]
[2020.05.27-21.26.57:464][  0]LogConfig: Setting CVar [[r.AmbientOcclusionLevels:-1]]
[2020.05.27-21.26.57:464][  0]LogConfig: Setting CVar [[r.AmbientOcclusionRadiusScale:1.0]]
[2020.05.27-21.26.57:464][  0]LogConfig: Setting CVar [[r.DepthOfFieldQuality:2]]
[2020.05.27-21.26.57:465][  0]LogConfig: Setting CVar [[r.RenderTargetPoolMin:400]]
[2020.05.27-21.26.57:465][  0]LogConfig: Setting CVar [[r.LensFlareQuality:2]]
[2020.05.27-21.26.57:465][  0]LogConfig: Setting CVar [[r.SceneColorFringeQuality:1]]
[2020.05.27-21.26.57:465][  0]LogConfig: Setting CVar [[r.EyeAdaptationQuality:2]]
[2020.05.27-21.26.57:465][  0]LogConfig: Setting CVar [[r.BloomQuality:5]]
[2020.05.27-21.26.57:465][  0]LogConfig: Setting CVar [[r.FastBlurThreshold:100]]
[2020.05.27-21.26.57:465][  0]LogConfig: Setting CVar [[r.Upscale.Quality:3]]
[2020.05.27-21.26.57:465][  0]LogConfig: Setting CVar [[r.Tonemapper.GrainQuantization:1]]
[2020.05.27-21.26.57:465][  0]LogConfig: Setting CVar [[r.LightShaftQuality:1]]
[2020.05.27-21.26.57:465][  0]LogConfig: Setting CVar [[r.Filter.SizeScale:1]]
[2020.05.27-21.26.57:465][  0]LogConfig: Setting CVar [[r.Tonemapper.Quality:5]]
[2020.05.27-21.26.57:465][  0]LogConfig: Setting CVar [[r.DOF.Gather.AccumulatorQuality:1        ; higher gathering accumulator quality]]
[2020.05.27-21.26.57:465][  0]LogConfig: Setting CVar [[r.DOF.Gather.PostfilterMethod:1          ; Median3x3 postfilering method]]
[2020.05.27-21.26.57:465][  0]LogConfig: Setting CVar [[r.DOF.Gather.EnableBokehSettings:0       ; no bokeh simulation when gathering]]
[2020.05.27-21.26.57:465][  0]LogConfig: Setting CVar [[r.DOF.Gather.RingCount:4                 ; medium number of samples when gathering]]
[2020.05.27-21.26.57:465][  0]LogConfig: Setting CVar [[r.DOF.Scatter.ForegroundCompositing:1    ; additive foreground scattering]]
[2020.05.27-21.26.57:465][  0]LogConfig: Setting CVar [[r.DOF.Scatter.BackgroundCompositing:2    ; additive background scattering]]
[2020.05.27-21.26.57:465][  0]LogConfig: Setting CVar [[r.DOF.Scatter.EnableBokehSettings:1      ; bokeh simulation when scattering]]
[2020.05.27-21.26.57:465][  0]LogConfig: Setting CVar [[r.DOF.Scatter.MaxSpriteRatio:0.1         ; only a maximum of 10% of scattered bokeh]]
[2020.05.27-21.26.57:465][  0]LogConfig: Setting CVar [[r.DOF.Recombine.Quality:1                ; cheap slight out of focus]]
[2020.05.27-21.26.57:465][  0]LogConfig: Setting CVar [[r.DOF.Recombine.EnableBokehSettings:0    ; no bokeh simulation on slight out of focus]]
[2020.05.27-21.26.57:465][  0]LogConfig: Setting CVar [[r.DOF.TemporalAAQuality:1                ; more stable temporal accumulation]]
[2020.05.27-21.26.57:465][  0]LogConfig: Setting CVar [[r.DOF.Kernel.MaxForegroundRadius:0.025]]
[2020.05.27-21.26.57:465][  0]LogConfig: Setting CVar [[r.DOF.Kernel.MaxBackgroundRadius:0.025]]
[2020.05.27-21.26.57:465][  0]LogConfig: Applying CVar settings from Section [TextureQuality@3] File [E:/Unreal Projects/LEVEL/Level/Saved/Config/Windows/Scalability.ini]
[2020.05.27-21.26.57:465][  0]LogConfig: Setting CVar [[r.Streaming.MipBias:0]]
[2020.05.27-21.26.57:465][  0]LogConfig: Setting CVar [[r.Streaming.AmortizeCPUToGPUCopy:0]]
[2020.05.27-21.26.57:465][  0]LogConfig: Setting CVar [[r.Streaming.MaxNumTexturesToStreamPerFrame:0]]
[2020.05.27-21.26.57:465][  0]LogConfig: Setting CVar [[r.Streaming.Boost:1]]
[2020.05.27-21.26.57:465][  0]LogConfig: Setting CVar [[r.MaxAnisotropy:8]]
[2020.05.27-21.26.57:465][  0]LogConfig: Setting CVar [[r.Streaming.LimitPoolSizeToVRAM:0]]
[2020.05.27-21.26.57:465][  0]LogConfig: Setting CVar [[r.Streaming.PoolSize:1000]]
[2020.05.27-21.26.57:465][  0]LogConfig: Setting CVar [[r.Streaming.MaxEffectiveScreenSize:0]]
[2020.05.27-21.26.57:465][  0]LogConfig: Applying CVar settings from Section [EffectsQuality@3] File [E:/Unreal Projects/LEVEL/Level/Saved/Config/Windows/Scalability.ini]
[2020.05.27-21.26.57:465][  0]LogConfig: Setting CVar [[r.TranslucencyLightingVolumeDim:64]]
[2020.05.27-21.26.57:465][  0]LogConfig: Setting CVar [[r.RefractionQuality:2]]
[2020.05.27-21.26.57:466][  0]LogConfig: Setting CVar [[r.SSR.Quality:3]]
[2020.05.27-21.26.57:466][  0]LogConfig: Setting CVar [[r.SceneColorFormat:4]]
[2020.05.27-21.26.57:466][  0]LogConfig: Setting CVar [[r.DetailMode:2]]
[2020.05.27-21.26.57:466][  0]LogConfig: Setting CVar [[r.TranslucencyVolumeBlur:1]]
[2020.05.27-21.26.57:466][  0]LogConfig: Setting CVar [[r.MaterialQualityLevel:1 ; High quality]]
[2020.05.27-21.26.57:466][  0]LogConfig: Setting CVar [[r.SSS.Scale:1]]
[2020.05.27-21.26.57:466][  0]LogConfig: Setting CVar [[r.SSS.SampleSet:2]]
[2020.05.27-21.26.57:466][  0]LogConfig: Setting CVar [[r.SSS.Quality:1]]
[2020.05.27-21.26.57:466][  0]LogConfig: Setting CVar [[r.SSS.HalfRes:1]]
[2020.05.27-21.26.57:466][  0]LogConfig: Setting CVar [[r.EmitterSpawnRateScale:1.0]]
[2020.05.27-21.26.57:466][  0]LogConfig: Setting CVar [[r.ParticleLightQuality:2]]
[2020.05.27-21.26.57:466][  0]LogConfig: Applying CVar settings from Section [FoliageQuality@3] File [E:/Unreal Projects/LEVEL/Level/Saved/Config/Windows/Scalability.ini]
[2020.05.27-21.26.57:466][  0]LogConfig: Setting CVar [[foliage.DensityScale:1.0]]
[2020.05.27-21.26.57:466][  0]LogConfig: Setting CVar [[grass.DensityScale:1.0]]
[2020.05.27-21.26.57:467][  0]LogInit: Selected Device Profile: [Windows]
[2020.05.27-21.26.57:468][  0]LogInit: Applying CVar settings loaded from the selected device profile: [Windows]
[2020.05.27-21.26.57:485][  0]LogHAL: Display: Platform has ~ 8 GB [8530468864 / 8589934592 / 8], which maps to Default [LargestMinGB=32, LargerMinGB=12, DefaultMinGB=8, SmallerMinGB=6, SmallestMinGB=0)
[2020.05.27-21.26.57:485][  0]LogInit: Going up to parent DeviceProfile []
[2020.05.27-21.26.57:486][  0]LogConfig: Applying CVar settings from Section [ViewDistanceQuality@3] File [E:/Unreal Projects/LEVEL/Level/Saved/Config/Windows/Scalability.ini]
[2020.05.27-21.26.57:486][  0]LogConfig: Setting CVar [[r.SkeletalMeshLODBias:0]]
[2020.05.27-21.26.57:486][  0]LogConfig: Setting CVar [[r.ViewDistanceScale:1.0]]
[2020.05.27-21.26.57:486][  0]LogConfig: Applying CVar settings from Section [AntiAliasingQuality@3] File [E:/Unreal Projects/LEVEL/Level/Saved/Config/Windows/Scalability.ini]
[2020.05.27-21.26.57:486][  0]LogConfig: Setting CVar [[r.PostProcessAAQuality:4]]
[2020.05.27-21.26.57:486][  0]LogConfig: Applying CVar settings from Section [ShadowQuality@3] File [E:/Unreal Projects/LEVEL/Level/Saved/Config/Windows/Scalability.ini]
[2020.05.27-21.26.57:486][  0]LogConfig: Setting CVar [[r.LightFunctionQuality:1]]
[2020.05.27-21.26.57:486][  0]LogConfig: Setting CVar [[r.ShadowQuality:5]]
[2020.05.27-21.26.57:486][  0]LogConfig: Setting CVar [[r.Shadow.CSM.MaxCascades:10]]
[2020.05.27-21.26.57:486][  0]LogConfig: Setting CVar [[r.Shadow.MaxResolution:2048]]
[2020.05.27-21.26.57:486][  0]LogConfig: Setting CVar [[r.Shadow.MaxCSMResolution:2048]]
[2020.05.27-21.26.57:486][  0]LogConfig: Setting CVar [[r.Shadow.RadiusThreshold:0.01]]
[2020.05.27-21.26.57:486][  0]LogConfig: Setting CVar [[r.Shadow.DistanceScale:1.0]]
[2020.05.27-21.26.57:486][  0]LogConfig: Setting CVar [[r.Shadow.CSM.TransitionScale:1.0]]
[2020.05.27-21.26.57:486][  0]LogConfig: Setting CVar [[r.Shadow.PreShadowResolutionFactor:1.0]]
[2020.05.27-21.26.57:486][  0]LogConfig: Setting CVar [[r.DistanceFieldShadowing:1]]
[2020.05.27-21.26.57:486][  0]LogConfig: Setting CVar [[r.DistanceFieldAO:1]]
[2020.05.27-21.26.57:486][  0]LogConfig: Setting CVar [[r.AOQuality:2]]
[2020.05.27-21.26.57:486][  0]LogConfig: Setting CVar [[r.VolumetricFog:1]]
[2020.05.27-21.26.57:486][  0]LogConfig: Setting CVar [[r.VolumetricFog.GridPixelSize:8]]
[2020.05.27-21.26.57:486][  0]LogConfig: Setting CVar [[r.VolumetricFog.GridSizeZ:128]]
[2020.05.27-21.26.57:486][  0]LogConfig: Setting CVar [[r.VolumetricFog.HistoryMissSupersampleCount:4]]
[2020.05.27-21.26.57:486][  0]LogConfig: Setting CVar [[r.LightMaxDrawDistanceScale:1]]
[2020.05.27-21.26.57:486][  0]LogConfig: Setting CVar [[r.CapsuleShadows:1]]
[2020.05.27-21.26.57:486][  0]LogConfig: Applying CVar settings from Section [PostProcessQuality@3] File [E:/Unreal Projects/LEVEL/Level/Saved/Config/Windows/Scalability.ini]
[2020.05.27-21.26.57:486][  0]LogConfig: Setting CVar [[r.MotionBlurQuality:4]]
[2020.05.27-21.26.57:486][  0]LogConfig: Setting CVar [[r.AmbientOcclusionMipLevelFactor:0.4]]
[2020.05.27-21.26.57:486][  0]LogConfig: Setting CVar [[r.AmbientOcclusionMaxQuality:100]]
[2020.05.27-21.26.57:486][  0]LogConfig: Setting CVar [[r.AmbientOcclusionLevels:-1]]
[2020.05.27-21.26.57:486][  0]LogConfig: Setting CVar [[r.AmbientOcclusionRadiusScale:1.0]]
[2020.05.27-21.26.57:487][  0]LogConfig: Setting CVar [[r.DepthOfFieldQuality:2]]
[2020.05.27-21.26.57:487][  0]LogConfig: Setting CVar [[r.RenderTargetPoolMin:400]]
[2020.05.27-21.26.57:487][  0]LogConfig: Setting CVar [[r.LensFlareQuality:2]]
[2020.05.27-21.26.57:487][  0]LogConfig: Setting CVar [[r.SceneColorFringeQuality:1]]
[2020.05.27-21.26.57:487][  0]LogConfig: Setting CVar [[r.EyeAdaptationQuality:2]]
[2020.05.27-21.26.57:487][  0]LogConfig: Setting CVar [[r.BloomQuality:5]]
[2020.05.27-21.26.57:487][  0]LogConfig: Setting CVar [[r.FastBlurThreshold:100]]
[2020.05.27-21.26.57:487][  0]LogConfig: Setting CVar [[r.Upscale.Quality:3]]
[2020.05.27-21.26.57:487][  0]LogConfig: Setting CVar [[r.Tonemapper.GrainQuantization:1]]
[2020.05.27-21.26.57:487][  0]LogConfig: Setting CVar [[r.LightShaftQuality:1]]
[2020.05.27-21.26.57:487][  0]LogConfig: Setting CVar [[r.Filter.SizeScale:1]]
[2020.05.27-21.26.57:487][  0]LogConfig: Setting CVar [[r.Tonemapper.Quality:5]]
[2020.05.27-21.26.57:487][  0]LogConfig: Setting CVar [[r.DOF.Gather.AccumulatorQuality:1        ; higher gathering accumulator quality]]
[2020.05.27-21.26.57:487][  0]LogConfig: Setting CVar [[r.DOF.Gather.PostfilterMethod:1          ; Median3x3 postfilering method]]
[2020.05.27-21.26.57:487][  0]LogConfig: Setting CVar [[r.DOF.Gather.EnableBokehSettings:0       ; no bokeh simulation when gathering]]
[2020.05.27-21.26.57:487][  0]LogConfig: Setting CVar [[r.DOF.Gather.RingCount:4                 ; medium number of samples when gathering]]
[2020.05.27-21.26.57:487][  0]LogConfig: Setting CVar [[r.DOF.Scatter.ForegroundCompositing:1    ; additive foreground scattering]]
[2020.05.27-21.26.57:487][  0]LogConfig: Setting CVar [[r.DOF.Scatter.BackgroundCompositing:2    ; additive background scattering]]
[2020.05.27-21.26.57:487][  0]LogConfig: Setting CVar [[r.DOF.Scatter.EnableBokehSettings:1      ; bokeh simulation when scattering]]
[2020.05.27-21.26.57:487][  0]LogConfig: Setting CVar [[r.DOF.Scatter.MaxSpriteRatio:0.1         ; only a maximum of 10% of scattered bokeh]]
[2020.05.27-21.26.57:487][  0]LogConfig: Setting CVar [[r.DOF.Recombine.Quality:1                ; cheap slight out of focus]]
[2020.05.27-21.26.57:487][  0]LogConfig: Setting CVar [[r.DOF.Recombine.EnableBokehSettings:0    ; no bokeh simulation on slight out of focus]]
[2020.05.27-21.26.57:487][  0]LogConfig: Setting CVar [[r.DOF.TemporalAAQuality:1                ; more stable temporal accumulation]]
[2020.05.27-21.26.57:487][  0]LogConfig: Setting CVar [[r.DOF.Kernel.MaxForegroundRadius:0.025]]
[2020.05.27-21.26.57:487][  0]LogConfig: Setting CVar [[r.DOF.Kernel.MaxBackgroundRadius:0.025]]
[2020.05.27-21.26.57:487][  0]LogConfig: Applying CVar settings from Section [TextureQuality@3] File [E:/Unreal Projects/LEVEL/Level/Saved/Config/Windows/Scalability.ini]
[2020.05.27-21.26.57:487][  0]LogConfig: Setting CVar [[r.Streaming.MipBias:0]]
[2020.05.27-21.26.57:487][  0]LogConfig: Setting CVar [[r.Streaming.AmortizeCPUToGPUCopy:0]]
[2020.05.27-21.26.57:487][  0]LogConfig: Setting CVar [[r.Streaming.MaxNumTexturesToStreamPerFrame:0]]
[2020.05.27-21.26.57:487][  0]LogConfig: Setting CVar [[r.Streaming.Boost:1]]
[2020.05.27-21.26.57:487][  0]LogConfig: Setting CVar [[r.MaxAnisotropy:8]]
[2020.05.27-21.26.57:487][  0]LogConfig: Setting CVar [[r.Streaming.LimitPoolSizeToVRAM:0]]
[2020.05.27-21.26.57:487][  0]LogConfig: Setting CVar [[r.Streaming.PoolSize:1000]]
[2020.05.27-21.26.57:487][  0]LogConfig: Setting CVar [[r.Streaming.MaxEffectiveScreenSize:0]]
[2020.05.27-21.26.57:487][  0]LogConfig: Applying CVar settings from Section [EffectsQuality@3] File [E:/Unreal Projects/LEVEL/Level/Saved/Config/Windows/Scalability.ini]
[2020.05.27-21.26.57:488][  0]LogConfig: Setting CVar [[r.TranslucencyLightingVolumeDim:64]]
[2020.05.27-21.26.57:488][  0]LogConfig: Setting CVar [[r.RefractionQuality:2]]
[2020.05.27-21.26.57:488][  0]LogConfig: Setting CVar [[r.SSR.Quality:3]]
[2020.05.27-21.26.57:488][  0]LogConfig: Setting CVar [[r.SceneColorFormat:4]]
[2020.05.27-21.26.57:488][  0]LogConfig: Setting CVar [[r.DetailMode:2]]
[2020.05.27-21.26.57:488][  0]LogConfig: Setting CVar [[r.TranslucencyVolumeBlur:1]]
[2020.05.27-21.26.57:488][  0]LogConfig: Setting CVar [[r.MaterialQualityLevel:1 ; High quality]]
[2020.05.27-21.26.57:488][  0]LogConfig: Setting CVar [[r.SSS.Scale:1]]
[2020.05.27-21.26.57:488][  0]LogConfig: Setting CVar [[r.SSS.SampleSet:2]]
[2020.05.27-21.26.57:488][  0]LogConfig: Setting CVar [[r.SSS.Quality:1]]
[2020.05.27-21.26.57:488][  0]LogConfig: Setting CVar [[r.SSS.HalfRes:1]]
[2020.05.27-21.26.57:488][  0]LogConfig: Setting CVar [[r.EmitterSpawnRateScale:1.0]]
[2020.05.27-21.26.57:488][  0]LogConfig: Setting CVar [[r.ParticleLightQuality:2]]
[2020.05.27-21.26.57:488][  0]LogConfig: Applying CVar settings from Section [FoliageQuality@3] File [E:/Unreal Projects/LEVEL/Level/Saved/Config/Windows/Scalability.ini]
[2020.05.27-21.26.57:488][  0]LogConfig: Setting CVar [[foliage.DensityScale:1.0]]
[2020.05.27-21.26.57:488][  0]LogConfig: Setting CVar [[grass.DensityScale:1.0]]
[2020.05.27-21.26.57:488][  0]LogConfig: Applying CVar settings from Section [Startup] File [../../../Engine/Config/ConsoleVariables.ini]
[2020.05.27-21.26.57:497][  0]LogConfig: Setting CVar [[net.UseAdaptiveNetUpdateFrequency:0]]
[2020.05.27-21.26.57:497][  0]LogConfig: Setting CVar [[p.chaos.AllowCreatePhysxBodies:1]]
[2020.05.27-21.26.57:497][  0]LogConfig: Applying CVar settings from Section [ConsoleVariables] File [E:/Unreal Projects/LEVEL/Level/Saved/Config/Windows/Engine.ini]
[2020.05.27-21.26.57:498][  0]LogInit: Computer: DESKTOP-9MTLCG4
[2020.05.27-21.26.57:498][  0]LogInit: User: Home
[2020.05.27-21.26.57:498][  0]LogInit: CPU Page size=4096, Cores=4
[2020.05.27-21.26.57:498][  0]LogInit: High frequency timer resolution =10.000000 MHz
[2020.05.27-21.26.57:500][  0]LogMemory: Memory total: Physical=7.9GB (8GB approx)
[2020.05.27-21.26.57:500][  0]LogMemory: Platform Memory Stats for Windows
[2020.05.27-21.26.57:500][  0]LogMemory: Process Physical Memory: 101.57 MB used, 101.57 MB peak
[2020.05.27-21.26.57:500][  0]LogMemory: Process Virtual Memory: 103.88 MB used, 103.88 MB peak
[2020.05.27-21.26.57:500][  0]LogMemory: Physical Memory: 4562.06 MB used,  3573.23 MB free, 8135.29 MB total
[2020.05.27-21.26.57:500][  0]LogMemory: Virtual Memory: 4659.64 MB used,  134213072.00 MB free, 134217728.00 MB total
[2020.05.27-21.26.57:510][  0]LogWindows: WindowsPlatformFeatures enabled
[2020.05.27-21.26.57:884][  0]LogInit: Using OS detected language (ru-RU).
[2020.05.27-21.26.57:884][  0]LogInit: Using OS detected locale (ru-RU).
[2020.05.27-21.26.57:887][  0]LogTextLocalizationManager: No specific localization for 'ru-RU' exists, so the 'ru' localization will be used.
[2020.05.27-21.26.57:887][  0]LogTextLocalizationResource: LocRes '../../../Engine/Content/Localization/Editor/ru/Editor.locres' could not be opened for reading!
[2020.05.27-21.26.57:887][  0]LogTextLocalizationResource: LocRes '../../../Engine/Content/Localization/EditorTutorials/ru/EditorTutorials.locres' could not be opened for reading!
[2020.05.27-21.26.57:887][  0]LogTextLocalizationResource: LocRes '../../../Engine/Content/Localization/Keywords/ru/Keywords.locres' could not be opened for reading!
[2020.05.27-21.26.57:887][  0]LogTextLocalizationResource: LocRes '../../../Engine/Content/Localization/Category/ru/Category.locres' could not be opened for reading!
[2020.05.27-21.26.57:888][  0]LogTextLocalizationResource: LocRes '../../../Engine/Content/Localization/ToolTips/ru/ToolTips.locres' could not be opened for reading!
[2020.05.27-21.26.57:888][  0]LogTextLocalizationResource: LocRes '../../../Engine/Content/Localization/PropertyNames/ru/PropertyNames.locres' could not be opened for reading!
[2020.05.27-21.26.57:888][  0]LogTextLocalizationResource: LocRes '../../../Engine/Content/Localization/Engine/ru/Engine.locres' could not be opened for reading!
[2020.05.27-21.26.57:915][  0]LogInit: Setting process to per monitor DPI aware
[2020.05.27-21.26.58:007][  0]LogSlate: New Slate User Created.  User Index 0, Is Virtual User: 0
[2020.05.27-21.26.58:007][  0]LogSlate: Slate User Registered.  User Index 0, Is Virtual User: 0
[2020.05.27-21.27.00:447][  0]LogHMD: Failed to initialize OpenVR with code 110
[2020.05.27-21.27.00:447][  0]LogD3D11RHI: D3D11 adapters:
[2020.05.27-21.27.00:530][  0]LogD3D11RHI:    0. 'NVIDIA GeForce GTX 1050 Ti' (Feature Level 11_0)
[2020.05.27-21.27.00:530][  0]LogD3D11RHI:       4018/0/4067 MB DedicatedVideo/DedicatedSystem/SharedSystem, Outputs:1, VendorId:0x10de
[2020.05.27-21.27.00:533][  0]LogD3D11RHI:    1. 'Microsoft Basic Render Driver' (Feature Level 11_0)
[2020.05.27-21.27.00:533][  0]LogD3D11RHI:       0/0/4067 MB DedicatedVideo/DedicatedSystem/SharedSystem, Outputs:0, VendorId:0x1414
[2020.05.27-21.27.00:533][  0]LogD3D11RHI: Chosen D3D11 Adapter: 0
[2020.05.27-21.27.00:541][  0]LogD3D11RHI: Creating new Direct3DDevice
[2020.05.27-21.27.00:541][  0]LogD3D11RHI:     GPU DeviceId: 0x1c82 (for the marketing name, search the web for "GPU Device Id")
[2020.05.27-21.27.00:541][  0]LogWindows: EnumDisplayDevices:
[2020.05.27-21.27.00:541][  0]LogWindows:    0. 'NVIDIA GeForce GTX 1050 Ti' (P:1 D:1)
[2020.05.27-21.27.00:541][  0]LogWindows:    1. 'NVIDIA GeForce GTX 1050 Ti' (P:0 D:0)
[2020.05.27-21.27.00:542][  0]LogWindows:    2. 'NVIDIA GeForce GTX 1050 Ti' (P:0 D:0)
[2020.05.27-21.27.00:542][  0]LogWindows:    3. 'NVIDIA GeForce GTX 1050 Ti' (P:0 D:0)
[2020.05.27-21.27.00:542][  0]LogWindows: DebugString: FoundDriverCount:4 
[2020.05.27-21.27.00:542][  0]LogD3D11RHI:     Adapter Name: NVIDIA GeForce GTX 1050 Ti
[2020.05.27-21.27.00:542][  0]LogD3D11RHI:   Driver Version: 445.87 (internal:26.21.14.4587, unified:445.87)
[2020.05.27-21.27.00:542][  0]LogD3D11RHI:      Driver Date: 4-3-2020
[2020.05.27-21.27.00:542][  0]LogRHI: Texture pool is 2812 MB (70% of 4018 MB)
[2020.05.27-21.27.00:603][  0]LogD3D11RHI: Async texture creation enabled
[2020.05.27-21.27.00:658][  0]LogD3D11RHI: GPU Timing Frequency: 1000.000000 (Debug: 2 1)
[2020.05.27-21.27.01:259][  0]LogTemp: Display: Module 'AllDesktopTargetPlatform' loaded TargetPlatform 'AllDesktop'
[2020.05.27-21.27.01:283][  0]LogTemp: Display: Module 'MacClientTargetPlatform' loaded TargetPlatform 'MacClient'
[2020.05.27-21.27.01:306][  0]LogTemp: Display: Module 'MacNoEditorTargetPlatform' loaded TargetPlatform 'MacNoEditor'
[2020.05.27-21.27.01:328][  0]LogTemp: Display: Module 'MacServerTargetPlatform' loaded TargetPlatform 'MacServer'
[2020.05.27-21.27.01:356][  0]LogTemp: Display: Module 'MacTargetPlatform' loaded TargetPlatform 'Mac'
[2020.05.27-21.27.01:379][  0]LogTemp: Display: Module 'WindowsClientTargetPlatform' loaded TargetPlatform 'WindowsClient'
[2020.05.27-21.27.01:403][  0]LogTemp: Display: Module 'WindowsNoEditorTargetPlatform' loaded TargetPlatform 'WindowsNoEditor'
[2020.05.27-21.27.01:426][  0]LogTemp: Display: Module 'WindowsServerTargetPlatform' loaded TargetPlatform 'WindowsServer'
[2020.05.27-21.27.01:445][  0]LogTemp: Display: Module 'WindowsTargetPlatform' loaded TargetPlatform 'Windows'
[2020.05.27-21.27.01:504][  0]LogTemp: Display: Module 'AndroidTargetPlatform' loaded TargetPlatform 'Android'
[2020.05.27-21.27.01:504][  0]LogTemp: Display: Module 'AndroidTargetPlatform' loaded TargetPlatform 'Android_ASTC'
[2020.05.27-21.27.01:504][  0]LogTemp: Display: Module 'AndroidTargetPlatform' loaded TargetPlatform 'Android_ATC'
[2020.05.27-21.27.01:504][  0]LogTemp: Display: Module 'AndroidTargetPlatform' loaded TargetPlatform 'Android_DXT'
[2020.05.27-21.27.01:504][  0]LogTemp: Display: Module 'AndroidTargetPlatform' loaded TargetPlatform 'Android_ETC1'
[2020.05.27-21.27.01:504][  0]LogTemp: Display: Module 'AndroidTargetPlatform' loaded TargetPlatform 'Android_ETC1a'
[2020.05.27-21.27.01:504][  0]LogTemp: Display: Module 'AndroidTargetPlatform' loaded TargetPlatform 'Android_ETC2'
[2020.05.27-21.27.01:504][  0]LogTemp: Display: Module 'AndroidTargetPlatform' loaded TargetPlatform 'Android_PVRTC'
[2020.05.27-21.27.01:504][  0]LogTemp: Display: Module 'AndroidTargetPlatform' loaded TargetPlatform 'AndroidClient'
[2020.05.27-21.27.01:504][  0]LogTemp: Display: Module 'AndroidTargetPlatform' loaded TargetPlatform 'Android_ASTCClient'
[2020.05.27-21.27.01:504][  0]LogTemp: Display: Module 'AndroidTargetPlatform' loaded TargetPlatform 'Android_ATCClient'
[2020.05.27-21.27.01:504][  0]LogTemp: Display: Module 'AndroidTargetPlatform' loaded TargetPlatform 'Android_DXTClient'
[2020.05.27-21.27.01:504][  0]LogTemp: Display: Module 'AndroidTargetPlatform' loaded TargetPlatform 'Android_ETC1Client'
[2020.05.27-21.27.01:504][  0]LogTemp: Display: Module 'AndroidTargetPlatform' loaded TargetPlatform 'Android_ETC1aClient'
[2020.05.27-21.27.01:504][  0]LogTemp: Display: Module 'AndroidTargetPlatform' loaded TargetPlatform 'Android_ETC2Client'
[2020.05.27-21.27.01:505][  0]LogTemp: Display: Module 'AndroidTargetPlatform' loaded TargetPlatform 'Android_PVRTCClient'
[2020.05.27-21.27.01:505][  0]LogTemp: Display: Module 'AndroidTargetPlatform' loaded TargetPlatform 'Android_Multi'
[2020.05.27-21.27.01:505][  0]LogTemp: Display: Module 'AndroidTargetPlatform' loaded TargetPlatform 'Android_MultiClient'
[2020.05.27-21.27.01:521][  0]LogTemp: Display: Module 'HTML5TargetPlatform' loaded TargetPlatform 'HTML5'
[2020.05.27-21.27.01:595][  0]LogTemp: Display: Module 'IOSTargetPlatform' loaded TargetPlatform 'IOSClient'
[2020.05.27-21.27.01:595][  0]LogTemp: Display: Module 'IOSTargetPlatform' loaded TargetPlatform 'IOS'
[2020.05.27-21.27.01:622][  0]LogTemp: Display: Module 'TVOSTargetPlatform' loaded TargetPlatform 'TVOSClient'
[2020.05.27-21.27.01:622][  0]LogTemp: Display: Module 'TVOSTargetPlatform' loaded TargetPlatform 'TVOS'
[2020.05.27-21.27.01:644][  0]LogTemp: Display: Module 'LinuxClientTargetPlatform' loaded TargetPlatform 'LinuxClient'
[2020.05.27-21.27.01:667][  0]LogTemp: Display: Module 'LinuxNoEditorTargetPlatform' loaded TargetPlatform 'LinuxNoEditor'
[2020.05.27-21.27.01:689][  0]LogTemp: Display: Module 'LinuxServerTargetPlatform' loaded TargetPlatform 'LinuxServer'
[2020.05.27-21.27.01:721][  0]LogTemp: Display: Module 'LinuxTargetPlatform' loaded TargetPlatform 'Linux'
[2020.05.27-21.27.01:761][  0]LogTemp: Display: Module 'LuminTargetPlatform' loaded TargetPlatform 'Lumin'
[2020.05.27-21.27.01:761][  0]LogTemp: Display: Module 'LuminTargetPlatform' loaded TargetPlatform 'LuminClient'
[2020.05.27-21.27.01:761][  0]LogTargetPlatformManager: Display: Building Assets For Windows
[2020.05.27-21.27.01:836][  0]LogAudioDebug: Display: Lib vorbis DLL was dynamically loaded.
[2020.05.27-21.27.02:230][  0]LogShaderCompilers: Guid format shader working directory is 3 characters bigger than the processId version (../../../../../Unreal Projects/LEVEL/Level/Intermediate/Shaders/WorkingDirectory/8176/).
[2020.05.27-21.27.02:230][  0]LogShaderCompilers: Cleaned the shader compiler working directory 'C:/Users/Home/AppData/Local/Temp/UnrealShaderWorkingDir/E18C99B14D199F3C45C3B5B134E9A236/'.
[2020.05.27-21.27.02:232][  0]LogXGEController: Cleaning working directory: C:/Users/Home/AppData/Local/Temp/UnrealXGEWorkingDir/
[2020.05.27-21.27.02:232][  0]LogXGEController: Cannot use XGE Controller as Incredibuild is not installed on this machine.
[2020.05.27-21.27.02:233][  0]LogShaderCompilers: Cannot use XGE Shader Compiler as Incredibuild is not installed on this machine.
[2020.05.27-21.27.02:233][  0]LogShaderCompilers: Display: Using Local Shader Compiler.
[2020.05.27-21.27.04:837][  0]LogDerivedDataCache: Display: Max Cache Size: 512 MB
[2020.05.27-21.27.05:146][  0]LogDerivedDataCache: Loaded boot cache 0.31s 73MB C:/Users/Home/AppData/Local/UnrealEngine/4.23/DerivedDataCache/Boot.ddc.
[2020.05.27-21.27.05:147][  0]LogDerivedDataCache: Display: Loaded Boot cache: C:/Users/Home/AppData/Local/UnrealEngine/4.23/DerivedDataCache/Boot.ddc
[2020.05.27-21.27.05:147][  0]LogDerivedDataCache: FDerivedDataBackendGraph:  Pak pak cache file ../../../../../Unreal Projects/LEVEL/Level/DerivedDataCache/DDC.ddp not found, will not use a pak cache.
[2020.05.27-21.27.05:147][  0]LogDerivedDataCache: Unable to find inner node Pak for hierarchical cache Hierarchy.
[2020.05.27-21.27.05:147][  0]LogDerivedDataCache: FDerivedDataBackendGraph:  CompressedPak pak cache file ../../../../../Unreal Projects/LEVEL/Level/DerivedDataCache/Compressed.ddp not found, will not use a pak cache.
[2020.05.27-21.27.05:147][  0]LogDerivedDataCache: Unable to find inner node CompressedPak for hierarchical cache Hierarchy.
[2020.05.27-21.27.05:201][  0]LogDerivedDataCache: Display: Pak cache opened for reading ../../../Engine/DerivedDataCache/Compressed.ddp.
[2020.05.27-21.27.05:201][  0]LogDerivedDataCache: FDerivedDataBackendGraph:  EnterprisePak pak cache file ../../../Enterprise/DerivedDataCache/Compressed.ddp not found, will not use a pak cache.
[2020.05.27-21.27.05:201][  0]LogDerivedDataCache: Unable to find inner node EnterprisePak for hierarchical cache Hierarchy.
[2020.05.27-21.27.05:204][  0]LogDerivedDataCache: Using Local data cache path C:/Users/Home/AppData/Local/UnrealEngine/Common/DerivedDataCache: Writable
[2020.05.27-21.27.05:204][  0]LogDerivedDataCache: Shared data cache path not found in *engine.ini, will not use an Shared cache.
[2020.05.27-21.27.05:204][  0]LogDerivedDataCache: Unable to find inner node Shared for hierarchical cache Hierarchy.
[2020.05.27-21.27.05:238][  0]LogMaterial: Verifying Global Shaders for PCD3D_SM5
[2020.05.27-21.27.05:248][  0]LogSlate: Using FreeType 2.6.0
[2020.05.27-21.27.05:266][  0]LogSlate: SlateFontServices - WITH_FREETYPE: 1, WITH_HARFBUZZ: 1
[2020.05.27-21.27.05:643][  0]LogAssetRegistry: FAssetRegistry took 0.0056 seconds to start up
[2020.05.27-21.27.06:093][  0]LogInit: Selected Device Profile: [Windows]
[2020.05.27-21.27.06:629][  0]LogMeshReduction: Using QuadricMeshReduction for automatic static mesh reduction
[2020.05.27-21.27.06:629][  0]LogMeshReduction: Using SimplygonMeshReduction for automatic skeletal mesh reduction
[2020.05.27-21.27.06:629][  0]LogMeshReduction: Using ProxyLODMeshReduction for automatic mesh merging
[2020.05.27-21.27.06:629][  0]LogMeshReduction: No distributed automatic mesh merging module available
[2020.05.27-21.27.06:629][  0]LogMeshMerging: No distributed automatic mesh merging module available
[2020.05.27-21.27.06:692][  0]LogNetVersion: Level 1.0.0, NetCL: 8386587, EngineNetVer: 11, GameNetVer: 0 (Checksum: 1760920611)
[2020.05.27-21.27.07:891][  0]LogMeshUtilities: Finished distance field build in 0.1s - 14x8x8 distance field, 4528 triangles, Range [-0.1, 0.6], MatineeCam_SM
[2020.05.27-21.27.07:891][  0]LogPackageLocalizationCache: Processed 12 localized package path(s) for 1 prioritized culture(s) in 0.051926 seconds
[2020.05.27-21.27.07:897][  0]LogUObjectArray: 43444 objects as part of root set at end of initial load.
[2020.05.27-21.27.07:898][  0]LogUObjectAllocator: 7548648 out of 0 bytes used by permanent object pool.
[2020.05.27-21.27.07:898][  0]LogUObjectArray: CloseDisregardForGC: 0/0 objects in disregard for GC pool
[2020.05.27-21.27.12:018][  0]LogSubstanceCoreModule: Substance [CPU] Engine Loaded, Max Texture Size = 2048
[2020.05.27-21.27.12:079][  0]LogTcpMessaging: Initializing TcpMessaging bridge
[2020.05.27-21.27.12:101][  0]LogUdpMessaging: Initializing bridge on interface 0.0.0.0:0 to multicast group 230.0.0.1:6666.
[2020.05.27-21.27.12:486][  0]SourceControl: Source control is disabled
[2020.05.27-21.27.14:209][  0]LogMeshUtilities: Finished distance field build in 7.2s - 48x48x48 distance field, 528 triangles, Range [-0.6, 1.0], Sphere
[2020.05.27-21.27.14:209][  0]LogMeshUtilities: Finished distance field build in 0.0s - 9x8x9 distance field, 192 triangles, Range [-0.2, 0.6], Cylinder
[2020.05.27-21.27.14:209][  0]LogMeshUtilities: Finished distance field build in 0.0s - 8x8x8 distance field, 56 triangles, Range [-0.4, 0.6], SM_Sequencer_Node
[2020.05.27-21.27.14:209][  0]LogMeshUtilities: Discarded distance field for SplineEditorMesh as mesh was not closed!  Assign a two-sided material to fix.
[2020.05.27-21.27.14:209][  0]LogMeshUtilities: Finished distance field build in 0.1s - 15x15x8 distance field, 60 triangles, Range [-0.2, 1.0], SplineEditorMesh
[2020.05.27-21.27.14:209][  0]LogAndroidPermission: UAndroidPermissionCallbackProxy::GetInstance
[2020.05.27-21.27.14:683][  0]LogOcInput: OculusInput pre-init called
[2020.05.27-21.27.14:727][  0]LogWindows: Failed to load 'OVRPlugin.dll' (GetLastError=126)
[2020.05.27-21.27.14:727][  0]LogWindows: File 'OVRPlugin.dll' does not exist
[2020.05.27-21.27.15:112][  0]LogEngine: Initializing Engine...
[2020.05.27-21.27.15:114][  0]LogHMD: Failed to initialize OpenVR with code 110
[2020.05.27-21.27.15:116][  0]LogStats: UGameplayTagsManager::InitializeManager -  0.001 s
[2020.05.27-21.27.15:530][  0]LogInit: Initializing FReadOnlyCVARCache
[2020.05.27-21.27.15:583][  0]LogAIModule: Creating AISystem for world Untitled
[2020.05.27-21.27.15:615][  0]LogInit: XAudio2 using 'Динамики (Realtek(R) Audio)' : 2 channels at 48 kHz using 32 bits per sample (channel mask 0x3)
[2020.05.27-21.27.15:660][  0]LogInit: FAudioDevice initialized.
[2020.05.27-21.27.15:660][  0]LogNetVersion: Set ProjectVersion to 1.0.0.0. Version Checksum will be recalculated on next use.
[2020.05.27-21.27.15:728][  0]LogDerivedDataCache: Saved boot cache 0.07s 73MB C:/Users/Home/AppData/Local/UnrealEngine/4.23/DerivedDataCache/Boot.ddc.
[2020.05.27-21.27.15:735][  0]LogInit: Texture streaming: Enabled
[2020.05.27-21.27.15:814][  0]LogEngineSessionManager: EngineSessionManager initialized
[2020.05.27-21.27.15:814][  0]LogEditorSessionSummary: Verbose: Initializing EditorSessionSummaryWriter for editor session tracking
[2020.05.27-21.27.15:815][  0]LogEditorSessionSummary: EditorSessionSummaryWriter initialized
[2020.05.27-21.27.15:933][  0]LogInit: Transaction tracking system initialized
[2020.05.27-21.27.16:086][  0]BlueprintLog: New page: Editor Load
[2020.05.27-21.27.16:496][  0]LocalizationService: Localization service is disabled
[2020.05.27-21.27.16:790][  0]LogLinker: Warning: Failed to load '/Game/ThirdPersonBP/ThirdPersonOverview': Can't find file.
[2020.05.27-21.27.16:790][  0]LogLinker: Warning: Failed to load '/Game/ThirdPersonBP/ThirdPersonOverview': Can't find file.
[2020.05.27-21.27.16:790][  0]LogUObjectGlobals: Warning: Failed to find object 'Class /Game/ThirdPersonBP/ThirdPersonOverview.ThirdPersonOverview_C'
[2020.05.27-21.27.17:354][  0]LogCook: Display: Max memory allowance for cook 16384mb min free memory 0mb
[2020.05.27-21.27.17:354][  0]LogCook: Display: Mobile HDR setting 1
[2020.05.27-21.27.18:143][  0]LogFileCache: Scanning file cache for directory 'E:/Unreal Projects/LEVEL/Level/Content/' took 0.02s
[2020.05.27-21.27.18:366][  0]Cmd: MAP LOAD FILE="../../../../../Unreal Projects/LEVEL/Level/Content/Level/Landscape/Start_Level.umap" TEMPLATE=0 SHOWPROGRESS=1 FEATURELEVEL=3
[2020.05.27-21.27.18:367][  0]LightingResults: New page: Lighting Build
[2020.05.27-21.27.18:373][  0]LogWorld: UWorld::CleanupWorld for Untitled, bSessionEnded=true, bCleanupResources=true
[2020.05.27-21.27.18:376][  0]MapCheck: New page: Map Check
[2020.05.27-21.27.18:376][  0]LightingResults: New page: Lighting Build
[2020.05.27-21.27.18:407][  0]LogUObjectHash: Compacting FUObjectHashTables data took   1.63ms
[2020.05.27-21.27.23:200][  0]LogTexture: Display: Building textures: T_Fir_01_Imposter_N (AutoDXT, 2048X2048)
[2020.05.27-21.27.23:200][  0]LogTexture: Display: Building textures: T_Fir_bark_01_N (BC5, 2048X4096)
[2020.05.27-21.27.23:200][  0]LogTexture: Display: Building textures: T_Poplar_leaves_BC (AutoDXT, 4096X4096)
[2020.05.27-21.27.34:042][  0]LogTexture: Display: Building textures: T_Fir_bark_01_MT_R_AO_H (AutoDXT, 2048X4096)
[2020.05.27-21.27.34:042][  0]LogTexture: Display: Building textures: T_Fir_alba_bark_01_BC (AutoDXT, 2048X4096)
[2020.05.27-21.27.34:616][  0]LogTexture: Display: Building textures: T_Poplar_MT_R_AO (AutoDXT, 4096X4096)
[2020.05.27-21.27.54:969][  0]LogTexture: Display: Building textures: T_Poplar_bark_01_N (BC5, 2048X4096)
[2020.05.27-21.27.54:969][  0]LogTexture: Display: Building textures: T_Poplar_bark_01_MT_R_AO (AutoDXT, 2048X4096)
[2020.05.27-21.27.54:969][  0]LogTexture: Display: Building textures: T_Poplar_bark_01_BC_H (AutoDXT, 2048X4096)
[2020.05.27-21.27.54:969][  0]LogMeshUtilities: Finished distance field build in 36.6s - 64x64x64 distance field, 3968 triangles, Range [-0.1, 1.0], EditorSkySphere
[2020.05.27-21.27.54:969][  0]LogMeshUtilities: Discarded distance field for Plane as mesh was not closed!  Assign a two-sided material to fix.
[2020.05.27-21.27.54:969][  0]LogMeshUtilities: Finished distance field build in 0.2s - 15x15x8 distance field, 2 triangles, Range [-0.2, 1.0], Plane
[2020.05.27-21.27.54:969][  0]LogTexture: Display: Building textures: T_Fir_01_Imposter_BC (AutoDXT, 2048X2048)
[2020.05.27-21.27.54:969][  0]LogTexture: Display: Building textures: T_Poplar_01_Imposter_N (AutoDXT, 2048X2048)
[2020.05.27-21.27.54:969][  0]LogTexture: Display: Building textures: T_Poplar_01_Imposter_BC (AutoDXT, 2048X2048)
[2020.05.27-21.27.55:667][  0]LogTexture: Display: Building textures: T_Poplar_leaves_N (BC5, 4096X4096)
[2020.05.27-21.27.58:745][  0]LogTexture: Display: Building textures: T_Fir_leaves_N (BC5, 4096X4096)
[2020.05.27-21.27.58:745][  0]LogTexture: Display: Building textures: T_Fir_leaves_BC_T (AutoDXT, 4096X4096)
[2020.05.27-21.27.58:745][  0]LogMeshUtilities: Finished distance field build in 5.9s - 30x30x29 distance field, 284 triangles, Range [-0.4, 1.0], Cone
[2020.05.27-21.27.58:749][  0]LogMaterial: Display: Missing cached shader map for material M_leaves, compiling. 
[2020.05.27-21.28.22:585][  0]LogShaderCompilers: Display: Worker (1/3): shaders left to compile 115
[2020.05.27-21.28.22:585][  0]LogShaderCompilers: Display: Worker (2/3): shaders left to compile 105
[2020.05.27-21.28.22:585][  0]LogShaderCompilers: Display: Worker (3/3): shaders left to compile 95
[2020.05.27-21.28.22:585][  0]LogTexture: Display: Building textures: T_Fir_03_Imposter_BC (AutoDXT, 2048X2048)
[2020.05.27-21.28.22:585][  0]LogTexture: Display: Building textures: T_Fir_02_Imposter_N (AutoDXT, 2048X2048)
[2020.05.27-21.28.22:585][  0]LogTexture: Display: Building textures: T_Fir_02_Imposter_BC (AutoDXT, 2048X2048)
[2020.05.27-21.28.22:585][  0]LogTexture: Display: Building textures: T_Fir_bark_02_MT_R_AO_H (AutoDXT, 2048X4096)
[2020.05.27-21.28.22:585][  0]LogMeshUtilities: Finished distance field build in 7.7s - 30x30x30 distance field, 512 triangles, Range [-0.6, 0.8], Cylinder
[2020.05.27-21.28.22:585][  0]LogMeshUtilities: Finished distance field build in 5.0s - 30x30x30 distance field, 960 triangles, Range [-0.6, 1.0], Sphere
[2020.05.27-21.28.22:585][  0]LogMeshUtilities: Finished distance field build in 4.8s - 30x30x30 distance field, 48 triangles, Range [-0.6, 0.6], Cube
[2020.05.27-21.28.22:585][  0]LogTexture: Display: Building textures: T_Fir_bark_02_BC (AutoDXT, 2048X4096)
[2020.05.27-21.28.22:585][  0]LogMeshUtilities: Finished distance field build in 5.9s - 28x28x38 distance field, 448 triangles, Range [-0.5, 0.6], EditorCylinder
[2020.05.27-21.28.22:585][  0]LogMeshUtilities: Finished distance field build in 1.5s - 8x38x38 distance field, 32 triangles, Range [-0.1, 1.0], EditorPlane
[2020.05.27-21.28.22:585][  0]LogAnimationCompression: Building Anim DDC data for AnimSequence /Game/FootstepSound/FootstepsCharacter/Mannequin/Animations/ThirdPersonJump_Start.ThirdPersonJump_Start
[2020.05.27-21.28.22:588][  0]LogAnimationCompression: Recompressing (AnimSequence /Game/FootstepSound/FootstepsCharacter/Mannequin/Animations/ThirdPersonJump_Start.ThirdPersonJump_Start) using current/default (AnimCompress_RemoveLinearKeys_2) bFirstRecompressUsingCurrentOrDefault(1) bTryAlternateCompressor(0) IsCompressedDataValid(0)
[2020.05.27-21.28.22:609][  0]LogAnimationCompression: Building Anim DDC data for AnimSequence /Game/FootstepSound/FootstepsCharacter/Mannequin/Animations/ThirdPersonJump_Loop.ThirdPersonJump_Loop
[2020.05.27-21.28.22:609][  0]LogAnimationCompression: Recompressing (AnimSequence /Game/FootstepSound/FootstepsCharacter/Mannequin/Animations/ThirdPersonJump_Loop.ThirdPersonJump_Loop) using current/default (AnimCompress_RemoveLinearKeys_4) bFirstRecompressUsingCurrentOrDefault(1) bTryAlternateCompressor(0) IsCompressedDataValid(0)
[2020.05.27-21.28.23:497][  0]LogTexture: Display: Building textures: T_Fir_03_Imposter_N (AutoDXT, 2048X2048)
[2020.05.27-21.28.23:497][  0]LogTexture: Display: Building textures: T_Fir_bark_03_N (BC5, 1024X4096)
[2020.05.27-21.28.23:497][  0]LogAudioDerivedData: Display: Building compressed audio format OGG hash OGG wave grass_6...
[2020.05.27-21.28.23:529][  0]LogAudioDerivedData: Display: Updated SoundWave->RawPCMDataSize from 0 to 44100 while cooking SoundWave /Game/FootstepSound/Sounds/WaveFiles/Footsteps_Mono/Male/Grass/grass_6.grass_6.
[2020.05.27-21.28.23:529][  0]LogAudioDerivedData: Display: Building compressed audio format OGG hash OGG wave grass_5...
[2020.05.27-21.28.23:538][  0]LogAudioDerivedData: Display: Updated SoundWave->RawPCMDataSize from 0 to 44100 while cooking SoundWave /Game/FootstepSound/Sounds/WaveFiles/Footsteps_Mono/Male/Grass/grass_5.grass_5.
[2020.05.27-21.28.23:538][  0]LogAudioDerivedData: Display: Building compressed audio format OGG hash OGG wave grass_4...
[2020.05.27-21.28.23:549][  0]LogAudioDerivedData: Display: Updated SoundWave->RawPCMDataSize from 0 to 44100 while cooking SoundWave /Game/FootstepSound/Sounds/WaveFiles/Footsteps_Mono/Male/Grass/grass_4.grass_4.
[2020.05.27-21.28.23:549][  0]LogAudioDerivedData: Display: Building compressed audio format OGG hash OGG wave grass_3...
[2020.05.27-21.28.23:559][  0]LogAudioDerivedData: Display: Updated SoundWave->RawPCMDataSize from 0 to 44100 while cooking SoundWave /Game/FootstepSound/Sounds/WaveFiles/Footsteps_Mono/Male/Grass/grass_3.grass_3.
[2020.05.27-21.28.23:572][  0]LogSkeletalMesh: Building Skeletal Mesh SK_Mannequin...
[2020.05.27-21.28.23:643][  0]LogSkeletalMesh: Built Skeletal Mesh [0.07s] /Game/FootstepSound/FootstepsCharacter/Mannequin/Character/Mesh/SK_Mannequin.SK_Mannequin
[2020.05.27-21.28.23:656][  0]LogMaterial: Display: Missing cached shader map for material M_Imposters, compiling. 
[2020.05.27-21.28.23:766][  0]LogStaticMesh: Building static mesh Fir_02_Small...
[2020.05.27-21.28.24:122][  0]LogStaticMesh: Built static mesh [0.36s] /Game/Environment_Set/Environment/Foliage/Models/Fir_02_Small.Fir_02_Small
[2020.05.27-21.28.24:251][  0]LogStaticMesh: Building static mesh Fir_03_Medium...
[2020.05.27-21.28.25:181][  0]LogTexture: Display: Building textures: T_Fir_bark_03_MT_R_AO_H (AutoDXT, 1024X4096)
[2020.05.27-21.28.25:181][  0]LogStaticMesh: Built static mesh [0.93s] /Game/Environment_Set/Environment/Foliage/Models/Fir_03_Medium.Fir_03_Medium
[2020.05.27-21.28.31:221][  0]LogMaterial: Display: Missing cached shader map for material M_Bark, compiling. 
[2020.05.27-21.28.31:831][  0]LogTexture: Display: Building textures: T_Fir_04_Imposter_N (AutoDXT, 2048X2048)
[2020.05.27-21.28.31:833][  0]LogTexture: Display: Building textures: T_Fir_bark_03_BC_MASK (AutoDXT, 1024X4096)
[2020.05.27-21.28.31:833][  0]LogTexture: Display: Building textures: T_Fir_bark_02_N (BC5, 2048X4096)
[2020.05.27-21.28.33:789][  0]LogTexture: Display: Building textures: T_Fir_04_Imposter_BC (AutoDXT, 2048X2048)
[2020.05.27-21.28.33:789][  0]LogTexture: Display: Building textures: T_Fir_05_Imposter_N (AutoDXT, 2048X2048)
[2020.05.27-21.28.33:789][  0]LogTexture: Display: Building textures: T_Fir_05_Imposter_BC (AutoDXT, 2048X2048)
[2020.05.27-21.28.34:030][  0]LogStaticMesh: Building static mesh Fir_04_Standalone...
[2020.05.27-21.28.35:982][  0]LogTexture: Display: Building textures: T_Fir_bark_04_N (BC5, 1024X4096)
[2020.05.27-21.28.35:982][  0]LogTexture: Display: Building textures: T_Fir_bark_04_MT_R_AO_H (AutoDXT, 1024X4096)
[2020.05.27-21.28.35:982][  0]LogStaticMesh: Built static mesh [1.95s] /Game/Environment_Set/Environment/Foliage/Models/Fir_04_Standalone.Fir_04_Standalone
[2020.05.27-21.28.38:909][  0]LogMaterial: Display: Missing cached shader map for material M_Bark_Blended, compiling. 
[2020.05.27-21.28.46:242][  0]LogTexture: Display: Building textures: T_Fir_bark_04_BC_MASK (AutoDXT, 1024X4096)
[2020.05.27-21.28.46:242][  0]LogTexture: Display: Building textures: T_Fir_07_Imposter_N (AutoDXT, 2048X2048)
[2020.05.27-21.28.46:242][  0]LogTexture: Display: Building textures: T_Fir_06_Imposter_BC (AutoDXT, 2048X2048)
[2020.05.27-21.28.46:242][  0]LogTexture: Display: Building textures: T_Fir_bark_07_BC (AutoDXT, 1024X2048)
[2020.05.27-21.28.46:242][  0]LogTexture: Display: Building textures: T_Fir_07_Imposter_BC (AutoDXT, 2048X2048)
[2020.05.27-21.28.46:242][  0]LogStaticMesh: Building static mesh Fir_05_Standalone...
[2020.05.27-21.28.48:219][  0]LogTexture: Display: Building textures: T_Fir_08_Imposter_N (AutoDXT, 2048X2048)
[2020.05.27-21.28.48:219][  0]LogTexture: Display: Building textures: T_Fir_08_Imposter_BC (AutoDXT, 2048X2048)
[2020.05.27-21.28.48:219][  0]LogTexture: Display: Building textures: T_Fir_bark_07_N (BC5, 1024X2048)
[2020.05.27-21.28.48:219][  0]LogTexture: Display: Building textures: T_Fir_bark_07_MT_R_AO_C (AutoDXT, 1024X2048)
[2020.05.27-21.28.48:219][  0]LogTexture: Display: Building textures: T_trunk_01_MT_R_AO (AutoDXT, 2048X2048)
[2020.05.27-21.28.48:219][  0]LogStaticMesh: Built static mesh [1.98s] /Game/Environment_Set/Environment/Foliage/Models/Fir_05_Standalone.Fir_05_Standalone
[2020.05.27-21.28.48:358][  0]LogStaticMesh: Building static mesh Fir_06_Forest...
[2020.05.27-21.28.49:130][  0]LogStaticMesh: Built static mesh [0.77s] /Game/Environment_Set/Environment/Foliage/Models/Fir_06_Forest.Fir_06_Forest
[2020.05.27-21.28.49:214][  0]LogStaticMesh: Building static mesh Fir_07_Forest...
[2020.05.27-21.28.49:815][  0]LogStaticMesh: Built static mesh [0.60s] /Game/Environment_Set/Environment/Foliage/Models/Fir_07_Forest.Fir_07_Forest
[2020.05.27-21.28.51:500][  0]LogStaticMesh: Building static mesh Fir_08_Dead_Forest...
[2020.05.27-21.28.52:091][  0]LogTexture: Display: Building textures: T_trunk_01_BC (AutoDXT, 2048X2048)
[2020.05.27-21.28.52:092][  0]LogStaticMesh: Built static mesh [0.59s] /Game/Environment_Set/Environment/Foliage/Models/Fir_08_Dead_Forest.Fir_08_Dead_Forest
[2020.05.27-21.28.52:108][  0]LogMaterial: Display: Missing cached shader map for material M_Imposters, compiling. 
[2020.05.27-21.28.59:021][  0]LogShaderCompilers: Display: Worker (1/3): shaders left to compile 513
[2020.05.27-21.28.59:021][  0]LogTexture: Display: Building textures: T_trunk_02_MT_R_AO (AutoDXT, 2048X2048)
[2020.05.27-21.28.59:021][  0]LogTexture: Display: Building textures: T_trunk_02_BC (AutoDXT, 2048X2048)
[2020.05.27-21.28.59:021][  0]LogTexture: Display: Building textures: T_trunk_01_N (BC5, 2048X2048)
[2020.05.27-21.29.00:009][  0]LogStaticMesh: Building static mesh SM_trunk_01...
[2020.05.27-21.29.00:127][  0]LogStaticMesh: Built static mesh [0.12s] /Game/Environment_Set/Environment/Foliage/Models/SM_trunk_01.SM_trunk_01
[2020.05.27-21.29.00:137][  0]LogStaticMesh: Building static mesh Fir_08_Dead_NoBillboard...
[2020.05.27-21.29.00:722][  0]LogStaticMesh: Built static mesh [0.59s] /Game/Environment_Set/Environment/Foliage/Models/Fir_08_Dead_NoBillboard.Fir_08_Dead_NoBillboard
[2020.05.27-21.29.06:192][  0]LogTexture: Display: Building textures: T_trunk_02_N (BC5, 2048X2048)
[2020.05.27-21.29.06:192][  0]LogTexture: Display: Building textures: T_ErosionMask (AutoDXT, 2048X2048)
[2020.05.27-21.29.06:192][  0]LogTexture: Display: Building textures: T_Default_N (BC5, 512X512)
[2020.05.27-21.29.06:192][  0]LogStaticMesh: Building static mesh SM_trunk_02...
[2020.05.27-21.29.06:312][  0]LogStaticMesh: Built static mesh [0.12s] /Game/Environment_Set/Environment/Foliage/Models/SM_trunk_02.SM_trunk_02
[2020.05.27-21.29.06:718][  0]LogTexture: Display: Building textures: T_Grass_D (AutoDXT, 2048X2048)
[2020.05.27-21.29.06:718][  0]LogTexture: Display: Building textures: T_Grass_N (BC5, 2048X2048)
[2020.05.27-21.29.08:231][  0]LogTexture: Display: Building textures: T_CliffSurface_Desert_D (AutoDXT, 4096X4096)
[2020.05.27-21.29.08:231][  0]LogTexture: Display: Building textures: T_Grass_Detail_N (BC5, 4096X4096)
[2020.05.27-21.29.15:654][  0]LogTexture: Display: Building textures: T_Grass_Detail_D (AutoDXT, 4096X4096)
[2020.05.27-21.29.49:478][  0]LogTexture: Display: Building textures: T_Slab_01_N (BC5, 4096X4096)
[2020.05.27-21.29.49:479][  0]LogTexture: Display: Building textures: T_CliffSurface_Snow_D (AutoDXT, 4096X4096)
[2020.05.27-21.29.49:479][  0]LogMeshUtilities: Finished distance field build in 63.9s - 48x48x48 distance field, 3968 triangles, Range [-0.6, 1.0], EditorSphere
[2020.05.27-21.29.49:479][  0]LogTexture: Display: Building textures: T_CliffSurface_D (AutoDXT, 4096X4096)
[2020.05.27-21.29.49:479][  0]LogMeshUtilities: Finished distance field build in 18.0s - 29x24x24 distance field, 3612 triangles, Range [-0.3, 1.0], SM_trunk_02
[2020.05.27-21.29.49:479][  0]LogTexture: Display: Building textures: T_fern_01_MT_R_AO (AutoDXT, 2048X2048)
[2020.05.27-21.29.49:672][  0]LogTexture: Display: Building textures: T_Desert_N (BC5, 2048X2048)
[2020.05.27-21.29.51:624][  0]LogTexture: Display: Building textures: T_DesertRock_DetailN (BC5, 4096X4096)
[2020.05.27-21.29.55:152][  0]LogTexture: Display: Building textures: T_fern_01_BC_M (AutoDXT, 2048X2048)
[2020.05.27-21.29.55:301][  0]LogTexture: Display: Building textures: T_Desert_D (AutoDXT, 2048X2048)
[2020.05.27-21.30.02:551][  0]LogTexture: Display: Building textures: T_Hue (AutoDXT, 1024X1024)
[2020.05.27-21.30.02:552][  0]LogTexture: Display: Building textures: T_grass_atlas_01_N (BC5, 4096X4096)
[2020.05.27-21.30.03:276][  0]LogTexture: Display: Building textures: T_DesertRock_Detail_D (AutoDXT, 4096X4096)
[2020.05.27-21.30.35:372][  0]LogTexture: Display: Building textures: T_grass_atlas_01_MT_R_AO (AutoDXT, 4096X4096)
[2020.05.27-21.30.35:372][  0]LogTexture: Display: Building textures: T_grass_atlas_01_BC_M (AutoDXT, 4096X4096)
[2020.05.27-21.30.35:372][  0]LogTexture: Display: Building textures: T_Snowflows_D (AutoDXT, 2048X2048)
[2020.05.27-21.30.35:372][  0]LogTexture: Display: Building textures: T_Snow_D (AutoDXT, 2048X2048)
[2020.05.27-21.30.35:372][  0]LogTexture: Display: Building textures: T_Rock_D (AutoDXT, 2048X2048)
[2020.05.27-21.30.35:372][  0]LogTexture: Display: Building textures: T_Puddles_D (AutoDXT, 4096X4096)
[2020.05.27-21.30.35:579][  0]LogTexture: Display: Building textures: T_DesertRidges_D (AutoDXT, 2048X2048)
[2020.05.27-21.30.42:442][  0]LogTexture: Display: Building textures: T_Puddles_R (AutoDXT, 4096X4096)
[2020.05.27-21.30.43:078][  0]LogTexture: Display: Building textures: T_RockMacro_N (BC5, 4096X4096)
[2020.05.27-21.30.46:998][  0]LogTexture: Display: Building textures: T_CliffSurface_N (BC5, 4096X4096)
[2020.05.27-21.30.50:364][  0]LogTexture: Display: Building textures: T_GrassDry_D (AutoDXT, 2048X2048)
[2020.05.27-21.30.57:736][  0]LogTexture: Display: Building textures: T_Puddles_N (BC5, 4096X4096)
[2020.05.27-21.30.58:703][  0]LogTexture: Display: Building textures: T_GrassDry_Detail_D (AutoDXT, 4096X4096)
[2020.05.27-21.31.29:365][  0]LogTexture: Display: Building textures: T_Puddles_H (AutoDXT, 4096X4096)
[2020.05.27-21.31.29:365][  0]LogTexture: Display: Building textures: T_MudDistance_D (AutoDXT, 2048X2048)
[2020.05.27-21.31.29:365][  0]LogTexture: Display: Building textures: T_Mud_D (AutoDXT, 4096X4096)
[2020.05.27-21.31.29:365][  0]LogTexture: Display: Building textures: T_MudDistance_R (AutoDXT, 4096X4096)
[2020.05.27-21.31.29:724][  0]LogTexture: Display: Building textures: T_Forest_N (BC5, 2048X2048)
[2020.05.27-21.31.30:899][  0]LogShaderCompilers: Display: Worker (2/3): shaders left to compile 503
[2020.05.27-21.31.30:899][  0]LogTexture: Display: Building textures: T_Forest_Detail_N (BC5, 4096X4096)
[2020.05.27-21.31.34:117][  0]LogTexture: Display: Building textures: T_Mud_R (AutoDXT, 4096X4096)
[2020.05.27-21.31.34:287][  0]LogTexture: Display: Building textures: T_Forest_D (AutoDXT, 2048X2048)
[2020.05.27-21.31.41:631][  0]LogTexture: Display: Building textures: T_Mud_N (BC5, 4096X4096)
[2020.05.27-21.31.41:631][  0]LogTexture: Display: Building textures: T_MudDistance_H (AutoDXT, 4096X4096)
[2020.05.27-21.31.42:450][  0]LogTexture: Display: Building textures: T_Forest_Detail_D (AutoDXT, 4096X4096)
[2020.05.27-21.32.13:560][  0]LogTexture: Display: Building textures: T_Mud_H (AutoDXT, 4096X4096)
[2020.05.27-21.32.13:560][  0]LogTexture: Display: Building textures: T_ForestDry_D (AutoDXT, 2048X2048)
[2020.05.27-21.32.13:560][  0]LogTexture: Display: Building textures: T_Dunes_D (AutoDXT, 2048X2048)
[2020.05.27-21.32.13:560][  0]LogTexture: Display: Building textures: T_Dunes_N (BC5, 4096X4096)
[2020.05.27-21.32.13:560][  0]LogTexture: Display: Building textures: T_Craters_D (AutoDXT, 4096X4096)
[2020.05.27-21.32.13:560][  0]LogTexture: Display: Building textures: T_Crater_Detail_D (AutoDXT, 4096X4096)
[2020.05.27-21.32.13:560][  0]LogTexture: Display: Building textures: T_Craters_N (BC5, 4096X4096)
[2020.05.27-21.32.14:185][  0]LogTexture: Display: Building textures: T_Beach_N (BC5, 4096X4096)
[2020.05.27-21.32.17:431][  0]LogTexture: Display: Building textures: T_Crater_Detail_N (BC5, 4096X4096)
[2020.05.27-21.32.18:209][  0]LogTexture: Display: Building textures: T_Beach_D (AutoDXT, 4096X4096)
[2020.05.27-21.32.40:274][  0]LogTexture: Display: Building textures: T_CliffSurface_Coast_D (AutoDXT, 4096X4096)
[2020.05.27-21.32.40:274][  0]LogTexture: Display: Building textures: T_Slab_02_N (BC5, 4096X4096)
[2020.05.27-21.32.40:274][  0]LogTexture: Display: Building textures: T_Slab_02_D (AutoDXT, 4096X4096)
[2020.05.27-21.32.40:700][  0]LogShaderCompilers: Display: Worker (3/3): shaders left to compile 493
[2020.05.27-21.32.40:700][  0]LogMaterial: Display: Missing cached shader map for material M_Landscape, compiling. 
[2020.05.27-21.32.40:745][  0]LogMaterial: Display: Missing cached shader map for material M_Landscape, compiling. 
[2020.05.27-21.32.40:781][  0]LogMaterial: Display: Missing cached shader map for material M_NearMesh_Master, compiling. 
[2020.05.27-21.32.40:828][  0]LogMaterial: Display: Missing cached shader map for material M_NearMesh_Master, compiling. 
[2020.05.27-21.32.40:872][  0]LogStaticMesh: Building static mesh S_Pebbles_01_beach...
[2020.05.27-21.32.40:894][  0]LogStaticMesh: Built static mesh [0.02s] /Game/Level/Meshes/Cliffs/Meshes/Pebbles_01/S_Pebbles_01_beach.S_Pebbles_01_beach
[2020.05.27-21.32.40:898][  0]LogStaticMesh: Building static mesh S_Pebbles_01...
[2020.05.27-21.32.40:920][  0]LogStaticMesh: Built static mesh [0.02s] /Game/Level/Meshes/Cliffs/Meshes/Pebbles_01/S_Pebbles_01.S_Pebbles_01
[2020.05.27-21.32.40:924][  0]LogMaterial: Display: Missing cached shader map for material M_Grass_Material, compiling. 
[2020.05.27-21.32.41:193][  0]LogTexture: Display: Building textures: T_fern_01_N (BC5, 2048X2048)
[2020.05.27-21.32.42:019][  0]LogTexture: Display: Building textures: T_Slab_01_D (AutoDXT, 4096X4096)
[2020.05.27-21.32.42:023][  0]LogStaticMesh: Building static mesh SM_fern_01_1...
[2020.05.27-21.32.42:055][  0]LogStaticMesh: Built static mesh [0.03s] /Game/Environment_Set/Environment/Foliage/Models/SM_fern_01_1.SM_fern_01_1
[2020.05.27-21.32.46:370][  0]LogStaticMesh: Building static mesh S_Cliff_Slab_02_Snow...
[2020.05.27-21.32.46:625][  0]LogTexture: Display: Building textures: Nettle_n (BC5, 1024X1024)
[2020.05.27-21.32.46:625][  0]LogTexture: Display: Building textures: Nettle_d (AutoDXT, 1024X1024)
[2020.05.27-21.32.46:625][  0]LogStaticMesh: Built static mesh [0.26s] /Game/Level/Meshes/Cliffs/Meshes/Slab_02/S_Cliff_Slab_02_Snow.S_Cliff_Slab_02_Snow
[2020.05.27-21.33.03:460][  0]LogShaderCompilers: Display: Worker (1/3): shaders left to compile 850
[2020.05.27-21.33.03:460][  0]LogTexture: Display: Building textures: Ivan_tea_N (BC5, 1024X1024)
[2020.05.27-21.33.03:460][  0]LogTexture: Display: Building textures: Ivan_tea_D (AutoDXT, 1024X1024)
[2020.05.27-21.33.03:460][  0]LogTexture: Display: Building textures: flowers_N (BC5, 1024X1024)
[2020.05.27-21.33.03:460][  0]LogTexture: Display: Building textures: flowers_D (AutoDXT, 1024X1024)
[2020.05.27-21.33.03:460][  0]LogTexture: Display: Building textures: TreeBark_N (BC5, 2048X2048)
[2020.05.27-21.33.03:460][  0]LogTexture: Display: Building textures: TreeBark_D (AutoDXT, 2048X2048)
[2020.05.27-21.33.03:460][  0]LogTexture: Display: Building textures: Mask1 (AutoDXT, 256X256)
[2020.05.27-21.33.03:460][  0]LogTexture: Display: Building textures: base_white_d (AutoDXT, 8X8)
[2020.05.27-21.33.03:460][  0]LogTexture: Display: Building textures: T_Grass_D (AutoDXT, 1024X1024)
[2020.05.27-21.33.03:460][  0]LogTexture: Display: Building textures: Ramashka_N (BC5, 1024X1024)
[2020.05.27-21.33.03:461][  0]LogTexture: Display: Building textures: Ramashka_d (AutoDXT, 1024X1024)
[2020.05.27-21.33.03:461][  0]LogTexture: Display: Building textures: RBush_D (AutoDXT, 1024X1024)
[2020.05.27-21.33.03:461][  0]LogTexture: Display: Building textures: Bush_N (BC5, 4096X4096)
[2020.05.27-21.33.03:461][  0]LogShaderCompilers: Display: Worker (1/3): shaders left to compile 840
[2020.05.27-21.33.03:461][  0]LogTexture: Display: Building textures: Bush_D (AutoDXT, 4096X4096)
[2020.05.27-21.33.03:461][  0]LogShaderCompilers: Display: Worker (3/3): shaders left to compile 830
[2020.05.27-21.33.03:461][  0]LogShaderCompilers: Display: Worker (2/3): shaders left to compile 820
[2020.05.27-21.33.03:461][  0]LogTexture: Display: Building textures: gradient_D (AutoDXT, 32X32)
[2020.05.27-21.33.03:461][  0]LogTexture: Display: Building textures: base_gray_d (AutoDXT, 8X8)
[2020.05.27-21.33.03:461][  0]LogTexture: Display: Building textures: base_flat_n (BC5, 8X8)
[2020.05.27-21.33.03:461][  0]LogStaticMesh: Building static mesh S_Cliff_Slab_01_Snow...
[2020.05.27-21.33.04:471][  0]LogTexture: Display: Building textures: T_nettle_01_N (BC5, 2048X1024)
[2020.05.27-21.33.04:471][  0]LogTexture: Display: Building textures: T_nettle_01_MT_R_AO (AutoDXT, 2048X1024)
[2020.05.27-21.33.04:471][  0]LogStaticMesh: Built static mesh [1.01s] /Game/Level/Meshes/Cliffs/Meshes/Slab_01/S_Cliff_Slab_01_Snow.S_Cliff_Slab_01_Snow
[2020.05.27-21.33.04:487][  0]LogStaticMesh: Building static mesh S_Pebbles_01_snow...
[2020.05.27-21.33.04:508][  0]LogStaticMesh: Built static mesh [0.02s] /Game/Level/Meshes/Cliffs/Meshes/Pebbles_01/S_Pebbles_01_snow.S_Pebbles_01_snow
[2020.05.27-21.33.04:512][  0]LogStaticMesh: Building static mesh S_Cliff_Slab_02...
[2020.05.27-21.33.04:750][  0]LogStaticMesh: Built static mesh [0.24s] /Game/Level/Meshes/Cliffs/Meshes/Slab_02/S_Cliff_Slab_02.S_Cliff_Slab_02
[2020.05.27-21.33.04:760][  0]LogStaticMesh: Building static mesh S_Cliff_Slab_01...
[2020.05.27-21.33.05:758][  0]LogTexture: Display: Building textures: T_nettle_01_BC_M (AutoDXT, 2048X1024)
[2020.05.27-21.33.05:758][  0]LogStaticMesh: Built static mesh [1.00s] /Game/Level/Meshes/Cliffs/Meshes/Slab_01/S_Cliff_Slab_01.S_Cliff_Slab_01
[2020.05.27-21.33.05:771][  0]LogStaticMesh: Building static mesh S_Pebbles_01_mud...
[2020.05.27-21.33.05:792][  0]LogStaticMesh: Built static mesh [0.02s] /Game/Level/Meshes/Cliffs/Meshes/Pebbles_01/S_Pebbles_01_mud.S_Pebbles_01_mud
[2020.05.27-21.33.05:797][  0]LogMaterial: Display: Missing cached shader map for material M_Grass_Master, compiling. 
[2020.05.27-21.33.05:840][  0]LogMaterial: Display: Missing cached shader map for material M_Grass_Master, compiling. 
[2020.05.27-21.33.05:879][  0]LogStaticMesh: Building static mesh S_GrassDry...
[2020.05.27-21.33.05:924][  0]LogStaticMesh: Built static mesh [0.04s] /Game/Level/Meshes/Foliage/Ground/Grass/S_GrassDry.S_GrassDry
[2020.05.27-21.33.05:925][  0]LogStaticMesh: Building static mesh S_Clovers_02_Dry...
[2020.05.27-21.33.07:236][  0]LogStaticMesh: Built static mesh [1.31s] /Game/Level/Meshes/Foliage/Ground/Clovers/S_Clovers_02_Dry.S_Clovers_02_Dry
[2020.05.27-21.33.07:259][  0]LogStaticMesh: Building static mesh S_Clovers_01_Dry...
[2020.05.27-21.33.07:619][  0]LogStaticMesh: Built static mesh [0.36s] /Game/Level/Meshes/Foliage/Ground/Clovers/S_Clovers_01_Dry.S_Clovers_01_Dry
[2020.05.27-21.33.07:630][  0]LogStaticMesh: Building static mesh S_Pebbles_01_dry...
[2020.05.27-21.33.07:652][  0]LogStaticMesh: Built static mesh [0.02s] /Game/Level/Meshes/Cliffs/Meshes/Pebbles_01/S_Pebbles_01_dry.S_Pebbles_01_dry
[2020.05.27-21.33.07:658][  0]LogMaterial: Display: Missing cached shader map for material Flora_twoSides, compiling. 
[2020.05.27-21.33.07:729][  0]LogMaterial: Display: Missing cached shader map for material Flora_twoSides, compiling. 
[2020.05.27-21.33.07:785][  0]LogStaticMesh: Building static mesh nettle02...
[2020.05.27-21.33.07:787][  0]LogStaticMesh: Built static mesh [0.00s] /Game/NaturePackage/Meshes/RescaledFlora/nettle02.nettle02
[2020.05.27-21.33.07:797][  0]LogStaticMesh: Building static mesh Ivan_tea02...
[2020.05.27-21.33.07:799][  0]LogStaticMesh: Built static mesh [0.00s] /Game/NaturePackage/Meshes/RescaledFlora/Ivan_tea02.Ivan_tea02
[2020.05.27-21.33.07:802][  0]LogStaticMesh: Building static mesh flowers05...
[2020.05.27-21.33.07:802][  0]LogStaticMesh: Built static mesh [0.00s] /Game/NaturePackage/Meshes/RescaledFlora/flowers05.flowers05
[2020.05.27-21.33.07:804][  0]LogStaticMesh: Building static mesh flowers02...
[2020.05.27-21.33.07:804][  0]LogStaticMesh: Built static mesh [0.00s] /Game/NaturePackage/Meshes/RescaledFlora/flowers02.flowers02
[2020.05.27-21.33.07:808][  0]LogMaterial: Display: Missing cached shader map for material bese_material, compiling. 
[2020.05.27-21.33.07:853][  0]LogStaticMesh: Building static mesh bush05...
[2020.05.27-21.33.07:862][  0]LogStaticMesh: Built static mesh [0.01s] /Game/NaturePackage/Meshes/flora/bush05.bush05
[2020.05.27-21.33.10:899][  0]LogTexture: Display: Building textures: T_forest_heather_01_N (BC5, 2048X1024)
[2020.05.27-21.33.10:899][  0]LogTexture: Display: Building textures: T_forest_heather_01_MT_R_AO (AutoDXT, 2048X1024)
[2020.05.27-21.33.10:899][  0]LogTexture: Display: Building textures: T_forest_heather_01_BC_M (AutoDXT, 2048X1024)
[2020.05.27-21.33.10:899][  0]LogStaticMesh: Building static mesh bush01...
[2020.05.27-21.33.10:900][  0]LogStaticMesh: Built static mesh [0.00s] /Game/NaturePackage/Meshes/flora/bush01.bush01
[2020.05.27-21.33.10:905][  0]LogStaticMesh: Building static mesh S_Grass...
[2020.05.27-21.33.10:953][  0]LogTexture: Display: Building textures: ThumbnailTexture (DXT1, 512X512)
[2020.05.27-21.33.10:953][  0]LogStaticMesh: Built static mesh [0.05s] /Game/Level/Meshes/Foliage/Ground/Grass/S_Grass.S_Grass
[2020.05.27-21.33.10:954][  0]LogStaticMesh: Building static mesh S_Flowers_01_Small...
[2020.05.27-21.33.11:008][  0]LogStaticMesh: Built static mesh [0.05s] /Game/Level/Meshes/Foliage/Ground/Flowers/S_Flowers_01_Small.S_Flowers_01_Small
[2020.05.27-21.33.11:010][  0]LogTexture: Display: Building textures: T_FlipbookBird_01_Lit_D (AutoDXT, 2048X2048)
[2020.05.27-21.33.11:010][  0]LogStaticMesh: Building static mesh S_Flowers_01_Large...
[2020.05.27-21.33.11:456][  0]LogStaticMesh: Built static mesh [0.45s] /Game/Level/Meshes/Foliage/Ground/Flowers/S_Flowers_01_Large.S_Flowers_01_Large
[2020.05.27-21.33.11:466][  0]LogStaticMesh: Building static mesh S_Flower_02_Yellow...
[2020.05.27-21.33.11:556][  0]LogStaticMesh: Built static mesh [0.09s] /Game/Level/Meshes/Foliage/Ground/Flowers/S_Flower_02_Yellow.S_Flower_02_Yellow
[2020.05.27-21.33.11:559][  0]LogStaticMesh: Building static mesh S_Flower_02_Pink...
[2020.05.27-21.33.11:646][  0]LogStaticMesh: Built static mesh [0.09s] /Game/Level/Meshes/Foliage/Ground/Flowers/S_Flower_02_Pink.S_Flower_02_Pink
[2020.05.27-21.33.11:652][  0]LogMaterial: Display: Missing cached shader map for material M_Grass_Master, compiling. 
[2020.05.27-21.33.11:688][  0]LogStaticMesh: Building static mesh S_Flower_02_Blue...
[2020.05.27-21.33.11:776][  0]LogStaticMesh: Built static mesh [0.09s] /Game/Level/Meshes/Foliage/Ground/Flowers/S_Flower_02_Blue.S_Flower_02_Blue
[2020.05.27-21.33.11:779][  0]LogStaticMesh: Building static mesh S_Clovers_02...
[2020.05.27-21.33.12:888][  0]LogStaticMesh: Built static mesh [1.11s] /Game/Level/Meshes/Foliage/Ground/Clovers/S_Clovers_02.S_Clovers_02
[2020.05.27-21.33.12:907][  0]LogStaticMesh: Building static mesh S_Clovers_01...
[2020.05.27-21.33.13:170][  0]LogStaticMesh: Built static mesh [0.26s] /Game/Level/Meshes/Foliage/Ground/Clovers/S_Clovers_01.S_Clovers_01
[2020.05.27-21.33.13:176][  0]LogStaticMesh: Building static mesh Ramashka01...
[2020.05.27-21.33.13:177][  0]LogStaticMesh: Built static mesh [0.00s] /Game/NaturePackage/Meshes/RescaledFlora/Ramashka01.Ramashka01
[2020.05.27-21.33.13:181][  0]LogMaterial: Display: Missing cached shader map for material Flora_back, compiling. 
[2020.05.27-21.33.13:236][  0]LogMaterial: Display: Missing cached shader map for material Flora_back, compiling. 
[2020.05.27-21.33.13:295][  0]LogStaticMesh: Building static mesh bush02...
[2020.05.27-21.33.13:297][  0]LogStaticMesh: Built static mesh [0.00s] /Game/NaturePackage/Meshes/RescaledFlora/bush02.bush02
[2020.05.27-21.33.13:300][  0]LogStaticMesh: Building static mesh SM_nettle_01_1_SM_nettle_01_1...
[2020.05.27-21.33.13:322][  0]LogStaticMesh: Built static mesh [0.02s] /Game/Environment_Set/Environment/Foliage/Models/SM_nettle_01_1_SM_nettle_01_1.SM_nettle_01_1_SM_nettle_01_1
[2020.05.27-21.33.13:324][  0]LogStaticMesh: Building static mesh SM_grass_bush_simple_04...
[2020.05.27-21.33.13:327][  0]LogStaticMesh: Built static mesh [0.00s] /Game/Environment_Set/Environment/Foliage/Models/SM_grass_bush_simple_04.SM_grass_bush_simple_04
[2020.05.27-21.33.13:331][  0]LogMaterial: Display: Missing cached shader map for material M_Grass_Material, compiling. 
[2020.05.27-21.33.13:384][  0]LogStaticMesh: Building static mesh SM_grass_bush_simple_01...
[2020.05.27-21.33.13:391][  0]LogStaticMesh: Built static mesh [0.01s] /Game/Environment_Set/Environment/Foliage/Models/SM_grass_bush_simple_01.SM_grass_bush_simple_01
[2020.05.27-21.33.13:395][  0]LogMaterial: Display: Missing cached shader map for material M_Grass_Tick_Material, compiling. 
[2020.05.27-21.33.13:450][  0]LogMaterial: Display: Missing cached shader map for material M_Grass_Tick_Material, compiling. 
[2020.05.27-21.33.13:507][  0]LogStaticMesh: Building static mesh SM_grass_bush_04...
[2020.05.27-21.33.13:532][  0]LogStaticMesh: Built static mesh [0.03s] /Game/Environment_Set/Environment/Foliage/Models/SM_grass_bush_04.SM_grass_bush_04
