Log file open, 05/17/20 15:26:56
LogWindows: Failed to load 'aqProf.dll' (GetLastError=126)
LogWindows: File 'aqProf.dll' does not exist
LogWindows: Failed to load 'VtuneApi.dll' (GetLastError=126)
LogWindows: File 'VtuneApi.dll' does not exist
LogWindows: Failed to load 'VtuneApi32e.dll' (GetLastError=126)
LogWindows: File 'VtuneApi32e.dll' does not exist
LogConsoleResponse: Display: Failed to find resolution value strings in scalability ini. Falling back to default.
LogInit: Display: Running engine for game: Level
LogPlatformFile: Not using cached read wrapper
LogTaskGraph: Started task graph with 5 named threads and 14 total threads with 3 sets of task threads.
LogStats: Stats thread started at 0.073189
LogD3D11RHI: Loaded GFSDK_Aftermath_Lib.x64.dll
LogICUInternationalization: ICU TimeZone Detection - Raw Offset: +3:00, Platform Override: ''
LogPluginManager: Mounting plugin Paper2D
LogPluginManager: Mounting plugin AISupport
LogPluginManager: Mounting plugin LightPropagationVolume
LogPluginManager: Mounting plugin ActorLayerUtilities
LogPluginManager: Mounting plugin AnimationSharing
LogPluginManager: Mounting plugin CLionSourceCodeAccess
LogPluginManager: Mounting plugin CodeLiteSourceCodeAccess
LogPluginManager: Mounting plugin GitSourceControl
LogPluginManager: Mounting plugin KDevelopSourceCodeAccess
LogPluginManager: Mounting plugin NullSourceCodeAccess
LogPluginManager: Mounting plugin PerforceSourceControl
LogPluginManager: Mounting plugin SubversionSourceControl
LogPluginManager: Mounting plugin UObjectPlugin
LogPluginManager: Mounting plugin VisualStudioCodeSourceCodeAccess
LogPluginManager: Mounting plugin VisualStudioSourceCodeAccess
LogPluginManager: Mounting plugin XCodeSourceCodeAccess
LogPluginManager: Mounting plugin AssetManagerEditor
LogPluginManager: Mounting plugin CryptoKeys
LogPluginManager: Mounting plugin CurveEditorTools
LogPluginManager: Mounting plugin DataValidation
LogPluginManager: Mounting plugin FacialAnimation
LogPluginManager: Mounting plugin GameplayTagsEditor
LogPluginManager: Mounting plugin MacGraphicsSwitching
LogPluginManager: Mounting plugin MaterialAnalyzer
LogPluginManager: Mounting plugin MobileLauncherProfileWizard
LogPluginManager: Mounting plugin PluginBrowser
LogPluginManager: Mounting plugin SpeedTreeImporter
LogPluginManager: Mounting plugin DatasmithContent
LogPluginManager: Mounting plugin VariantManagerContent
LogPluginManager: Mounting plugin AlembicImporter
LogPluginManager: Mounting plugin AutomationUtils
LogPluginManager: Mounting plugin BackChannel
LogPluginManager: Mounting plugin CharacterAI
LogPluginManager: Mounting plugin GeometryCache
LogPluginManager: Mounting plugin HTML5Networking
LogPluginManager: Mounting plugin PlatformCrypto
LogPluginManager: Mounting plugin ProxyLODPlugin
LogPluginManager: Mounting plugin SkeletalReduction
LogPluginManager: Mounting plugin MagicLeap
LogPluginManager: Mounting plugin MagicLeapMedia
LogPluginManager: Mounting plugin GitBashToolBar
LogPluginManager: Mounting plugin Substance
LogPluginManager: Mounting plugin AndroidMedia
LogPluginManager: Mounting plugin AvfMedia
LogPluginManager: Mounting plugin ImgMedia
LogPluginManager: Mounting plugin MediaCompositing
LogPluginManager: Mounting plugin MediaPlayerEditor
LogPluginManager: Mounting plugin WebMMedia
LogPluginManager: Mounting plugin WmfMedia
LogPluginManager: Mounting plugin TcpMessaging
LogPluginManager: Mounting plugin UdpMessaging
LogPluginManager: Mounting plugin ActorSequence
LogPluginManager: Mounting plugin LevelSequenceEditor
LogPluginManager: Mounting plugin MatineeToLevelSequence
LogPluginManager: Mounting plugin NetcodeUnitTest
LogPluginManager: Mounting plugin NUTUnrealEngine4
LogPluginManager: Mounting plugin OnlineSubsystemGooglePlay
LogPluginManager: Mounting plugin OnlineSubsystemIOS
LogPluginManager: Mounting plugin OnlineSubsystem
LogPluginManager: Mounting plugin OnlineSubsystemNull
LogPluginManager: Mounting plugin OnlineSubsystemUtils
LogPluginManager: Mounting plugin LauncherChunkInstaller
LogPluginManager: Mounting plugin AndroidDeviceProfileSelector
LogPluginManager: Mounting plugin AndroidMoviePlayer
LogPluginManager: Mounting plugin AndroidPermission
LogPluginManager: Mounting plugin AppleImageUtils
LogPluginManager: Mounting plugin AppleMoviePlayer
LogPluginManager: Mounting plugin ArchVisCharacter
LogPluginManager: Mounting plugin AudioCapture
LogPluginManager: Mounting plugin CableComponent
LogPluginManager: Mounting plugin CustomMeshComponent
LogPluginManager: Mounting plugin EditableMesh
LogPluginManager: Mounting plugin ExampleDeviceProfileSelector
LogPluginManager: Mounting plugin GoogleCloudMessaging
LogPluginManager: Mounting plugin IOSDeviceProfileSelector
LogPluginManager: Mounting plugin LinuxDeviceProfileSelector
LogPluginManager: Mounting plugin LocationServicesBPLibrary
LogPluginManager: Mounting plugin MobilePatchingUtils
LogPluginManager: Mounting plugin OculusVR
LogPluginManager: Mounting plugin PhysXVehicles
LogPluginManager: Mounting plugin ProceduralMeshComponent
LogPluginManager: Mounting plugin RuntimePhysXCooking
LogPluginManager: Mounting plugin SignificanceManager
LogPluginManager: Mounting plugin SteamVR
LogPluginManager: Mounting plugin WebMMoviePlayer
LogPluginManager: Mounting plugin WindowsMoviePlayer
LogPluginManager: Mounting plugin ScreenshotTools
LogInit: Using libcurl 7.55.1-DEV
LogInit:  - built for x86_64-pc-win32
LogInit:  - supports SSL with OpenSSL/1.1.1
LogInit:  - supports HTTP deflate (compression) using libz 1.2.8
LogInit:  - other features:
LogInit:      CURL_VERSION_SSL
LogInit:      CURL_VERSION_LIBZ
LogInit:      CURL_VERSION_IPV6
LogInit:      CURL_VERSION_ASYNCHDNS
LogInit:      CURL_VERSION_LARGEFILE
LogInit:      CURL_VERSION_IDN
LogInit:  CurlRequestOptions (configurable via config and command line):
LogInit:  - bVerifyPeer = true  - Libcurl will verify peer certificate
LogInit:  - bUseHttpProxy = false  - Libcurl will NOT use HTTP proxy
LogInit:  - bDontReuseConnections = false  - Libcurl will reuse connections
LogInit:  - MaxHostConnections = 16  - Libcurl will limit the number of connections to a host
LogInit:  - LocalHostAddr = Default
LogInit:  - BufferSize = 65536
LogOnline: OSS: Creating online subsystem instance for: NULL
LogInit: WinSock: version 1.1 (2.2), MaxSocks=32767, MaxUdp=65467
LogInit: Build: ++UE4+Release-4.23-CL-9631420
LogInit: Engine Version: 4.23.1-9631420+++UE4+Release-4.23
LogInit: Compatible Engine Version: 4.23.0-8386587+++UE4+Release-4.23
LogInit: Net CL: 8386587
LogInit: OS: Windows 10 (Release 1909) (), CPU: Intel(R) Core(TM) i5-7400 CPU @ 3.00GHz, GPU: NVIDIA GeForce GTX 1050 Ti
LogInit: Compiled (64-bit): Oct 18 2019 02:07:44
LogInit: Compiled with Visual C++: 19.16.27030.01
LogInit: Build Configuration: Development
LogInit: Branch Name: ++UE4+Release-4.23
LogInit: Command Line: 
LogInit: Base Directory: E:/Epic Games/UE_4.23/Engine/Binaries/Win64/
LogInit: Installed Engine Build: 1
LogDevObjectVersion: Number of dev versions registered: 23
LogDevObjectVersion:   Dev-Blueprints (B0D832E4-1F89-4F0D-ACCF-7EB736FD4AA2): 10
LogDevObjectVersion:   Dev-Build (E1C64328-A22C-4D53-A36C-8E866417BD8C): 0
LogDevObjectVersion:   Dev-Core (375EC13C-06E4-48FB-B500-84F0262A717E): 3
LogDevObjectVersion:   Dev-Editor (E4B068ED-F494-42E9-A231-DA0B2E46BB41): 34
LogDevObjectVersion:   Dev-Framework (CFFC743F-43B0-4480-9391-14DF171D2073): 35
LogDevObjectVersion:   Dev-Mobile (B02B49B5-BB20-44E9-A304-32B752E40360): 2
LogDevObjectVersion:   Dev-Networking (A4E4105C-59A1-49B5-A7C5-40C4547EDFEE): 0
LogDevObjectVersion:   Dev-Online (39C831C9-5AE6-47DC-9A44-9C173E1C8E7C): 0
LogDevObjectVersion:   Dev-Physics (78F01B33-EBEA-4F98-B9B4-84EACCB95AA2): 0
LogDevObjectVersion:   Dev-Platform (6631380F-2D4D-43E0-8009-CF276956A95A): 0
LogDevObjectVersion:   Dev-Rendering (12F88B9F-8875-4AFC-A67C-D90C383ABD29): 31
LogDevObjectVersion:   Dev-Sequencer (7B5AE74C-D270-4C10-A958-57980B212A5A): 11
LogDevObjectVersion:   Dev-VR (D7296918-1DD6-4BDD-9DE2-64A83CC13884): 2
LogDevObjectVersion:   Dev-LoadTimes (C2A15278-BFE7-4AFE-6C17-90FF531DF755): 1
LogDevObjectVersion:   Private-Geometry (6EACA3D4-40EC-4CC1-B786-8BED09428FC5): 3
LogDevObjectVersion:   Dev-AnimPhys (29E575DD-E0A3-4627-9D10-D276232CDCEA): 17
LogDevObjectVersion:   Dev-Anim (AF43A65D-7FD3-4947-9873-3E8ED9C1BB05): 2
LogDevObjectVersion:   Dev-ReflectionCapture (6B266CEC-1EC7-4B8F-A30B-E4D90942FC07): 1
LogDevObjectVersion:   Dev-Automation (0DF73D61-A23F-47EA-B727-89E90C41499A): 1
LogDevObjectVersion:   FortniteMain (601D1886-AC64-4F84-AA16-D3DE0DEAC7D6): 27
LogDevObjectVersion:   Dev-Enterprise (9DFFBCD6-494F-0158-E221-12823C92A888): 6
LogDevObjectVersion:   Dev-Niagara (F2AED0AC-9AFE-416F-8664-AA7FFA26D6FC): 1
LogDevObjectVersion:   Dev-Destruction (174F1F0B-B4C6-45A5-B13F-2EE8D0FB917D): 9
LogInit: Presizing for max 16777216 objects, including 0 objects not considered by GC, pre-allocating 0 bytes for permanent pool.
LogInit: Object subsystem initialized
LogConfig: Setting CVar [[con.DebugEarlyDefault:1]]
LogConfig: Setting CVar [[r.setres:1280x720]]
[2020.05.17-12.26.56:518][  0]LogConfig: Setting CVar [[r.VSync:0]]
[2020.05.17-12.26.56:518][  0]LogConfig: Setting CVar [[r.RHICmdBypass:0]]
[2020.05.17-12.26.56:518][  0]LogConfig: Applying CVar settings from Section [/Script/Engine.RendererSettings] File [E:/Unreal Projects/LEVEL/Level/Saved/Config/Windows/Engine.ini]
[2020.05.17-12.26.56:518][  0]LogConfig: Setting CVar [[r.GPUCrashDebugging:0]]
[2020.05.17-12.26.56:518][  0]LogConfig: Setting CVar [[r.MobileMSAA:2]]
[2020.05.17-12.26.56:518][  0]LogConfig: Setting CVar [[r.GenerateMeshDistanceFields:1]]
[2020.05.17-12.26.56:518][  0]LogConfig: Applying CVar settings from Section [/Script/Engine.RendererOverrideSettings] File [E:/Unreal Projects/LEVEL/Level/Saved/Config/Windows/Engine.ini]
[2020.05.17-12.26.56:518][  0]LogConfig: Applying CVar settings from Section [/Script/Engine.StreamingSettings] File [E:/Unreal Projects/LEVEL/Level/Saved/Config/Windows/Engine.ini]
[2020.05.17-12.26.56:518][  0]LogConfig: Setting CVar [[s.MinBulkDataSizeForAsyncLoading:131072]]
[2020.05.17-12.26.56:518][  0]LogConfig: Setting CVar [[s.AsyncLoadingThreadEnabled:0]]
[2020.05.17-12.26.56:518][  0]LogConfig: Setting CVar [[s.EventDrivenLoaderEnabled:1]]
[2020.05.17-12.26.56:518][  0]LogConfig: Setting CVar [[s.WarnIfTimeLimitExceeded:0]]
[2020.05.17-12.26.56:518][  0]LogConfig: Setting CVar [[s.TimeLimitExceededMultiplier:1.5]]
[2020.05.17-12.26.56:518][  0]LogConfig: Setting CVar [[s.TimeLimitExceededMinTime:0.005]]
[2020.05.17-12.26.56:518][  0]LogConfig: Setting CVar [[s.UseBackgroundLevelStreaming:1]]
[2020.05.17-12.26.56:518][  0]LogConfig: Setting CVar [[s.PriorityAsyncLoadingExtraTime:15.0]]
[2020.05.17-12.26.56:518][  0]LogConfig: Setting CVar [[s.LevelStreamingActorsUpdateTimeLimit:5.0]]
[2020.05.17-12.26.56:518][  0]LogConfig: Setting CVar [[s.PriorityLevelStreamingActorsUpdateExtraTime:5.0]]
[2020.05.17-12.26.56:518][  0]LogConfig: Setting CVar [[s.LevelStreamingComponentsRegistrationGranularity:10]]
[2020.05.17-12.26.56:518][  0]LogConfig: Setting CVar [[s.UnregisterComponentsTimeLimit:1.0]]
[2020.05.17-12.26.56:518][  0]LogConfig: Setting CVar [[s.LevelStreamingComponentsUnregistrationGranularity:5]]
[2020.05.17-12.26.56:518][  0]LogConfig: Applying CVar settings from Section [/Script/Engine.GarbageCollectionSettings] File [E:/Unreal Projects/LEVEL/Level/Saved/Config/Windows/Engine.ini]
[2020.05.17-12.26.56:518][  0]LogConfig: Setting CVar [[gc.MaxObjectsNotConsideredByGC:1]]
[2020.05.17-12.26.56:518][  0]LogConfig: Setting CVar [[gc.SizeOfPermanentObjectPool:0]]
[2020.05.17-12.26.56:518][  0]LogConfig: Setting CVar [[gc.FlushStreamingOnGC:0]]
[2020.05.17-12.26.56:518][  0]LogConfig: Setting CVar [[gc.NumRetriesBeforeForcingGC:10]]
[2020.05.17-12.26.56:518][  0]LogConfig: Setting CVar [[gc.AllowParallelGC:1]]
[2020.05.17-12.26.56:518][  0]LogConfig: Setting CVar [[gc.TimeBetweenPurgingPendingKillObjects:61.1]]
[2020.05.17-12.26.56:518][  0]LogConfig: Setting CVar [[gc.MaxObjectsInEditor:16777216]]
[2020.05.17-12.26.56:519][  0]LogConfig: Setting CVar [[gc.IncrementalBeginDestroyEnabled:1]]
[2020.05.17-12.26.56:519][  0]LogConfig: Setting CVar [[gc.CreateGCClusters:1]]
[2020.05.17-12.26.56:519][  0]LogConfig: Setting CVar [[gc.MinGCClusterSize:5]]
[2020.05.17-12.26.56:519][  0]LogConfig: Setting CVar [[gc.ActorClusteringEnabled:0]]
[2020.05.17-12.26.56:519][  0]LogConfig: Setting CVar [[gc.BlueprintClusteringEnabled:0]]
[2020.05.17-12.26.56:519][  0]LogConfig: Setting CVar [[gc.UseDisregardForGCOnDedicatedServers:0]]
[2020.05.17-12.26.56:519][  0]LogConfig: Applying CVar settings from Section [/Script/Engine.NetworkSettings] File [E:/Unreal Projects/LEVEL/Level/Saved/Config/Windows/Engine.ini]
[2020.05.17-12.26.56:519][  0]LogConfig: Applying CVar settings from Section [/Script/UnrealEd.CookerSettings] File [E:/Unreal Projects/LEVEL/Level/Saved/Config/Windows/Engine.ini]
[2020.05.17-12.26.56:521][  0]LogConfig: Applying CVar settings from Section [ViewDistanceQuality@3] File [E:/Unreal Projects/LEVEL/Level/Saved/Config/Windows/Scalability.ini]
[2020.05.17-12.26.56:521][  0]LogConfig: Setting CVar [[r.SkeletalMeshLODBias:0]]
[2020.05.17-12.26.56:521][  0]LogConfig: Setting CVar [[r.ViewDistanceScale:1.0]]
[2020.05.17-12.26.56:521][  0]LogConfig: Applying CVar settings from Section [AntiAliasingQuality@3] File [E:/Unreal Projects/LEVEL/Level/Saved/Config/Windows/Scalability.ini]
[2020.05.17-12.26.56:521][  0]LogConfig: Setting CVar [[r.PostProcessAAQuality:4]]
[2020.05.17-12.26.56:521][  0]LogConfig: Applying CVar settings from Section [ShadowQuality@3] File [E:/Unreal Projects/LEVEL/Level/Saved/Config/Windows/Scalability.ini]
[2020.05.17-12.26.56:521][  0]LogConfig: Setting CVar [[r.LightFunctionQuality:1]]
[2020.05.17-12.26.56:521][  0]LogConfig: Setting CVar [[r.ShadowQuality:5]]
[2020.05.17-12.26.56:521][  0]LogConfig: Setting CVar [[r.Shadow.CSM.MaxCascades:10]]
[2020.05.17-12.26.56:521][  0]LogConfig: Setting CVar [[r.Shadow.MaxResolution:2048]]
[2020.05.17-12.26.56:521][  0]LogConfig: Setting CVar [[r.Shadow.MaxCSMResolution:2048]]
[2020.05.17-12.26.56:521][  0]LogConfig: Setting CVar [[r.Shadow.RadiusThreshold:0.01]]
[2020.05.17-12.26.56:521][  0]LogConfig: Setting CVar [[r.Shadow.DistanceScale:1.0]]
[2020.05.17-12.26.56:521][  0]LogConfig: Setting CVar [[r.Shadow.CSM.TransitionScale:1.0]]
[2020.05.17-12.26.56:521][  0]LogConfig: Setting CVar [[r.Shadow.PreShadowResolutionFactor:1.0]]
[2020.05.17-12.26.56:521][  0]LogConfig: Setting CVar [[r.DistanceFieldShadowing:1]]
[2020.05.17-12.26.56:521][  0]LogConfig: Setting CVar [[r.DistanceFieldAO:1]]
[2020.05.17-12.26.56:521][  0]LogConfig: Setting CVar [[r.AOQuality:2]]
[2020.05.17-12.26.56:521][  0]LogConfig: Setting CVar [[r.VolumetricFog:1]]
[2020.05.17-12.26.56:521][  0]LogConfig: Setting CVar [[r.VolumetricFog.GridPixelSize:8]]
[2020.05.17-12.26.56:521][  0]LogConfig: Setting CVar [[r.VolumetricFog.GridSizeZ:128]]
[2020.05.17-12.26.56:521][  0]LogConfig: Setting CVar [[r.VolumetricFog.HistoryMissSupersampleCount:4]]
[2020.05.17-12.26.56:521][  0]LogConfig: Setting CVar [[r.LightMaxDrawDistanceScale:1]]
[2020.05.17-12.26.56:521][  0]LogConfig: Setting CVar [[r.CapsuleShadows:1]]
[2020.05.17-12.26.56:521][  0]LogConfig: Applying CVar settings from Section [PostProcessQuality@3] File [E:/Unreal Projects/LEVEL/Level/Saved/Config/Windows/Scalability.ini]
[2020.05.17-12.26.56:521][  0]LogConfig: Setting CVar [[r.MotionBlurQuality:4]]
[2020.05.17-12.26.56:521][  0]LogConfig: Setting CVar [[r.AmbientOcclusionMipLevelFactor:0.4]]
[2020.05.17-12.26.56:521][  0]LogConfig: Setting CVar [[r.AmbientOcclusionMaxQuality:100]]
[2020.05.17-12.26.56:521][  0]LogConfig: Setting CVar [[r.AmbientOcclusionLevels:-1]]
[2020.05.17-12.26.56:521][  0]LogConfig: Setting CVar [[r.AmbientOcclusionRadiusScale:1.0]]
[2020.05.17-12.26.56:521][  0]LogConfig: Setting CVar [[r.DepthOfFieldQuality:2]]
[2020.05.17-12.26.56:521][  0]LogConfig: Setting CVar [[r.RenderTargetPoolMin:400]]
[2020.05.17-12.26.56:521][  0]LogConfig: Setting CVar [[r.LensFlareQuality:2]]
[2020.05.17-12.26.56:521][  0]LogConfig: Setting CVar [[r.SceneColorFringeQuality:1]]
[2020.05.17-12.26.56:521][  0]LogConfig: Setting CVar [[r.EyeAdaptationQuality:2]]
[2020.05.17-12.26.56:521][  0]LogConfig: Setting CVar [[r.BloomQuality:5]]
[2020.05.17-12.26.56:521][  0]LogConfig: Setting CVar [[r.FastBlurThreshold:100]]
[2020.05.17-12.26.56:521][  0]LogConfig: Setting CVar [[r.Upscale.Quality:3]]
[2020.05.17-12.26.56:521][  0]LogConfig: Setting CVar [[r.Tonemapper.GrainQuantization:1]]
[2020.05.17-12.26.56:521][  0]LogConfig: Setting CVar [[r.LightShaftQuality:1]]
[2020.05.17-12.26.56:521][  0]LogConfig: Setting CVar [[r.Filter.SizeScale:1]]
[2020.05.17-12.26.56:521][  0]LogConfig: Setting CVar [[r.Tonemapper.Quality:5]]
[2020.05.17-12.26.56:521][  0]LogConfig: Setting CVar [[r.DOF.Gather.AccumulatorQuality:1        ; higher gathering accumulator quality]]
[2020.05.17-12.26.56:521][  0]LogConfig: Setting CVar [[r.DOF.Gather.PostfilterMethod:1          ; Median3x3 postfilering method]]
[2020.05.17-12.26.56:522][  0]LogConfig: Setting CVar [[r.DOF.Gather.EnableBokehSettings:0       ; no bokeh simulation when gathering]]
[2020.05.17-12.26.56:522][  0]LogConfig: Setting CVar [[r.DOF.Gather.RingCount:4                 ; medium number of samples when gathering]]
[2020.05.17-12.26.56:522][  0]LogConfig: Setting CVar [[r.DOF.Scatter.ForegroundCompositing:1    ; additive foreground scattering]]
[2020.05.17-12.26.56:522][  0]LogConfig: Setting CVar [[r.DOF.Scatter.BackgroundCompositing:2    ; additive background scattering]]
[2020.05.17-12.26.56:522][  0]LogConfig: Setting CVar [[r.DOF.Scatter.EnableBokehSettings:1      ; bokeh simulation when scattering]]
[2020.05.17-12.26.56:522][  0]LogConfig: Setting CVar [[r.DOF.Scatter.MaxSpriteRatio:0.1         ; only a maximum of 10% of scattered bokeh]]
[2020.05.17-12.26.56:522][  0]LogConfig: Setting CVar [[r.DOF.Recombine.Quality:1                ; cheap slight out of focus]]
[2020.05.17-12.26.56:522][  0]LogConfig: Setting CVar [[r.DOF.Recombine.EnableBokehSettings:0    ; no bokeh simulation on slight out of focus]]
[2020.05.17-12.26.56:522][  0]LogConfig: Setting CVar [[r.DOF.TemporalAAQuality:1                ; more stable temporal accumulation]]
[2020.05.17-12.26.56:522][  0]LogConfig: Setting CVar [[r.DOF.Kernel.MaxForegroundRadius:0.025]]
[2020.05.17-12.26.56:522][  0]LogConfig: Setting CVar [[r.DOF.Kernel.MaxBackgroundRadius:0.025]]
[2020.05.17-12.26.56:522][  0]LogConfig: Applying CVar settings from Section [TextureQuality@3] File [E:/Unreal Projects/LEVEL/Level/Saved/Config/Windows/Scalability.ini]
[2020.05.17-12.26.56:522][  0]LogConfig: Setting CVar [[r.Streaming.MipBias:0]]
[2020.05.17-12.26.56:522][  0]LogConfig: Setting CVar [[r.Streaming.AmortizeCPUToGPUCopy:0]]
[2020.05.17-12.26.56:522][  0]LogConfig: Setting CVar [[r.Streaming.MaxNumTexturesToStreamPerFrame:0]]
[2020.05.17-12.26.56:522][  0]LogConfig: Setting CVar [[r.Streaming.Boost:1]]
[2020.05.17-12.26.56:522][  0]LogConfig: Setting CVar [[r.MaxAnisotropy:8]]
[2020.05.17-12.26.56:522][  0]LogConfig: Setting CVar [[r.Streaming.LimitPoolSizeToVRAM:0]]
[2020.05.17-12.26.56:522][  0]LogConfig: Setting CVar [[r.Streaming.PoolSize:1000]]
[2020.05.17-12.26.56:522][  0]LogConfig: Setting CVar [[r.Streaming.MaxEffectiveScreenSize:0]]
[2020.05.17-12.26.56:522][  0]LogConfig: Applying CVar settings from Section [EffectsQuality@3] File [E:/Unreal Projects/LEVEL/Level/Saved/Config/Windows/Scalability.ini]
[2020.05.17-12.26.56:522][  0]LogConfig: Setting CVar [[r.TranslucencyLightingVolumeDim:64]]
[2020.05.17-12.26.56:522][  0]LogConfig: Setting CVar [[r.RefractionQuality:2]]
[2020.05.17-12.26.56:522][  0]LogConfig: Setting CVar [[r.SSR.Quality:3]]
[2020.05.17-12.26.56:522][  0]LogConfig: Setting CVar [[r.SceneColorFormat:4]]
[2020.05.17-12.26.56:522][  0]LogConfig: Setting CVar [[r.DetailMode:2]]
[2020.05.17-12.26.56:522][  0]LogConfig: Setting CVar [[r.TranslucencyVolumeBlur:1]]
[2020.05.17-12.26.56:522][  0]LogConfig: Setting CVar [[r.MaterialQualityLevel:1 ; High quality]]
[2020.05.17-12.26.56:522][  0]LogConfig: Setting CVar [[r.SSS.Scale:1]]
[2020.05.17-12.26.56:522][  0]LogConfig: Setting CVar [[r.SSS.SampleSet:2]]
[2020.05.17-12.26.56:522][  0]LogConfig: Setting CVar [[r.SSS.Quality:1]]
[2020.05.17-12.26.56:522][  0]LogConfig: Setting CVar [[r.SSS.HalfRes:1]]
[2020.05.17-12.26.56:522][  0]LogConfig: Setting CVar [[r.EmitterSpawnRateScale:1.0]]
[2020.05.17-12.26.56:522][  0]LogConfig: Setting CVar [[r.ParticleLightQuality:2]]
[2020.05.17-12.26.56:522][  0]LogConfig: Applying CVar settings from Section [FoliageQuality@3] File [E:/Unreal Projects/LEVEL/Level/Saved/Config/Windows/Scalability.ini]
[2020.05.17-12.26.56:522][  0]LogConfig: Setting CVar [[foliage.DensityScale:1.0]]
[2020.05.17-12.26.56:522][  0]LogConfig: Setting CVar [[grass.DensityScale:1.0]]
[2020.05.17-12.26.56:522][  0]LogInit: Selected Device Profile: [Windows]
[2020.05.17-12.26.56:522][  0]LogInit: Applying CVar settings loaded from the selected device profile: [Windows]
[2020.05.17-12.26.56:524][  0]LogHAL: Display: Platform has ~ 8 GB [8530468864 / 8589934592 / 8], which maps to Default [LargestMinGB=32, LargerMinGB=12, DefaultMinGB=8, SmallerMinGB=6, SmallestMinGB=0)
[2020.05.17-12.26.56:524][  0]LogInit: Going up to parent DeviceProfile []
[2020.05.17-12.26.56:524][  0]LogConfig: Applying CVar settings from Section [ViewDistanceQuality@3] File [E:/Unreal Projects/LEVEL/Level/Saved/Config/Windows/Scalability.ini]
[2020.05.17-12.26.56:524][  0]LogConfig: Setting CVar [[r.SkeletalMeshLODBias:0]]
[2020.05.17-12.26.56:524][  0]LogConfig: Setting CVar [[r.ViewDistanceScale:1.0]]
[2020.05.17-12.26.56:524][  0]LogConfig: Applying CVar settings from Section [AntiAliasingQuality@3] File [E:/Unreal Projects/LEVEL/Level/Saved/Config/Windows/Scalability.ini]
[2020.05.17-12.26.56:524][  0]LogConfig: Setting CVar [[r.PostProcessAAQuality:4]]
[2020.05.17-12.26.56:524][  0]LogConfig: Applying CVar settings from Section [ShadowQuality@3] File [E:/Unreal Projects/LEVEL/Level/Saved/Config/Windows/Scalability.ini]
[2020.05.17-12.26.56:524][  0]LogConfig: Setting CVar [[r.LightFunctionQuality:1]]
[2020.05.17-12.26.56:524][  0]LogConfig: Setting CVar [[r.ShadowQuality:5]]
[2020.05.17-12.26.56:524][  0]LogConfig: Setting CVar [[r.Shadow.CSM.MaxCascades:10]]
[2020.05.17-12.26.56:525][  0]LogConfig: Setting CVar [[r.Shadow.MaxResolution:2048]]
[2020.05.17-12.26.56:525][  0]LogConfig: Setting CVar [[r.Shadow.MaxCSMResolution:2048]]
[2020.05.17-12.26.56:525][  0]LogConfig: Setting CVar [[r.Shadow.RadiusThreshold:0.01]]
[2020.05.17-12.26.56:525][  0]LogConfig: Setting CVar [[r.Shadow.DistanceScale:1.0]]
[2020.05.17-12.26.56:525][  0]LogConfig: Setting CVar [[r.Shadow.CSM.TransitionScale:1.0]]
[2020.05.17-12.26.56:525][  0]LogConfig: Setting CVar [[r.Shadow.PreShadowResolutionFactor:1.0]]
[2020.05.17-12.26.56:525][  0]LogConfig: Setting CVar [[r.DistanceFieldShadowing:1]]
[2020.05.17-12.26.56:525][  0]LogConfig: Setting CVar [[r.DistanceFieldAO:1]]
[2020.05.17-12.26.56:525][  0]LogConfig: Setting CVar [[r.AOQuality:2]]
[2020.05.17-12.26.56:525][  0]LogConfig: Setting CVar [[r.VolumetricFog:1]]
[2020.05.17-12.26.56:525][  0]LogConfig: Setting CVar [[r.VolumetricFog.GridPixelSize:8]]
[2020.05.17-12.26.56:525][  0]LogConfig: Setting CVar [[r.VolumetricFog.GridSizeZ:128]]
[2020.05.17-12.26.56:525][  0]LogConfig: Setting CVar [[r.VolumetricFog.HistoryMissSupersampleCount:4]]
[2020.05.17-12.26.56:525][  0]LogConfig: Setting CVar [[r.LightMaxDrawDistanceScale:1]]
[2020.05.17-12.26.56:525][  0]LogConfig: Setting CVar [[r.CapsuleShadows:1]]
[2020.05.17-12.26.56:525][  0]LogConfig: Applying CVar settings from Section [PostProcessQuality@3] File [E:/Unreal Projects/LEVEL/Level/Saved/Config/Windows/Scalability.ini]
[2020.05.17-12.26.56:525][  0]LogConfig: Setting CVar [[r.MotionBlurQuality:4]]
[2020.05.17-12.26.56:525][  0]LogConfig: Setting CVar [[r.AmbientOcclusionMipLevelFactor:0.4]]
[2020.05.17-12.26.56:525][  0]LogConfig: Setting CVar [[r.AmbientOcclusionMaxQuality:100]]
[2020.05.17-12.26.56:525][  0]LogConfig: Setting CVar [[r.AmbientOcclusionLevels:-1]]
[2020.05.17-12.26.56:525][  0]LogConfig: Setting CVar [[r.AmbientOcclusionRadiusScale:1.0]]
[2020.05.17-12.26.56:525][  0]LogConfig: Setting CVar [[r.DepthOfFieldQuality:2]]
[2020.05.17-12.26.56:525][  0]LogConfig: Setting CVar [[r.RenderTargetPoolMin:400]]
[2020.05.17-12.26.56:525][  0]LogConfig: Setting CVar [[r.LensFlareQuality:2]]
[2020.05.17-12.26.56:525][  0]LogConfig: Setting CVar [[r.SceneColorFringeQuality:1]]
[2020.05.17-12.26.56:525][  0]LogConfig: Setting CVar [[r.EyeAdaptationQuality:2]]
[2020.05.17-12.26.56:525][  0]LogConfig: Setting CVar [[r.BloomQuality:5]]
[2020.05.17-12.26.56:525][  0]LogConfig: Setting CVar [[r.FastBlurThreshold:100]]
[2020.05.17-12.26.56:525][  0]LogConfig: Setting CVar [[r.Upscale.Quality:3]]
[2020.05.17-12.26.56:525][  0]LogConfig: Setting CVar [[r.Tonemapper.GrainQuantization:1]]
[2020.05.17-12.26.56:525][  0]LogConfig: Setting CVar [[r.LightShaftQuality:1]]
[2020.05.17-12.26.56:525][  0]LogConfig: Setting CVar [[r.Filter.SizeScale:1]]
[2020.05.17-12.26.56:525][  0]LogConfig: Setting CVar [[r.Tonemapper.Quality:5]]
[2020.05.17-12.26.56:525][  0]LogConfig: Setting CVar [[r.DOF.Gather.AccumulatorQuality:1        ; higher gathering accumulator quality]]
[2020.05.17-12.26.56:525][  0]LogConfig: Setting CVar [[r.DOF.Gather.PostfilterMethod:1          ; Median3x3 postfilering method]]
[2020.05.17-12.26.56:525][  0]LogConfig: Setting CVar [[r.DOF.Gather.EnableBokehSettings:0       ; no bokeh simulation when gathering]]
[2020.05.17-12.26.56:525][  0]LogConfig: Setting CVar [[r.DOF.Gather.RingCount:4                 ; medium number of samples when gathering]]
[2020.05.17-12.26.56:525][  0]LogConfig: Setting CVar [[r.DOF.Scatter.ForegroundCompositing:1    ; additive foreground scattering]]
[2020.05.17-12.26.56:525][  0]LogConfig: Setting CVar [[r.DOF.Scatter.BackgroundCompositing:2    ; additive background scattering]]
[2020.05.17-12.26.56:525][  0]LogConfig: Setting CVar [[r.DOF.Scatter.EnableBokehSettings:1      ; bokeh simulation when scattering]]
[2020.05.17-12.26.56:525][  0]LogConfig: Setting CVar [[r.DOF.Scatter.MaxSpriteRatio:0.1         ; only a maximum of 10% of scattered bokeh]]
[2020.05.17-12.26.56:525][  0]LogConfig: Setting CVar [[r.DOF.Recombine.Quality:1                ; cheap slight out of focus]]
[2020.05.17-12.26.56:525][  0]LogConfig: Setting CVar [[r.DOF.Recombine.EnableBokehSettings:0    ; no bokeh simulation on slight out of focus]]
[2020.05.17-12.26.56:525][  0]LogConfig: Setting CVar [[r.DOF.TemporalAAQuality:1                ; more stable temporal accumulation]]
[2020.05.17-12.26.56:525][  0]LogConfig: Setting CVar [[r.DOF.Kernel.MaxForegroundRadius:0.025]]
[2020.05.17-12.26.56:525][  0]LogConfig: Setting CVar [[r.DOF.Kernel.MaxBackgroundRadius:0.025]]
[2020.05.17-12.26.56:525][  0]LogConfig: Applying CVar settings from Section [TextureQuality@3] File [E:/Unreal Projects/LEVEL/Level/Saved/Config/Windows/Scalability.ini]
[2020.05.17-12.26.56:525][  0]LogConfig: Setting CVar [[r.Streaming.MipBias:0]]
[2020.05.17-12.26.56:525][  0]LogConfig: Setting CVar [[r.Streaming.AmortizeCPUToGPUCopy:0]]
[2020.05.17-12.26.56:525][  0]LogConfig: Setting CVar [[r.Streaming.MaxNumTexturesToStreamPerFrame:0]]
[2020.05.17-12.26.56:525][  0]LogConfig: Setting CVar [[r.Streaming.Boost:1]]
[2020.05.17-12.26.56:525][  0]LogConfig: Setting CVar [[r.MaxAnisotropy:8]]
[2020.05.17-12.26.56:525][  0]LogConfig: Setting CVar [[r.Streaming.LimitPoolSizeToVRAM:0]]
[2020.05.17-12.26.56:525][  0]LogConfig: Setting CVar [[r.Streaming.PoolSize:1000]]
[2020.05.17-12.26.56:525][  0]LogConfig: Setting CVar [[r.Streaming.MaxEffectiveScreenSize:0]]
[2020.05.17-12.26.56:525][  0]LogConfig: Applying CVar settings from Section [EffectsQuality@3] File [E:/Unreal Projects/LEVEL/Level/Saved/Config/Windows/Scalability.ini]
[2020.05.17-12.26.56:525][  0]LogConfig: Setting CVar [[r.TranslucencyLightingVolumeDim:64]]
[2020.05.17-12.26.56:525][  0]LogConfig: Setting CVar [[r.RefractionQuality:2]]
[2020.05.17-12.26.56:525][  0]LogConfig: Setting CVar [[r.SSR.Quality:3]]
[2020.05.17-12.26.56:525][  0]LogConfig: Setting CVar [[r.SceneColorFormat:4]]
[2020.05.17-12.26.56:525][  0]LogConfig: Setting CVar [[r.DetailMode:2]]
[2020.05.17-12.26.56:525][  0]LogConfig: Setting CVar [[r.TranslucencyVolumeBlur:1]]
[2020.05.17-12.26.56:525][  0]LogConfig: Setting CVar [[r.MaterialQualityLevel:1 ; High quality]]
[2020.05.17-12.26.56:525][  0]LogConfig: Setting CVar [[r.SSS.Scale:1]]
[2020.05.17-12.26.56:525][  0]LogConfig: Setting CVar [[r.SSS.SampleSet:2]]
[2020.05.17-12.26.56:525][  0]LogConfig: Setting CVar [[r.SSS.Quality:1]]
[2020.05.17-12.26.56:525][  0]LogConfig: Setting CVar [[r.SSS.HalfRes:1]]
[2020.05.17-12.26.56:525][  0]LogConfig: Setting CVar [[r.EmitterSpawnRateScale:1.0]]
[2020.05.17-12.26.56:525][  0]LogConfig: Setting CVar [[r.ParticleLightQuality:2]]
[2020.05.17-12.26.56:525][  0]LogConfig: Applying CVar settings from Section [FoliageQuality@3] File [E:/Unreal Projects/LEVEL/Level/Saved/Config/Windows/Scalability.ini]
[2020.05.17-12.26.56:526][  0]LogConfig: Setting CVar [[foliage.DensityScale:1.0]]
[2020.05.17-12.26.56:526][  0]LogConfig: Setting CVar [[grass.DensityScale:1.0]]
[2020.05.17-12.26.56:526][  0]LogConfig: Applying CVar settings from Section [Startup] File [../../../Engine/Config/ConsoleVariables.ini]
[2020.05.17-12.26.56:526][  0]LogConfig: Setting CVar [[net.UseAdaptiveNetUpdateFrequency:0]]
[2020.05.17-12.26.56:526][  0]LogConfig: Setting CVar [[p.chaos.AllowCreatePhysxBodies:1]]
[2020.05.17-12.26.56:526][  0]LogConfig: Applying CVar settings from Section [ConsoleVariables] File [E:/Unreal Projects/LEVEL/Level/Saved/Config/Windows/Engine.ini]
[2020.05.17-12.26.56:526][  0]LogInit: Computer: DESKTOP-9MTLCG4
[2020.05.17-12.26.56:526][  0]LogInit: User: Home
[2020.05.17-12.26.56:526][  0]LogInit: CPU Page size=4096, Cores=4
[2020.05.17-12.26.56:526][  0]LogInit: High frequency timer resolution =10.000000 MHz
[2020.05.17-12.26.56:526][  0]LogMemory: Memory total: Physical=7.9GB (8GB approx)
[2020.05.17-12.26.56:526][  0]LogMemory: Platform Memory Stats for Windows
[2020.05.17-12.26.56:526][  0]LogMemory: Process Physical Memory: 100.55 MB used, 100.55 MB peak
[2020.05.17-12.26.56:526][  0]LogMemory: Process Virtual Memory: 88.05 MB used, 88.05 MB peak
[2020.05.17-12.26.56:526][  0]LogMemory: Physical Memory: 3568.41 MB used,  4566.88 MB free, 8135.29 MB total
[2020.05.17-12.26.56:526][  0]LogMemory: Virtual Memory: 4643.64 MB used,  134213088.00 MB free, 134217728.00 MB total
[2020.05.17-12.26.56:528][  0]LogWindows: WindowsPlatformFeatures enabled
[2020.05.17-12.26.56:548][  0]LogInit: Using OS detected language (ru-RU).
[2020.05.17-12.26.56:548][  0]LogInit: Using OS detected locale (ru-RU).
[2020.05.17-12.26.56:548][  0]LogTextLocalizationManager: No specific localization for 'ru-RU' exists, so the 'ru' localization will be used.
[2020.05.17-12.26.56:549][  0]LogTextLocalizationResource: LocRes '../../../Engine/Content/Localization/Editor/ru/Editor.locres' could not be opened for reading!
[2020.05.17-12.26.56:549][  0]LogTextLocalizationResource: LocRes '../../../Engine/Content/Localization/EditorTutorials/ru/EditorTutorials.locres' could not be opened for reading!
[2020.05.17-12.26.56:549][  0]LogTextLocalizationResource: LocRes '../../../Engine/Content/Localization/Keywords/ru/Keywords.locres' could not be opened for reading!
[2020.05.17-12.26.56:549][  0]LogTextLocalizationResource: LocRes '../../../Engine/Content/Localization/Category/ru/Category.locres' could not be opened for reading!
[2020.05.17-12.26.56:549][  0]LogTextLocalizationResource: LocRes '../../../Engine/Content/Localization/ToolTips/ru/ToolTips.locres' could not be opened for reading!
[2020.05.17-12.26.56:549][  0]LogTextLocalizationResource: LocRes '../../../Engine/Content/Localization/PropertyNames/ru/PropertyNames.locres' could not be opened for reading!
[2020.05.17-12.26.56:549][  0]LogTextLocalizationResource: LocRes '../../../Engine/Content/Localization/Engine/ru/Engine.locres' could not be opened for reading!
[2020.05.17-12.26.56:550][  0]LogInit: Setting process to per monitor DPI aware
[2020.05.17-12.26.56:575][  0]LogSlate: New Slate User Created.  User Index 0, Is Virtual User: 0
[2020.05.17-12.26.56:575][  0]LogSlate: Slate User Registered.  User Index 0, Is Virtual User: 0
[2020.05.17-12.26.56:714][  0]LogHMD: Failed to initialize OpenVR with code 110
[2020.05.17-12.26.56:714][  0]LogD3D11RHI: D3D11 adapters:
[2020.05.17-12.26.56:777][  0]LogD3D11RHI:    0. 'NVIDIA GeForce GTX 1050 Ti' (Feature Level 11_0)
[2020.05.17-12.26.56:777][  0]LogD3D11RHI:       4018/0/4067 MB DedicatedVideo/DedicatedSystem/SharedSystem, Outputs:1, VendorId:0x10de
[2020.05.17-12.26.56:780][  0]LogD3D11RHI:    1. 'Microsoft Basic Render Driver' (Feature Level 11_0)
[2020.05.17-12.26.56:780][  0]LogD3D11RHI:       0/0/4067 MB DedicatedVideo/DedicatedSystem/SharedSystem, Outputs:0, VendorId:0x1414
[2020.05.17-12.26.56:780][  0]LogD3D11RHI: Chosen D3D11 Adapter: 0
[2020.05.17-12.26.56:786][  0]LogD3D11RHI: Creating new Direct3DDevice
[2020.05.17-12.26.56:786][  0]LogD3D11RHI:     GPU DeviceId: 0x1c82 (for the marketing name, search the web for "GPU Device Id")
[2020.05.17-12.26.56:786][  0]LogWindows: EnumDisplayDevices:
[2020.05.17-12.26.56:786][  0]LogWindows:    0. 'NVIDIA GeForce GTX 1050 Ti' (P:1 D:1)
[2020.05.17-12.26.56:787][  0]LogWindows:    1. 'NVIDIA GeForce GTX 1050 Ti' (P:0 D:0)
[2020.05.17-12.26.56:787][  0]LogWindows:    2. 'NVIDIA GeForce GTX 1050 Ti' (P:0 D:0)
[2020.05.17-12.26.56:787][  0]LogWindows:    3. 'NVIDIA GeForce GTX 1050 Ti' (P:0 D:0)
[2020.05.17-12.26.56:787][  0]LogWindows: DebugString: FoundDriverCount:4 
[2020.05.17-12.26.56:787][  0]LogD3D11RHI:     Adapter Name: NVIDIA GeForce GTX 1050 Ti
[2020.05.17-12.26.56:787][  0]LogD3D11RHI:   Driver Version: 445.87 (internal:26.21.14.4587, unified:445.87)
[2020.05.17-12.26.56:787][  0]LogD3D11RHI:      Driver Date: 4-3-2020
[2020.05.17-12.26.56:787][  0]LogRHI: Texture pool is 2812 MB (70% of 4018 MB)
[2020.05.17-12.26.56:833][  0]LogD3D11RHI: Async texture creation enabled
[2020.05.17-12.26.56:852][  0]LogD3D11RHI: GPU Timing Frequency: 1000.000000 (Debug: 2 1)
[2020.05.17-12.26.57:149][  0]LogTemp: Display: Module 'AllDesktopTargetPlatform' loaded TargetPlatform 'AllDesktop'
[2020.05.17-12.26.57:157][  0]LogTemp: Display: Module 'MacClientTargetPlatform' loaded TargetPlatform 'MacClient'
[2020.05.17-12.26.57:164][  0]LogTemp: Display: Module 'MacNoEditorTargetPlatform' loaded TargetPlatform 'MacNoEditor'
[2020.05.17-12.26.57:171][  0]LogTemp: Display: Module 'MacServerTargetPlatform' loaded TargetPlatform 'MacServer'
[2020.05.17-12.26.57:179][  0]LogTemp: Display: Module 'MacTargetPlatform' loaded TargetPlatform 'Mac'
[2020.05.17-12.26.57:187][  0]LogTemp: Display: Module 'WindowsClientTargetPlatform' loaded TargetPlatform 'WindowsClient'
[2020.05.17-12.26.57:194][  0]LogTemp: Display: Module 'WindowsNoEditorTargetPlatform' loaded TargetPlatform 'WindowsNoEditor'
[2020.05.17-12.26.57:202][  0]LogTemp: Display: Module 'WindowsServerTargetPlatform' loaded TargetPlatform 'WindowsServer'
[2020.05.17-12.26.57:206][  0]LogTemp: Display: Module 'WindowsTargetPlatform' loaded TargetPlatform 'Windows'
[2020.05.17-12.26.57:237][  0]LogTemp: Display: Module 'AndroidTargetPlatform' loaded TargetPlatform 'Android'
[2020.05.17-12.26.57:237][  0]LogTemp: Display: Module 'AndroidTargetPlatform' loaded TargetPlatform 'Android_ASTC'
[2020.05.17-12.26.57:237][  0]LogTemp: Display: Module 'AndroidTargetPlatform' loaded TargetPlatform 'Android_ATC'
[2020.05.17-12.26.57:237][  0]LogTemp: Display: Module 'AndroidTargetPlatform' loaded TargetPlatform 'Android_DXT'
[2020.05.17-12.26.57:237][  0]LogTemp: Display: Module 'AndroidTargetPlatform' loaded TargetPlatform 'Android_ETC1'
[2020.05.17-12.26.57:237][  0]LogTemp: Display: Module 'AndroidTargetPlatform' loaded TargetPlatform 'Android_ETC1a'
[2020.05.17-12.26.57:237][  0]LogTemp: Display: Module 'AndroidTargetPlatform' loaded TargetPlatform 'Android_ETC2'
[2020.05.17-12.26.57:237][  0]LogTemp: Display: Module 'AndroidTargetPlatform' loaded TargetPlatform 'Android_PVRTC'
[2020.05.17-12.26.57:237][  0]LogTemp: Display: Module 'AndroidTargetPlatform' loaded TargetPlatform 'AndroidClient'
[2020.05.17-12.26.57:237][  0]LogTemp: Display: Module 'AndroidTargetPlatform' loaded TargetPlatform 'Android_ASTCClient'
[2020.05.17-12.26.57:237][  0]LogTemp: Display: Module 'AndroidTargetPlatform' loaded TargetPlatform 'Android_ATCClient'
[2020.05.17-12.26.57:237][  0]LogTemp: Display: Module 'AndroidTargetPlatform' loaded TargetPlatform 'Android_DXTClient'
[2020.05.17-12.26.57:237][  0]LogTemp: Display: Module 'AndroidTargetPlatform' loaded TargetPlatform 'Android_ETC1Client'
[2020.05.17-12.26.57:237][  0]LogTemp: Display: Module 'AndroidTargetPlatform' loaded TargetPlatform 'Android_ETC1aClient'
[2020.05.17-12.26.57:237][  0]LogTemp: Display: Module 'AndroidTargetPlatform' loaded TargetPlatform 'Android_ETC2Client'
[2020.05.17-12.26.57:237][  0]LogTemp: Display: Module 'AndroidTargetPlatform' loaded TargetPlatform 'Android_PVRTCClient'
[2020.05.17-12.26.57:237][  0]LogTemp: Display: Module 'AndroidTargetPlatform' loaded TargetPlatform 'Android_Multi'
[2020.05.17-12.26.57:237][  0]LogTemp: Display: Module 'AndroidTargetPlatform' loaded TargetPlatform 'Android_MultiClient'
[2020.05.17-12.26.57:239][  0]LogTemp: Display: Module 'HTML5TargetPlatform' loaded TargetPlatform 'HTML5'
[2020.05.17-12.26.57:254][  0]LogTemp: Display: Module 'IOSTargetPlatform' loaded TargetPlatform 'IOSClient'
[2020.05.17-12.26.57:254][  0]LogTemp: Display: Module 'IOSTargetPlatform' loaded TargetPlatform 'IOS'
[2020.05.17-12.26.57:267][  0]LogTemp: Display: Module 'TVOSTargetPlatform' loaded TargetPlatform 'TVOSClient'
[2020.05.17-12.26.57:267][  0]LogTemp: Display: Module 'TVOSTargetPlatform' loaded TargetPlatform 'TVOS'
[2020.05.17-12.26.57:273][  0]LogTemp: Display: Module 'LinuxClientTargetPlatform' loaded TargetPlatform 'LinuxClient'
[2020.05.17-12.26.57:281][  0]LogTemp: Display: Module 'LinuxNoEditorTargetPlatform' loaded TargetPlatform 'LinuxNoEditor'
[2020.05.17-12.26.57:287][  0]LogTemp: Display: Module 'LinuxServerTargetPlatform' loaded TargetPlatform 'LinuxServer'
[2020.05.17-12.26.57:294][  0]LogTemp: Display: Module 'LinuxTargetPlatform' loaded TargetPlatform 'Linux'
[2020.05.17-12.26.57:317][  0]LogTemp: Display: Module 'LuminTargetPlatform' loaded TargetPlatform 'Lumin'
[2020.05.17-12.26.57:317][  0]LogTemp: Display: Module 'LuminTargetPlatform' loaded TargetPlatform 'LuminClient'
[2020.05.17-12.26.57:317][  0]LogTargetPlatformManager: Display: Building Assets For Windows
[2020.05.17-12.26.57:324][  0]LogAudioDebug: Display: Lib vorbis DLL was dynamically loaded.
[2020.05.17-12.26.57:361][  0]LogShaderCompilers: Guid format shader working directory is 3 characters bigger than the processId version (../../../../../Unreal Projects/LEVEL/Level/Intermediate/Shaders/WorkingDirectory/9928/).
[2020.05.17-12.26.57:362][  0]LogShaderCompilers: Cleaned the shader compiler working directory 'C:/Users/Home/AppData/Local/Temp/UnrealShaderWorkingDir/3137798E4FE861043102DA9604D8FDE1/'.
[2020.05.17-12.26.57:363][  0]LogXGEController: Cannot use XGE Controller as Incredibuild is not installed on this machine.
[2020.05.17-12.26.57:363][  0]LogShaderCompilers: Cannot use XGE Shader Compiler as Incredibuild is not installed on this machine.
[2020.05.17-12.26.57:363][  0]LogShaderCompilers: Display: Using Local Shader Compiler.
[2020.05.17-12.26.58:013][  0]LogDerivedDataCache: Display: Max Cache Size: 512 MB
[2020.05.17-12.26.58:064][  0]LogDerivedDataCache: Loaded boot cache 0.05s 74MB C:/Users/Home/AppData/Local/UnrealEngine/4.23/DerivedDataCache/Boot.ddc.
[2020.05.17-12.26.58:064][  0]LogDerivedDataCache: Display: Loaded Boot cache: C:/Users/Home/AppData/Local/UnrealEngine/4.23/DerivedDataCache/Boot.ddc
[2020.05.17-12.26.58:064][  0]LogDerivedDataCache: FDerivedDataBackendGraph:  Pak pak cache file ../../../../../Unreal Projects/LEVEL/Level/DerivedDataCache/DDC.ddp not found, will not use a pak cache.
[2020.05.17-12.26.58:064][  0]LogDerivedDataCache: Unable to find inner node Pak for hierarchical cache Hierarchy.
[2020.05.17-12.26.58:064][  0]LogDerivedDataCache: FDerivedDataBackendGraph:  CompressedPak pak cache file ../../../../../Unreal Projects/LEVEL/Level/DerivedDataCache/Compressed.ddp not found, will not use a pak cache.
[2020.05.17-12.26.58:064][  0]LogDerivedDataCache: Unable to find inner node CompressedPak for hierarchical cache Hierarchy.
[2020.05.17-12.26.58:076][  0]LogDerivedDataCache: Display: Pak cache opened for reading ../../../Engine/DerivedDataCache/Compressed.ddp.
[2020.05.17-12.26.58:076][  0]LogDerivedDataCache: FDerivedDataBackendGraph:  EnterprisePak pak cache file ../../../Enterprise/DerivedDataCache/Compressed.ddp not found, will not use a pak cache.
[2020.05.17-12.26.58:077][  0]LogDerivedDataCache: Unable to find inner node EnterprisePak for hierarchical cache Hierarchy.
[2020.05.17-12.26.58:078][  0]LogDerivedDataCache: Using Local data cache path C:/Users/Home/AppData/Local/UnrealEngine/Common/DerivedDataCache: Writable
[2020.05.17-12.26.58:078][  0]LogDerivedDataCache: Shared data cache path not found in *engine.ini, will not use an Shared cache.
[2020.05.17-12.26.58:078][  0]LogDerivedDataCache: Unable to find inner node Shared for hierarchical cache Hierarchy.
[2020.05.17-12.26.58:099][  0]LogMaterial: Verifying Global Shaders for PCD3D_SM5
[2020.05.17-12.26.58:102][  0]LogSlate: Using FreeType 2.6.0
[2020.05.17-12.26.58:102][  0]LogSlate: SlateFontServices - WITH_FREETYPE: 1, WITH_HARFBUZZ: 1
[2020.05.17-12.26.58:152][  0]LogAssetRegistry: FAssetRegistry took 0.0022 seconds to start up
[2020.05.17-12.26.58:400][  0]LogInit: Selected Device Profile: [Windows]
[2020.05.17-12.26.58:542][  0]LogMeshReduction: Using QuadricMeshReduction for automatic static mesh reduction
[2020.05.17-12.26.58:542][  0]LogMeshReduction: Using SimplygonMeshReduction for automatic skeletal mesh reduction
[2020.05.17-12.26.58:542][  0]LogMeshReduction: Using ProxyLODMeshReduction for automatic mesh merging
[2020.05.17-12.26.58:542][  0]LogMeshReduction: No distributed automatic mesh merging module available
[2020.05.17-12.26.58:542][  0]LogMeshMerging: No distributed automatic mesh merging module available
[2020.05.17-12.26.58:553][  0]LogNetVersion: Level 1.0.0, NetCL: 8386587, EngineNetVer: 11, GameNetVer: 0 (Checksum: 1760920611)
[2020.05.17-12.26.58:961][  0]LogPackageLocalizationCache: Processed 12 localized package path(s) for 1 prioritized culture(s) in 0.049060 seconds
[2020.05.17-12.26.58:969][  0]LogUObjectArray: 43444 objects as part of root set at end of initial load.
[2020.05.17-12.26.58:969][  0]LogUObjectAllocator: 7548648 out of 0 bytes used by permanent object pool.
[2020.05.17-12.26.58:969][  0]LogUObjectArray: CloseDisregardForGC: 0/0 objects in disregard for GC pool
[2020.05.17-12.26.59:735][  0]LogSubstanceCoreModule: Substance [CPU] Engine Loaded, Max Texture Size = 2048
[2020.05.17-12.26.59:738][  0]LogTcpMessaging: Initializing TcpMessaging bridge
[2020.05.17-12.26.59:741][  0]LogUdpMessaging: Initializing bridge on interface 0.0.0.0:0 to multicast group 230.0.0.1:6666.
[2020.05.17-12.26.59:797][  0]SourceControl: Source control is disabled
[2020.05.17-12.27.00:701][  0]LogAndroidPermission: UAndroidPermissionCallbackProxy::GetInstance
[2020.05.17-12.27.00:817][  0]LogOcInput: OculusInput pre-init called
[2020.05.17-12.27.00:822][  0]LogWindows: Failed to load 'OVRPlugin.dll' (GetLastError=126)
[2020.05.17-12.27.00:823][  0]LogWindows: File 'OVRPlugin.dll' does not exist
[2020.05.17-12.27.00:959][  0]LogEngine: Initializing Engine...
[2020.05.17-12.27.00:959][  0]LogHMD: Failed to initialize OpenVR with code 110
[2020.05.17-12.27.00:960][  0]LogStats: UGameplayTagsManager::InitializeManager -  0.000 s
[2020.05.17-12.27.01:186][  0]LogInit: Initializing FReadOnlyCVARCache
[2020.05.17-12.27.01:195][  0]LogAIModule: Creating AISystem for world Untitled
[2020.05.17-12.27.01:229][  0]LogInit: XAudio2 using 'Динамики (Realtek(R) Audio)' : 2 channels at 48 kHz using 32 bits per sample (channel mask 0x3)
[2020.05.17-12.27.01:252][  0]LogInit: FAudioDevice initialized.
[2020.05.17-12.27.01:252][  0]LogNetVersion: Set ProjectVersion to 1.0.0.0. Version Checksum will be recalculated on next use.
[2020.05.17-12.27.01:325][  0]LogDerivedDataCache: Saved boot cache 0.07s 74MB C:/Users/Home/AppData/Local/UnrealEngine/4.23/DerivedDataCache/Boot.ddc.
[2020.05.17-12.27.01:333][  0]LogInit: Texture streaming: Enabled
[2020.05.17-12.27.01:345][  0]LogEngineSessionManager: EngineSessionManager initialized
[2020.05.17-12.27.01:346][  0]LogEditorSessionSummary: Verbose: Initializing EditorSessionSummaryWriter for editor session tracking
[2020.05.17-12.27.01:348][  0]LogEditorSessionSummary: EditorSessionSummaryWriter initialized
[2020.05.17-12.27.01:410][  0]LogInit: Transaction tracking system initialized
[2020.05.17-12.27.01:431][  0]BlueprintLog: New page: Editor Load
[2020.05.17-12.27.01:487][  0]LocalizationService: Localization service is disabled
[2020.05.17-12.27.01:525][  0]LogLinker: Warning: Failed to load '/Game/ThirdPersonBP/ThirdPersonOverview': Can't find file.
[2020.05.17-12.27.01:526][  0]LogLinker: Warning: Failed to load '/Game/ThirdPersonBP/ThirdPersonOverview': Can't find file.
[2020.05.17-12.27.01:526][  0]LogUObjectGlobals: Warning: Failed to find object 'Class /Game/ThirdPersonBP/ThirdPersonOverview.ThirdPersonOverview_C'
[2020.05.17-12.27.01:694][  0]LogCook: Display: Max memory allowance for cook 16384mb min free memory 0mb
[2020.05.17-12.27.01:694][  0]LogCook: Display: Mobile HDR setting 1
[2020.05.17-12.27.01:850][  0]LogFileCache: Scanning file cache for directory 'E:/Unreal Projects/LEVEL/Level/Content/' took 0.01s
[2020.05.17-12.27.01:850][  0]Cmd: MAP LOAD FILE="../../../../../Unreal Projects/LEVEL/Level/Content/Level/Landscape/Start_Level.umap" TEMPLATE=0 SHOWPROGRESS=1 FEATURELEVEL=3
[2020.05.17-12.27.01:850][  0]LightingResults: New page: Lighting Build
[2020.05.17-12.27.01:852][  0]LogWorld: UWorld::CleanupWorld for Untitled, bSessionEnded=true, bCleanupResources=true
[2020.05.17-12.27.01:852][  0]MapCheck: New page: Map Check
[2020.05.17-12.27.01:852][  0]LightingResults: New page: Lighting Build
[2020.05.17-12.27.01:877][  0]LogUObjectHash: Compacting FUObjectHashTables data took   1.77ms
[2020.05.17-12.27.03:018][  0]LogAIModule: Creating AISystem for world Start_Level
[2020.05.17-12.27.03:036][  0]LogEditorServer: Finished looking for orphan Actors (0.000 secs)
[2020.05.17-12.27.03:064][  0]LogUObjectHash: Compacting FUObjectHashTables data took   2.46ms
[2020.05.17-12.27.03:064][  0]Cmd: MAP CHECKDEP NOCLEARLOG
[2020.05.17-12.27.03:064][  0]MapCheck: Map check complete: 0 Error(s), 0 Warning(s), took 0,093ms to complete.
[2020.05.17-12.27.03:064][  0]LogFileHelpers: Loading map 'Start_Level' took 1.214
[2020.05.17-12.27.03:159][  0]LogSlate: Took 0.000239 seconds to synchronously load lazily loaded font '../../../Engine/Content/Slate/Fonts/Roboto-Regular.ttf' (155K)
[2020.05.17-12.27.04:564][  0]LogSlate: Only BGRA pngs, bmps or icos are supported in by External Image Picker
[2020.05.17-12.27.04:600][  0]LogCollectionManager: Loaded 0 collections in 0.000902 seconds
[2020.05.17-12.27.04:604][  0]LogFileCache: Scanning file cache for directory 'E:/Unreal Projects/LEVEL/Level/Saved/Collections/' took 0.00s
[2020.05.17-12.27.04:604][  0]LogFileCache: Scanning file cache for directory 'E:/Unreal Projects/LEVEL/Level/Content/Developers/Home/Collections/' took 0.00s
[2020.05.17-12.27.04:604][  0]LogFileCache: Scanning file cache for directory 'E:/Unreal Projects/LEVEL/Level/Content/Collections/' took 0.00s
[2020.05.17-12.27.04:604][  0]LogCollectionManager: Rebuilt the GUID cache for 0 collections in 0.000002 seconds
[2020.05.17-12.27.04:613][  0]LogContentBrowser: Native class hierarchy populated in 0.0083 seconds. Added 2878 classes and 689 folders.
[2020.05.17-12.27.04:619][  0]LogContentBrowser: Native class hierarchy updated for 'WidgetCarousel' in 0.0002 seconds. Added 0 classes and 0 folders.
[2020.05.17-12.27.04:648][  0]LogContentBrowser: Native class hierarchy updated for 'AddContentDialog' in 0.0002 seconds. Added 0 classes and 0 folders.
[2020.05.17-12.27.04:661][  0]LogContentBrowser: Native class hierarchy updated for 'WorldBrowser' in 0.0002 seconds. Added 2 classes and 3 folders.
[2020.05.17-12.27.04:683][  0]LogSlate: Updating window title bar state: overlay mode, drag disabled, window buttons hidden, title bar hidden
[2020.05.17-12.27.04:690][  0]LogSlate: Updating window title bar state: overlay mode, drag disabled, window buttons hidden, title bar hidden
[2020.05.17-12.27.04:698][  0]LogSlate: Updating window title bar state: overlay mode, drag disabled, window buttons hidden, title bar hidden
[2020.05.17-12.27.04:703][  0]LogContentBrowser: Native class hierarchy updated for 'SceneOutliner' in 0.0002 seconds. Added 1 classes and 2 folders.
[2020.05.17-12.27.04:797][  0]LogSlate: Took 0.000181 seconds to synchronously load lazily loaded font '../../../Engine/Content/Editor/Slate/Fonts/FontAwesome.ttf' (139K)
[2020.05.17-12.27.04:798][  0]LogSlate: Took 0.000133 seconds to synchronously load lazily loaded font '../../../Engine/Content/Slate/Fonts/Roboto-Bold.ttf' (160K)
[2020.05.17-12.27.04:809][  0]LogSlate: Took 0.000153 seconds to synchronously load lazily loaded font '../../../Engine/Content/Slate/Fonts/Roboto-Light.ttf' (167K)
[2020.05.17-12.27.04:861][  0]LogRenderer: Reallocating scene render targets to support 1176x952 Format 10 NumSamples 1 (Frame:1).
[2020.05.17-12.27.05:228][  0]LogContentBrowser: Native class hierarchy updated for 'HierarchicalLODOutliner' in 0.0002 seconds. Added 0 classes and 0 folders.
[2020.05.17-12.27.05:228][  0]LogLoad: (Engine Initialization) Total time: 9.68 seconds
[2020.05.17-12.27.05:228][  0]LogLoad: (Engine Initialization) Total Blueprint compile time: 0.00 seconds
[2020.05.17-12.27.05:736][  0]LogContentStreaming: Texture pool size now 1000 MB
[2020.05.17-12.27.05:772][  1]LogSubstanceLiveLink: Warning: Unable to send data along socket, closing connection
[2020.05.17-12.27.05:784][  1]LogMaterial: Display: Missing cached shader map for material Material_0, compiling. 
[2020.05.17-12.27.05:820][  1]LogShaderCompilers: Display: Worker (1/3): shaders left to compile 5
[2020.05.17-12.27.05:820][  1]LogShaderCompilers: Display: Worker (2/3): shaders left to compile 3
[2020.05.17-12.27.05:820][  1]LogShaderCompilers: Display: Worker (3/3): shaders left to compile 1
[2020.05.17-12.27.05:820][  1]LogAssetRegistry: Asset discovery search completed in 7.6689 seconds
[2020.05.17-12.27.05:825][  1]LogCollectionManager: Rebuilt the object cache for 0 collections in 0.000005 seconds (found 0 objects)
[2020.05.17-12.27.05:825][  1]LogCollectionManager: Fixed up redirectors for 0 collections in 0.000071 seconds (updated 0 objects)
[2020.05.17-12.27.07:252][  2]LogMaterial: Display: Missing cached shader map for material Material_1, compiling. 
[2020.05.17-12.27.07:262][  2]LogShaderCompilers: Display: Worker (1/3): shaders left to compile 5
[2020.05.17-12.27.07:262][  2]LogShaderCompilers: Display: Worker (2/3): shaders left to compile 3
[2020.05.17-12.27.07:262][  2]LogShaderCompilers: Display: Worker (3/3): shaders left to compile 1
[2020.05.17-12.27.07:310][  3]LogSlate: FSceneViewport::OnFocusLost() reason 0
[2020.05.17-12.27.07:318][  3]LogMaterial: Display: Missing cached shader map for material Material_2, compiling. 
[2020.05.17-12.27.07:369][  4]LogMaterial: Display: Missing cached shader map for material Material_3, compiling. 
[2020.05.17-12.27.07:398][  5]LogMaterial: Display: Missing cached shader map for material Material_4, compiling. 
[2020.05.17-12.27.07:592][ 25]LogShaderCompilers: Display: Worker (3/3): shaders left to compile 15
[2020.05.17-12.27.07:821][ 51]LogShaderCompilers: Display: Worker (1/3): shaders left to compile 9
[2020.05.17-12.27.08:182][ 92]LogShaderCompilers: Display: Worker (2/3): shaders left to compile 5
[2020.05.17-12.27.08:472][125]LogShaderCompilers: Display: Worker (2/3): shaders left to compile 3
[2020.05.17-12.27.08:806][163]LogShaderCompilers: Display: Worker (1/3): shaders left to compile 1
[2020.05.17-12.27.59:897][ 85]LogStaticMesh: Allocated 512x208x64 distance field atlas = 13.0Mb, with 59 objects containing 7.4Mb backing data
[2020.05.17-12.30.28:742][301]Cmd: CLOSE_SLATE_MAINFRAME
[2020.05.17-12.30.28:771][301]LogUObjectHash: Compacting FUObjectHashTables data took   1.77ms
[2020.05.17-12.30.28:847][301]LogSlate: Window 'Level - Unreal Editor' being destroyed
[2020.05.17-12.30.28:848][301]LogWindowsTextInputMethodSystem: Display: IME system now deactivated.
[2020.05.17-12.30.29:243][301]LogDirectoryWatcher: A directory notification for '../../../Engine/Plugins/' was aborted.
[2020.05.17-12.30.29:253][302]Cmd: QUIT_EDITOR
[2020.05.17-12.30.29:319][302]LogExit: Preparing to exit.
[2020.05.17-12.30.29:863][302]LogWorld: UWorld::CleanupWorld for World_0, bSessionEnded=true, bCleanupResources=true
[2020.05.17-12.30.29:863][302]LogWorld: UWorld::CleanupWorld for World_1, bSessionEnded=true, bCleanupResources=true
[2020.05.17-12.30.29:879][302]LogDemo: Cleaned up 0 splitscreen connections with owner deletion
[2020.05.17-12.30.29:891][302]LogWorld: UWorld::CleanupWorld for None, bSessionEnded=true, bCleanupResources=true
[2020.05.17-12.30.29:891][302]LogExit: Editor shut down
[2020.05.17-12.30.29:891][302]LogExit: Transaction tracking system shut down
[2020.05.17-12.30.30:187][302]LogExit: Object subsystem successfully closed.
[2020.05.17-12.30.30:210][302]LogShaderCompilers: Display: Shaders left to compile 0
[2020.05.17-12.30.30:224][302]LogModuleManager: Shutting down and abandoning module HierarchicalLODOutliner (682)
[2020.05.17-12.30.30:224][302]LogModuleManager: Shutting down and abandoning module SceneOutliner (680)
[2020.05.17-12.30.30:224][302]LogModuleManager: Shutting down and abandoning module WorldBrowser (678)
[2020.05.17-12.30.30:224][302]LogModuleManager: Shutting down and abandoning module AddContentDialog (676)
[2020.05.17-12.30.30:224][302]LogModuleManager: Shutting down and abandoning module WidgetCarousel (675)
[2020.05.17-12.30.30:224][302]LogModuleManager: Shutting down and abandoning module EditorWidgets (672)
[2020.05.17-12.30.30:224][302]LogModuleManager: Shutting down and abandoning module CollectionManager (670)
[2020.05.17-12.30.30:224][302]LogModuleManager: Shutting down and abandoning module ExternalImagePicker (668)
[2020.05.17-12.30.30:224][302]LogModuleManager: Shutting down and abandoning module StatsViewer (666)
[2020.05.17-12.30.30:224][302]LogModuleManager: Shutting down and abandoning module VirtualTexturingEditor (664)
[2020.05.17-12.30.30:224][302]LogModuleManager: Shutting down and abandoning module FoliageEdit (662)
[2020.05.17-12.30.30:224][302]LogModuleManager: Shutting down and abandoning module LandscapeEditor (660)
[2020.05.17-12.30.30:225][302]LogModuleManager: Shutting down and abandoning module MeshPaintMode (658)
[2020.05.17-12.30.30:225][302]LogModuleManager: Shutting down and abandoning module SceneDepthPickerMode (656)
[2020.05.17-12.30.30:225][302]LogModuleManager: Shutting down and abandoning module ActorPickerMode (654)
[2020.05.17-12.30.30:225][302]LogModuleManager: Shutting down and abandoning module GeometryMode (652)
[2020.05.17-12.30.30:225][302]LogModuleManager: Shutting down and abandoning module TextureAlignMode (650)
[2020.05.17-12.30.30:225][302]LogModuleManager: Shutting down and abandoning module BspMode (648)
[2020.05.17-12.30.30:225][302]LogModuleManager: Shutting down and abandoning module PIEPreviewDeviceProfileSelector (646)
[2020.05.17-12.30.30:225][302]LogModuleManager: Shutting down and abandoning module SequenceRecorderSections (644)
[2020.05.17-12.30.30:225][302]LogModuleManager: Shutting down and abandoning module AutomationWorker (642)
[2020.05.17-12.30.30:225][302]LogModuleManager: Shutting down and abandoning module OculusMR (640)
[2020.05.17-12.30.30:225][302]LogModuleManager: Shutting down and abandoning module AudioCaptureEditor (638)
[2020.05.17-12.30.30:225][302]LogModuleManager: Shutting down and abandoning module MatineeToLevelSequence (636)
[2020.05.17-12.30.30:225][302]LogModuleManager: Shutting down and abandoning module LevelSequenceEditor (634)
[2020.05.17-12.30.30:225][302]LogModuleManager: Shutting down and abandoning module PlacementMode (633)
[2020.05.17-12.30.30:225][302]LogModuleManager: Shutting down and abandoning module MaterialEditor (632)
[2020.05.17-12.30.30:225][302]LogModuleManager: Shutting down and abandoning module ActorSequenceEditor (628)
[2020.05.17-12.30.30:225][302]LogModuleManager: Shutting down and abandoning module WmfMediaFactory (626)
[2020.05.17-12.30.30:225][302]LogModuleManager: Shutting down and abandoning module WmfMediaEditor (624)
[2020.05.17-12.30.30:225][302]LogModuleManager: Shutting down and abandoning module WebMMediaFactory (622)
[2020.05.17-12.30.30:225][302]LogModuleManager: Shutting down and abandoning module WebMMediaEditor (620)
[2020.05.17-12.30.30:225][302]LogModuleManager: Shutting down and abandoning module WebMMedia (618)
[2020.05.17-12.30.30:225][302]LogModuleManager: Shutting down and abandoning module MediaPlayerEditor (616)
[2020.05.17-12.30.30:225][302]LogModuleManager: Shutting down and abandoning module MediaCompositingEditor (614)
[2020.05.17-12.30.30:225][302]LogModuleManager: Shutting down and abandoning module SequenceRecorder (613)
[2020.05.17-12.30.30:225][302]LogModuleManager: Shutting down and abandoning module OpenExrWrapper (610)
[2020.05.17-12.30.30:225][302]LogModuleManager: Shutting down and abandoning module ImgMediaFactory (608)
[2020.05.17-12.30.30:225][302]LogModuleManager: Shutting down and abandoning module ImgMediaEditor (606)
[2020.05.17-12.30.30:225][302]LogModuleManager: Shutting down and abandoning module AvfMediaFactory (604)
[2020.05.17-12.30.30:225][302]LogModuleManager: Shutting down and abandoning module AvfMediaEditor (602)
[2020.05.17-12.30.30:225][302]LogModuleManager: Shutting down and abandoning module AndroidMediaFactory (600)
[2020.05.17-12.30.30:225][302]LogModuleManager: Shutting down and abandoning module AndroidMediaEditor (598)
[2020.05.17-12.30.30:225][302]LogModuleManager: Shutting down and abandoning module MagicLeapCameraPreviewFactory (596)
[2020.05.17-12.30.30:225][302]LogModuleManager: Shutting down and abandoning module MagicLeapMediaCodecFactory (594)
[2020.05.17-12.30.30:225][302]LogModuleManager: Shutting down and abandoning module MagicLeapMediaFactory (592)
[2020.05.17-12.30.30:225][302]LogModuleManager: Shutting down and abandoning module MagicLeapMediaEditor (590)
[2020.05.17-12.30.30:225][302]LogModuleManager: Shutting down and abandoning module CharacterAI (588)
[2020.05.17-12.30.30:225][302]LogModuleManager: Shutting down and abandoning module SmartSnapping (586)
[2020.05.17-12.30.30:225][302]LogModuleManager: Shutting down and abandoning module SessionServices (584)
[2020.05.17-12.30.30:225][302]LogModuleManager: Shutting down and abandoning module MeshPaint (582)
[2020.05.17-12.30.30:226][302]LogModuleManager: Shutting down and abandoning module ViewportSnapping (580)
[2020.05.17-12.30.30:226][302]LogModuleManager: Shutting down and abandoning module ViewportInteraction (578)
[2020.05.17-12.30.30:226][302]LogModuleManager: Shutting down and abandoning module ClothPainter (576)
[2020.05.17-12.30.30:226][302]LogModuleManager: Shutting down and abandoning module SkeletalMeshEditor (575)
[2020.05.17-12.30.30:226][302]LogModuleManager: Shutting down and abandoning module LogVisualizer (572)
[2020.05.17-12.30.30:226][302]LogModuleManager: Shutting down and abandoning module IntroTutorials (570)
[2020.05.17-12.30.30:226][302]LogModuleManager: Shutting down and abandoning module GameProjectGeneration (569)
[2020.05.17-12.30.30:226][302]LogModuleManager: Shutting down and abandoning module LuminPlatformEditor (566)
[2020.05.17-12.30.30:226][302]LogModuleManager: Shutting down and abandoning module IOSPlatformEditor (564)
[2020.05.17-12.30.30:226][302]LogModuleManager: Shutting down and abandoning module HTML5PlatformEditor (562)
[2020.05.17-12.30.30:226][302]LogModuleManager: Shutting down and abandoning module AndroidPlatformEditor (560)
[2020.05.17-12.30.30:226][302]LogModuleManager: Shutting down and abandoning module AndroidDeviceDetection (559)
[2020.05.17-12.30.30:635][302]LogModuleManager: Shutting down and abandoning module WindowsPlatformEditor (556)
[2020.05.17-12.30.30:635][302]LogModuleManager: Shutting down and abandoning module LuminRuntimeSettings (554)
[2020.05.17-12.30.30:635][302]LogModuleManager: Shutting down and abandoning module IOSRuntimeSettings (552)
[2020.05.17-12.30.30:635][302]LogModuleManager: Shutting down and abandoning module AndroidRuntimeSettings (550)
[2020.05.17-12.30.30:635][302]LogModuleManager: Shutting down and abandoning module TimeManagementEditor (548)
[2020.05.17-12.30.30:635][302]LogModuleManager: Shutting down and abandoning module InputBindingEditor (546)
[2020.05.17-12.30.30:635][302]LogModuleManager: Shutting down and abandoning module MergeActors (544)
[2020.05.17-12.30.30:635][302]LogModuleManager: Shutting down and abandoning module LocalizationDashboard (542)
[2020.05.17-12.30.30:635][302]LogModuleManager: Shutting down and abandoning module LocalizationService (541)
[2020.05.17-12.30.30:635][302]LogModuleManager: Shutting down and abandoning module HardwareTargeting (538)
[2020.05.17-12.30.30:635][302]LogModuleManager: Shutting down and abandoning module DeviceProfileEditor (536)
[2020.05.17-12.30.30:635][302]LogModuleManager: Shutting down and abandoning module UndoHistory (534)
[2020.05.17-12.30.30:636][302]LogModuleManager: Shutting down and abandoning module XmlParser (532)
[2020.05.17-12.30.30:636][302]LogModuleManager: Shutting down and abandoning module Blutility (530)
[2020.05.17-12.30.30:636][302]LogModuleManager: Shutting down and abandoning module ProjectSettingsViewer (528)
[2020.05.17-12.30.30:636][302]LogModuleManager: Shutting down and abandoning module ProjectTargetPlatformEditor (527)
[2020.05.17-12.30.30:636][302]LogModuleManager: Shutting down and abandoning module EditorSettingsViewer (524)
[2020.05.17-12.30.30:636][302]LogModuleManager: Shutting down and abandoning module SettingsEditor (522)
[2020.05.17-12.30.30:636][302]LogModuleManager: Shutting down and abandoning module ProjectLauncher (520)
[2020.05.17-12.30.30:636][302]LogModuleManager: Shutting down and abandoning module SessionFrontend (518)
[2020.05.17-12.30.30:636][302]LogModuleManager: Shutting down and abandoning module ProfilerClient (516)
[2020.05.17-12.30.30:636][302]LogModuleManager: Shutting down and abandoning module DeviceManager (514)
[2020.05.17-12.30.30:636][302]LogModuleManager: Shutting down and abandoning module TargetDeviceServices (513)
[2020.05.17-12.30.30:680][302]LogModuleManager: Shutting down and abandoning module AutomationController (510)
[2020.05.17-12.30.30:680][302]LogModuleManager: Shutting down and abandoning module AutomationWindow (508)
[2020.05.17-12.30.30:680][302]LogModuleManager: Shutting down and abandoning module Layers (506)
[2020.05.17-12.30.30:680][302]LogModuleManager: Shutting down and abandoning module ComponentVisualizers (504)
[2020.05.17-12.30.30:680][302]LogModuleManager: Shutting down and abandoning module DetailCustomizations (502)
[2020.05.17-12.30.30:680][302]LogModuleManager: Shutting down and abandoning module PackagesDialog (500)
[2020.05.17-12.30.30:680][302]LogModuleManager: Shutting down and abandoning module AnimationBlueprintEditor (498)
[2020.05.17-12.30.30:680][302]LogModuleManager: Shutting down and abandoning module Persona (496)
[2020.05.17-12.30.30:680][302]LogModuleManager: Shutting down and abandoning module AdvancedPreviewScene (495)
[2020.05.17-12.30.30:680][302]LogModuleManager: Shutting down and abandoning module AnimGraph (493)
[2020.05.17-12.30.30:680][302]LogModuleManager: Shutting down and abandoning module Kismet (490)
[2020.05.17-12.30.30:680][302]LogModuleManager: Shutting down and abandoning module KismetWidgets (489)
[2020.05.17-12.30.30:680][302]LogModuleManager: Shutting down and abandoning module GraphEditor (486)
[2020.05.17-12.30.30:680][302]LogModuleManager: Shutting down and abandoning module StructViewer (484)
[2020.05.17-12.30.30:680][302]LogModuleManager: Shutting down and abandoning module ClassViewer (482)
[2020.05.17-12.30.30:681][302]LogModuleManager: Shutting down and abandoning module Toolbox (480)
[2020.05.17-12.30.30:681][302]LogModuleManager: Shutting down and abandoning module ModuleUI (478)
[2020.05.17-12.30.30:681][302]LogModuleManager: Shutting down and abandoning module MovieSceneTools (476)
[2020.05.17-12.30.30:681][302]LogModuleManager: Shutting down and abandoning module OutputLog (474)
[2020.05.17-12.30.30:681][302]LogModuleManager: Shutting down and abandoning module GammaUI (472)
[2020.05.17-12.30.30:681][302]LogModuleManager: Shutting down and abandoning module Documentation (470)
[2020.05.17-12.30.30:681][302]LogModuleManager: Shutting down and abandoning module LiveCoding (468)
[2020.05.17-12.30.30:681][302]LogModuleManager: Shutting down and abandoning module LevelSequence (466)
[2020.05.17-12.30.30:681][302]LogModuleManager: Shutting down and abandoning module MovieSceneTracks (464)
[2020.05.17-12.30.30:681][302]LogModuleManager: Shutting down and abandoning module MovieScene (462)
[2020.05.17-12.30.30:681][302]LogModuleManager: Shutting down and abandoning module StreamingPauseRendering (460)
[2020.05.17-12.30.30:681][302]LogModuleManager: Shutting down and abandoning module LauncherPlatform (458)
[2020.05.17-12.30.30:681][302]LogModuleManager: Shutting down and abandoning module AnalyticsET (456)
[2020.05.17-12.30.30:681][302]LogModuleManager: Shutting down and abandoning module PortalServices (454)
[2020.05.17-12.30.30:681][302]LogModuleManager: Shutting down and abandoning module PortalRpc (452)
[2020.05.17-12.30.30:681][302]LogModuleManager: Shutting down and abandoning module MessagingRpc (450)
[2020.05.17-12.30.30:681][302]LogModuleManager: Shutting down and abandoning module AIModule (448)
[2020.05.17-12.30.30:681][302]LogModuleManager: Shutting down and abandoning module GameplayDebugger (447)
[2020.05.17-12.30.30:681][302]LogModuleManager: Shutting down and abandoning module AITestSuite (445)
[2020.05.17-12.30.30:681][302]LogModuleManager: Shutting down and abandoning module NavigationSystem (443)
[2020.05.17-12.30.30:681][302]LogModuleManager: Shutting down and abandoning module DesktopPlatform (440)
[2020.05.17-12.30.30:681][302]LogModuleManager: Shutting down and abandoning module ImageWriteQueue (438)
[2020.05.17-12.30.30:684][302]LogModuleManager: Shutting down and abandoning module ProfilerService (436)
[2020.05.17-12.30.30:870][302]LogModuleManager: Shutting down and abandoning module TaskGraph (434)
[2020.05.17-12.30.30:870][302]LogModuleManager: Shutting down and abandoning module SubstanceLiveLink (432)
[2020.05.17-12.30.30:870][302]LogModuleManager: Shutting down and abandoning module SubstanceSource (430)
[2020.05.17-12.30.30:870][302]LogModuleManager: Shutting down and abandoning module SubstanceEditor (428)
[2020.05.17-12.30.30:870][302]LogModuleManager: Shutting down and abandoning module ScreenshotTools (426)
[2020.05.17-12.30.30:870][302]LogModuleManager: Shutting down and abandoning module SteamVRController (424)
[2020.05.17-12.30.30:870][302]LogModuleManager: Shutting down and abandoning module ProceduralMeshComponentEditor (422)
[2020.05.17-12.30.30:870][302]LogModuleManager: Shutting down and abandoning module ProceduralMeshComponent (420)
[2020.05.17-12.30.30:870][302]LogModuleManager: Shutting down and abandoning module OculusEditor (418)
[2020.05.17-12.30.30:870][302]LogModuleManager: Shutting down and abandoning module OculusInput (416)
[2020.05.17-12.30.30:871][302]LogModuleManager: Shutting down and abandoning module MobilePatchingUtils (414)
[2020.05.17-12.30.30:871][302]LogModuleManager: Shutting down and abandoning module EditableMesh (412)
[2020.05.17-12.30.30:871][302]LogModuleManager: Shutting down and abandoning module CustomMeshComponent (410)
[2020.05.17-12.30.30:871][302]LogModuleManager: Shutting down and abandoning module CableComponent (408)
[2020.05.17-12.30.30:871][302]LogModuleManager: Shutting down and abandoning module AudioCapture (406)
[2020.05.17-12.30.30:871][302]LogModuleManager: Shutting down and abandoning module ArchVisCharacter (404)
[2020.05.17-12.30.30:871][302]LogModuleManager: Shutting down and abandoning module AppleImageUtilsBlueprintSupport (402)
[2020.05.17-12.30.30:871][302]LogModuleManager: Shutting down and abandoning module AppleImageUtils (400)
[2020.05.17-12.30.30:871][302]LogModuleManager: Shutting down and abandoning module AndroidPermission (398)
[2020.05.17-12.30.30:871][302]LogModuleManager: Shutting down and abandoning module NUTUnrealEngine4 (396)
[2020.05.17-12.30.30:871][302]LogModuleManager: Shutting down and abandoning module NetcodeUnitTest (394)
[2020.05.17-12.30.30:871][302]LogModuleManager: Shutting down and abandoning module MediaCompositing (392)
[2020.05.17-12.30.30:871][302]LogModuleManager: Shutting down and abandoning module ImgMedia (390)
[2020.05.17-12.30.30:871][302]LogModuleManager: Shutting down and abandoning module GitBashToolBar (388)
[2020.05.17-12.30.30:871][302]LogModuleManager: Shutting down and abandoning module MagicLeapHelperVulkan (386)
[2020.05.17-12.30.30:871][302]LogModuleManager: Shutting down and abandoning module MagicLeapHelperOpenGL (384)
[2020.05.17-12.30.30:871][302]LogModuleManager: Shutting down and abandoning module MagicLeapAudio (382)
[2020.05.17-12.30.30:871][302]LogModuleManager: Shutting down and abandoning module HTML5Networking (380)
[2020.05.17-12.30.30:871][302]LogModuleManager: Shutting down and abandoning module GeometryCacheTracks (378)
[2020.05.17-12.30.30:871][302]LogModuleManager: Shutting down and abandoning module GeometryCacheSequencer (376)
[2020.05.17-12.30.30:871][302]LogModuleManager: Shutting down and abandoning module BackChannel (374)
[2020.05.17-12.30.30:871][302]LogModuleManager: Shutting down and abandoning module AutomationUtilsEditor (372)
[2020.05.17-12.30.30:871][302]LogModuleManager: Shutting down and abandoning module AutomationUtils (370)
[2020.05.17-12.30.30:871][302]LogModuleManager: Shutting down and abandoning module AlembicImporter (368)
[2020.05.17-12.30.30:871][302]LogModuleManager: Shutting down and abandoning module AlembicLibrary (367)
[2020.05.17-12.30.30:871][302]LogModuleManager: Shutting down and abandoning module GeometryCache (366)
[2020.05.17-12.30.30:871][302]LogModuleManager: Shutting down and abandoning module GeometryCacheEd (365)
[2020.05.17-12.30.30:871][302]LogModuleManager: Shutting down and abandoning module VariantManagerContent (360)
[2020.05.17-12.30.30:871][302]LogModuleManager: Shutting down and abandoning module DatasmithContentEditor (358)
[2020.05.17-12.30.30:871][302]LogModuleManager: Shutting down and abandoning module SpeedTreeImporter (356)
[2020.05.17-12.30.30:871][302]LogModuleManager: Shutting down and abandoning module PluginBrowser (354)
[2020.05.17-12.30.30:871][302]LogModuleManager: Shutting down and abandoning module MobileLauncherProfileWizard (352)
[2020.05.17-12.30.30:871][302]LogModuleManager: Shutting down and abandoning module MaterialAnalyzer (350)
[2020.05.17-12.30.30:871][302]LogModuleManager: Shutting down and abandoning module CurveEditorTools (348)
[2020.05.17-12.30.30:871][302]LogModuleManager: Shutting down and abandoning module CurveEditor (347)
[2020.05.17-12.30.30:871][302]LogModuleManager: Shutting down and abandoning module CryptoKeysOpenSSL (344)
[2020.05.17-12.30.30:871][302]LogModuleManager: Shutting down and abandoning module CryptoKeys (342)
[2020.05.17-12.30.30:871][302]LogModuleManager: Shutting down and abandoning module VisualStudioSourceCodeAccess (340)
[2020.05.17-12.30.30:871][302]LogModuleManager: Shutting down and abandoning module VisualStudioCodeSourceCodeAccess (338)
[2020.05.17-12.30.30:871][302]LogModuleManager: Shutting down and abandoning module UObjectPlugin (336)
[2020.05.17-12.30.30:871][302]LogModuleManager: Shutting down and abandoning module SubversionSourceControl (334)
[2020.05.17-12.30.30:871][302]LogModuleManager: Shutting down and abandoning module PerforceSourceControl (332)
[2020.05.17-12.30.30:871][302]LogModuleManager: Shutting down and abandoning module GitSourceControl (330)
[2020.05.17-12.30.30:871][302]LogModuleManager: Shutting down and abandoning module SourceControl (329)
[2020.05.17-12.30.30:871][302]LogModuleManager: Shutting down and abandoning module CLionSourceCodeAccess (326)
[2020.05.17-12.30.30:871][302]LogModuleManager: Shutting down and abandoning module AnimationSharingEd (324)
[2020.05.17-12.30.30:871][302]LogModuleManager: Shutting down and abandoning module ActorLayerUtilitiesEditor (322)
[2020.05.17-12.30.30:871][302]LogModuleManager: Shutting down and abandoning module ActorLayerUtilities (320)
[2020.05.17-12.30.30:871][302]LogModuleManager: Shutting down and abandoning module LightPropagationVolumeEditor (318)
[2020.05.17-12.30.30:872][302]LogModuleManager: Shutting down and abandoning module PaperTiledImporter (316)
[2020.05.17-12.30.30:872][302]LogModuleManager: Shutting down and abandoning module PaperSpriteSheetImporter (314)
[2020.05.17-12.30.30:872][302]LogModuleManager: Shutting down and abandoning module Paper2DEditor (312)
[2020.05.17-12.30.30:872][302]LogModuleManager: Shutting down and abandoning module SignificanceManager (310)
[2020.05.17-12.30.30:872][302]LogModuleManager: Shutting down and abandoning module RuntimePhysXCooking (308)
[2020.05.17-12.30.30:872][302]LogModuleManager: Shutting down and abandoning module PhysXVehiclesEditor (306)
[2020.05.17-12.30.30:872][302]LogModuleManager: Shutting down and abandoning module LocationServicesBPLibrary (302)
[2020.05.17-12.30.30:872][302]LogModuleManager: Shutting down and abandoning module ActorSequence (300)
[2020.05.17-12.30.30:872][302]LogModuleManager: Shutting down and abandoning module UdpMessaging (298)
[2020.05.17-12.30.30:973][302]LogModuleManager: Shutting down and abandoning module TcpMessaging (296)
[2020.05.17-12.30.31:074][302]LogModuleManager: Shutting down and abandoning module SubstanceCore (294)
[2020.05.17-12.30.31:074][302]LogModuleManager: Shutting down and abandoning module MagicLeapIdentity (292)
[2020.05.17-12.30.31:074][302]LogModuleManager: Shutting down and abandoning module MagicLeapSecureStorage (290)
[2020.05.17-12.30.31:074][302]LogModuleManager: Shutting down and abandoning module MagicLeapHandTracking (288)
[2020.05.17-12.30.31:074][302]LogModuleManager: Shutting down and abandoning module MagicLeapEyeTracker (286)
[2020.05.17-12.30.31:074][302]LogModuleManager: Shutting down and abandoning module MagicLeapController (284)
[2020.05.17-12.30.31:074][302]LogSlate: Slate User Destroyed.  User Index 0, Is Virtual User: 0
[2020.05.17-12.30.31:074][302]LogModuleManager: Shutting down and abandoning module MagicLeapAR (282)
[2020.05.17-12.30.31:074][302]LogModuleManager: Shutting down and abandoning module AugmentedReality (281)
[2020.05.17-12.30.31:074][302]LogModuleManager: Shutting down and abandoning module GameplayTagsEditor (278)
[2020.05.17-12.30.31:074][302]LogModuleManager: Shutting down and abandoning module FacialAnimationEditor (276)
[2020.05.17-12.30.31:074][302]LogModuleManager: Shutting down and abandoning module FacialAnimation (274)
[2020.05.17-12.30.31:074][302]LogModuleManager: Shutting down and abandoning module DataValidation (272)
[2020.05.17-12.30.31:074][302]LogModuleManager: Shutting down and abandoning module AssetManagerEditor (270)
[2020.05.17-12.30.31:074][302]LogModuleManager: Shutting down and abandoning module LevelEditor (269)
[2020.05.17-12.30.31:075][302]LogModuleManager: Shutting down and abandoning module PixelInspectorModule (268)
[2020.05.17-12.30.31:075][302]LogModuleManager: Shutting down and abandoning module CommonMenuExtensions (266)
[2020.05.17-12.30.31:075][302]LogModuleManager: Shutting down and abandoning module MainFrame (264)
[2020.05.17-12.30.31:075][302]LogModuleManager: Shutting down and abandoning module HotReload (263)
[2020.05.17-12.30.31:075][302]LogModuleManager: Shutting down and abandoning module ContentBrowser (259)
[2020.05.17-12.30.31:076][302]LogModuleManager: Shutting down and abandoning module TreeMap (257)
[2020.05.17-12.30.31:076][302]LogModuleManager: Shutting down and abandoning module AnimationSharing (254)
[2020.05.17-12.30.31:076][302]LogModuleManager: Shutting down and abandoning module LightPropagationVolumeRuntime (252)
[2020.05.17-12.30.31:076][302]LogModuleManager: Shutting down and abandoning module Paper2D (250)
[2020.05.17-12.30.31:076][302]LogModuleManager: Shutting down and abandoning module WindowsMoviePlayer (248)
[2020.05.17-12.30.31:079][302]LogModuleManager: Shutting down and abandoning module WebMMoviePlayer (246)
[2020.05.17-12.30.31:079][302]LogModuleManager: Shutting down and abandoning module NetworkReplayStreaming (244)
[2020.05.17-12.30.31:079][302]LogModuleManager: Shutting down and abandoning module PacketHandler (242)
[2020.05.17-12.30.31:079][302]LogModuleManager: Shutting down and abandoning module ClothingSystemEditor (240)
[2020.05.17-12.30.31:079][302]LogModuleManager: Shutting down and abandoning module ClothingSystemRuntime (238)
[2020.05.17-12.30.31:079][302]LogModuleManager: Shutting down and abandoning module MediaAssets (236)
[2020.05.17-12.30.31:079][302]LogModuleManager: Shutting down and abandoning module Overlay (234)
[2020.05.17-12.30.31:079][302]LogModuleManager: Shutting down and abandoning module OverlayEditor (233)
[2020.05.17-12.30.31:079][302]LogModuleManager: Shutting down and abandoning module VREditor (230)
[2020.05.17-12.30.31:079][302]LogModuleManager: Shutting down and abandoning module StringTableEditor (228)
[2020.05.17-12.30.31:079][302]LogModuleManager: Shutting down and abandoning module GameplayTasksEditor (226)
[2020.05.17-12.30.31:079][302]LogModuleManager: Shutting down and abandoning module BehaviorTreeEditor (224)
[2020.05.17-12.30.31:079][302]LogModuleManager: Shutting down and abandoning module FunctionalTesting (222)
[2020.05.17-12.30.31:079][302]LogModuleManager: Shutting down and abandoning module CollisionAnalyzer (220)
[2020.05.17-12.30.31:079][302]LogModuleManager: Shutting down and abandoning module WorkspaceMenuStructure (219)
[2020.05.17-12.30.31:079][302]LogModuleManager: Shutting down and abandoning module UMG (216)
[2020.05.17-12.30.31:079][302]LogModuleManager: Shutting down and abandoning module UMGEditor (215)
[2020.05.17-12.30.31:079][302]LogModuleManager: Shutting down and abandoning module Sequencer (214)
[2020.05.17-12.30.31:079][302]LogModuleManager: Shutting down and abandoning module MessageLog (211)
[2020.05.17-12.30.31:079][302]LogModuleManager: Shutting down and abandoning module SlateReflector (206)
[2020.05.17-12.30.31:079][302]LogModuleManager: Shutting down and abandoning module Slate (204)
[2020.05.17-12.30.31:079][302]LogModuleManager: Shutting down and abandoning module LandscapeEditorUtilities (202)
[2020.05.17-12.30.31:079][302]LogModuleManager: Shutting down and abandoning module EditorStyle (200)
[2020.05.17-12.30.31:080][302]LogModuleManager: Shutting down and abandoning module UnrealEd (198)
[2020.05.17-12.30.31:080][302]LogModuleManager: Shutting down and abandoning module MRMesh (196)
[2020.05.17-12.30.31:080][302]LogModuleManager: Shutting down and abandoning module SourceCodeAccess (194)
[2020.05.17-12.30.31:080][302]LogModuleManager: Shutting down and abandoning module HeadMountedDisplay (192)
[2020.05.17-12.30.31:080][302]LogModuleManager: Shutting down and abandoning module XAudio2 (190)
[2020.05.17-12.30.31:080][302]LogModuleManager: Shutting down and abandoning module Networking (188)
[2020.05.17-12.30.31:080][302]LogModuleManager: Shutting down and abandoning module Core (186)
[2020.05.17-12.30.31:080][302]LogModuleManager: Shutting down and abandoning module KismetCompiler (184)
[2020.05.17-12.30.31:080][302]LogModuleManager: Shutting down and abandoning module MeshUtilities (182)
[2020.05.17-12.30.31:080][302]LogModuleManager: Shutting down and abandoning module MeshMergeUtilities (181)
[2020.05.17-12.30.31:080][302]LogModuleManager: Shutting down and abandoning module MeshReductionInterface (180)
[2020.05.17-12.30.31:080][302]LogModuleManager: Shutting down and abandoning module SkeletalMeshReduction (179)
[2020.05.17-12.30.31:080][302]LogModuleManager: Shutting down and abandoning module ProxyLODMeshReduction (177)
[2020.05.17-12.30.31:080][302]LogModuleManager: Shutting down and abandoning module QuadricMeshReduction (175)
[2020.05.17-12.30.31:080][302]LogModuleManager: Shutting down and abandoning module MaterialBaking (171)
[2020.05.17-12.30.31:080][302]LogModuleManager: Shutting down and abandoning module NullInstallBundleManager (166)
[2020.05.17-12.30.31:080][302]LogModuleManager: Shutting down and abandoning module DerivedDataCache (164)
[2020.05.17-12.30.31:086][302]LogDerivedDataCache: Shutdown
[2020.05.17-12.30.31:086][302]LogModuleManager: Shutting down and abandoning module XGEController (162)
[2020.05.17-12.30.31:086][302]LogModuleManager: Shutting down and abandoning module TargetPlatform (160)
[2020.05.17-12.30.31:086][302]LogModuleManager: Shutting down and abandoning module VulkanShaderFormat (159)
[2020.05.17-12.30.31:086][302]LogModuleManager: Shutting down and abandoning module ShaderFormatVectorVM (157)
[2020.05.17-12.30.31:086][302]LogModuleManager: Shutting down and abandoning module ShaderFormatOpenGL (155)
[2020.05.17-12.30.31:086][302]LogModuleManager: Shutting down and abandoning module ShaderFormatD3D (153)
[2020.05.17-12.30.31:086][302]LogModuleManager: Shutting down and abandoning module MetalShaderFormat (151)
[2020.05.17-12.30.31:086][302]LogModuleManager: Shutting down and abandoning module TextureFormatUncompressed (149)
[2020.05.17-12.30.31:087][302]LogModuleManager: Shutting down and abandoning module TextureFormatPVR (147)
[2020.05.17-12.30.31:087][302]LogModuleManager: Shutting down and abandoning module TextureFormatDXT (145)
[2020.05.17-12.30.31:087][302]LogModuleManager: Shutting down and abandoning module TextureFormatIntelISPCTexComp (143)
[2020.05.17-12.30.31:087][302]LogModuleManager: Shutting down and abandoning module TextureFormatASTC (141)
[2020.05.17-12.30.31:087][302]LogModuleManager: Shutting down and abandoning module ImageWrapper (140)
[2020.05.17-12.30.31:087][302]LogModuleManager: Shutting down and abandoning module TextureFormatAndroid (137)
[2020.05.17-12.30.31:087][302]LogModuleManager: Shutting down and abandoning module AudioFormatOpus (135)
[2020.05.17-12.30.31:087][302]LogModuleManager: Shutting down and abandoning module AudioFormatOgg (133)
[2020.05.17-12.30.31:087][302]LogModuleManager: Shutting down and abandoning module AudioFormatADPCM (131)
[2020.05.17-12.30.31:087][302]LogModuleManager: Shutting down and abandoning module LuminTargetPlatform (129)
[2020.05.17-12.30.31:087][302]LogModuleManager: Shutting down and abandoning module LinuxTargetPlatform (127)
[2020.05.17-12.30.31:087][302]LogModuleManager: Shutting down and abandoning module LinuxServerTargetPlatform (125)
[2020.05.17-12.30.31:087][302]LogModuleManager: Shutting down and abandoning module LinuxNoEditorTargetPlatform (123)
[2020.05.17-12.30.31:087][302]LogModuleManager: Shutting down and abandoning module LinuxClientTargetPlatform (121)
[2020.05.17-12.30.31:087][302]LogModuleManager: Shutting down and abandoning module TVOSTargetPlatform (119)
[2020.05.17-12.30.31:088][302]LogModuleManager: Shutting down and abandoning module Messaging (117)
[2020.05.17-12.30.31:088][302]LogModuleManager: Shutting down and abandoning module IOSTargetPlatform (115)
[2020.05.17-12.30.31:089][302]LogModuleManager: Shutting down and abandoning module HTML5TargetPlatform (113)
[2020.05.17-12.30.31:089][302]LogModuleManager: Shutting down and abandoning module AndroidTargetPlatform (111)
[2020.05.17-12.30.31:094][302]LogModuleManager: Shutting down and abandoning module WindowsTargetPlatform (109)
[2020.05.17-12.30.31:094][302]LogModuleManager: Shutting down and abandoning module WindowsServerTargetPlatform (107)
[2020.05.17-12.30.31:094][302]LogModuleManager: Shutting down and abandoning module WindowsNoEditorTargetPlatform (105)
[2020.05.17-12.30.31:094][302]LogModuleManager: Shutting down and abandoning module WindowsClientTargetPlatform (103)
[2020.05.17-12.30.31:094][302]LogModuleManager: Shutting down and abandoning module MacTargetPlatform (101)
[2020.05.17-12.30.31:094][302]LogModuleManager: Shutting down and abandoning module MacServerTargetPlatform (99)
[2020.05.17-12.30.31:094][302]LogModuleManager: Shutting down and abandoning module MacNoEditorTargetPlatform (97)
[2020.05.17-12.30.31:094][302]LogModuleManager: Shutting down and abandoning module MacClientTargetPlatform (95)
[2020.05.17-12.30.31:094][302]LogModuleManager: Shutting down and abandoning module AllDesktopTargetPlatform (93)
[2020.05.17-12.30.31:094][302]LogModuleManager: Shutting down and abandoning module InputCore (90)
[2020.05.17-12.30.31:094][302]LogModuleManager: Shutting down and abandoning module Settings (88)
[2020.05.17-12.30.31:094][302]LogModuleManager: Shutting down and abandoning module DirectoryWatcher (86)
[2020.05.17-12.30.31:095][302]LogModuleManager: Shutting down and abandoning module PhysXCooking (84)
[2020.05.17-12.30.31:095][302]LogModuleManager: Shutting down and abandoning module WindowsPlatformFeatures (82)
[2020.05.17-12.30.31:095][302]LogModuleManager: Shutting down and abandoning module GameplayMediaEncoder (81)
[2020.05.17-12.30.31:095][302]LogModuleManager: Shutting down and abandoning module SteamVR (78)
[2020.05.17-12.30.31:095][302]LogHMD: Freeing OpenVRDLLHandle.
[2020.05.17-12.30.31:095][302]LogModuleManager: Shutting down and abandoning module OculusHMD (76)
[2020.05.17-12.30.31:095][302]LogModuleManager: Shutting down and abandoning module ExampleDeviceProfileSelector (74)
[2020.05.17-12.30.31:095][302]LogModuleManager: Shutting down and abandoning module LauncherChunkInstaller (72)
[2020.05.17-12.30.31:095][302]LogModuleManager: Shutting down and abandoning module OnlineBlueprintSupport (70)
[2020.05.17-12.30.31:095][302]LogModuleManager: Shutting down and abandoning module OnlineSubsystem (66)
[2020.05.17-12.30.31:096][302]LogModuleManager: Shutting down and abandoning module XMPP (61)
[2020.05.17-12.30.31:096][302]LogModuleManager: Shutting down and abandoning module WebSockets (60)
[2020.05.17-12.30.31:106][302]LogModuleManager: Shutting down and abandoning module HTTP (57)
[2020.05.17-12.30.31:106][302]LogHttp: Display: Http module shutting down, but needs to wait on 1 outstanding Http requests:
[2020.05.17-12.30.31:106][302]LogHttp: Display: 	verb=[POST] url=[https://datarouter.ol.epicgames.com/datarouter/api/v1/public/data?SessionID=%7BE0737CD2-4D2F-AA76-64C9-71A7FAAA5FE6%7D&AppID=UEEditor.Rocket.Release&AppVersion=4.23.1-9631420%2B%2B%2BUE4%2BRelease-4.23&UserID=ba9a9cfa43213710fb7625a010150dff%7C3fc886b8f4f44a23a57c6520132eef4d%7Cbaf403ae-2f5c-4422-ae1f-5f80d82fe943&AppEnvironment=datacollector-binary&UploadType=eteventstream] status=Processing
[2020.05.17-12.30.31:113][302]LogModuleManager: Shutting down and abandoning module SSL (56)
[2020.05.17-12.30.31:114][302]LogModuleManager: Shutting down and abandoning module WmfMedia (52)
[2020.05.17-12.30.31:116][302]LogModuleManager: Shutting down and abandoning module Media (51)
[2020.05.17-12.30.31:116][302]LogModuleManager: Shutting down and abandoning module MagicLeap (48)
[2020.05.17-12.30.31:116][302]LogModuleManager: Shutting down and abandoning module DatasmithContent (46)
[2020.05.17-12.30.31:117][302]LogModuleManager: Shutting down and abandoning module AISupportModule (44)
[2020.05.17-12.30.31:117][302]LogModuleManager: Shutting down and abandoning module PlatformCryptoOpenSSL (42)
[2020.05.17-12.30.31:117][302]LogModuleManager: Shutting down and abandoning module PlatformCrypto (40)
[2020.05.17-12.30.31:117][302]LogModuleManager: Shutting down and abandoning module AnimationModifiers (38)
[2020.05.17-12.30.31:117][302]LogModuleManager: Shutting down and abandoning module PropertyEditor (37)
[2020.05.17-12.30.31:117][302]LogModuleManager: Shutting down and abandoning module AudioEditor (34)
[2020.05.17-12.30.31:117][302]LogModuleManager: Shutting down and abandoning module TextureCompressor (32)
[2020.05.17-12.30.31:117][302]LogModuleManager: Shutting down and abandoning module RenderCore (30)
[2020.05.17-12.30.31:117][302]LogModuleManager: Shutting down and abandoning module Landscape (28)
[2020.05.17-12.30.31:117][302]LogModuleManager: Shutting down and abandoning module SlateRHIRenderer (26)
[2020.05.17-12.30.31:118][302]LogModuleManager: Shutting down and abandoning module OpenGLDrv (24)
[2020.05.17-12.30.31:118][302]LogModuleManager: Shutting down and abandoning module D3D11RHI (22)
[2020.05.17-12.30.31:118][302]LogModuleManager: Shutting down and abandoning module AnimGraphRuntime (20)
[2020.05.17-12.30.31:118][302]LogModuleManager: Shutting down and abandoning module Renderer (18)
[2020.05.17-12.30.31:118][302]LogModuleManager: Shutting down and abandoning module Engine (16)
[2020.05.17-12.30.31:118][302]LogModuleManager: Shutting down and abandoning module CoreUObject (14)
[2020.05.17-12.30.31:118][302]LogModuleManager: Shutting down and abandoning module NetworkFile (12)
[2020.05.17-12.30.31:118][302]LogModuleManager: Shutting down and abandoning module CookedIterativeFile (10)
[2020.05.17-12.30.31:118][302]LogModuleManager: Shutting down and abandoning module StreamingFile (8)
[2020.05.17-12.30.31:118][302]LogModuleManager: Shutting down and abandoning module SandboxFile (6)
[2020.05.17-12.30.31:118][302]LogModuleManager: Shutting down and abandoning module PakFile (4)
[2020.05.17-12.30.31:118][302]LogModuleManager: Shutting down and abandoning module RSA (3)
[2020.05.17-12.30.31:119][302]LogD3D11RHI: Shutdown
[2020.05.17-12.30.31:119][302]LogD3D11RHI: CleanupD3DDevice
[2020.05.17-12.30.31:119][302]LogRendererCore: FGlobalDynamicReadBuffer::Cleanup()
[2020.05.17-12.30.31:119][302]LogRendererCore: FGlobalDynamicReadBuffer::Cleanup()
[2020.05.17-12.30.31:119][302]LogRendererCore: FGlobalDynamicReadBuffer::Cleanup()
[2020.05.17-12.30.31:251][302]LogD3D11RHI: ~FD3D11DynamicRHI
[2020.05.17-12.30.31:257][302]LogExit: Exiting.
[2020.05.17-12.30.31:260][302]Log file closed, 05/17/20 15:30:31
